#
# There is insufficient memory for the Java Runtime Environment to continue.
# Native memory allocation (malloc) failed to allocate 2097152 bytes. Error detail: AllocateHeap
# Possible reasons:
#   The system is out of physical RAM or swap space
#   This process is running with CompressedOops enabled, and the Java Heap may be blocking the growth of the native heap
# Possible solutions:
#   Reduce memory load on the system
#   Increase physical memory or swap space
#   Check if swap backing store is full
#   Decrease Java heap size (-Xmx/-Xms)
#   Decrease number of Java threads
#   Decrease Java thread stack sizes (-Xss)
#   Set larger code cache with -XX:ReservedCodeCacheSize=
#   JVM is running with Unscaled Compressed Oops mode in which the Java heap is
#     placed in the first 4GB address space. The Java Heap base address is the
#     maximum limit for the native heap growth. Please use -XX:HeapBaseMinAddress
#     to set the Java Heap base and to place the Java Heap above 4GB virtual address.
# This output file may be truncated or incomplete.
#
#  Out of Memory Error (allocation.cpp:44), pid=13216, tid=8788
#
# JRE version: OpenJDK Runtime Environment Temurin-17.0.11+9 (17.0.11+9) (build 17.0.11+9)
# Java VM: OpenJDK 64-Bit Server VM Temurin-17.0.11+9 (17.0.11+9, mixed mode, emulated-client, tiered, compressed oops, compressed class ptrs, g1 gc, windows-amd64)
# No core dump will be written. Minidumps are not enabled by default on client versions of Windows
#

---------------  S U M M A R Y ------------

Command Line: -Xmx1024m -Dsts.lsp.client=vscode -Dsts.log.file=/dev/null -XX:TieredStopAtLevel=1 -Xlog:jni+resolve=off -Dspring.config.location=file:c:\Users\Admin\.vscode\extensions\vmware.vscode-spring-boot-1.55.1\language-server\BOOT-INF\classes\application.properties org.springframework.ide.vscode.boot.app.BootLanguageServerBootApp

Host: Intel(R) Core(TM) i5-10300H CPU @ 2.50GHz, 8 cores, 7G,  Windows 10 , 64 bit Build 19041 (10.0.19041.1503)
Time: Thu Jul 18 21:02:01 2024 SE Asia Standard Time elapsed time: 218.085887 seconds (0d 0h 3m 38s)

---------------  T H R E A D  ---------------

Current thread (0x000002068e886a20):  VMThread "VM Thread" [stack: 0x0000007371a00000,0x0000007371b00000] [id=8788]

Stack: [0x0000007371a00000,0x0000007371b00000]
Native frames: (J=compiled Java code, j=interpreted, Vv=VM code, C=native code)
V  [jvm.dll+0x67d429]
V  [jvm.dll+0x834b7a]
V  [jvm.dll+0x83663e]
V  [jvm.dll+0x836ca3]
V  [jvm.dll+0x247dbf]
V  [jvm.dll+0xa6cb3]
V  [jvm.dll+0x2f8b61]
V  [jvm.dll+0x2f4750]
V  [jvm.dll+0x2dcf67]
V  [jvm.dll+0x31fb67]
V  [jvm.dll+0x83b19b]
V  [jvm.dll+0x83bed2]
V  [jvm.dll+0x83c3ed]
V  [jvm.dll+0x83c7c4]
V  [jvm.dll+0x83c890]
V  [jvm.dll+0x7e410a]
V  [jvm.dll+0x67c315]
C  [ucrtbase.dll+0x21bb2]
C  [KERNEL32.DLL+0x17034]
C  [ntdll.dll+0x52651]

VM_Operation (0x00000073732ff1d0): G1CollectFull, mode: safepoint, requested by thread 0x000002069431ab90


---------------  P R O C E S S  ---------------

Threads class SMR info:
_java_thread_list=0x000002069d3ee0b0, length=38, elements={
0x000002068e89b740, 0x000002068e89c5c0, 0x000002068e9e94a0, 0x000002068e9ec230,
0x000002068e9edc00, 0x000002068e9ee5c0, 0x000002068e8bf7e0, 0x000002068e8c00f0,
0x000002068ebded60, 0x000002068ebe7680, 0x00000206942f54b0, 0x000002069431ab90,
0x00000206943bb290, 0x0000020681ae4bd0, 0x00000206943fab90, 0x00000206944aa010,
0x0000020694413820, 0x0000020694413310, 0x00000206944114b0, 0x0000020694410070,
0x0000020694410a90, 0x0000020694410fa0, 0x00000206944123e0, 0x0000020694411ed0,
0x00000206944119c0, 0x000002069453ffa0, 0x0000020694542310, 0x0000020694543750,
0x00000206945450a0, 0x0000020694544170, 0x000002069453f580, 0x000002069453fa90,
0x00000206945404b0, 0x00000206945409c0, 0x0000020694540ed0, 0x0000020694543c60,
0x0000020694544b90, 0x000002069453e650
}

Java Threads: ( => current thread )
  0x000002068e89b740 JavaThread "Reference Handler" daemon [_thread_blocked, id=13228, stack(0x0000007371b00000,0x0000007371c00000)]
  0x000002068e89c5c0 JavaThread "Finalizer" daemon [_thread_blocked, id=15112, stack(0x0000007371c00000,0x0000007371d00000)]
  0x000002068e9e94a0 JavaThread "Signal Dispatcher" daemon [_thread_blocked, id=13820, stack(0x0000007371d00000,0x0000007371e00000)]
  0x000002068e9ec230 JavaThread "Attach Listener" daemon [_thread_blocked, id=208, stack(0x0000007371e00000,0x0000007371f00000)]
  0x000002068e9edc00 JavaThread "Service Thread" daemon [_thread_blocked, id=13336, stack(0x0000007371f00000,0x0000007372000000)]
  0x000002068e9ee5c0 JavaThread "Monitor Deflation Thread" daemon [_thread_blocked, id=3912, stack(0x0000007372000000,0x0000007372100000)]
  0x000002068e8bf7e0 JavaThread "C1 CompilerThread0" daemon [_thread_blocked, id=11912, stack(0x0000007372100000,0x0000007372200000)]
  0x000002068e8c00f0 JavaThread "Sweeper thread" daemon [_thread_blocked, id=8812, stack(0x0000007372200000,0x0000007372300000)]
  0x000002068ebded60 JavaThread "Notification Thread" daemon [_thread_blocked, id=9584, stack(0x0000007372500000,0x0000007372600000)]
  0x000002068ebe7680 JavaThread "Common-Cleaner" daemon [_thread_blocked, id=9864, stack(0x0000007372700000,0x0000007372800000)]
  0x00000206942f54b0 JavaThread "boundedElastic-evictor-1" daemon [_thread_blocked, id=10740, stack(0x0000007372d00000,0x0000007372e00000)]
  0x000002069431ab90 JavaThread "pool-13-thread-1" [_thread_blocked, id=7528, stack(0x0000007373200000,0x0000007373300000)]
  0x00000206943bb290 JavaThread "LanguageServerApp-lifecycle" [_thread_blocked, id=7608, stack(0x0000007373300000,0x0000007373400000)]
  0x0000020681ae4bd0 JavaThread "DestroyJavaVM" [_thread_blocked, id=11516, stack(0x0000007371400000,0x0000007371500000)]
  0x00000206943fab90 JavaThread "pool-14-thread-1" [_thread_in_native, id=1436, stack(0x0000007373400000,0x0000007373500000)]
  0x00000206944aa010 JavaThread "Simple-Language-Server main thread" daemon [_thread_blocked, id=3060, stack(0x0000007373500000,0x0000007373600000)]
  0x0000020694413820 JavaThread "parallel-1" daemon [_thread_blocked, id=14472, stack(0x0000007373800000,0x0000007373900000)]
  0x0000020694413310 JavaThread "pool-8-thread-1" [_thread_blocked, id=11772, stack(0x0000007373900000,0x0000007373a00000)]
  0x00000206944114b0 JavaThread "parallel-2" daemon [_thread_blocked, id=11648, stack(0x0000007373a00000,0x0000007373b00000)]
  0x0000020694410070 JavaThread "parallel-3" daemon [_thread_blocked, id=12412, stack(0x0000007373b00000,0x0000007373c00000)]
  0x0000020694410a90 JavaThread "pool-6-thread-1" [_thread_blocked, id=4228, stack(0x0000007373c00000,0x0000007373d00000)]
  0x0000020694410fa0 JavaThread "parallel-4" daemon [_thread_blocked, id=7152, stack(0x0000007373d00000,0x0000007373e00000)]
  0x00000206944123e0 JavaThread "parallel-5" daemon [_thread_blocked, id=8472, stack(0x0000007373e00000,0x0000007373f00000)]
  0x0000020694411ed0 JavaThread "parallel-6" daemon [_thread_blocked, id=1516, stack(0x0000007373f00000,0x0000007374000000)]
  0x00000206944119c0 JavaThread "parallel-7" daemon [_thread_blocked, id=12528, stack(0x0000007374000000,0x0000007374100000)]
  0x000002069453ffa0 JavaThread "Reconciler-1" daemon [_thread_blocked, id=7088, stack(0x0000007374500000,0x0000007374600000)]
  0x0000020694542310 JavaThread "parallel-8" daemon [_thread_blocked, id=6944, stack(0x0000007372e00000,0x0000007372f00000)]
  0x0000020694543750 JavaThread "OkHttp api.spring.io" daemon [_thread_in_native, id=3860, stack(0x0000007374900000,0x0000007374a00000)]
  0x00000206945450a0 JavaThread "OkHttp api.spring.io" daemon [_thread_in_native, id=14592, stack(0x0000007374a00000,0x0000007374b00000)]
  0x0000020694544170 JavaThread "OkHttp api.spring.io" daemon [_thread_in_native, id=12496, stack(0x0000007374b00000,0x0000007374c00000)]
  0x000002069453f580 JavaThread "OkHttp api.spring.io" daemon [_thread_in_native, id=13532, stack(0x0000007374d00000,0x0000007374e00000)]
  0x000002069453fa90 JavaThread "OkHttp api.spring.io" daemon [_thread_in_native, id=11672, stack(0x0000007374e00000,0x0000007374f00000)]
  0x00000206945404b0 JavaThread "OkHttp TaskRunner" daemon [_thread_blocked, id=9288, stack(0x0000007375000000,0x0000007375100000)]
  0x00000206945409c0 JavaThread "OkHttp api.spring.io" daemon [_thread_in_native, id=6340, stack(0x0000007375100000,0x0000007375200000)]
  0x0000020694540ed0 JavaThread "OkHttp api.spring.io" daemon [_thread_in_native, id=5340, stack(0x0000007375200000,0x0000007375300000)]
  0x0000020694543c60 JavaThread "OkHttp api.spring.io" daemon [_thread_in_native, id=11292, stack(0x0000007375300000,0x0000007375400000)]
  0x0000020694544b90 JavaThread "OkHttp api.spring.io" daemon [_thread_in_native, id=11752, stack(0x0000007375400000,0x0000007375500000)]
  0x000002069453e650 JavaThread "CompletableFutureDelayScheduler" daemon [_thread_blocked, id=1056, stack(0x0000007375900000,0x0000007375a00000)]

Other Threads:
=>0x000002068e886a20 VMThread "VM Thread" [stack: 0x0000007371a00000,0x0000007371b00000] [id=8788]
  0x000002068ebe1250 WatcherThread [stack: 0x0000007372600000,0x0000007372700000] [id=9608]
  0x0000020681b22d00 GCTaskThread "GC Thread#0" [stack: 0x0000007371500000,0x0000007371600000] [id=7072]
  0x000002069389ca90 GCTaskThread "GC Thread#1" [stack: 0x0000007372800000,0x0000007372900000] [id=14880]
  0x000002069389cd50 GCTaskThread "GC Thread#2" [stack: 0x0000007372900000,0x0000007372a00000] [id=8460]
  0x0000020693879cc0 GCTaskThread "GC Thread#3" [stack: 0x0000007372a00000,0x0000007372b00000] [id=8240]
  0x0000020693ac4010 GCTaskThread "GC Thread#4" [stack: 0x0000007372b00000,0x0000007372c00000] [id=15148]
  0x0000020693ac4ae0 GCTaskThread "GC Thread#5" [stack: 0x0000007372c00000,0x0000007372d00000] [id=5428]
  0x0000020693da9c00 GCTaskThread "GC Thread#6" [stack: 0x0000007372f00000,0x0000007373000000] [id=2456]
  0x0000020693dc0250 GCTaskThread "GC Thread#7" [stack: 0x0000007373000000,0x0000007373100000] [id=15040]
  0x0000020681b2bc50 ConcurrentGCThread "G1 Main Marker" [stack: 0x0000007371600000,0x0000007371700000] [id=4324]
  0x0000020681b2c670 ConcurrentGCThread "G1 Conc#0" [stack: 0x0000007371700000,0x0000007371800000] [id=14832]
  0x0000020693dc0510 ConcurrentGCThread "G1 Conc#1" [stack: 0x0000007373100000,0x0000007373200000] [id=14708]
  0x0000020681b937c0 ConcurrentGCThread "G1 Refine#0" [stack: 0x0000007371800000,0x0000007371900000] [id=3836]
  0x000002068e7020b0 ConcurrentGCThread "G1 Service" [stack: 0x0000007371900000,0x0000007371a00000] [id=11308]

Threads with active compile tasks:

VM state: at safepoint (normal execution)

VM Mutex/Monitor currently owned by a thread:  ([mutex/lock_event])
[0x00000206819e0d10] Threads_lock - owner thread: 0x000002068e886a20
[0x0000020681ae32e0] Heap_lock - owner thread: 0x000002069431ab90

Heap address: 0x00000000c0000000, size: 1024 MB, Compressed Oops mode: 32-bit

CDS archive(s) not mapped
Compressed class space mapped at: 0x0000000100000000-0x0000000140000000, reserved size: 1073741824
Narrow klass base: 0x0000000000000000, Narrow klass shift: 3, Narrow klass range: 0x140000000

GC Precious Log:
 CPUs: 8 total, 8 available
 Memory: 7979M
 Large Page Support: Disabled
 NUMA Support: Disabled
 Compressed Oops: Enabled (32-bit)
 Heap Region Size: 1M
 Heap Min Capacity: 8M
 Heap Initial Capacity: 126M
 Heap Max Capacity: 1G
 Pre-touch: Disabled
 Parallel Workers: 8
 Concurrent Workers: 2
 Concurrent Refinement Workers: 8
 Periodic GC: Disabled

Heap:
 garbage-first heap   total 132096K, used 40156K [0x00000000c0000000, 0x0000000100000000)
  region size 1024K, 1 young (1024K), 0 survivors (0K)
 Metaspace       used 62149K, committed 62976K, reserved 1114112K
  class space    used 7770K, committed 8128K, reserved 1048576K

Heap Regions: E=young(eden), S=young(survivor), O=old, HS=humongous(starts), HC=humongous(continues), CS=collection set, F=free, OA=open archive, CA=closed archive, TAMS=top-at-mark-start (previous, next)
|   0|0x00000000c0000000, 0x00000000c0100000, 0x00000000c0100000|100%|HS|  |TAMS 0x00000000c0100000, 0x00000000c0000000| Untracked 
|   1|0x00000000c0100000, 0x00000000c0200000, 0x00000000c0200000|100%|HC|  |TAMS 0x00000000c0200000, 0x00000000c0100000| Untracked 
|   2|0x00000000c0200000, 0x00000000c0300000, 0x00000000c0300000|100%|HC|  |TAMS 0x00000000c0300000, 0x00000000c0200000| Untracked 
|   3|0x00000000c0300000, 0x00000000c0400000, 0x00000000c0400000|100%|HC|  |TAMS 0x00000000c0400000, 0x00000000c0300000| Untracked 
|   4|0x00000000c0400000, 0x00000000c0500000, 0x00000000c0500000|100%|HS|  |TAMS 0x00000000c0500000, 0x00000000c0400000| Untracked 
|   5|0x00000000c0500000, 0x00000000c0600000, 0x00000000c0600000|100%|HC|  |TAMS 0x00000000c0600000, 0x00000000c0500000| Untracked 
|   6|0x00000000c0600000, 0x00000000c06ffff0, 0x00000000c0700000| 99%| O|  |TAMS 0x00000000c06ffff0, 0x00000000c0600000| Untracked 
|   7|0x00000000c0700000, 0x00000000c0800000, 0x00000000c0800000|100%| O|  |TAMS 0x00000000c0800000, 0x00000000c0700000| Untracked 
|   8|0x00000000c0800000, 0x00000000c08fffa0, 0x00000000c0900000| 99%| O|  |TAMS 0x00000000c08fffa0, 0x00000000c0800000| Untracked 
|   9|0x00000000c0900000, 0x00000000c0a00000, 0x00000000c0a00000|100%| O|  |TAMS 0x00000000c0a00000, 0x00000000c0900000| Untracked 
|  10|0x00000000c0a00000, 0x00000000c0affe58, 0x00000000c0b00000| 99%| O|  |TAMS 0x00000000c0affe58, 0x00000000c0a00000| Untracked 
|  11|0x00000000c0b00000, 0x00000000c0bffff0, 0x00000000c0c00000| 99%| O|  |TAMS 0x00000000c0bffff0, 0x00000000c0b00000| Untracked 
|  12|0x00000000c0c00000, 0x00000000c0cffff0, 0x00000000c0d00000| 99%| O|  |TAMS 0x00000000c0cffff0, 0x00000000c0c00000| Untracked 
|  13|0x00000000c0d00000, 0x00000000c0df78f8, 0x00000000c0e00000| 96%| O|  |TAMS 0x00000000c0df78f8, 0x00000000c0d00000| Untracked 
|  14|0x00000000c0e00000, 0x00000000c0efffe8, 0x00000000c0f00000| 99%| O|  |TAMS 0x00000000c0efffe8, 0x00000000c0e00000| Untracked 
|  15|0x00000000c0f00000, 0x00000000c0ffb490, 0x00000000c1000000| 98%| O|  |TAMS 0x00000000c0ffb490, 0x00000000c0f00000| Untracked 
|  16|0x00000000c1000000, 0x00000000c10fffc0, 0x00000000c1100000| 99%| O|  |TAMS 0x00000000c10fffc0, 0x00000000c1000000| Untracked 
|  17|0x00000000c1100000, 0x00000000c11fffa0, 0x00000000c1200000| 99%| O|  |TAMS 0x00000000c11fffa0, 0x00000000c1100000| Untracked 
|  18|0x00000000c1200000, 0x00000000c1300000, 0x00000000c1300000|100%| O|  |TAMS 0x00000000c1300000, 0x00000000c1200000| Untracked 
|  19|0x00000000c1300000, 0x00000000c13ffff8, 0x00000000c1400000| 99%| O|  |TAMS 0x00000000c13ffff8, 0x00000000c1300000| Untracked 
|  20|0x00000000c1400000, 0x00000000c1500000, 0x00000000c1500000|100%| O|  |TAMS 0x00000000c1500000, 0x00000000c1400000| Untracked 
|  21|0x00000000c1500000, 0x00000000c15fef18, 0x00000000c1600000| 99%| O|  |TAMS 0x00000000c15fef18, 0x00000000c1500000| Untracked 
|  22|0x00000000c1600000, 0x00000000c16f96b0, 0x00000000c1700000| 97%| O|  |TAMS 0x00000000c16f96b0, 0x00000000c1600000| Untracked 
|  23|0x00000000c1700000, 0x00000000c17fff98, 0x00000000c1800000| 99%| O|  |TAMS 0x00000000c17fff98, 0x00000000c1700000| Untracked 
|  24|0x00000000c1800000, 0x00000000c18fee88, 0x00000000c1900000| 99%| O|  |TAMS 0x00000000c18fee88, 0x00000000c1800000| Untracked 
|  25|0x00000000c1900000, 0x00000000c19fffd0, 0x00000000c1a00000| 99%| O|  |TAMS 0x00000000c19fffd0, 0x00000000c1900000| Untracked 
|  26|0x00000000c1a00000, 0x00000000c1afffd8, 0x00000000c1b00000| 99%| O|  |TAMS 0x00000000c1afffd8, 0x00000000c1a00000| Untracked 
|  27|0x00000000c1b00000, 0x00000000c1bffff8, 0x00000000c1c00000| 99%| O|  |TAMS 0x00000000c1bffff8, 0x00000000c1b00000| Untracked 
|  28|0x00000000c1c00000, 0x00000000c1cfdd80, 0x00000000c1d00000| 99%| O|  |TAMS 0x00000000c1cfdd80, 0x00000000c1c00000| Untracked 
|  29|0x00000000c1d00000, 0x00000000c1e00000, 0x00000000c1e00000|100%| O|  |TAMS 0x00000000c1e00000, 0x00000000c1d00000| Untracked 
|  30|0x00000000c1e00000, 0x00000000c1f00000, 0x00000000c1f00000|100%|HS|  |TAMS 0x00000000c1f00000, 0x00000000c1e00000| Untracked 
|  31|0x00000000c1f00000, 0x00000000c1f6ca58, 0x00000000c2000000| 42%| O|  |TAMS 0x00000000c1f00000, 0x00000000c1f00000| Untracked 
|  32|0x00000000c2000000, 0x00000000c20f77d8, 0x00000000c2100000| 96%| O|  |TAMS 0x00000000c20f77d8, 0x00000000c2000000| Untracked 
|  33|0x00000000c2100000, 0x00000000c21fffe8, 0x00000000c2200000| 99%| O|  |TAMS 0x00000000c21fffe8, 0x00000000c2100000| Untracked 
|  34|0x00000000c2200000, 0x00000000c2300000, 0x00000000c2300000|100%| O|  |TAMS 0x00000000c2300000, 0x00000000c2200000| Untracked 
|  35|0x00000000c2300000, 0x00000000c23fffd0, 0x00000000c2400000| 99%| O|  |TAMS 0x00000000c23fffd0, 0x00000000c2300000| Untracked 
|  36|0x00000000c2400000, 0x00000000c24ffff0, 0x00000000c2500000| 99%| O|  |TAMS 0x00000000c24ffff0, 0x00000000c2400000| Untracked 
|  37|0x00000000c2500000, 0x00000000c25ffff0, 0x00000000c2600000| 99%| O|  |TAMS 0x00000000c25ffff0, 0x00000000c2500000| Untracked 
|  38|0x00000000c2600000, 0x00000000c26fdeb0, 0x00000000c2700000| 99%| O|  |TAMS 0x00000000c26fdeb0, 0x00000000c2600000| Untracked 
|  39|0x00000000c2700000, 0x00000000c27eb320, 0x00000000c2800000| 91%| O|  |TAMS 0x00000000c2700000, 0x00000000c2700000| Untracked 
|  40|0x00000000c2800000, 0x00000000c2800000, 0x00000000c2900000|  0%| F|  |TAMS 0x00000000c2800000, 0x00000000c2800000| Untracked 
|  41|0x00000000c2900000, 0x00000000c2900000, 0x00000000c2a00000|  0%| F|  |TAMS 0x00000000c2900000, 0x00000000c2900000| Untracked 
|  42|0x00000000c2a00000, 0x00000000c2a00000, 0x00000000c2b00000|  0%| F|  |TAMS 0x00000000c2a00000, 0x00000000c2a00000| Untracked 
|  43|0x00000000c2b00000, 0x00000000c2b00000, 0x00000000c2c00000|  0%| F|  |TAMS 0x00000000c2b00000, 0x00000000c2b00000| Untracked 
|  44|0x00000000c2c00000, 0x00000000c2c00000, 0x00000000c2d00000|  0%| F|  |TAMS 0x00000000c2c00000, 0x00000000c2c00000| Untracked 
|  45|0x00000000c2d00000, 0x00000000c2d00000, 0x00000000c2e00000|  0%| F|  |TAMS 0x00000000c2d00000, 0x00000000c2d00000| Untracked 
|  46|0x00000000c2e00000, 0x00000000c2e00000, 0x00000000c2f00000|  0%| F|  |TAMS 0x00000000c2e00000, 0x00000000c2e00000| Untracked 
|  47|0x00000000c2f00000, 0x00000000c2f00000, 0x00000000c3000000|  0%| F|  |TAMS 0x00000000c2f00000, 0x00000000c2f00000| Untracked 
|  48|0x00000000c3000000, 0x00000000c3000000, 0x00000000c3100000|  0%| F|  |TAMS 0x00000000c3000000, 0x00000000c3000000| Untracked 
|  49|0x00000000c3100000, 0x00000000c3100000, 0x00000000c3200000|  0%| F|  |TAMS 0x00000000c3100000, 0x00000000c3100000| Untracked 
|  50|0x00000000c3200000, 0x00000000c3200000, 0x00000000c3300000|  0%| F|  |TAMS 0x00000000c3200000, 0x00000000c3200000| Untracked 
|  51|0x00000000c3300000, 0x00000000c3300000, 0x00000000c3400000|  0%| F|  |TAMS 0x00000000c3300000, 0x00000000c3300000| Untracked 
|  52|0x00000000c3400000, 0x00000000c3400000, 0x00000000c3500000|  0%| F|  |TAMS 0x00000000c3400000, 0x00000000c3400000| Untracked 
|  53|0x00000000c3500000, 0x00000000c3500000, 0x00000000c3600000|  0%| F|  |TAMS 0x00000000c3500000, 0x00000000c3500000| Untracked 
|  54|0x00000000c3600000, 0x00000000c3600000, 0x00000000c3700000|  0%| F|  |TAMS 0x00000000c3600000, 0x00000000c3600000| Untracked 
|  55|0x00000000c3700000, 0x00000000c3700000, 0x00000000c3800000|  0%| F|  |TAMS 0x00000000c3700000, 0x00000000c3700000| Untracked 
|  56|0x00000000c3800000, 0x00000000c3800000, 0x00000000c3900000|  0%| F|  |TAMS 0x00000000c3800000, 0x00000000c3800000| Untracked 
|  57|0x00000000c3900000, 0x00000000c3900000, 0x00000000c3a00000|  0%| F|  |TAMS 0x00000000c3900000, 0x00000000c3900000| Untracked 
|  58|0x00000000c3a00000, 0x00000000c3a00000, 0x00000000c3b00000|  0%| F|  |TAMS 0x00000000c3a00000, 0x00000000c3a00000| Untracked 
|  59|0x00000000c3b00000, 0x00000000c3b00000, 0x00000000c3c00000|  0%| F|  |TAMS 0x00000000c3b00000, 0x00000000c3b00000| Untracked 
|  60|0x00000000c3c00000, 0x00000000c3c00000, 0x00000000c3d00000|  0%| F|  |TAMS 0x00000000c3c00000, 0x00000000c3c00000| Untracked 
|  61|0x00000000c3d00000, 0x00000000c3d00000, 0x00000000c3e00000|  0%| F|  |TAMS 0x00000000c3d00000, 0x00000000c3d00000| Untracked 
|  62|0x00000000c3e00000, 0x00000000c3e00000, 0x00000000c3f00000|  0%| F|  |TAMS 0x00000000c3e00000, 0x00000000c3e00000| Untracked 
|  63|0x00000000c3f00000, 0x00000000c3f00000, 0x00000000c4000000|  0%| F|  |TAMS 0x00000000c3f00000, 0x00000000c3f00000| Untracked 
|  64|0x00000000c4000000, 0x00000000c4000000, 0x00000000c4100000|  0%| F|  |TAMS 0x00000000c4000000, 0x00000000c4000000| Untracked 
|  65|0x00000000c4100000, 0x00000000c4100000, 0x00000000c4200000|  0%| F|  |TAMS 0x00000000c4100000, 0x00000000c4100000| Untracked 
|  66|0x00000000c4200000, 0x00000000c4200000, 0x00000000c4300000|  0%| F|  |TAMS 0x00000000c4200000, 0x00000000c4200000| Untracked 
|  67|0x00000000c4300000, 0x00000000c4300000, 0x00000000c4400000|  0%| F|  |TAMS 0x00000000c4300000, 0x00000000c4300000| Untracked 
|  68|0x00000000c4400000, 0x00000000c4400000, 0x00000000c4500000|  0%| F|  |TAMS 0x00000000c4400000, 0x00000000c4400000| Untracked 
|  69|0x00000000c4500000, 0x00000000c4500000, 0x00000000c4600000|  0%| F|  |TAMS 0x00000000c4500000, 0x00000000c4500000| Untracked 
|  70|0x00000000c4600000, 0x00000000c4600000, 0x00000000c4700000|  0%| F|  |TAMS 0x00000000c4600000, 0x00000000c4600000| Untracked 
|  71|0x00000000c4700000, 0x00000000c4700000, 0x00000000c4800000|  0%| F|  |TAMS 0x00000000c4700000, 0x00000000c4700000| Untracked 
|  72|0x00000000c4800000, 0x00000000c4802298, 0x00000000c4900000|  0%| O|  |TAMS 0x00000000c4800000, 0x00000000c4800000| Untracked 
|  73|0x00000000c4900000, 0x00000000c4900000, 0x00000000c4a00000|  0%| F|  |TAMS 0x00000000c4900000, 0x00000000c4900000| Untracked 
|  74|0x00000000c4a00000, 0x00000000c4a00000, 0x00000000c4b00000|  0%| F|  |TAMS 0x00000000c4a00000, 0x00000000c4a00000| Untracked 
|  75|0x00000000c4b00000, 0x00000000c4b00000, 0x00000000c4c00000|  0%| F|  |TAMS 0x00000000c4b00000, 0x00000000c4b00000| Untracked 
|  76|0x00000000c4c00000, 0x00000000c4c00000, 0x00000000c4d00000|  0%| F|  |TAMS 0x00000000c4c00000, 0x00000000c4c00000| Untracked 
|  77|0x00000000c4d00000, 0x00000000c4d00000, 0x00000000c4e00000|  0%| F|  |TAMS 0x00000000c4d00000, 0x00000000c4d00000| Untracked 
|  78|0x00000000c4e00000, 0x00000000c4e00000, 0x00000000c4f00000|  0%| F|  |TAMS 0x00000000c4e00000, 0x00000000c4e00000| Untracked 
|  79|0x00000000c4f00000, 0x00000000c4f00000, 0x00000000c5000000|  0%| F|  |TAMS 0x00000000c4f00000, 0x00000000c4f00000| Untracked 
|  80|0x00000000c5000000, 0x00000000c5000000, 0x00000000c5100000|  0%| F|  |TAMS 0x00000000c5000000, 0x00000000c5000000| Untracked 
|  81|0x00000000c5100000, 0x00000000c5100000, 0x00000000c5200000|  0%| F|  |TAMS 0x00000000c5100000, 0x00000000c5100000| Untracked 
|  82|0x00000000c5200000, 0x00000000c5200000, 0x00000000c5300000|  0%| F|  |TAMS 0x00000000c5200000, 0x00000000c5200000| Untracked 
|  83|0x00000000c5300000, 0x00000000c5300000, 0x00000000c5400000|  0%| F|  |TAMS 0x00000000c5300000, 0x00000000c5300000| Untracked 
|  84|0x00000000c5400000, 0x00000000c5400000, 0x00000000c5500000|  0%| F|  |TAMS 0x00000000c5400000, 0x00000000c5400000| Untracked 
|  85|0x00000000c5500000, 0x00000000c5500000, 0x00000000c5600000|  0%| F|  |TAMS 0x00000000c5500000, 0x00000000c5500000| Untracked 
|  86|0x00000000c5600000, 0x00000000c5600000, 0x00000000c5700000|  0%| F|  |TAMS 0x00000000c5600000, 0x00000000c5600000| Untracked 
|  87|0x00000000c5700000, 0x00000000c5700000, 0x00000000c5800000|  0%| F|  |TAMS 0x00000000c5700000, 0x00000000c5700000| Untracked 
|  88|0x00000000c5800000, 0x00000000c5800000, 0x00000000c5900000|  0%| F|  |TAMS 0x00000000c5800000, 0x00000000c5800000| Untracked 
|  89|0x00000000c5900000, 0x00000000c5900000, 0x00000000c5a00000|  0%| F|  |TAMS 0x00000000c5900000, 0x00000000c5900000| Untracked 
|  90|0x00000000c5a00000, 0x00000000c5a00000, 0x00000000c5b00000|  0%| F|  |TAMS 0x00000000c5a00000, 0x00000000c5a00000| Untracked 
|  91|0x00000000c5b00000, 0x00000000c5b00000, 0x00000000c5c00000|  0%| F|  |TAMS 0x00000000c5b00000, 0x00000000c5b00000| Untracked 
|  92|0x00000000c5c00000, 0x00000000c5c00000, 0x00000000c5d00000|  0%| F|  |TAMS 0x00000000c5c00000, 0x00000000c5c00000| Untracked 
|  93|0x00000000c5d00000, 0x00000000c5d00000, 0x00000000c5e00000|  0%| F|  |TAMS 0x00000000c5d00000, 0x00000000c5d00000| Untracked 
|  94|0x00000000c5e00000, 0x00000000c5e00000, 0x00000000c5f00000|  0%| F|  |TAMS 0x00000000c5e00000, 0x00000000c5e00000| Untracked 
|  95|0x00000000c5f00000, 0x00000000c5f00000, 0x00000000c6000000|  0%| F|  |TAMS 0x00000000c5f00000, 0x00000000c5f00000| Untracked 
|  96|0x00000000c6000000, 0x00000000c6000000, 0x00000000c6100000|  0%| F|  |TAMS 0x00000000c6000000, 0x00000000c6000000| Untracked 
|  97|0x00000000c6100000, 0x00000000c6100000, 0x00000000c6200000|  0%| F|  |TAMS 0x00000000c6100000, 0x00000000c6100000| Untracked 
|  98|0x00000000c6200000, 0x00000000c6200000, 0x00000000c6300000|  0%| F|  |TAMS 0x00000000c6200000, 0x00000000c6200000| Untracked 
|  99|0x00000000c6300000, 0x00000000c6300000, 0x00000000c6400000|  0%| F|  |TAMS 0x00000000c6300000, 0x00000000c6300000| Untracked 
| 100|0x00000000c6400000, 0x00000000c6400000, 0x00000000c6500000|  0%| F|  |TAMS 0x00000000c6400000, 0x00000000c6400000| Untracked 
| 101|0x00000000c6500000, 0x00000000c6500000, 0x00000000c6600000|  0%| F|  |TAMS 0x00000000c6500000, 0x00000000c6500000| Untracked 
| 102|0x00000000c6600000, 0x00000000c6600000, 0x00000000c6700000|  0%| F|  |TAMS 0x00000000c6600000, 0x00000000c6600000| Untracked 
| 103|0x00000000c6700000, 0x00000000c6700000, 0x00000000c6800000|  0%| F|  |TAMS 0x00000000c6700000, 0x00000000c6700000| Untracked 
| 104|0x00000000c6800000, 0x00000000c6800000, 0x00000000c6900000|  0%| F|  |TAMS 0x00000000c6800000, 0x00000000c6800000| Untracked 
| 105|0x00000000c6900000, 0x00000000c6900000, 0x00000000c6a00000|  0%| F|  |TAMS 0x00000000c6900000, 0x00000000c6900000| Untracked 
| 106|0x00000000c6a00000, 0x00000000c6a00000, 0x00000000c6b00000|  0%| F|  |TAMS 0x00000000c6a00000, 0x00000000c6a00000| Untracked 
| 107|0x00000000c6b00000, 0x00000000c6b00000, 0x00000000c6c00000|  0%| F|  |TAMS 0x00000000c6b00000, 0x00000000c6b00000| Untracked 
| 108|0x00000000c6c00000, 0x00000000c6c00000, 0x00000000c6d00000|  0%| F|  |TAMS 0x00000000c6c00000, 0x00000000c6c00000| Untracked 
| 109|0x00000000c6d00000, 0x00000000c6d00000, 0x00000000c6e00000|  0%| F|  |TAMS 0x00000000c6d00000, 0x00000000c6d00000| Untracked 
| 110|0x00000000c6e00000, 0x00000000c6e00000, 0x00000000c6f00000|  0%| F|  |TAMS 0x00000000c6e00000, 0x00000000c6e00000| Untracked 
| 111|0x00000000c6f00000, 0x00000000c6f00000, 0x00000000c7000000|  0%| F|  |TAMS 0x00000000c6f00000, 0x00000000c6f00000| Untracked 
| 112|0x00000000c7000000, 0x00000000c7000000, 0x00000000c7100000|  0%| F|  |TAMS 0x00000000c7000000, 0x00000000c7000000| Untracked 
| 113|0x00000000c7100000, 0x00000000c7100000, 0x00000000c7200000|  0%| F|  |TAMS 0x00000000c7100000, 0x00000000c7100000| Untracked 
| 114|0x00000000c7200000, 0x00000000c7200000, 0x00000000c7300000|  0%| F|  |TAMS 0x00000000c7200000, 0x00000000c7200000| Untracked 
| 115|0x00000000c7300000, 0x00000000c7300000, 0x00000000c7400000|  0%| F|  |TAMS 0x00000000c7300000, 0x00000000c7300000| Untracked 
| 116|0x00000000c7400000, 0x00000000c7400000, 0x00000000c7500000|  0%| F|  |TAMS 0x00000000c7400000, 0x00000000c7400000| Untracked 
| 117|0x00000000c7500000, 0x00000000c7500000, 0x00000000c7600000|  0%| F|  |TAMS 0x00000000c7500000, 0x00000000c7500000| Untracked 
| 118|0x00000000c7600000, 0x00000000c7600000, 0x00000000c7700000|  0%| F|  |TAMS 0x00000000c7600000, 0x00000000c7600000| Untracked 
| 119|0x00000000c7700000, 0x00000000c7700000, 0x00000000c7800000|  0%| F|  |TAMS 0x00000000c7700000, 0x00000000c7700000| Untracked 
| 120|0x00000000c7800000, 0x00000000c7800000, 0x00000000c7900000|  0%| F|  |TAMS 0x00000000c7800000, 0x00000000c7800000| Untracked 
| 121|0x00000000c7900000, 0x00000000c7900000, 0x00000000c7a00000|  0%| F|  |TAMS 0x00000000c7900000, 0x00000000c7900000| Untracked 
| 122|0x00000000c7a00000, 0x00000000c7a00000, 0x00000000c7b00000|  0%| F|  |TAMS 0x00000000c7a00000, 0x00000000c7a00000| Untracked 
| 123|0x00000000c7b00000, 0x00000000c7b00000, 0x00000000c7c00000|  0%| F|  |TAMS 0x00000000c7b00000, 0x00000000c7b00000| Untracked 
| 124|0x00000000c7c00000, 0x00000000c7c00000, 0x00000000c7d00000|  0%| F|  |TAMS 0x00000000c7c00000, 0x00000000c7c00000| Untracked 
| 125|0x00000000c7d00000, 0x00000000c7d00000, 0x00000000c7e00000|  0%| F|  |TAMS 0x00000000c7d00000, 0x00000000c7d00000| Untracked 
| 126|0x00000000c7e00000, 0x00000000c7e00000, 0x00000000c7f00000|  0%| F|  |TAMS 0x00000000c7e00000, 0x00000000c7e00000| Untracked 
| 127|0x00000000c7f00000, 0x00000000c7f00000, 0x00000000c8000000|  0%| F|  |TAMS 0x00000000c7f00000, 0x00000000c7f00000| Untracked 
| 128|0x00000000c8000000, 0x00000000c801f618, 0x00000000c8100000| 12%| E|  |TAMS 0x00000000c8000000, 0x00000000c8000000| Complete 

Card table byte_map: [0x0000020689a10000,0x0000020689c10000] _byte_map_base: 0x0000020689410000

Marking Bits (Prev, Next): (CMBitMap*) 0x0000020681b23320, (CMBitMap*) 0x0000020681b23360
 Prev Bits: [0x0000020689e10000, 0x000002068ae10000)
 Next Bits: [0x000002068ae10000, 0x000002068be10000)

Polling page: 0x0000020681960000

Metaspace:

Usage:
  Non-class:     53.10 MB used.
      Class:      7.59 MB used.
       Both:     60.69 MB used.

Virtual space:
  Non-class space:       64.00 MB reserved,      53.56 MB ( 84%) committed,  1 nodes.
      Class space:        1.00 GB reserved,       7.94 MB ( <1%) committed,  1 nodes.
             Both:        1.06 GB reserved,      61.50 MB (  6%) committed. 

Chunk freelists:
   Non-Class:  9.78 MB
       Class:  8.10 MB
        Both:  17.87 MB

MaxMetaspaceSize: unlimited
CompressedClassSpaceSize: 1.00 GB
Initial GC threshold: 21.00 MB
Current GC threshold: 102.50 MB
CDS: off
MetaspaceReclaimPolicy: balanced
 - commit_granule_bytes: 65536.
 - commit_granule_words: 8192.
 - virtual_space_node_default_size: 8388608.
 - enlarge_chunks_in_place: 1.
 - new_chunks_are_fully_committed: 0.
 - uncommit_free_chunks: 1.
 - use_allocation_guard: 0.
 - handle_deallocations: 1.


Internal statistics:

num_allocs_failed_limit: 8.
num_arena_births: 700.
num_arena_deaths: 244.
num_vsnodes_births: 2.
num_vsnodes_deaths: 0.
num_space_committed: 984.
num_space_uncommitted: 0.
num_chunks_returned_to_freelist: 290.
num_chunks_taken_from_freelist: 2667.
num_chunk_merges: 104.
num_chunk_splits: 1886.
num_chunks_enlarged: 1447.
num_inconsistent_stats: 0.

CodeCache: size=49152Kb used=14505Kb max_used=16075Kb free=34646Kb
 bounds [0x0000020685f30000, 0x0000020686f40000, 0x0000020688f30000]
 total_blobs=8507 nmethods=7826 adapters=608
 compilation: enabled
              stopped_count=0, restarted_count=0
 full_count=0

Compilation events (20 events):
Event: 77.942 Thread 0x000002068ea6b220 7812       1       org.springframework.ide.vscode.commons.util.text.linetracker.ListLineTracker::getLineOffset (98 bytes)
Event: 77.942 Thread 0x000002068e8bf7e0 nmethod 7811 0x0000020686123790 code [0x0000020686123940, 0x0000020686123a78]
Event: 77.942 Thread 0x000002068e8bf7e0 7813       1       org.springframework.ide.vscode.commons.languageserver.semantic.tokens.SemanticTokensUtils::getSemanticTokenTypeIndex (11 bytes)
Event: 77.942 Thread 0x000002068e8bf7e0 nmethod 7813 0x0000020686123490 code [0x0000020686123620, 0x00000206861236e8]
Event: 77.942 Thread 0x000002068ea6b220 nmethod 7812 0x0000020686122d90 code [0x0000020686122f80, 0x00000206861232e8]
Event: 77.946 Thread 0x00000206957e4930 nmethod 7797 0x000002068611b510 code [0x000002068611bee0, 0x0000020686120ff8]
Event: 80.329 Thread 0x000002068ea6b220 7814       1       org.eclipse.jdt.core.dom.ReturnStatement::getExpression (5 bytes)
Event: 80.329 Thread 0x000002068ea6b220 nmethod 7814 0x000002068611b210 code [0x000002068611b3a0, 0x000002068611b478]
Event: 82.288 Thread 0x000002068ea6b220 7816       1       org.eclipse.lsp4j.Position::getLine (5 bytes)
Event: 82.288 Thread 0x000002068ea6b220 nmethod 7816 0x000002068611ab10 code [0x000002068611aca0, 0x000002068611ad78]
Event: 82.291 Thread 0x000002068e8bf7e0 7821  s    1       java.lang.invoke.MethodTypeForm::setCachedLambdaForm (44 bytes)
Event: 82.292 Thread 0x000002068e8bf7e0 nmethod 7821 0x0000020686119710 code [0x00000206861198e0, 0x0000020686119d98]
Event: 83.469 Thread 0x000002068e8bf7e0 7822       1       sun.reflect.generics.reflectiveObjects.TypeVariableImpl::getGenericDeclaration (71 bytes)
Event: 83.470 Thread 0x000002068e8bf7e0 nmethod 7822 0x0000020686118b10 code [0x0000020686118d40, 0x00000206861193d8]
Event: 83.642 Thread 0x000002068e8bf7e0 7823       1       com.google.gson.Gson::fromJson (10 bytes)
Event: 83.642 Thread 0x000002068e8bf7e0 nmethod 7823 0x0000020686118710 code [0x00000206861188c0, 0x0000020686118a38]
Event: 83.642 Thread 0x000002068e8bf7e0 7824       1       java.util.concurrent.CompletableFuture::postComplete (94 bytes)
Event: 83.643 Thread 0x000002068e8bf7e0 nmethod 7824 0x0000020686116c10 code [0x0000020686116f40, 0x0000020686117fb8]
Event: 126.683 Thread 0x000002068e8bf7e0 7827       1       java.util.concurrent.locks.ReentrantLock$Sync::isHeldExclusively (16 bytes)
Event: 126.684 Thread 0x000002068e8bf7e0 nmethod 7827 0x0000020686116310 code [0x00000206861164a0, 0x0000020686116598]

GC Heap History (20 events):
Event: 116.848 GC heap before
{Heap before GC invocations=20 (full 0):
 garbage-first heap   total 132096K, used 102647K [0x00000000c0000000, 0x0000000100000000)
  region size 1024K, 45 young (46080K), 6 survivors (6144K)
 Metaspace       used 62429K, committed 62976K, reserved 1114112K
  class space    used 7832K, committed 8128K, reserved 1048576K
}
Event: 116.874 GC heap after
{Heap after GC invocations=21 (full 1):
 garbage-first heap   total 132096K, used 46179K [0x00000000c0000000, 0x0000000100000000)
  region size 1024K, 0 young (0K), 0 survivors (0K)
 Metaspace       used 62429K, committed 62976K, reserved 1114112K
  class space    used 7832K, committed 8128K, reserved 1048576K
}
Event: 126.951 GC heap before
{Heap before GC invocations=21 (full 1):
 garbage-first heap   total 132096K, used 46179K [0x00000000c0000000, 0x0000000100000000)
  region size 1024K, 1 young (1024K), 0 survivors (0K)
 Metaspace       used 62429K, committed 62976K, reserved 1114112K
  class space    used 7832K, committed 8128K, reserved 1048576K
}
Event: 126.988 GC heap after
{Heap after GC invocations=22 (full 2):
 garbage-first heap   total 132096K, used 41432K [0x00000000c0000000, 0x0000000100000000)
  region size 1024K, 0 young (0K), 0 survivors (0K)
 Metaspace       used 62172K, committed 62976K, reserved 1114112K
  class space    used 7775K, committed 8128K, reserved 1048576K
}
Event: 137.059 GC heap before
{Heap before GC invocations=22 (full 2):
 garbage-first heap   total 132096K, used 41432K [0x00000000c0000000, 0x0000000100000000)
  region size 1024K, 1 young (1024K), 0 survivors (0K)
 Metaspace       used 62172K, committed 62976K, reserved 1114112K
  class space    used 7775K, committed 8128K, reserved 1048576K
}
Event: 137.082 GC heap after
{Heap after GC invocations=23 (full 3):
 garbage-first heap   total 132096K, used 41232K [0x00000000c0000000, 0x0000000100000000)
  region size 1024K, 0 young (0K), 0 survivors (0K)
 Metaspace       used 62172K, committed 62976K, reserved 1114112K
  class space    used 7775K, committed 8128K, reserved 1048576K
}
Event: 147.149 GC heap before
{Heap before GC invocations=23 (full 3):
 garbage-first heap   total 132096K, used 41232K [0x00000000c0000000, 0x0000000100000000)
  region size 1024K, 1 young (1024K), 0 survivors (0K)
 Metaspace       used 62172K, committed 62976K, reserved 1114112K
  class space    used 7775K, committed 8128K, reserved 1048576K
}
Event: 147.168 GC heap after
{Heap after GC invocations=24 (full 4):
 garbage-first heap   total 132096K, used 41230K [0x00000000c0000000, 0x0000000100000000)
  region size 1024K, 0 young (0K), 0 survivors (0K)
 Metaspace       used 62172K, committed 62976K, reserved 1114112K
  class space    used 7775K, committed 8128K, reserved 1048576K
}
Event: 157.448 GC heap before
{Heap before GC invocations=24 (full 4):
 garbage-first heap   total 132096K, used 41230K [0x00000000c0000000, 0x0000000100000000)
  region size 1024K, 1 young (1024K), 0 survivors (0K)
 Metaspace       used 62172K, committed 62976K, reserved 1114112K
  class space    used 7775K, committed 8128K, reserved 1048576K
}
Event: 157.490 GC heap after
{Heap after GC invocations=25 (full 5):
 garbage-first heap   total 132096K, used 40156K [0x00000000c0000000, 0x0000000100000000)
  region size 1024K, 0 young (0K), 0 survivors (0K)
 Metaspace       used 62149K, committed 62976K, reserved 1114112K
  class space    used 7770K, committed 8128K, reserved 1048576K
}
Event: 167.569 GC heap before
{Heap before GC invocations=25 (full 5):
 garbage-first heap   total 132096K, used 40156K [0x00000000c0000000, 0x0000000100000000)
  region size 1024K, 1 young (1024K), 0 survivors (0K)
 Metaspace       used 62149K, committed 62976K, reserved 1114112K
  class space    used 7770K, committed 8128K, reserved 1048576K
}
Event: 167.587 GC heap after
{Heap after GC invocations=26 (full 6):
 garbage-first heap   total 132096K, used 40156K [0x00000000c0000000, 0x0000000100000000)
  region size 1024K, 0 young (0K), 0 survivors (0K)
 Metaspace       used 62149K, committed 62976K, reserved 1114112K
  class space    used 7770K, committed 8128K, reserved 1048576K
}
Event: 177.675 GC heap before
{Heap before GC invocations=26 (full 6):
 garbage-first heap   total 132096K, used 40156K [0x00000000c0000000, 0x0000000100000000)
  region size 1024K, 1 young (1024K), 0 survivors (0K)
 Metaspace       used 62149K, committed 62976K, reserved 1114112K
  class space    used 7770K, committed 8128K, reserved 1048576K
}
Event: 177.695 GC heap after
{Heap after GC invocations=27 (full 7):
 garbage-first heap   total 132096K, used 40156K [0x00000000c0000000, 0x0000000100000000)
  region size 1024K, 0 young (0K), 0 survivors (0K)
 Metaspace       used 62149K, committed 62976K, reserved 1114112K
  class space    used 7770K, committed 8128K, reserved 1048576K
}
Event: 187.780 GC heap before
{Heap before GC invocations=27 (full 7):
 garbage-first heap   total 132096K, used 40156K [0x00000000c0000000, 0x0000000100000000)
  region size 1024K, 1 young (1024K), 0 survivors (0K)
 Metaspace       used 62149K, committed 62976K, reserved 1114112K
  class space    used 7770K, committed 8128K, reserved 1048576K
}
Event: 187.799 GC heap after
{Heap after GC invocations=28 (full 8):
 garbage-first heap   total 132096K, used 40156K [0x00000000c0000000, 0x0000000100000000)
  region size 1024K, 0 young (0K), 0 survivors (0K)
 Metaspace       used 62149K, committed 62976K, reserved 1114112K
  class space    used 7770K, committed 8128K, reserved 1048576K
}
Event: 197.870 GC heap before
{Heap before GC invocations=28 (full 8):
 garbage-first heap   total 132096K, used 40156K [0x00000000c0000000, 0x0000000100000000)
  region size 1024K, 1 young (1024K), 0 survivors (0K)
 Metaspace       used 62149K, committed 62976K, reserved 1114112K
  class space    used 7770K, committed 8128K, reserved 1048576K
}
Event: 197.892 GC heap after
{Heap after GC invocations=29 (full 9):
 garbage-first heap   total 132096K, used 40156K [0x00000000c0000000, 0x0000000100000000)
  region size 1024K, 0 young (0K), 0 survivors (0K)
 Metaspace       used 62149K, committed 62976K, reserved 1114112K
  class space    used 7770K, committed 8128K, reserved 1048576K
}
Event: 207.956 GC heap before
{Heap before GC invocations=29 (full 9):
 garbage-first heap   total 132096K, used 40156K [0x00000000c0000000, 0x0000000100000000)
  region size 1024K, 1 young (1024K), 0 survivors (0K)
 Metaspace       used 62149K, committed 62976K, reserved 1114112K
  class space    used 7770K, committed 8128K, reserved 1048576K
}
Event: 207.974 GC heap after
{Heap after GC invocations=30 (full 10):
 garbage-first heap   total 132096K, used 40156K [0x00000000c0000000, 0x0000000100000000)
  region size 1024K, 0 young (0K), 0 survivors (0K)
 Metaspace       used 62149K, committed 62976K, reserved 1114112K
  class space    used 7770K, committed 8128K, reserved 1048576K
}

Dll operation events (10 events):
Event: 0.008 Loaded shared library c:\Users\Admin\.vscode\extensions\redhat.java-1.32.0-win32-x64\jre\17.0.11-win32-x86_64\bin\java.dll
Event: 0.318 Loaded shared library C:\Users\Admin\.vscode\extensions\redhat.java-1.32.0-win32-x64\jre\17.0.11-win32-x86_64\bin\net.dll
Event: 0.320 Loaded shared library C:\Users\Admin\.vscode\extensions\redhat.java-1.32.0-win32-x64\jre\17.0.11-win32-x86_64\bin\nio.dll
Event: 0.332 Loaded shared library C:\Users\Admin\.vscode\extensions\redhat.java-1.32.0-win32-x64\jre\17.0.11-win32-x86_64\bin\zip.dll
Event: 0.809 Loaded shared library C:\Users\Admin\.vscode\extensions\redhat.java-1.32.0-win32-x64\jre\17.0.11-win32-x86_64\bin\jimage.dll
Event: 3.466 Loaded shared library c:\Users\Admin\.vscode\extensions\redhat.java-1.32.0-win32-x64\jre\17.0.11-win32-x86_64\bin\verify.dll
Event: 6.751 Loaded shared library C:\Users\Admin\.vscode\extensions\redhat.java-1.32.0-win32-x64\jre\17.0.11-win32-x86_64\bin\management.dll
Event: 6.753 Loaded shared library C:\Users\Admin\.vscode\extensions\redhat.java-1.32.0-win32-x64\jre\17.0.11-win32-x86_64\bin\management_ext.dll
Event: 10.508 Loaded shared library C:\Users\Admin\.vscode\extensions\redhat.java-1.32.0-win32-x64\jre\17.0.11-win32-x86_64\bin\sunmscapi.dll
Event: 10.806 Loaded shared library C:\Users\Admin\.vscode\extensions\redhat.java-1.32.0-win32-x64\jre\17.0.11-win32-x86_64\bin\extnet.dll

Deoptimization events (20 events):
Event: 11.188 Thread 0x0000020694410a90 DEOPT PACKING pc=0x000002068690fd04 sp=0x0000007373cfdd10
Event: 11.188 Thread 0x0000020694410a90 DEOPT UNPACKING pc=0x0000020685f87143 sp=0x0000007373cfd1c0 mode 0
Event: 11.996 Thread 0x0000020694410a90 DEOPT PACKING pc=0x00000206864daad2 sp=0x0000007373cfe160
Event: 11.996 Thread 0x0000020694410a90 DEOPT UNPACKING pc=0x0000020685f87143 sp=0x0000007373cfd668 mode 3
Event: 11.997 Thread 0x0000020694410a90 DEOPT PACKING pc=0x00000206864320c5 sp=0x0000007373cfe120
Event: 11.997 Thread 0x0000020694410a90 DEOPT UNPACKING pc=0x0000020685f87143 sp=0x0000007373cfd668 mode 3
Event: 12.268 Thread 0x0000020694410a90 DEOPT PACKING pc=0x00000206869ef50c sp=0x0000007373cfe5e0
Event: 12.268 Thread 0x0000020694410a90 DEOPT UNPACKING pc=0x0000020685f87143 sp=0x0000007373cfdb48 mode 0
Event: 12.268 Thread 0x0000020694410a90 DEOPT PACKING pc=0x00000206869f1ecc sp=0x0000007373cfe710
Event: 12.268 Thread 0x0000020694410a90 DEOPT UNPACKING pc=0x0000020685f87143 sp=0x0000007373cfdbf0 mode 0
Event: 12.268 Thread 0x0000020694410a90 DEOPT PACKING pc=0x00000206869ef50c sp=0x0000007373cfe840
Event: 12.268 Thread 0x0000020694410a90 DEOPT UNPACKING pc=0x0000020685f87143 sp=0x0000007373cfdda8 mode 0
Event: 12.268 Thread 0x0000020694410a90 DEOPT PACKING pc=0x00000206869f1ecc sp=0x0000007373cfe970
Event: 12.268 Thread 0x0000020694410a90 DEOPT UNPACKING pc=0x0000020685f87143 sp=0x0000007373cfde68 mode 0
Event: 12.271 Thread 0x0000020694410a90 DEOPT PACKING pc=0x00000206869ef50c sp=0x0000007373cfece0
Event: 12.271 Thread 0x0000020694410a90 DEOPT UNPACKING pc=0x0000020685f87143 sp=0x0000007373cfe248 mode 0
Event: 12.271 Thread 0x0000020694410a90 DEOPT PACKING pc=0x00000206869f1ecc sp=0x0000007373cfee10
Event: 12.271 Thread 0x0000020694410a90 DEOPT UNPACKING pc=0x0000020685f87143 sp=0x0000007373cfe308 mode 0
Event: 14.419 Thread 0x00000206944128f0 DEOPT PACKING pc=0x00000206866b2aa4 sp=0x00000073741fed70
Event: 14.419 Thread 0x00000206944128f0 DEOPT UNPACKING pc=0x0000020685f87143 sp=0x00000073741fe258 mode 0

Classes unloaded (20 events):
Event: 126.960 Thread 0x000002068e886a20 Unloading class 0x0000000100094400 'java/lang/invoke/LambdaForm$MH+0x0000000100094400'
Event: 126.960 Thread 0x000002068e886a20 Unloading class 0x000000010008ac00 'java/lang/invoke/LambdaForm$MH+0x000000010008ac00'
Event: 126.960 Thread 0x000002068e886a20 Unloading class 0x000000010008a400 'java/lang/invoke/LambdaForm$MH+0x000000010008a400'
Event: 126.960 Thread 0x000002068e886a20 Unloading class 0x000000010008a000 'java/lang/invoke/LambdaForm$MH+0x000000010008a000'
Event: 126.960 Thread 0x000002068e886a20 Unloading class 0x0000000100089c00 'java/lang/invoke/LambdaForm$MH+0x0000000100089c00'
Event: 126.960 Thread 0x000002068e886a20 Unloading class 0x0000000100089800 'java/lang/invoke/LambdaForm$MH+0x0000000100089800'
Event: 126.960 Thread 0x000002068e886a20 Unloading class 0x0000000100089400 'java/lang/invoke/LambdaForm$MH+0x0000000100089400'
Event: 126.960 Thread 0x000002068e886a20 Unloading class 0x0000000100088c00 'java/lang/invoke/LambdaForm$MH+0x0000000100088c00'
Event: 126.960 Thread 0x000002068e886a20 Unloading class 0x0000000100088400 'java/lang/invoke/LambdaForm$MH+0x0000000100088400'
Event: 157.465 Thread 0x000002068e886a20 Unloading class 0x00000001007d8000 'jdk/internal/reflect/GeneratedConstructorAccessor45'
Event: 157.465 Thread 0x000002068e886a20 Unloading class 0x000000010008e800 'java/lang/invoke/LambdaForm$MH+0x000000010008e800'
Event: 157.465 Thread 0x000002068e886a20 Unloading class 0x000000010008e400 'java/lang/invoke/LambdaForm$MH+0x000000010008e400'
Event: 157.465 Thread 0x000002068e886a20 Unloading class 0x000000010008e000 'java/lang/invoke/LambdaForm$MH+0x000000010008e000'
Event: 157.465 Thread 0x000002068e886a20 Unloading class 0x000000010008dc00 'java/lang/invoke/LambdaForm$MH+0x000000010008dc00'
Event: 157.465 Thread 0x000002068e886a20 Unloading class 0x000000010008d800 'java/lang/invoke/LambdaForm$MH+0x000000010008d800'
Event: 157.465 Thread 0x000002068e886a20 Unloading class 0x000000010008d400 'java/lang/invoke/LambdaForm$MH+0x000000010008d400'
Event: 157.465 Thread 0x000002068e886a20 Unloading class 0x000000010008cc00 'java/lang/invoke/LambdaForm$MH+0x000000010008cc00'
Event: 157.465 Thread 0x000002068e886a20 Unloading class 0x000000010008c800 'java/lang/invoke/LambdaForm$MH+0x000000010008c800'
Event: 157.465 Thread 0x000002068e886a20 Unloading class 0x000000010008c000 'java/lang/invoke/LambdaForm$MH+0x000000010008c000'
Event: 157.465 Thread 0x000002068e886a20 Unloading class 0x000000010008bc00 'java/lang/invoke/LambdaForm$MH+0x000000010008bc00'

Classes redefined (0 events):
No events

Internal exceptions (20 events):
Event: 58.690 Thread 0x000002069453ffa0 Exception <a 'sun/nio/fs/WindowsException'{0x00000000c594b2b0}> (0x00000000c594b2b0) 
thrown [s\src\hotspot\share\prims\jni.cpp, line 516]
Event: 58.690 Thread 0x000002069453ffa0 Exception <a 'sun/nio/fs/WindowsException'{0x00000000c594c020}> (0x00000000c594c020) 
thrown [s\src\hotspot\share\prims\jni.cpp, line 516]
Event: 58.690 Thread 0x000002069453ffa0 Exception <a 'sun/nio/fs/WindowsException'{0x00000000c594c7e0}> (0x00000000c594c7e0) 
thrown [s\src\hotspot\share\prims\jni.cpp, line 516]
Event: 58.690 Thread 0x000002069453ffa0 Exception <a 'sun/nio/fs/WindowsException'{0x00000000c594cbd0}> (0x00000000c594cbd0) 
thrown [s\src\hotspot\share\prims\jni.cpp, line 516]
Event: 58.690 Thread 0x000002069453ffa0 Exception <a 'sun/nio/fs/WindowsException'{0x00000000c594db68}> (0x00000000c594db68) 
thrown [s\src\hotspot\share\prims\jni.cpp, line 516]
Event: 58.690 Thread 0x000002069453ffa0 Exception <a 'sun/nio/fs/WindowsException'{0x00000000c594df98}> (0x00000000c594df98) 
thrown [s\src\hotspot\share\prims\jni.cpp, line 516]
Event: 58.795 Thread 0x000002069453ffa0 Exception <a 'sun/nio/fs/WindowsException'{0x00000000c77f96a8}> (0x00000000c77f96a8) 
thrown [s\src\hotspot\share\prims\jni.cpp, line 516]
Event: 58.795 Thread 0x000002069453ffa0 Exception <a 'sun/nio/fs/WindowsException'{0x00000000c77fac20}> (0x00000000c77fac20) 
thrown [s\src\hotspot\share\prims\jni.cpp, line 516]
Event: 58.795 Thread 0x000002069453ffa0 Exception <a 'sun/nio/fs/WindowsException'{0x00000000c77faff0}> (0x00000000c77faff0) 
thrown [s\src\hotspot\share\prims\jni.cpp, line 516]
Event: 58.795 Thread 0x000002069453ffa0 Exception <a 'sun/nio/fs/WindowsException'{0x00000000c77fbf70}> (0x00000000c77fbf70) 
thrown [s\src\hotspot\share\prims\jni.cpp, line 516]
Event: 58.795 Thread 0x000002069453ffa0 Exception <a 'sun/nio/fs/WindowsException'{0x00000000c77fc380}> (0x00000000c77fc380) 
thrown [s\src\hotspot\share\prims\jni.cpp, line 516]
Event: 58.795 Thread 0x000002069453ffa0 Exception <a 'sun/nio/fs/WindowsException'{0x00000000c77fd0f0}> (0x00000000c77fd0f0) 
thrown [s\src\hotspot\share\prims\jni.cpp, line 516]
Event: 58.795 Thread 0x000002069453ffa0 Exception <a 'sun/nio/fs/WindowsException'{0x00000000c77fd8b0}> (0x00000000c77fd8b0) 
thrown [s\src\hotspot\share\prims\jni.cpp, line 516]
Event: 58.795 Thread 0x000002069453ffa0 Exception <a 'sun/nio/fs/WindowsException'{0x00000000c77fdca0}> (0x00000000c77fdca0) 
thrown [s\src\hotspot\share\prims\jni.cpp, line 516]
Event: 58.795 Thread 0x000002069453ffa0 Exception <a 'sun/nio/fs/WindowsException'{0x00000000c77fec38}> (0x00000000c77fec38) 
thrown [s\src\hotspot\share\prims\jni.cpp, line 516]
Event: 58.795 Thread 0x000002069453ffa0 Exception <a 'sun/nio/fs/WindowsException'{0x00000000c77ff068}> (0x00000000c77ff068) 
thrown [s\src\hotspot\share\prims\jni.cpp, line 516]
Event: 68.254 Thread 0x000002069453dc30 Exception <a 'java/lang/NoSuchMethodError'{0x00000000c70afdf8}: 'java.lang.Object java.lang.invoke.DirectMethodHandle$Holder.invokeStatic(java.lang.Object, java.lang.Object, java.lang.Object, java.lang.Object, int)'> (0x00000000c70afdf8) 
thrown [s\src\hotspot\share\interpreter\linkResolver.cpp, line 759]
Event: 77.894 Thread 0x0000020694412e00 Exception <a 'java/lang/NoSuchMethodError'{0x00000000c5c85340}: 'void java.lang.invoke.DirectMethodHandle$Holder.invokeStatic(java.lang.Object, java.lang.Object, java.lang.Object, java.lang.Object, java.lang.Object, java.lang.Object, java.lang.Object)'> (0x00000000c5c85340) 
thrown [s\src\hotspot\share\interpreter\linkResolver.cpp, line 759]
Event: 116.767 Thread 0x000002069431ab90 Exception <a 'java/lang/NoSuchMethodError'{0x00000000c70cb740}: 'void java.lang.invoke.DirectMethodHandle$Holder.invokeStatic(java.lang.Object, long)'> (0x00000000c70cb740) 
thrown [s\src\hotspot\share\interpreter\linkResolver.cpp, line 759]
Event: 116.767 Thread 0x000002069431ab90 Exception <a 'java/lang/NoSuchMethodError'{0x00000000c70d0af0}: 'java.lang.Object java.lang.invoke.DirectMethodHandle$Holder.newInvokeSpecial(java.lang.Object, long)'> (0x00000000c70d0af0) 
thrown [s\src\hotspot\share\interpreter\linkResolver.cpp, line 759]

VM Operations (20 events):
Event: 120.243 Executing VM operation: HandshakeAllThreads done
Event: 126.950 Executing VM operation: G1CollectFull
Event: 126.988 Executing VM operation: G1CollectFull done
Event: 137.059 Executing VM operation: G1CollectFull
Event: 137.082 Executing VM operation: G1CollectFull done
Event: 147.149 Executing VM operation: G1CollectFull
Event: 147.168 Executing VM operation: G1CollectFull done
Event: 157.448 Executing VM operation: G1CollectFull
Event: 157.490 Executing VM operation: G1CollectFull done
Event: 167.569 Executing VM operation: G1CollectFull
Event: 167.587 Executing VM operation: G1CollectFull done
Event: 177.675 Executing VM operation: G1CollectFull
Event: 177.695 Executing VM operation: G1CollectFull done
Event: 187.780 Executing VM operation: G1CollectFull
Event: 187.799 Executing VM operation: G1CollectFull done
Event: 197.870 Executing VM operation: G1CollectFull
Event: 197.892 Executing VM operation: G1CollectFull done
Event: 207.956 Executing VM operation: G1CollectFull
Event: 207.974 Executing VM operation: G1CollectFull done
Event: 218.074 Executing VM operation: G1CollectFull

Events (20 events):
Event: 76.248 Thread 0x000002068ea6b220 Thread added: 0x000002068ea6b220
Event: 76.248 Thread 0x00000206957e4930 Thread added: 0x00000206957e4930
Event: 76.248 Thread 0x00000206958fb820 Thread added: 0x00000206958fb820
Event: 77.426 Thread 0x00000206958fb820 Thread exited: 0x00000206958fb820
Event: 80.329 Thread 0x00000206957e4930 Thread exited: 0x00000206957e4930
Event: 83.469 Thread 0x000002068ea6b220 Thread exited: 0x000002068ea6b220
Event: 116.750 loading class java/lang/ProcessBuilder
Event: 116.761 loading class java/lang/ProcessBuilder done
Event: 116.761 loading class java/lang/ProcessImpl
Event: 116.762 loading class java/lang/ProcessImpl done
Event: 116.768 loading class java/lang/ProcessImpl$2
Event: 116.768 loading class java/lang/ProcessImpl$2 done
Event: 116.768 loading class java/lang/Process$PipeInputStream
Event: 116.768 loading class java/lang/Process$PipeInputStream done
Event: 116.769 loading class jdk/internal/event/ProcessStartEvent
Event: 116.769 loading class jdk/internal/event/ProcessStartEvent done
Event: 136.269 Thread 0x00000206945413e0 Thread exited: 0x00000206945413e0
Event: 136.272 Thread 0x0000020694542d30 Thread exited: 0x0000020694542d30
Event: 143.718 Thread 0x0000020694412e00 Thread exited: 0x0000020694412e00
Event: 144.611 Thread 0x000002069453dc30 Thread exited: 0x000002069453dc30


Dynamic libraries:
0x00007ff75fc70000 - 0x00007ff75fc7e000 	c:\Users\Admin\.vscode\extensions\redhat.java-1.32.0-win32-x64\jre\17.0.11-win32-x86_64\bin\java.exe
0x00007ff87a450000 - 0x00007ff87a645000 	C:\Windows\SYSTEM32\ntdll.dll
0x00007ff879eb0000 - 0x00007ff879f6e000 	C:\Windows\System32\KERNEL32.DLL
0x00007ff877de0000 - 0x00007ff8780a8000 	C:\Windows\System32\KERNELBASE.dll
0x00007ff878240000 - 0x00007ff878340000 	C:\Windows\System32\ucrtbase.dll
0x00007ff84ac60000 - 0x00007ff84ac77000 	c:\Users\Admin\.vscode\extensions\redhat.java-1.32.0-win32-x64\jre\17.0.11-win32-x86_64\bin\jli.dll
0x00007ff850410000 - 0x00007ff85042b000 	c:\Users\Admin\.vscode\extensions\redhat.java-1.32.0-win32-x64\jre\17.0.11-win32-x86_64\bin\VCRUNTIME140.dll
0x00007ff8791c0000 - 0x00007ff879360000 	C:\Windows\System32\USER32.dll
0x00007ff878180000 - 0x00007ff8781a2000 	C:\Windows\System32\win32u.dll
0x00007ff879360000 - 0x00007ff87938b000 	C:\Windows\System32\GDI32.dll
0x00007ff8611b0000 - 0x00007ff86144a000 	C:\Windows\WinSxS\amd64_microsoft.windows.common-controls_6595b64144ccf1df_6.0.19041.1110_none_60b5254171f9507e\COMCTL32.dll
0x00007ff877bd0000 - 0x00007ff877cdd000 	C:\Windows\System32\gdi32full.dll
0x00007ff879550000 - 0x00007ff8795ee000 	C:\Windows\System32\msvcrt.dll
0x00007ff8780b0000 - 0x00007ff87814d000 	C:\Windows\System32\msvcp_win.dll
0x00007ff879c00000 - 0x00007ff879c30000 	C:\Windows\System32\IMM32.DLL
0x00007ff861060000 - 0x00007ff86106c000 	c:\Users\Admin\.vscode\extensions\redhat.java-1.32.0-win32-x64\jre\17.0.11-win32-x86_64\bin\vcruntime140_1.dll
0x00007ff843920000 - 0x00007ff8439ad000 	c:\Users\Admin\.vscode\extensions\redhat.java-1.32.0-win32-x64\jre\17.0.11-win32-x86_64\bin\msvcp140.dll
0x00007ff80f2a0000 - 0x00007ff80ff02000 	c:\Users\Admin\.vscode\extensions\redhat.java-1.32.0-win32-x64\jre\17.0.11-win32-x86_64\bin\server\jvm.dll
0x00007ff879410000 - 0x00007ff8794be000 	C:\Windows\System32\ADVAPI32.dll
0x00007ff8799b0000 - 0x00007ff879a4c000 	C:\Windows\System32\sechost.dll
0x00007ff87a090000 - 0x00007ff87a1b5000 	C:\Windows\System32\RPCRT4.dll
0x00007ff8770d0000 - 0x00007ff87711b000 	C:\Windows\SYSTEM32\POWRPROF.dll
0x00007ff8712e0000 - 0x00007ff8712e9000 	C:\Windows\SYSTEM32\WSOCK32.dll
0x00007ff861600000 - 0x00007ff861627000 	C:\Windows\SYSTEM32\WINMM.dll
0x00007ff8794d0000 - 0x00007ff87953b000 	C:\Windows\System32\WS2_32.dll
0x00007ff86b820000 - 0x00007ff86b82a000 	C:\Windows\SYSTEM32\VERSION.dll
0x00007ff876f90000 - 0x00007ff876fa2000 	C:\Windows\SYSTEM32\UMPDC.dll
0x00007ff875a30000 - 0x00007ff875a42000 	C:\Windows\SYSTEM32\kernel.appcore.dll
0x00007ff857d20000 - 0x00007ff857d2a000 	c:\Users\Admin\.vscode\extensions\redhat.java-1.32.0-win32-x64\jre\17.0.11-win32-x86_64\bin\jimage.dll
0x00007ff875300000 - 0x00007ff8754e4000 	C:\Windows\SYSTEM32\DBGHELP.DLL
0x00007ff866260000 - 0x00007ff86628c000 	C:\Windows\SYSTEM32\dbgcore.DLL
0x00007ff8781b0000 - 0x00007ff878232000 	C:\Windows\System32\bcryptPrimitives.dll
0x00007ff84abc0000 - 0x00007ff84abe5000 	c:\Users\Admin\.vscode\extensions\redhat.java-1.32.0-win32-x64\jre\17.0.11-win32-x86_64\bin\java.dll
0x00007ff84ac40000 - 0x00007ff84ac58000 	c:\Users\Admin\.vscode\extensions\redhat.java-1.32.0-win32-x64\jre\17.0.11-win32-x86_64\bin\zip.dll
0x00007ff878a70000 - 0x00007ff8791b4000 	C:\Windows\System32\SHELL32.dll
0x00007ff875c50000 - 0x00007ff8763e4000 	C:\Windows\SYSTEM32\windows.storage.dll
0x00007ff879650000 - 0x00007ff8799a5000 	C:\Windows\System32\combase.dll
0x00007ff8775b0000 - 0x00007ff8775de000 	C:\Windows\SYSTEM32\Wldp.dll
0x00007ff87a360000 - 0x00007ff87a40d000 	C:\Windows\System32\SHCORE.dll
0x00007ff8784a0000 - 0x00007ff8784f5000 	C:\Windows\System32\shlwapi.dll
0x00007ff877aa0000 - 0x00007ff877abf000 	C:\Windows\SYSTEM32\profapi.dll
0x00007ff84aba0000 - 0x00007ff84abb9000 	C:\Users\Admin\.vscode\extensions\redhat.java-1.32.0-win32-x64\jre\17.0.11-win32-x86_64\bin\net.dll
0x00007ff86f320000 - 0x00007ff86f42c000 	C:\Windows\SYSTEM32\WINHTTP.dll
0x00007ff877310000 - 0x00007ff87737a000 	C:\Windows\system32\mswsock.dll
0x00007ff84a2f0000 - 0x00007ff84a306000 	C:\Users\Admin\.vscode\extensions\redhat.java-1.32.0-win32-x64\jre\17.0.11-win32-x86_64\bin\nio.dll
0x00007ff856380000 - 0x00007ff856390000 	c:\Users\Admin\.vscode\extensions\redhat.java-1.32.0-win32-x64\jre\17.0.11-win32-x86_64\bin\verify.dll
0x00007ff877500000 - 0x00007ff877518000 	C:\Windows\SYSTEM32\CRYPTSP.dll
0x00007ff876c20000 - 0x00007ff876c54000 	C:\Windows\system32\rsaenh.dll
0x00007ff878150000 - 0x00007ff878177000 	C:\Windows\System32\bcrypt.dll
0x00007ff877a20000 - 0x00007ff877a4e000 	C:\Windows\SYSTEM32\USERENV.dll
0x00007ff877520000 - 0x00007ff87752c000 	C:\Windows\SYSTEM32\CRYPTBASE.dll
0x00007ff876fb0000 - 0x00007ff876feb000 	C:\Windows\SYSTEM32\IPHLPAPI.DLL
0x00007ff879540000 - 0x00007ff879548000 	C:\Windows\System32\NSI.dll
0x00007ff86b890000 - 0x00007ff86b8a7000 	C:\Windows\SYSTEM32\dhcpcsvc6.DLL
0x00007ff86d5e0000 - 0x00007ff86d5fd000 	C:\Windows\SYSTEM32\dhcpcsvc.DLL
0x00007ff877000000 - 0x00007ff8770cb000 	C:\Windows\SYSTEM32\DNSAPI.dll
0x00007ff8562f0000 - 0x00007ff8562f9000 	C:\Users\Admin\.vscode\extensions\redhat.java-1.32.0-win32-x64\jre\17.0.11-win32-x86_64\bin\management.dll
0x00007ff8545e0000 - 0x00007ff8545eb000 	C:\Users\Admin\.vscode\extensions\redhat.java-1.32.0-win32-x64\jre\17.0.11-win32-x86_64\bin\management_ext.dll
0x00007ff8794c0000 - 0x00007ff8794c8000 	C:\Windows\System32\PSAPI.DLL
0x00007ff853d30000 - 0x00007ff853d3e000 	C:\Users\Admin\.vscode\extensions\redhat.java-1.32.0-win32-x64\jre\17.0.11-win32-x86_64\bin\sunmscapi.dll
0x00007ff878340000 - 0x00007ff878496000 	C:\Windows\System32\CRYPT32.dll
0x00007ff877620000 - 0x00007ff877647000 	C:\Windows\SYSTEM32\ncrypt.dll
0x00007ff8775e0000 - 0x00007ff87761b000 	C:\Windows\SYSTEM32\NTASN1.dll
0x00007ff86d5d0000 - 0x00007ff86d5da000 	C:\Windows\System32\rasadhlp.dll
0x00007ff86a5f0000 - 0x00007ff86a66f000 	C:\Windows\System32\fwpuclnt.dll
0x00007ff853cc0000 - 0x00007ff853cc9000 	C:\Users\Admin\.vscode\extensions\redhat.java-1.32.0-win32-x64\jre\17.0.11-win32-x86_64\bin\extnet.dll

dbghelp: loaded successfully - version: 4.0.5 - missing functions: none
symbol engine: initialized successfully - sym options: 0x614 - pdb path: .;c:\Users\Admin\.vscode\extensions\redhat.java-1.32.0-win32-x64\jre\17.0.11-win32-x86_64\bin;C:\Windows\SYSTEM32;C:\Windows\WinSxS\amd64_microsoft.windows.common-controls_6595b64144ccf1df_6.0.19041.1110_none_60b5254171f9507e;c:\Users\Admin\.vscode\extensions\redhat.java-1.32.0-win32-x64\jre\17.0.11-win32-x86_64\bin\server

VM Arguments:
jvm_args: -Xmx1024m -Dsts.lsp.client=vscode -Dsts.log.file=/dev/null -XX:TieredStopAtLevel=1 -Xlog:jni+resolve=off -Dspring.config.location=file:c:\Users\Admin\.vscode\extensions\vmware.vscode-spring-boot-1.55.1\language-server\BOOT-INF\classes\application.properties 
java_command: org.springframework.ide.vscode.boot.app.BootLanguageServerBootApp
java_class_path (initial): c:\Users\Admin\.vscode\extensions\vmware.vscode-spring-boot-1.55.1\language-server\BOOT-INF\classes;c:\Users\Admin\.vscode\extensions\vmware.vscode-spring-boot-1.55.1\language-server\BOOT-INF\lib\annotations-24.1.0.jar;c:\Users\Admin\.vscode\extensions\vmware.vscode-spring-boot-1.55.1\language-server\BOOT-INF\lib\antlr4-runtime-4.13.1.jar;c:\Users\Admin\.vscode\extensions\vmware.vscode-spring-boot-1.55.1\language-server\BOOT-INF\lib\asm-9.7.jar;c:\Users\Admin\.vscode\extensions\vmware.vscode-spring-boot-1.55.1\language-server\BOOT-INF\lib\asm-analysis-9.7.jar;c:\Users\Admin\.vscode\extensions\vmware.vscode-spring-boot-1.55.1\language-server\BOOT-INF\lib\asm-tree-9.7.jar;c:\Users\Admin\.vscode\extensions\vmware.vscode-spring-boot-1.55.1\language-server\BOOT-INF\lib\asm-util-9.7.jar;c:\Users\Admin\.vscode\extensions\vmware.vscode-spring-boot-1.55.1\language-server\BOOT-INF\lib\caffeine-3.1.8.jar;c:\Users\Admin\.vscode\extensions\vmware.vscode-spring-boot-1.55.1\language-server\BOOT-INF\lib\checker-qual-3.12.0.jar;c:\Users\Admin\.vscode\extensions\vmware.vscode-spring-boot-1.55.1\language-server\BOOT-INF\lib\classgraph-4.8.149.jar;c:\Users\Admin\.vscode\extensions\vmware.vscode-spring-boot-1.55.1\language-server\BOOT-INF\lib\commons-codec-1.16.1.jar;c:\Users\Admin\.vscode\extensions\vmware.vscode-spring-boot-1.55.1\language-server\BOOT-INF\lib\commons-compress-1.26.1.jar;c:\Users\Admin\.vscode\extensions\vmware.vscode-spring-boot-1.55.1\language-server\BOOT-INF\lib\commons-io-2.16.1.jar;c:\Users\Admin\.vscode\extensions\vmware.vscode-spring-boot-1.55.1\language-server\BOOT-INF\lib\commons-java-1.55.1-SNAPSHOT.jar;c:\Users\Admin\.vscode\extensions\vmware.vscode-spring-boot-1.55.1\language-server\BOOT-INF\lib\commons-lang3-3.14.0.jar;c:\Users\Admin\.vscode\extensions\vmware.vscode-spring-boot-1.55.1\language-server\BOOT-INF\lib\commons-language-server-1.55.1-SNAPSHOT.jar;c:\Users\Admin\.vscode\extensions\vmware.vscode-spring-boot-1.55.1\langu
Launcher Type: SUN_STANDARD

[Global flags]
     intx CICompilerCount                          = 4                                         {product} {ergonomic}
     uint ConcGCThreads                            = 2                                         {product} {ergonomic}
     uint G1ConcRefinementThreads                  = 8                                         {product} {ergonomic}
   size_t G1HeapRegionSize                         = 1048576                                   {product} {ergonomic}
    uintx GCDrainStackTargetSize                   = 64                                        {product} {ergonomic}
   size_t InitialHeapSize                          = 132120576                                 {product} {ergonomic}
   size_t MarkStackSize                            = 4194304                                   {product} {ergonomic}
   size_t MaxHeapSize                              = 1073741824                                {product} {command line}
   size_t MaxNewSize                               = 643825664                                 {product} {ergonomic}
   size_t MinHeapDeltaBytes                        = 1048576                                   {product} {ergonomic}
   size_t MinHeapSize                              = 8388608                                   {product} {ergonomic}
    uintx NonProfiledCodeHeapSize                  = 0                                      {pd product} {ergonomic}
     bool ProfileInterpreter                       = false                                  {pd product} {command line}
    uintx ProfiledCodeHeapSize                     = 0                                      {pd product} {ergonomic}
   size_t SoftMaxHeapSize                          = 1073741824                             {manageable} {ergonomic}
     intx TieredStopAtLevel                        = 1                                         {product} {command line}
     bool UseCompressedClassPointers               = true                           {product lp64_product} {ergonomic}
     bool UseCompressedOops                        = true                           {product lp64_product} {ergonomic}
     bool UseG1GC                                  = true                                      {product} {ergonomic}
     bool UseLargePagesIndividualAllocation        = false                                  {pd product} {ergonomic}

Logging:
Log output configuration:
 #0: stdout all=warning,jni+resolve=off uptime,level,tags
 #1: stderr all=off uptime,level,tags

Environment Variables:
JAVA_HOME=C:\Program Files\Java\jdk-17
PATH=C:\Program Files\Common Files\Oracle\Java\javapath;C:\Windows\system32;C:\Windows;C:\Windows\System32\Wbem;C:\Windows\System32\WindowsPowerShell\v1.0\;C:\Windows\System32\OpenSSH\;C:\Program Files\Git\cmd;C:\Program Files\MySQL\MySQL Server 8.0\bin;C:\Program Files\MySQL\MySQL Shell 8.0\bin\;C:\Users\Admin\AppData\Local\Microsoft\WindowsApps;C:\Users\Admin\AppData\Local\Programs\Microsoft VS Code\bin
USERNAME=Admin
OS=Windows_NT
PROCESSOR_IDENTIFIER=Intel64 Family 6 Model 165 Stepping 2, GenuineIntel
TMP=C:\Users\Admin\AppData\Local\Temp
TEMP=C:\Users\Admin\AppData\Local\Temp



Periodic native trim disabled


---------------  S Y S T E M  ---------------

OS:
 Windows 10 , 64 bit Build 19041 (10.0.19041.1503)
OS uptime: 0 days 10:49 hours

CPU: total 8 (initial active 8) (4 cores per cpu, 2 threads per core) family 6 model 165 stepping 2 microcode 0xc8, cx8, cmov, fxsr, ht, mmx, 3dnowpref, sse, sse2, sse3, ssse3, sse4.1, sse4.2, popcnt, lzcnt, tsc, tscinvbit, avx, avx2, aes, erms, clmul, bmi1, bmi2, adx, fma, vzeroupper, clflush, clflushopt
Processor Information for all 8 processors :
  Max Mhz: 2496, Current Mhz: 2496, Mhz Limit: 2496

Memory: 4k page, system-wide physical 7979M (746M free)
TotalPageFile size 13099M (AvailPageFile size 11M)
current process WorkingSet (physical memory assigned to process): 273M, peak: 276M
current process commit charge ("private bytes"): 315M, peak: 326M

vm_info: OpenJDK 64-Bit Server VM (17.0.11+9) for windows-amd64 JRE (17.0.11+9), built on Apr 17 2024 06:07:48 by "admin" with MS VC++ 16.10 / 16.11 (VS2019)

END.
