#
# There is insufficient memory for the Java Runtime Environment to continue.
# Native memory allocation (malloc) failed to allocate 748816 bytes for Chunk::new
# Possible reasons:
#   The system is out of physical RAM or swap space
#   The process is running with CompressedOops enabled, and the Java Heap may be blocking the growth of the native heap
# Possible solutions:
#   Reduce memory load on the system
#   Increase physical memory or swap space
#   Check if swap backing store is full
#   Decrease Java heap size (-Xmx/-Xms)
#   Decrease number of Java threads
#   Decrease Java thread stack sizes (-Xss)
#   Set larger code cache with -XX:ReservedCodeCacheSize=
#   JVM is running with Unscaled Compressed Oops mode in which the Java heap is
#     placed in the first 4GB address space. The Java Heap base address is the
#     maximum limit for the native heap growth. Please use -XX:HeapBaseMinAddress
#     to set the Java Heap base and to place the Java Heap above 4GB virtual address.
# This output file may be truncated or incomplete.
#
#  Out of Memory Error (arena.cpp:189), pid=16400, tid=7732
#
# JRE version: Java(TM) SE Runtime Environment (17.0.9+11) (build 17.0.9+11-LTS-201)
# Java VM: Java HotSpot(TM) 64-Bit Server VM (17.0.9+11-LTS-201, mixed mode, sharing, tiered, compressed oops, compressed class ptrs, g1 gc, windows-amd64)
# No core dump will be written. Minidumps are not enabled by default on client versions of Windows
#

---------------  S U M M A R Y ------------

Command Line: -Dcom.sun.management.jmxremote -Dcom.sun.management.jmxremote.port=64076 -Dcom.sun.management.jmxremote.authenticate=false -Dcom.sun.management.jmxremote.ssl=false -Dspring.jmx.enabled=true -Djava.rmi.server.hostname=localhost -Dspring.application.admin.enabled=true -Dspring.boot.project.name=laptopshop -XX:+ShowCodeDetailsInExceptionMessages vn.laptop.laptopshop.LaptopshopApplication

Host: Intel(R) Core(TM) i5-10300H CPU @ 2.50GHz, 8 cores, 7G,  Windows 10 , 64 bit Build 19041 (10.0.19041.1503)
Time: Sun Jul  7 11:37:31 2024 SE Asia Standard Time elapsed time: 143.628035 seconds (0d 0h 2m 23s)

---------------  T H R E A D  ---------------

Current thread (0x0000023b7fab2b10):  JavaThread "C2 CompilerThread0" daemon [_thread_in_native, id=7732, stack(0x0000009ae9400000,0x0000009ae9500000)]


Current CompileTask:
C2: 143628 11711   !   4       sun.security.ssl.SSLCipher$T13GcmReadCipherGenerator$GcmReadCipher::decrypt (524 bytes)

Stack: [0x0000009ae9400000,0x0000009ae9500000]
Native frames: (J=compiled Java code, j=interpreted, Vv=VM code, C=native code)
V  [jvm.dll+0x678a4a]
V  [jvm.dll+0x7d9cfd]
V  [jvm.dll+0x7db60e]
V  [jvm.dll+0x7dbc73]
V  [jvm.dll+0x245e1f]
V  [jvm.dll+0xaaafb]
V  [jvm.dll+0xab09c]
V  [jvm.dll+0x2ab7ef]
V  [jvm.dll+0x5812e5]
V  [jvm.dll+0x220c52]
V  [jvm.dll+0x22102f]
V  [jvm.dll+0x219f86]
V  [jvm.dll+0x217459]
V  [jvm.dll+0x1a3bc0]
V  [jvm.dll+0x2272de]
V  [jvm.dll+0x22548b]
V  [jvm.dll+0x78f58c]
V  [jvm.dll+0x78998a]
V  [jvm.dll+0x677875]
C  [ucrtbase.dll+0x21bb2]
C  [KERNEL32.DLL+0x17034]
C  [ntdll.dll+0x52651]


---------------  P R O C E S S  ---------------

Threads class SMR info:
_java_thread_list=0x0000023b58c9aef0, length=35, elements={
0x0000023b7fa95340, 0x0000023b7fa961c0, 0x0000023b7faa9ac0, 0x0000023b7faad5a0,
0x0000023b7faadf60, 0x0000023b7faae920, 0x0000023b7fab2b10, 0x0000023b7fabb5d0,
0x0000023b7fabdfe0, 0x0000023b58199f30, 0x0000023b582166c0, 0x0000023b58835f80,
0x0000023b588367d0, 0x0000023b588445d0, 0x0000023b593c36c0, 0x0000023b593c1350,
0x0000023b593c3bd0, 0x0000023b593c1860, 0x0000023b593c0420, 0x0000023b59f51c50,
0x0000023b59f4fdf0, 0x0000023b59f52b80, 0x0000023b59f4df90, 0x0000023b59f54ef0,
0x0000023b59f4f3d0, 0x0000023b59f55400, 0x0000023b59f51740, 0x0000023b59f549e0,
0x0000023b59f53090, 0x0000023b59f55910, 0x0000023b59f4e4a0, 0x0000023b59f52670,
0x0000023b59f4e9b0, 0x0000023b59f4eec0, 0x0000023b59f52160
}

Java Threads: ( => current thread )
  0x0000023b7fa95340 JavaThread "Reference Handler" daemon [_thread_blocked, id=7376, stack(0x0000009ae8e00000,0x0000009ae8f00000)]
  0x0000023b7fa961c0 JavaThread "Finalizer" daemon [_thread_blocked, id=6836, stack(0x0000009ae8f00000,0x0000009ae9000000)]
  0x0000023b7faa9ac0 JavaThread "Signal Dispatcher" daemon [_thread_blocked, id=6372, stack(0x0000009ae9000000,0x0000009ae9100000)]
  0x0000023b7faad5a0 JavaThread "Attach Listener" daemon [_thread_blocked, id=3900, stack(0x0000009ae9100000,0x0000009ae9200000)]
  0x0000023b7faadf60 JavaThread "Service Thread" daemon [_thread_blocked, id=8976, stack(0x0000009ae9200000,0x0000009ae9300000)]
  0x0000023b7faae920 JavaThread "Monitor Deflation Thread" daemon [_thread_blocked, id=13664, stack(0x0000009ae9300000,0x0000009ae9400000)]
=>0x0000023b7fab2b10 JavaThread "C2 CompilerThread0" daemon [_thread_in_native, id=7732, stack(0x0000009ae9400000,0x0000009ae9500000)]
  0x0000023b7fabb5d0 JavaThread "C1 CompilerThread0" daemon [_thread_blocked, id=6868, stack(0x0000009ae9500000,0x0000009ae9600000)]
  0x0000023b7fabdfe0 JavaThread "Sweeper thread" daemon [_thread_blocked, id=9228, stack(0x0000009ae9600000,0x0000009ae9700000)]
  0x0000023b58199f30 JavaThread "Common-Cleaner" daemon [_thread_blocked, id=15024, stack(0x0000009ae9700000,0x0000009ae9800000)]
  0x0000023b582166c0 JavaThread "Notification Thread" daemon [_thread_blocked, id=3740, stack(0x0000009ae9800000,0x0000009ae9900000)]
  0x0000023b58835f80 JavaThread "RMI TCP Accept-0" daemon [_thread_in_native, id=10576, stack(0x0000009ae9a00000,0x0000009ae9b00000)]
  0x0000023b588367d0 JavaThread "RMI TCP Accept-64076" daemon [_thread_in_native, id=3340, stack(0x0000009ae9b00000,0x0000009ae9c00000)]
  0x0000023b588445d0 JavaThread "RMI TCP Accept-0" daemon [_thread_in_native, id=12128, stack(0x0000009ae9c00000,0x0000009ae9d00000)]
  0x0000023b593c36c0 JavaThread "Catalina-utility-1" [_thread_blocked, id=12092, stack(0x0000009aea800000,0x0000009aea900000)]
  0x0000023b593c1350 JavaThread "Catalina-utility-2" [_thread_blocked, id=16448, stack(0x0000009aeaa00000,0x0000009aeab00000)]
  0x0000023b593c3bd0 JavaThread "container-0" [_thread_blocked, id=7384, stack(0x0000009aeac00000,0x0000009aead00000)]
  0x0000023b593c1860 JavaThread "mysql-cj-abandoned-connection-cleanup" daemon [_thread_blocked, id=15152, stack(0x0000009aead00000,0x0000009aeae00000)]
  0x0000023b593c0420 JavaThread "HikariPool-1 housekeeper" daemon [_thread_blocked, id=13484, stack(0x0000009aeaf00000,0x0000009aeb000000)]
  0x0000023b59f51c50 JavaThread "spring-session-1" [_thread_blocked, id=15852, stack(0x0000009aeb100000,0x0000009aeb200000)]
  0x0000023b59f4fdf0 JavaThread "File Watcher" daemon [_thread_blocked, id=16648, stack(0x0000009aeb200000,0x0000009aeb300000)]
  0x0000023b59f52b80 JavaThread "Live Reload Server" daemon [_thread_in_native, id=2392, stack(0x0000009aeb400000,0x0000009aeb500000)]
  0x0000023b59f4df90 JavaThread "http-nio-8080-exec-1" daemon [_thread_blocked, id=12036, stack(0x0000009aeb300000,0x0000009aeb400000)]
  0x0000023b59f54ef0 JavaThread "http-nio-8080-exec-2" daemon [_thread_blocked, id=14080, stack(0x0000009aeb500000,0x0000009aeb600000)]
  0x0000023b59f4f3d0 JavaThread "http-nio-8080-exec-3" daemon [_thread_blocked, id=11048, stack(0x0000009aeb600000,0x0000009aeb700000)]
  0x0000023b59f55400 JavaThread "http-nio-8080-exec-4" daemon [_thread_blocked, id=3780, stack(0x0000009aeb700000,0x0000009aeb800000)]
  0x0000023b59f51740 JavaThread "http-nio-8080-exec-5" daemon [_thread_blocked, id=13516, stack(0x0000009aeb800000,0x0000009aeb900000)]
  0x0000023b59f549e0 JavaThread "http-nio-8080-exec-6" daemon [_thread_blocked, id=10052, stack(0x0000009aeb900000,0x0000009aeba00000)]
  0x0000023b59f53090 JavaThread "http-nio-8080-exec-7" daemon [_thread_blocked, id=3772, stack(0x0000009aeba00000,0x0000009aebb00000)]
  0x0000023b59f55910 JavaThread "http-nio-8080-exec-8" daemon [_thread_blocked, id=11372, stack(0x0000009aebb00000,0x0000009aebc00000)]
  0x0000023b59f4e4a0 JavaThread "http-nio-8080-exec-9" daemon [_thread_blocked, id=7804, stack(0x0000009aebc00000,0x0000009aebd00000)]
  0x0000023b59f52670 JavaThread "http-nio-8080-exec-10" daemon [_thread_blocked, id=14228, stack(0x0000009aebd00000,0x0000009aebe00000)]
  0x0000023b59f4e9b0 JavaThread "http-nio-8080-Poller" daemon [_thread_in_native, id=12360, stack(0x0000009aebe00000,0x0000009aebf00000)]
  0x0000023b59f4eec0 JavaThread "http-nio-8080-Acceptor" daemon [_thread_in_native, id=7496, stack(0x0000009aebf00000,0x0000009aec000000)]
  0x0000023b59f52160 JavaThread "DestroyJavaVM" [_thread_blocked, id=11692, stack(0x0000009ae8700000,0x0000009ae8800000)]

Other Threads:
  0x0000023b7fa90730 VMThread "VM Thread" [stack: 0x0000009ae8d00000,0x0000009ae8e00000] [id=7416]
  0x0000023b74a2e140 WatcherThread [stack: 0x0000009ae9d00000,0x0000009ae9e00000] [id=1312]
  0x0000023b74a14980 GCTaskThread "GC Thread#0" [stack: 0x0000009ae8800000,0x0000009ae8900000] [id=7464]
  0x0000023b593c89f0 GCTaskThread "GC Thread#1" [stack: 0x0000009ae9e00000,0x0000009ae9f00000] [id=14836]
  0x0000023b5922d970 GCTaskThread "GC Thread#2" [stack: 0x0000009ae9f00000,0x0000009aea000000] [id=10760]
  0x0000023b5882b880 GCTaskThread "GC Thread#3" [stack: 0x0000009aea000000,0x0000009aea100000] [id=5052]
  0x0000023b588eb830 GCTaskThread "GC Thread#4" [stack: 0x0000009aea100000,0x0000009aea200000] [id=15692]
  0x0000023b588ebaf0 GCTaskThread "GC Thread#5" [stack: 0x0000009aea200000,0x0000009aea300000] [id=7632]
  0x0000023b59298a90 GCTaskThread "GC Thread#6" [stack: 0x0000009aea300000,0x0000009aea400000] [id=3596]
  0x0000023b595edc00 GCTaskThread "GC Thread#7" [stack: 0x0000009aea900000,0x0000009aeaa00000] [id=6972]
  0x0000023b74a25250 ConcurrentGCThread "G1 Main Marker" [stack: 0x0000009ae8900000,0x0000009ae8a00000] [id=704]
  0x0000023b74a26c70 ConcurrentGCThread "G1 Conc#0" [stack: 0x0000009ae8a00000,0x0000009ae8b00000] [id=7136]
  0x0000023b59d724c0 ConcurrentGCThread "G1 Conc#1" [stack: 0x0000009aeab00000,0x0000009aeac00000] [id=13800]
  0x0000023b74a7d090 ConcurrentGCThread "G1 Refine#0" [stack: 0x0000009ae8b00000,0x0000009ae8c00000] [id=84]
  0x0000023b59918670 ConcurrentGCThread "G1 Refine#1" [stack: 0x0000009aea400000,0x0000009aea500000] [id=12688]
  0x0000023b74a7dac0 ConcurrentGCThread "G1 Service" [stack: 0x0000009ae8c00000,0x0000009ae8d00000] [id=9036]

Threads with active compile tasks:
C2 CompilerThread0   143642 11711   !   4       sun.security.ssl.SSLCipher$T13GcmReadCipherGenerator$GcmReadCipher::decrypt (524 bytes)

VM state: not at safepoint (normal execution)

VM Mutex/Monitor currently owned by a thread: None

Heap address: 0x0000000083400000, size: 1996 MB, Compressed Oops mode: 32-bit

CDS archive(s) mapped at: [0x0000023b13000000-0x0000023b13bd0000-0x0000023b13bd0000), size 12386304, SharedBaseAddress: 0x0000023b13000000, ArchiveRelocationMode: 1.
Compressed class space mapped at: 0x0000023b14000000-0x0000023b54000000, reserved size: 1073741824
Narrow klass base: 0x0000023b13000000, Narrow klass shift: 0, Narrow klass range: 0x100000000

GC Precious Log:
 CPUs: 8 total, 8 available
 Memory: 7979M
 Large Page Support: Disabled
 NUMA Support: Disabled
 Compressed Oops: Enabled (32-bit)
 Heap Region Size: 1M
 Heap Min Capacity: 8M
 Heap Initial Capacity: 126M
 Heap Max Capacity: 1996M
 Pre-touch: Disabled
 Parallel Workers: 8
 Concurrent Workers: 2
 Concurrent Refinement Workers: 8
 Periodic GC: Disabled

Heap:
 garbage-first heap   total 91136K, used 66253K [0x0000000083400000, 0x0000000100000000)
  region size 1024K, 21 young (21504K), 1 survivors (1024K)
 Metaspace       used 94052K, committed 94784K, reserved 1179648K
  class space    used 11867K, committed 12224K, reserved 1048576K

Heap Regions: E=young(eden), S=young(survivor), O=old, HS=humongous(starts), HC=humongous(continues), CS=collection set, F=free, OA=open archive, CA=closed archive, TAMS=top-at-mark-start (previous, next)
|   0|0x0000000083400000, 0x0000000083500000, 0x0000000083500000|100%|HS|  |TAMS 0x0000000083500000, 0x0000000083400000| Complete 
|   1|0x0000000083500000, 0x0000000083600000, 0x0000000083600000|100%| O|  |TAMS 0x0000000083600000, 0x0000000083500000| Untracked 
|   2|0x0000000083600000, 0x0000000083700000, 0x0000000083700000|100%| O|  |TAMS 0x0000000083700000, 0x0000000083600000| Untracked 
|   3|0x0000000083700000, 0x0000000083800000, 0x0000000083800000|100%| O|  |TAMS 0x0000000083800000, 0x0000000083700000| Untracked 
|   4|0x0000000083800000, 0x0000000083900000, 0x0000000083900000|100%| O|  |TAMS 0x0000000083900000, 0x0000000083800000| Untracked 
|   5|0x0000000083900000, 0x0000000083a00000, 0x0000000083a00000|100%| O|  |TAMS 0x0000000083a00000, 0x0000000083900000| Untracked 
|   6|0x0000000083a00000, 0x0000000083b00000, 0x0000000083b00000|100%| O|  |TAMS 0x0000000083b00000, 0x0000000083a00000| Untracked 
|   7|0x0000000083b00000, 0x0000000083c00000, 0x0000000083c00000|100%| O|  |TAMS 0x0000000083c00000, 0x0000000083b00000| Untracked 
|   8|0x0000000083c00000, 0x0000000083d00000, 0x0000000083d00000|100%| O|  |TAMS 0x0000000083d00000, 0x0000000083c00000| Untracked 
|   9|0x0000000083d00000, 0x0000000083e00000, 0x0000000083e00000|100%| O|  |TAMS 0x0000000083e00000, 0x0000000083d00000| Untracked 
|  10|0x0000000083e00000, 0x0000000083f00000, 0x0000000083f00000|100%| O|  |TAMS 0x0000000083f00000, 0x0000000083e00000| Untracked 
|  11|0x0000000083f00000, 0x0000000084000000, 0x0000000084000000|100%| O|  |TAMS 0x0000000084000000, 0x0000000083f00000| Untracked 
|  12|0x0000000084000000, 0x0000000084100000, 0x0000000084100000|100%| O|  |TAMS 0x0000000084100000, 0x0000000084000000| Untracked 
|  13|0x0000000084100000, 0x0000000084200000, 0x0000000084200000|100%| O|  |TAMS 0x0000000084200000, 0x0000000084100000| Untracked 
|  14|0x0000000084200000, 0x0000000084300000, 0x0000000084300000|100%| O|  |TAMS 0x0000000084300000, 0x0000000084200000| Untracked 
|  15|0x0000000084300000, 0x0000000084400000, 0x0000000084400000|100%| O|  |TAMS 0x0000000084400000, 0x0000000084300000| Untracked 
|  16|0x0000000084400000, 0x0000000084500000, 0x0000000084500000|100%| O|  |TAMS 0x0000000084500000, 0x0000000084400000| Untracked 
|  17|0x0000000084500000, 0x0000000084600000, 0x0000000084600000|100%| O|  |TAMS 0x0000000084600000, 0x0000000084500000| Untracked 
|  18|0x0000000084600000, 0x0000000084700000, 0x0000000084700000|100%| O|  |TAMS 0x0000000084700000, 0x0000000084600000| Untracked 
|  19|0x0000000084700000, 0x0000000084800000, 0x0000000084800000|100%| O|  |TAMS 0x0000000084800000, 0x0000000084700000| Untracked 
|  20|0x0000000084800000, 0x0000000084900000, 0x0000000084900000|100%| O|  |TAMS 0x0000000084900000, 0x0000000084800000| Untracked 
|  21|0x0000000084900000, 0x0000000084a00000, 0x0000000084a00000|100%| O|  |TAMS 0x0000000084a00000, 0x0000000084900000| Untracked 
|  22|0x0000000084a00000, 0x0000000084b00000, 0x0000000084b00000|100%| O|  |TAMS 0x0000000084b00000, 0x0000000084a00000| Untracked 
|  23|0x0000000084b00000, 0x0000000084c00000, 0x0000000084c00000|100%| O|  |TAMS 0x0000000084c00000, 0x0000000084b00000| Untracked 
|  24|0x0000000084c00000, 0x0000000084d00000, 0x0000000084d00000|100%| O|  |TAMS 0x0000000084d00000, 0x0000000084c00000| Untracked 
|  25|0x0000000084d00000, 0x0000000084e00000, 0x0000000084e00000|100%| O|  |TAMS 0x0000000084e00000, 0x0000000084d00000| Untracked 
|  26|0x0000000084e00000, 0x0000000084f00000, 0x0000000084f00000|100%| O|  |TAMS 0x0000000084f00000, 0x0000000084e00000| Untracked 
|  27|0x0000000084f00000, 0x0000000085000000, 0x0000000085000000|100%| O|  |TAMS 0x0000000085000000, 0x0000000084f00000| Untracked 
|  28|0x0000000085000000, 0x0000000085100000, 0x0000000085100000|100%| O|  |TAMS 0x0000000085100000, 0x0000000085000000| Untracked 
|  29|0x0000000085100000, 0x0000000085200000, 0x0000000085200000|100%| O|  |TAMS 0x0000000085200000, 0x0000000085100000| Untracked 
|  30|0x0000000085200000, 0x0000000085300000, 0x0000000085300000|100%| O|  |TAMS 0x0000000085300000, 0x0000000085200000| Untracked 
|  31|0x0000000085300000, 0x0000000085400000, 0x0000000085400000|100%| O|  |TAMS 0x0000000085400000, 0x0000000085300000| Untracked 
|  32|0x0000000085400000, 0x0000000085500000, 0x0000000085500000|100%| O|  |TAMS 0x0000000085500000, 0x0000000085400000| Untracked 
|  33|0x0000000085500000, 0x0000000085600000, 0x0000000085600000|100%| O|  |TAMS 0x0000000085600000, 0x0000000085500000| Untracked 
|  34|0x0000000085600000, 0x0000000085700000, 0x0000000085700000|100%| O|  |TAMS 0x0000000085700000, 0x0000000085600000| Untracked 
|  35|0x0000000085700000, 0x0000000085800000, 0x0000000085800000|100%| O|  |TAMS 0x0000000085800000, 0x0000000085700000| Untracked 
|  36|0x0000000085800000, 0x0000000085900000, 0x0000000085900000|100%| O|  |TAMS 0x0000000085900000, 0x0000000085800000| Untracked 
|  37|0x0000000085900000, 0x0000000085a00000, 0x0000000085a00000|100%| O|  |TAMS 0x0000000085a00000, 0x0000000085900000| Untracked 
|  38|0x0000000085a00000, 0x0000000085b00000, 0x0000000085b00000|100%| O|  |TAMS 0x0000000085b00000, 0x0000000085a00000| Untracked 
|  39|0x0000000085b00000, 0x0000000085b00000, 0x0000000085c00000|  0%| F|  |TAMS 0x0000000085b00000, 0x0000000085b00000| Untracked 
|  40|0x0000000085c00000, 0x0000000085d00000, 0x0000000085d00000|100%| O|  |TAMS 0x0000000085c12e00, 0x0000000085c00000| Untracked 
|  41|0x0000000085d00000, 0x0000000085e00000, 0x0000000085e00000|100%| O|  |TAMS 0x0000000085d00000, 0x0000000085d00000| Untracked 
|  42|0x0000000085e00000, 0x0000000085f00000, 0x0000000085f00000|100%| O|  |TAMS 0x0000000085e00000, 0x0000000085e00000| Untracked 
|  43|0x0000000085f00000, 0x0000000086000000, 0x0000000086000000|100%| O|  |TAMS 0x0000000085f00000, 0x0000000085f00000| Untracked 
|  44|0x0000000086000000, 0x0000000086100000, 0x0000000086100000|100%| O|  |TAMS 0x0000000086000000, 0x0000000086000000| Untracked 
|  45|0x0000000086100000, 0x0000000086200000, 0x0000000086200000|100%| O|  |TAMS 0x0000000086100000, 0x0000000086100000| Untracked 
|  46|0x0000000086200000, 0x0000000086251000, 0x0000000086300000| 31%| O|  |TAMS 0x0000000086200000, 0x0000000086200000| Untracked 
|  47|0x0000000086300000, 0x0000000086300000, 0x0000000086400000|  0%| F|  |TAMS 0x0000000086300000, 0x0000000086300000| Untracked 
|  48|0x0000000086400000, 0x0000000086400000, 0x0000000086500000|  0%| F|  |TAMS 0x0000000086400000, 0x0000000086400000| Untracked 
|  49|0x0000000086500000, 0x0000000086500000, 0x0000000086600000|  0%| F|  |TAMS 0x0000000086500000, 0x0000000086500000| Untracked 
|  50|0x0000000086600000, 0x0000000086600000, 0x0000000086700000|  0%| F|  |TAMS 0x0000000086600000, 0x0000000086600000| Untracked 
|  51|0x0000000086700000, 0x0000000086700000, 0x0000000086800000|  0%| F|  |TAMS 0x0000000086700000, 0x0000000086700000| Untracked 
|  52|0x0000000086800000, 0x0000000086800000, 0x0000000086900000|  0%| F|  |TAMS 0x0000000086800000, 0x0000000086800000| Untracked 
|  53|0x0000000086900000, 0x0000000086900000, 0x0000000086a00000|  0%| F|  |TAMS 0x0000000086900000, 0x0000000086900000| Untracked 
|  54|0x0000000086a00000, 0x0000000086a00000, 0x0000000086b00000|  0%| F|  |TAMS 0x0000000086a00000, 0x0000000086a00000| Untracked 
|  55|0x0000000086b00000, 0x0000000086b00000, 0x0000000086c00000|  0%| F|  |TAMS 0x0000000086b00000, 0x0000000086b00000| Untracked 
|  56|0x0000000086c00000, 0x0000000086c00000, 0x0000000086d00000|  0%| F|  |TAMS 0x0000000086c00000, 0x0000000086c00000| Untracked 
|  57|0x0000000086d00000, 0x0000000086d00000, 0x0000000086e00000|  0%| F|  |TAMS 0x0000000086d00000, 0x0000000086d00000| Untracked 
|  58|0x0000000086e00000, 0x0000000086e00000, 0x0000000086f00000|  0%| F|  |TAMS 0x0000000086e00000, 0x0000000086e00000| Untracked 
|  59|0x0000000086f00000, 0x0000000086f00000, 0x0000000087000000|  0%| F|  |TAMS 0x0000000086f00000, 0x0000000086f00000| Untracked 
|  60|0x0000000087000000, 0x0000000087000000, 0x0000000087100000|  0%| F|  |TAMS 0x0000000087000000, 0x0000000087000000| Untracked 
|  61|0x0000000087100000, 0x0000000087100000, 0x0000000087200000|  0%| F|  |TAMS 0x0000000087100000, 0x0000000087100000| Untracked 
|  62|0x0000000087200000, 0x0000000087200000, 0x0000000087300000|  0%| F|  |TAMS 0x0000000087200000, 0x0000000087200000| Untracked 
|  63|0x0000000087300000, 0x0000000087300000, 0x0000000087400000|  0%| F|  |TAMS 0x0000000087300000, 0x0000000087300000| Untracked 
|  64|0x0000000087400000, 0x0000000087400000, 0x0000000087500000|  0%| F|  |TAMS 0x0000000087400000, 0x0000000087400000| Untracked 
|  65|0x0000000087500000, 0x0000000087500000, 0x0000000087600000|  0%| F|  |TAMS 0x0000000087500000, 0x0000000087500000| Untracked 
|  66|0x0000000087600000, 0x0000000087600000, 0x0000000087700000|  0%| F|  |TAMS 0x0000000087600000, 0x0000000087600000| Untracked 
|  67|0x0000000087700000, 0x0000000087700000, 0x0000000087800000|  0%| F|  |TAMS 0x0000000087700000, 0x0000000087700000| Untracked 
|  68|0x0000000087800000, 0x00000000878473e0, 0x0000000087900000| 27%| E|  |TAMS 0x0000000087800000, 0x0000000087800000| Complete 
|  69|0x0000000087900000, 0x0000000087a00000, 0x0000000087a00000|100%| E|CS|TAMS 0x0000000087900000, 0x0000000087900000| Complete 
|  70|0x0000000087a00000, 0x0000000087b00000, 0x0000000087b00000|100%| E|CS|TAMS 0x0000000087a00000, 0x0000000087a00000| Complete 
|  71|0x0000000087b00000, 0x0000000087c00000, 0x0000000087c00000|100%| E|CS|TAMS 0x0000000087b00000, 0x0000000087b00000| Complete 
|  72|0x0000000087c00000, 0x0000000087d00000, 0x0000000087d00000|100%| E|CS|TAMS 0x0000000087c00000, 0x0000000087c00000| Complete 
|  73|0x0000000087d00000, 0x0000000087e00000, 0x0000000087e00000|100%| E|CS|TAMS 0x0000000087d00000, 0x0000000087d00000| Complete 
|  74|0x0000000087e00000, 0x0000000087f00000, 0x0000000087f00000|100%| E|CS|TAMS 0x0000000087e00000, 0x0000000087e00000| Complete 
|  75|0x0000000087f00000, 0x0000000088000000, 0x0000000088000000|100%| E|CS|TAMS 0x0000000087f00000, 0x0000000087f00000| Complete 
|  76|0x0000000088000000, 0x0000000088100000, 0x0000000088100000|100%| E|CS|TAMS 0x0000000088000000, 0x0000000088000000| Complete 
|  77|0x0000000088100000, 0x0000000088200000, 0x0000000088200000|100%| E|CS|TAMS 0x0000000088100000, 0x0000000088100000| Complete 
|  78|0x0000000088200000, 0x0000000088300000, 0x0000000088300000|100%| E|CS|TAMS 0x0000000088200000, 0x0000000088200000| Complete 
|  79|0x0000000088300000, 0x0000000088400000, 0x0000000088400000|100%| E|CS|TAMS 0x0000000088300000, 0x0000000088300000| Complete 
|  80|0x0000000088400000, 0x0000000088500000, 0x0000000088500000|100%| E|CS|TAMS 0x0000000088400000, 0x0000000088400000| Complete 
| 118|0x000000008aa00000, 0x000000008ab00000, 0x000000008ab00000|100%| E|CS|TAMS 0x000000008aa00000, 0x000000008aa00000| Complete 
| 119|0x000000008ab00000, 0x000000008ac00000, 0x000000008ac00000|100%| E|CS|TAMS 0x000000008ab00000, 0x000000008ab00000| Complete 
| 120|0x000000008ac00000, 0x000000008ad00000, 0x000000008ad00000|100%| E|CS|TAMS 0x000000008ac00000, 0x000000008ac00000| Complete 
| 121|0x000000008ad00000, 0x000000008ae00000, 0x000000008ae00000|100%| E|CS|TAMS 0x000000008ad00000, 0x000000008ad00000| Complete 
| 122|0x000000008ae00000, 0x000000008ae62520, 0x000000008af00000| 38%| S|CS|TAMS 0x000000008ae00000, 0x000000008ae00000| Complete 
| 123|0x000000008af00000, 0x000000008b000000, 0x000000008b000000|100%| E|CS|TAMS 0x000000008af00000, 0x000000008af00000| Complete 
| 124|0x000000008b000000, 0x000000008b100000, 0x000000008b100000|100%| E|CS|TAMS 0x000000008b000000, 0x000000008b000000| Complete 
| 125|0x000000008b100000, 0x000000008b200000, 0x000000008b200000|100%| E|CS|TAMS 0x000000008b100000, 0x000000008b100000| Complete 

Card table byte_map: [0x0000023b7c970000,0x0000023b7cd60000] _byte_map_base: 0x0000023b7c556000

Marking Bits (Prev, Next): (CMBitMap*) 0x0000023b74a14fe0, (CMBitMap*) 0x0000023b74a14fa0
 Prev Bits: [0x0000023b0f000000, 0x0000023b10f30000)
 Next Bits: [0x0000023b7d150000, 0x0000023b7f080000)

Polling page: 0x0000023b72970000

Metaspace:

Usage:
  Non-class:     80.26 MB used.
      Class:     11.59 MB used.
       Both:     91.85 MB used.

Virtual space:
  Non-class space:      128.00 MB reserved,      80.62 MB ( 63%) committed,  2 nodes.
      Class space:        1.00 GB reserved,      11.94 MB (  1%) committed,  1 nodes.
             Both:        1.12 GB reserved,      92.56 MB (  8%) committed. 

Chunk freelists:
   Non-Class:  15.22 MB
       Class:  3.90 MB
        Both:  19.11 MB

MaxMetaspaceSize: unlimited
CompressedClassSpaceSize: 1.00 GB
Initial GC threshold: 21.00 MB
Current GC threshold: 152.31 MB
CDS: on
MetaspaceReclaimPolicy: balanced
 - commit_granule_bytes: 65536.
 - commit_granule_words: 8192.
 - virtual_space_node_default_size: 8388608.
 - enlarge_chunks_in_place: 1.
 - new_chunks_are_fully_committed: 0.
 - uncommit_free_chunks: 1.
 - use_allocation_guard: 0.
 - handle_deallocations: 1.


Internal statistics:

num_allocs_failed_limit: 9.
num_arena_births: 1004.
num_arena_deaths: 0.
num_vsnodes_births: 3.
num_vsnodes_deaths: 0.
num_space_committed: 1481.
num_space_uncommitted: 0.
num_chunks_returned_to_freelist: 9.
num_chunks_taken_from_freelist: 4195.
num_chunk_merges: 6.
num_chunk_splits: 3038.
num_chunks_enlarged: 2363.
num_inconsistent_stats: 0.

CodeHeap 'non-profiled nmethods': size=120000Kb used=6439Kb max_used=6439Kb free=113560Kb
 bounds [0x0000023b07ad0000, 0x0000023b08120000, 0x0000023b0f000000]
CodeHeap 'profiled nmethods': size=120000Kb used=22709Kb max_used=22709Kb free=97291Kb
 bounds [0x0000023b00000000, 0x0000023b01630000, 0x0000023b07530000]
CodeHeap 'non-nmethods': size=5760Kb used=1431Kb max_used=1550Kb free=4328Kb
 bounds [0x0000023b07530000, 0x0000023b077a0000, 0x0000023b07ad0000]
 total_blobs=11083 nmethods=10304 adapters=689
 compilation: enabled
              stopped_count=0, restarted_count=0
 full_count=0

Compilation events (20 events):
Event: 143.526 Thread 0x0000023b7fabb5d0 11726       3       java.nio.CharBuffer::rewind (5 bytes)
Event: 143.526 Thread 0x0000023b7fabb5d0 nmethod 11726 0x0000023b01625010 code [0x0000023b016251c0, 0x0000023b01625398]
Event: 143.526 Thread 0x0000023b7fabb5d0 11723       3       org.apache.tomcat.util.net.NioEndpoint$NioSocketWrapper::updateLastRead (8 bytes)
Event: 143.526 Thread 0x0000023b7fabb5d0 nmethod 11723 0x0000023b01625490 code [0x0000023b01625620, 0x0000023b01625778]
Event: 143.526 Thread 0x0000023b7fabb5d0 11727       3       java.nio.CharBuffer::rewind (7 bytes)
Event: 143.527 Thread 0x0000023b7fabb5d0 nmethod 11727 0x0000023b01625810 code [0x0000023b016259a0, 0x0000023b01625b18]
Event: 143.527 Thread 0x0000023b7fabb5d0 11728       1       org.apache.coyote.AbstractProtocol::getProcessorCache (5 bytes)
Event: 143.527 Thread 0x0000023b7fabb5d0 nmethod 11728 0x0000023b08119c90 code [0x0000023b08119e20, 0x0000023b08119ef8]
Event: 143.530 Thread 0x0000023b7fabb5d0 11729       3       org.springframework.security.web.header.HeaderWriterFilter$HeaderWriterResponse::writeHeaders (24 bytes)
Event: 143.530 Thread 0x0000023b7fabb5d0 nmethod 11729 0x0000023b01625c10 code [0x0000023b01625de0, 0x0000023b01626248]
Event: 143.567 Thread 0x0000023b7fabb5d0 11731       3       java.io.ObjectInputStream$HandleTable::grow (85 bytes)
Event: 143.568 Thread 0x0000023b7fabb5d0 nmethod 11731 0x0000023b01626390 code [0x0000023b01626580, 0x0000023b01626be8]
Event: 143.568 Thread 0x0000023b7fabb5d0 11732       3       java.lang.StringBuilder::append (8 bytes)
Event: 143.568 Thread 0x0000023b7fabb5d0 nmethod 11732 0x0000023b01626d90 code [0x0000023b01626f40, 0x0000023b016270e8]
Event: 143.574 Thread 0x0000023b7fabb5d0 11733       3       java.lang.ThreadLocal::setInitialValue (50 bytes)
Event: 143.574 Thread 0x0000023b7fabb5d0 nmethod 11733 0x0000023b01627210 code [0x0000023b01627440, 0x0000023b01627d98]
Event: 143.575 Thread 0x0000023b7fabb5d0 11734       3       java.net.URI::decode (380 bytes)
Event: 143.580 Thread 0x0000023b7fabb5d0 nmethod 11734 0x0000023b01627f90 code [0x0000023b016285c0, 0x0000023b0162bb78]
Event: 143.581 Thread 0x0000023b7fabb5d0 11735       3       com.mysql.cj.QueryInfo::indexOfStatementKeyword (25 bytes)
Event: 143.581 Thread 0x0000023b7fabb5d0 nmethod 11735 0x0000023b0162d010 code [0x0000023b0162d1c0, 0x0000023b0162d368]

GC Heap History (20 events):
Event: 7.585 GC heap before
{Heap before GC invocations=28 (full 0):
 garbage-first heap   total 65536K, used 52443K [0x0000000083400000, 0x0000000100000000)
  region size 1024K, 21 young (21504K), 3 survivors (3072K)
 Metaspace       used 74870K, committed 75456K, reserved 1114112K
  class space    used 10073K, committed 10368K, reserved 1048576K
}
Event: 7.588 GC heap after
{Heap after GC invocations=29 (full 0):
 garbage-first heap   total 65536K, used 35962K [0x0000000083400000, 0x0000000100000000)
  region size 1024K, 2 young (2048K), 2 survivors (2048K)
 Metaspace       used 74870K, committed 75456K, reserved 1114112K
  class space    used 10073K, committed 10368K, reserved 1048576K
}
Event: 22.128 GC heap before
{Heap before GC invocations=30 (full 0):
 garbage-first heap   total 65536K, used 51322K [0x0000000083400000, 0x0000000100000000)
  region size 1024K, 18 young (18432K), 2 survivors (2048K)
 Metaspace       used 77724K, committed 78336K, reserved 1179648K
  class space    used 10428K, committed 10752K, reserved 1048576K
}
Event: 22.131 GC heap after
{Heap after GC invocations=31 (full 0):
 garbage-first heap   total 65536K, used 36897K [0x0000000083400000, 0x0000000100000000)
  region size 1024K, 2 young (2048K), 2 survivors (2048K)
 Metaspace       used 77724K, committed 78336K, reserved 1179648K
  class space    used 10428K, committed 10752K, reserved 1048576K
}
Event: 22.366 GC heap before
{Heap before GC invocations=31 (full 0):
 garbage-first heap   total 65536K, used 51233K [0x0000000083400000, 0x0000000100000000)
  region size 1024K, 17 young (17408K), 2 survivors (2048K)
 Metaspace       used 81201K, committed 81856K, reserved 1179648K
  class space    used 10942K, committed 11264K, reserved 1048576K
}
Event: 22.369 GC heap after
{Heap after GC invocations=32 (full 0):
 garbage-first heap   total 65536K, used 38534K [0x0000000083400000, 0x0000000100000000)
  region size 1024K, 3 young (3072K), 3 survivors (3072K)
 Metaspace       used 81201K, committed 81856K, reserved 1179648K
  class space    used 10942K, committed 11264K, reserved 1048576K
}
Event: 22.572 GC heap before
{Heap before GC invocations=33 (full 0):
 garbage-first heap   total 70656K, used 51846K [0x0000000083400000, 0x0000000100000000)
  region size 1024K, 17 young (17408K), 3 survivors (3072K)
 Metaspace       used 84313K, committed 84992K, reserved 1179648K
  class space    used 11193K, committed 11520K, reserved 1048576K
}
Event: 22.574 GC heap after
{Heap after GC invocations=34 (full 0):
 garbage-first heap   total 70656K, used 38924K [0x0000000083400000, 0x0000000100000000)
  region size 1024K, 2 young (2048K), 2 survivors (2048K)
 Metaspace       used 84313K, committed 84992K, reserved 1179648K
  class space    used 11193K, committed 11520K, reserved 1048576K
}
Event: 22.587 GC heap before
{Heap before GC invocations=34 (full 0):
 garbage-first heap   total 70656K, used 38924K [0x0000000083400000, 0x0000000100000000)
  region size 1024K, 3 young (3072K), 2 survivors (2048K)
 Metaspace       used 84615K, committed 85248K, reserved 1179648K
  class space    used 11230K, committed 11520K, reserved 1048576K
}
Event: 22.588 GC heap after
{Heap after GC invocations=35 (full 0):
 garbage-first heap   total 88064K, used 39059K [0x0000000083400000, 0x0000000100000000)
  region size 1024K, 1 young (1024K), 1 survivors (1024K)
 Metaspace       used 84615K, committed 85248K, reserved 1179648K
  class space    used 11230K, committed 11520K, reserved 1048576K
}
Event: 22.987 GC heap before
{Heap before GC invocations=35 (full 0):
 garbage-first heap   total 88064K, used 68755K [0x0000000083400000, 0x0000000100000000)
  region size 1024K, 31 young (31744K), 1 survivors (1024K)
 Metaspace       used 89995K, committed 90624K, reserved 1179648K
  class space    used 11681K, committed 11968K, reserved 1048576K
}
Event: 22.990 GC heap after
{Heap after GC invocations=36 (full 0):
 garbage-first heap   total 88064K, used 41148K [0x0000000083400000, 0x0000000100000000)
  region size 1024K, 3 young (3072K), 3 survivors (3072K)
 Metaspace       used 89995K, committed 90624K, reserved 1179648K
  class space    used 11681K, committed 11968K, reserved 1048576K
}
Event: 23.745 GC heap before
{Heap before GC invocations=36 (full 0):
 garbage-first heap   total 88064K, used 69820K [0x0000000083400000, 0x0000000100000000)
  region size 1024K, 32 young (32768K), 3 survivors (3072K)
 Metaspace       used 91460K, committed 92160K, reserved 1179648K
  class space    used 11757K, committed 12096K, reserved 1048576K
}
Event: 23.751 GC heap after
{Heap after GC invocations=37 (full 0):
 garbage-first heap   total 88064K, used 45131K [0x0000000083400000, 0x0000000100000000)
  region size 1024K, 4 young (4096K), 4 survivors (4096K)
 Metaspace       used 91460K, committed 92160K, reserved 1179648K
  class space    used 11757K, committed 12096K, reserved 1048576K
}
Event: 33.546 GC heap before
{Heap before GC invocations=37 (full 0):
 garbage-first heap   total 88064K, used 67659K [0x0000000083400000, 0x0000000100000000)
  region size 1024K, 27 young (27648K), 4 survivors (4096K)
 Metaspace       used 92790K, committed 93504K, reserved 1179648K
  class space    used 11856K, committed 12224K, reserved 1048576K
}
Event: 33.548 GC heap after
{Heap after GC invocations=38 (full 0):
 garbage-first heap   total 88064K, used 47793K [0x0000000083400000, 0x0000000100000000)
  region size 1024K, 3 young (3072K), 3 survivors (3072K)
 Metaspace       used 92790K, committed 93504K, reserved 1179648K
  class space    used 11856K, committed 12224K, reserved 1048576K
}
Event: 44.618 GC heap before
{Heap before GC invocations=39 (full 0):
 garbage-first heap   total 91136K, used 68273K [0x0000000083400000, 0x0000000100000000)
  region size 1024K, 24 young (24576K), 3 survivors (3072K)
 Metaspace       used 93554K, committed 94272K, reserved 1179648K
  class space    used 11862K, committed 12224K, reserved 1048576K
}
Event: 44.620 GC heap after
{Heap after GC invocations=40 (full 0):
 garbage-first heap   total 91136K, used 47397K [0x0000000083400000, 0x0000000100000000)
  region size 1024K, 1 young (1024K), 1 survivors (1024K)
 Metaspace       used 93554K, committed 94272K, reserved 1179648K
  class space    used 11862K, committed 12224K, reserved 1048576K
}
Event: 50.859 GC heap before
{Heap before GC invocations=40 (full 0):
 garbage-first heap   total 91136K, used 50469K [0x0000000083400000, 0x0000000100000000)
  region size 1024K, 4 young (4096K), 1 survivors (1024K)
 Metaspace       used 93690K, committed 94464K, reserved 1179648K
  class space    used 11863K, committed 12224K, reserved 1048576K
}
Event: 50.861 GC heap after
{Heap after GC invocations=41 (full 0):
 garbage-first heap   total 91136K, used 46797K [0x0000000083400000, 0x0000000100000000)
  region size 1024K, 1 young (1024K), 1 survivors (1024K)
 Metaspace       used 93690K, committed 94464K, reserved 1179648K
  class space    used 11863K, committed 12224K, reserved 1048576K
}

Deoptimization events (20 events):
Event: 44.620 Thread 0x0000023b59f4eec0 DEOPT PACKING pc=0x0000023b07cceae0 sp=0x0000009aebfff110
Event: 44.620 Thread 0x0000023b59f4eec0 DEOPT UNPACKING pc=0x0000023b075823a3 sp=0x0000009aebfff078 mode 2
Event: 50.808 Thread 0x0000023b59f4f3d0 DEOPT PACKING pc=0x0000023b012d0770 sp=0x0000009aeb6f6ef0
Event: 50.808 Thread 0x0000023b59f4f3d0 DEOPT UNPACKING pc=0x0000023b07582b43 sp=0x0000009aeb6f6400 mode 0
Event: 50.942 Thread 0x0000023b59f52670 DEOPT PACKING pc=0x0000023b01160090 sp=0x0000009aebdf9ac0
Event: 50.942 Thread 0x0000023b59f52670 DEOPT UNPACKING pc=0x0000023b07582b43 sp=0x0000009aebdf9228 mode 0
Event: 52.300 Thread 0x0000023b59f51c50 Uncommon trap: trap_request=0xffffff45 fr.pc=0x0000023b080cb734 relative=0x0000000000000274
Event: 52.300 Thread 0x0000023b59f51c50 Uncommon trap: reason=unstable_if action=reinterpret pc=0x0000023b080cb734 method=sun.nio.ch.Util$BufferCache.get(I)Ljava/nio/ByteBuffer; @ 25 c2
Event: 52.300 Thread 0x0000023b59f51c50 DEOPT PACKING pc=0x0000023b080cb734 sp=0x0000009aeb1fdfe0
Event: 52.300 Thread 0x0000023b59f51c50 DEOPT UNPACKING pc=0x0000023b075823a3 sp=0x0000009aeb1fdf30 mode 2
Event: 52.300 Thread 0x0000023b59f51c50 Uncommon trap: trap_request=0xffffff45 fr.pc=0x0000023b080cafbc relative=0x000000000000019c
Event: 52.300 Thread 0x0000023b59f51c50 Uncommon trap: reason=unstable_if action=reinterpret pc=0x0000023b080cafbc method=sun.nio.ch.Util$BufferCache.get(I)Ljava/nio/ByteBuffer; @ 47 c2
Event: 52.300 Thread 0x0000023b59f51c50 DEOPT PACKING pc=0x0000023b080cafbc sp=0x0000009aeb1fde00
Event: 52.300 Thread 0x0000023b59f51c50 DEOPT UNPACKING pc=0x0000023b075823a3 sp=0x0000009aeb1fddb8 mode 2
Event: 142.515 Thread 0x0000023b59f53090 DEOPT PACKING pc=0x0000023b001741c6 sp=0x0000009aebafc920
Event: 142.516 Thread 0x0000023b59f53090 DEOPT UNPACKING pc=0x0000023b07582b43 sp=0x0000009aebafbe60 mode 0
Event: 143.466 Thread 0x0000023b59f52670 DEOPT PACKING pc=0x0000023b008c564a sp=0x0000009aebdfa5f0
Event: 143.466 Thread 0x0000023b59f52670 DEOPT UNPACKING pc=0x0000023b07582b43 sp=0x0000009aebdf9a98 mode 0
Event: 143.575 Thread 0x0000023b59f54ef0 DEOPT PACKING pc=0x0000023b00909447 sp=0x0000009aeb5fa730
Event: 143.575 Thread 0x0000023b59f54ef0 DEOPT UNPACKING pc=0x0000023b07582b43 sp=0x0000009aeb5f9c88 mode 0

Classes unloaded (0 events):
No events

Classes redefined (0 events):
No events

Internal exceptions (20 events):
Event: 23.062 Thread 0x0000023b59f4df90 Exception <a 'java/lang/ClassNotFoundException'{0x000000008ac174b0}: jakarta/servlet/http/HttpServletRequestCustomizer> (0x000000008ac174b0) 
thrown [s\open\src\hotspot\share\classfile\systemDictionary.cpp, line 256]
Event: 23.064 Thread 0x0000023b59f4df90 Exception <a 'java/lang/ClassNotFoundException'{0x000000008ac3edd8}: jakarta/servlet/ServletRequestBeanInfo> (0x000000008ac3edd8) 
thrown [s\open\src\hotspot\share\classfile\systemDictionary.cpp, line 256]
Event: 23.064 Thread 0x0000023b59f4df90 Exception <a 'java/lang/ClassNotFoundException'{0x000000008ac4b348}: jakarta/servlet/ServletRequestCustomizer> (0x000000008ac4b348) 
thrown [s\open\src\hotspot\share\classfile\systemDictionary.cpp, line 256]
Event: 23.072 Thread 0x0000023b59f4df90 Exception <a 'java/lang/ClassNotFoundException'{0x000000008acd2da0}: org/springframework/security/web/csrf/CsrfTokenRequestAttributeHandler$SupplierCsrfTokenBeanInfo> (0x000000008acd2da0) 
thrown [s\open\src\hotspot\share\classfile\systemDictionary.cpp, line 256]
Event: 23.072 Thread 0x0000023b59f4df90 Exception <a 'java/lang/ClassNotFoundException'{0x000000008ace06f8}: org/springframework/security/web/csrf/CsrfTokenRequestAttributeHandler$SupplierCsrfTokenCustomizer> (0x000000008ace06f8) 
thrown [s\open\src\hotspot\share\classfile\systemDictionary.cpp, line 256]
Event: 23.073 Thread 0x0000023b59f4df90 Exception <a 'java/lang/ClassNotFoundException'{0x000000008acf1e78}: org/springframework/security/web/csrf/CsrfTokenBeanInfo> (0x000000008acf1e78) 
thrown [s\open\src\hotspot\share\classfile\systemDictionary.cpp, line 256]
Event: 23.074 Thread 0x0000023b59f4df90 Exception <a 'java/lang/ClassNotFoundException'{0x000000008acfea80}: org/springframework/security/web/csrf/CsrfTokenCustomizer> (0x000000008acfea80) 
thrown [s\open\src\hotspot\share\classfile\systemDictionary.cpp, line 256]
Event: 23.074 Thread 0x0000023b59f4df90 Exception <a 'java/lang/ClassNotFoundException'{0x000000008ab0a8c8}: java/io/SerializableBeanInfo> (0x000000008ab0a8c8) 
thrown [s\open\src\hotspot\share\classfile\systemDictionary.cpp, line 256]
Event: 23.074 Thread 0x0000023b59f4df90 Exception <a 'java/lang/ClassNotFoundException'{0x000000008ab135a0}: java/io/SerializableCustomizer> (0x000000008ab135a0) 
thrown [s\open\src\hotspot\share\classfile\systemDictionary.cpp, line 256]
Event: 23.076 Thread 0x0000023b59f4df90 Exception <a 'java/lang/NoSuchMethodError'{0x000000008ab2f220}: static Lorg/springframework/security/web/csrf/DefaultCsrfToken;.<clinit>()V> (0x000000008ab2f220) 
thrown [s\open\src\hotspot\share\prims\jni.cpp, line 1107]
Event: 23.176 Thread 0x0000023b59f4df90 Exception <a 'java/lang/ClassNotFoundException'{0x0000000087d46598}: vn/laptop/laptopshop/domain/ProductBeanInfo> (0x0000000087d46598) 
thrown [s\open\src\hotspot\share\classfile\systemDictionary.cpp, line 256]
Event: 23.176 Thread 0x0000023b59f4df90 Exception <a 'java/lang/ClassNotFoundException'{0x0000000087d529e0}: vn/laptop/laptopshop/domain/ProductCustomizer> (0x0000000087d529e0) 
thrown [s\open\src\hotspot\share\classfile\systemDictionary.cpp, line 256]
Event: 23.274 Thread 0x0000023b59f54ef0 Exception <a 'java/lang/NoSuchMethodError'{0x0000000087bc7070}: 'java.lang.Object java.lang.invoke.DirectMethodHandle$Holder.invokeStatic(java.lang.Object, int, int)'> (0x0000000087bc7070) 
thrown [s\open\src\hotspot\share\interpreter\linkResolver.cpp, line 759]
Event: 31.332 Thread 0x0000023b59f53090 Implicit null exception at 0x0000023b07dd60d2 to 0x0000023b07dd63cc
Event: 31.411 Thread 0x0000023b59f53090 Exception <a 'java/io/IOException'{0x000000008796f0d8}> (0x000000008796f0d8) 
thrown [s\open\src\hotspot\share\prims\jni.cpp, line 516]
Event: 33.647 Thread 0x0000023b59f4f3d0 Exception <a 'java/lang/ClassNotFoundException'{0x000000008abc4198}: jakarta/servlet/jsp/jstl/core/LoopTagSupport$1StatusBeanInfo> (0x000000008abc4198) 
thrown [s\open\src\hotspot\share\classfile\systemDictionary.cpp, line 256]
Event: 33.649 Thread 0x0000023b59f4f3d0 Exception <a 'java/lang/ClassNotFoundException'{0x000000008abcee88}: jakarta/servlet/jsp/jstl/core/LoopTagSupport$1StatusCustomizer> (0x000000008abcee88) 
thrown [s\open\src\hotspot\share\classfile\systemDictionary.cpp, line 256]
Event: 33.650 Thread 0x0000023b59f4f3d0 Exception <a 'java/lang/ClassNotFoundException'{0x000000008abe2fb0}: jakarta/servlet/jsp/jstl/core/LoopTagStatusBeanInfo> (0x000000008abe2fb0) 
thrown [s\open\src\hotspot\share\classfile\systemDictionary.cpp, line 256]
Event: 33.651 Thread 0x0000023b59f4f3d0 Exception <a 'java/lang/ClassNotFoundException'{0x000000008abedcd0}: jakarta/servlet/jsp/jstl/core/LoopTagStatusCustomizer> (0x000000008abedcd0) 
thrown [s\open\src\hotspot\share\classfile\systemDictionary.cpp, line 256]
Event: 44.766 Thread 0x0000023b59f55910 Exception <a 'java/io/IOException'{0x000000008b09af58}> (0x000000008b09af58) 
thrown [s\open\src\hotspot\share\prims\jni.cpp, line 516]

VM Operations (20 events):
Event: 44.618 Executing VM operation: G1CollectForAllocation
Event: 44.620 Executing VM operation: G1CollectForAllocation done
Event: 45.624 Executing VM operation: Cleanup
Event: 45.625 Executing VM operation: Cleanup done
Event: 50.859 Executing VM operation: G1CollectForAllocation
Event: 50.861 Executing VM operation: G1CollectForAllocation done
Event: 51.869 Executing VM operation: Cleanup
Event: 51.869 Executing VM operation: Cleanup done
Event: 63.954 Executing VM operation: Cleanup
Event: 63.954 Executing VM operation: Cleanup done
Event: 87.100 Executing VM operation: Cleanup
Event: 87.100 Executing VM operation: Cleanup done
Event: 123.401 Executing VM operation: Cleanup
Event: 123.401 Executing VM operation: Cleanup done
Event: 139.551 Executing VM operation: Cleanup
Event: 139.552 Executing VM operation: Cleanup done
Event: 142.575 Executing VM operation: Cleanup
Event: 142.577 Executing VM operation: Cleanup done
Event: 143.579 Executing VM operation: Cleanup
Event: 143.582 Executing VM operation: Cleanup done

Events (20 events):
Event: 31.390 Thread 0x0000023b7fabdfe0 flushing nmethod 0x0000023b0001f690
Event: 31.390 Thread 0x0000023b7fabdfe0 flushing nmethod 0x0000023b0010e090
Event: 31.391 Thread 0x0000023b7fabdfe0 flushing nmethod 0x0000023b001f0490
Event: 31.391 Thread 0x0000023b7fabdfe0 flushing nmethod 0x0000023b00278710
Event: 31.392 Thread 0x0000023b7fabdfe0 flushing nmethod 0x0000023b004fd290
Event: 31.411 loading class sun/net/ConnectionResetException
Event: 31.411 loading class sun/net/ConnectionResetException done
Event: 31.775 Thread 0x0000023b5bf3eea0 Thread exited: 0x0000023b5bf3eea0
Event: 33.479 Thread 0x0000023b5bf3deb0 Thread added: 0x0000023b5bf3deb0
Event: 33.517 Thread 0x0000023b5bf3d410 Thread added: 0x0000023b5bf3d410
Event: 34.350 Thread 0x0000023b5bf3d410 Thread exited: 0x0000023b5bf3d410
Event: 36.275 Thread 0x0000023b5bf3deb0 Thread exited: 0x0000023b5bf3deb0
Event: 38.423 Thread 0x0000023b5bf3fe90 Thread added: 0x0000023b5bf3fe90
Event: 38.433 Thread 0x0000023b5bf3f3f0 Thread added: 0x0000023b5bf3f3f0
Event: 40.007 Thread 0x0000023b5bf3f3f0 Thread exited: 0x0000023b5bf3f3f0
Event: 40.007 Thread 0x0000023b5bf3fe90 Thread exited: 0x0000023b5bf3fe90
Event: 50.891 Thread 0x0000023b5b6a0dc0 Thread added: 0x0000023b5b6a0dc0
Event: 50.898 Thread 0x0000023b5bf3d410 Thread added: 0x0000023b5bf3d410
Event: 51.108 Thread 0x0000023b5bf3d410 Thread exited: 0x0000023b5bf3d410
Event: 55.919 Thread 0x0000023b5b6a0dc0 Thread exited: 0x0000023b5b6a0dc0


Dynamic libraries:
0x00007ff7dcc10000 - 0x00007ff7dcc20000 	C:\Program Files\Java\jdk-17\bin\java.exe
0x00007ffab11d0000 - 0x00007ffab13c5000 	C:\Windows\SYSTEM32\ntdll.dll
0x00007ffab0b40000 - 0x00007ffab0bfe000 	C:\Windows\System32\KERNEL32.DLL
0x00007ffaaecc0000 - 0x00007ffaaef88000 	C:\Windows\System32\KERNELBASE.dll
0x00007ffaaefc0000 - 0x00007ffaaf0c0000 	C:\Windows\System32\ucrtbase.dll
0x00007ffaa35f0000 - 0x00007ffaa360b000 	C:\Program Files\Java\jdk-17\bin\VCRUNTIME140.dll
0x00007ffaa35d0000 - 0x00007ffaa35e9000 	C:\Program Files\Java\jdk-17\bin\jli.dll
0x00007ffaaf2d0000 - 0x00007ffaaf37e000 	C:\Windows\System32\ADVAPI32.dll
0x00007ffab0aa0000 - 0x00007ffab0b3e000 	C:\Windows\System32\msvcrt.dll
0x00007ffaaf380000 - 0x00007ffaaf41c000 	C:\Windows\System32\sechost.dll
0x00007ffaaf930000 - 0x00007ffaafa55000 	C:\Windows\System32\RPCRT4.dll
0x00007ffaaf6b0000 - 0x00007ffaaf850000 	C:\Windows\System32\USER32.dll
0x00007ffaaef90000 - 0x00007ffaaefb2000 	C:\Windows\System32\win32u.dll
0x00007ffa97f00000 - 0x00007ffa9819a000 	C:\Windows\WinSxS\amd64_microsoft.windows.common-controls_6595b64144ccf1df_6.0.19041.1110_none_60b5254171f9507e\COMCTL32.dll
0x00007ffab1100000 - 0x00007ffab112b000 	C:\Windows\System32\GDI32.dll
0x00007ffaae930000 - 0x00007ffaaea3d000 	C:\Windows\System32\gdi32full.dll
0x00007ffaaeb90000 - 0x00007ffaaec2d000 	C:\Windows\System32\msvcp_win.dll
0x00007ffaa4410000 - 0x00007ffaa441a000 	C:\Windows\SYSTEM32\VERSION.dll
0x00007ffaafc20000 - 0x00007ffaafc50000 	C:\Windows\System32\IMM32.DLL
0x00007ffaa80a0000 - 0x00007ffaa80ac000 	C:\Program Files\Java\jdk-17\bin\vcruntime140_1.dll
0x00007ffa7a9c0000 - 0x00007ffa7aa4e000 	C:\Program Files\Java\jdk-17\bin\msvcp140.dll
0x00007ffa43520000 - 0x00007ffa44101000 	C:\Program Files\Java\jdk-17\bin\server\jvm.dll
0x00007ffab06c0000 - 0x00007ffab06c8000 	C:\Windows\System32\PSAPI.DLL
0x00007ffa98350000 - 0x00007ffa98377000 	C:\Windows\SYSTEM32\WINMM.dll
0x00007ffaa3530000 - 0x00007ffaa3539000 	C:\Windows\SYSTEM32\WSOCK32.dll
0x00007ffaafe00000 - 0x00007ffaafe6b000 	C:\Windows\System32\WS2_32.dll
0x00007ffaac7b0000 - 0x00007ffaac7c2000 	C:\Windows\SYSTEM32\kernel.appcore.dll
0x00007ffaa35c0000 - 0x00007ffaa35ca000 	C:\Program Files\Java\jdk-17\bin\jimage.dll
0x00007ffaac080000 - 0x00007ffaac264000 	C:\Windows\SYSTEM32\DBGHELP.DLL
0x00007ffa9cfe0000 - 0x00007ffa9d00c000 	C:\Windows\SYSTEM32\dbgcore.DLL
0x00007ffaaec30000 - 0x00007ffaaecb2000 	C:\Windows\System32\bcryptPrimitives.dll
0x00007ffaa2de0000 - 0x00007ffaa2e05000 	C:\Program Files\Java\jdk-17\bin\java.dll
0x00007ffa7a8e0000 - 0x00007ffa7a9b7000 	C:\Program Files\Java\jdk-17\bin\jsvml.dll
0x00007ffaaff70000 - 0x00007ffab06b4000 	C:\Windows\System32\SHELL32.dll
0x00007ffaac9d0000 - 0x00007ffaad164000 	C:\Windows\SYSTEM32\windows.storage.dll
0x00007ffab0740000 - 0x00007ffab0a95000 	C:\Windows\System32\combase.dll
0x00007ffaae330000 - 0x00007ffaae35e000 	C:\Windows\SYSTEM32\Wldp.dll
0x00007ffaaf5a0000 - 0x00007ffaaf64d000 	C:\Windows\System32\SHCORE.dll
0x00007ffab1130000 - 0x00007ffab1185000 	C:\Windows\System32\shlwapi.dll
0x00007ffaae820000 - 0x00007ffaae83f000 	C:\Windows\SYSTEM32\profapi.dll
0x00007ffa97a10000 - 0x00007ffa97a29000 	C:\Program Files\Java\jdk-17\bin\net.dll
0x00007ffaa60d0000 - 0x00007ffaa61dc000 	C:\Windows\SYSTEM32\WINHTTP.dll
0x00007ffaae090000 - 0x00007ffaae0fa000 	C:\Windows\system32\mswsock.dll
0x00007ffa91ba0000 - 0x00007ffa91bb6000 	C:\Program Files\Java\jdk-17\bin\nio.dll
0x00007ffa91b80000 - 0x00007ffa91b98000 	C:\Program Files\Java\jdk-17\bin\zip.dll
0x00007ffa97a30000 - 0x00007ffa97a3a000 	C:\Program Files\Java\jdk-17\bin\management.dll
0x00007ffa97a00000 - 0x00007ffa97a0b000 	C:\Program Files\Java\jdk-17\bin\management_ext.dll
0x00007ffa8e370000 - 0x00007ffa8e387000 	C:\Windows\system32\napinsp.dll
0x00007ffa8e350000 - 0x00007ffa8e36b000 	C:\Windows\system32\pnrpnsp.dll
0x00007ffaa6710000 - 0x00007ffaa6725000 	C:\Windows\system32\wshbth.dll
0x00007ffaa6ea0000 - 0x00007ffaa6ebd000 	C:\Windows\system32\NLAapi.dll
0x00007ffaadd30000 - 0x00007ffaadd6b000 	C:\Windows\SYSTEM32\IPHLPAPI.DLL
0x00007ffaadd80000 - 0x00007ffaade4b000 	C:\Windows\SYSTEM32\DNSAPI.dll
0x00007ffab0730000 - 0x00007ffab0738000 	C:\Windows\System32\NSI.dll
0x00007ffa8e330000 - 0x00007ffa8e342000 	C:\Windows\System32\winrnr.dll
0x00007ffaa2670000 - 0x00007ffaa267a000 	C:\Windows\System32\rasadhlp.dll
0x00007ffaa1310000 - 0x00007ffaa138f000 	C:\Windows\System32\fwpuclnt.dll
0x00007ffaaea40000 - 0x00007ffaaea67000 	C:\Windows\System32\bcrypt.dll
0x00007ffaae280000 - 0x00007ffaae298000 	C:\Windows\SYSTEM32\CRYPTSP.dll
0x00007ffaad9a0000 - 0x00007ffaad9d4000 	C:\Windows\system32\rsaenh.dll
0x00007ffaae7a0000 - 0x00007ffaae7ce000 	C:\Windows\SYSTEM32\USERENV.dll
0x00007ffaae2a0000 - 0x00007ffaae2ac000 	C:\Windows\SYSTEM32\CRYPTBASE.dll
0x00007ffaa2490000 - 0x00007ffaa24a7000 	C:\Windows\SYSTEM32\dhcpcsvc6.DLL
0x00007ffaa27c0000 - 0x00007ffaa27dd000 	C:\Windows\SYSTEM32\dhcpcsvc.DLL
0x00007ffa97880000 - 0x00007ffa9788e000 	C:\Program Files\Java\jdk-17\bin\sunmscapi.dll
0x00007ffaaf0c0000 - 0x00007ffaaf216000 	C:\Windows\System32\CRYPT32.dll
0x00007ffaae3a0000 - 0x00007ffaae3c7000 	C:\Windows\SYSTEM32\ncrypt.dll
0x00007ffaae360000 - 0x00007ffaae39b000 	C:\Windows\SYSTEM32\NTASN1.dll
0x00007ffa91b70000 - 0x00007ffa91b80000 	C:\Program Files\Java\jdk-17\bin\verify.dll
0x00007ffa806e0000 - 0x00007ffa806e7000 	C:\Windows\system32\wshunix.dll

dbghelp: loaded successfully - version: 4.0.5 - missing functions: none
symbol engine: initialized successfully - sym options: 0x614 - pdb path: .;C:\Program Files\Java\jdk-17\bin;C:\Windows\SYSTEM32;C:\Windows\WinSxS\amd64_microsoft.windows.common-controls_6595b64144ccf1df_6.0.19041.1110_none_60b5254171f9507e;C:\Program Files\Java\jdk-17\bin\server

VM Arguments:
jvm_args: -Dcom.sun.management.jmxremote -Dcom.sun.management.jmxremote.port=64076 -Dcom.sun.management.jmxremote.authenticate=false -Dcom.sun.management.jmxremote.ssl=false -Dspring.jmx.enabled=true -Djava.rmi.server.hostname=localhost -Dspring.application.admin.enabled=true -Dspring.boot.project.name=laptopshop -XX:+ShowCodeDetailsInExceptionMessages 
java_command: vn.laptop.laptopshop.LaptopshopApplication
java_class_path (initial): D:\java spring mvc\01-java-spring-laptopshop-starter\target\classes;C:\Users\Admin\.m2\repository\org\springframework\boot\spring-boot-starter\3.2.2\spring-boot-starter-3.2.2.jar;C:\Users\Admin\.m2\repository\org\springframework\boot\spring-boot\3.2.2\spring-boot-3.2.2.jar;C:\Users\Admin\.m2\repository\org\springframework\boot\spring-boot-autoconfigure\3.2.2\spring-boot-autoconfigure-3.2.2.jar;C:\Users\Admin\.m2\repository\org\springframework\boot\spring-boot-starter-logging\3.2.2\spring-boot-starter-logging-3.2.2.jar;C:\Users\Admin\.m2\repository\ch\qos\logback\logback-classic\1.4.14\logback-classic-1.4.14.jar;C:\Users\Admin\.m2\repository\ch\qos\logback\logback-core\1.4.14\logback-core-1.4.14.jar;C:\Users\Admin\.m2\repository\org\apache\logging\log4j\log4j-to-slf4j\2.21.1\log4j-to-slf4j-2.21.1.jar;C:\Users\Admin\.m2\repository\org\apache\logging\log4j\log4j-api\2.21.1\log4j-api-2.21.1.jar;C:\Users\Admin\.m2\repository\org\slf4j\jul-to-slf4j\2.0.11\jul-to-slf4j-2.0.11.jar;C:\Users\Admin\.m2\repository\jakarta\annotation\jakarta.annotation-api\2.1.1\jakarta.annotation-api-2.1.1.jar;C:\Users\Admin\.m2\repository\org\springframework\spring-core\6.1.3\spring-core-6.1.3.jar;C:\Users\Admin\.m2\repository\org\springframework\spring-jcl\6.1.3\spring-jcl-6.1.3.jar;C:\Users\Admin\.m2\repository\org\yaml\snakeyaml\2.2\snakeyaml-2.2.jar;C:\Users\Admin\.m2\repository\org\slf4j\slf4j-api\2.0.11\slf4j-api-2.0.11.jar;C:\Users\Admin\.m2\repository\jakarta\xml\bind\jakarta.xml.bind-api\4.0.1\jakarta.xml.bind-api-4.0.1.jar;C:\Users\Admin\.m2\repository\jakarta\activation\jakarta.activation-api\2.1.2\jakarta.activation-api-2.1.2.jar;C:\Users\Admin\.m2\repository\net\bytebuddy\byte-buddy\1.14.11\byte-buddy-1.14.11.jar;C:\Users\Admin\.m2\repository\org\springframework\boot\spring-boot-starter-web\3.2.2\spring-boot-starter-web-3.2.2.jar;C:\Users\Admin\.m2\repository\org\springframework\boot\spring-boot-starter-json\3.2.2\spring-boot-starter-json-3.2.2.jar;C:\
Launcher Type: SUN_STANDARD

[Global flags]
     intx CICompilerCount                          = 4                                         {product} {ergonomic}
     uint ConcGCThreads                            = 2                                         {product} {ergonomic}
     uint G1ConcRefinementThreads                  = 8                                         {product} {ergonomic}
   size_t G1HeapRegionSize                         = 1048576                                   {product} {ergonomic}
    uintx GCDrainStackTargetSize                   = 64                                        {product} {ergonomic}
   size_t InitialHeapSize                          = 132120576                                 {product} {ergonomic}
     bool ManagementServer                         = true                                      {product} {command line}
   size_t MarkStackSize                            = 4194304                                   {product} {ergonomic}
   size_t MaxHeapSize                              = 2092957696                                {product} {ergonomic}
   size_t MaxNewSize                               = 1255145472                                {product} {ergonomic}
   size_t MinHeapDeltaBytes                        = 1048576                                   {product} {ergonomic}
   size_t MinHeapSize                              = 8388608                                   {product} {ergonomic}
    uintx NonNMethodCodeHeapSize                   = 5839372                                {pd product} {ergonomic}
    uintx NonProfiledCodeHeapSize                  = 122909434                              {pd product} {ergonomic}
    uintx ProfiledCodeHeapSize                     = 122909434                              {pd product} {ergonomic}
    uintx ReservedCodeCacheSize                    = 251658240                              {pd product} {ergonomic}
     bool SegmentedCodeCache                       = true                                      {product} {ergonomic}
     bool ShowCodeDetailsInExceptionMessages       = true                                   {manageable} {command line}
   size_t SoftMaxHeapSize                          = 2092957696                             {manageable} {ergonomic}
     bool UseCompressedClassPointers               = true                           {product lp64_product} {ergonomic}
     bool UseCompressedOops                        = true                           {product lp64_product} {ergonomic}
     bool UseG1GC                                  = true                                      {product} {ergonomic}
     bool UseLargePagesIndividualAllocation        = false                                  {pd product} {ergonomic}

Logging:
Log output configuration:
 #0: stdout all=warning uptime,level,tags
 #1: stderr all=off uptime,level,tags

Environment Variables:
JAVA_HOME=C:\Program Files\Java\jdk-17
PATH=C:\Program Files\Common Files\Oracle\Java\javapath;C:\Windows\system32;C:\Windows;C:\Windows\System32\Wbem;C:\Windows\System32\WindowsPowerShell\v1.0\;C:\Windows\System32\OpenSSH\;C:\Program Files\Git\cmd;C:\Program Files\MySQL\MySQL Server 8.0\bin;C:\Program Files\MySQL\MySQL Shell 8.0\bin\;C:\Users\Admin\AppData\Local\Microsoft\WindowsApps;C:\Users\Admin\AppData\Local\Programs\Microsoft VS Code\bin
USERNAME=Admin
LANG=en_US.UTF-8
OS=Windows_NT
PROCESSOR_IDENTIFIER=Intel64 Family 6 Model 165 Stepping 2, GenuineIntel



---------------  S Y S T E M  ---------------

OS:
 Windows 10 , 64 bit Build 19041 (10.0.19041.1503)
OS uptime: 14 days 1:42 hours

CPU: total 8 (initial active 8) (4 cores per cpu, 2 threads per core) family 6 model 165 stepping 2 microcode 0xc8, cx8, cmov, fxsr, ht, mmx, 3dnowpref, sse, sse2, sse3, ssse3, sse4.1, sse4.2, popcnt, lzcnt, tsc, tscinvbit, avx, avx2, aes, erms, clmul, bmi1, bmi2, adx, fma, vzeroupper, clflush, clflushopt

Memory: 4k page, system-wide physical 7979M (327M free)
TotalPageFile size 13099M (AvailPageFile size 25M)
current process WorkingSet (physical memory assigned to process): 318M, peak: 355M
current process commit charge ("private bytes"): 356M, peak: 394M

vm_info: Java HotSpot(TM) 64-Bit Server VM (17.0.9+11-LTS-201) for windows-amd64 JRE (17.0.9+11-LTS-201), built on Oct 10 2023 23:16:06 by "mach5one" with MS VC++ 17.1 (VS2022)

END.
