#
# There is insufficient memory for the Java Runtime Environment to continue.
# Native memory allocation (malloc) failed to allocate 2097152 bytes. Error detail: AllocateHeap
# Possible reasons:
#   The system is out of physical RAM or swap space
#   This process is running with CompressedOops enabled, and the Java Heap may be blocking the growth of the native heap
# Possible solutions:
#   Reduce memory load on the system
#   Increase physical memory or swap space
#   Check if swap backing store is full
#   Decrease Java heap size (-Xmx/-Xms)
#   Decrease number of Java threads
#   Decrease Java thread stack sizes (-Xss)
#   Set larger code cache with -XX:ReservedCodeCacheSize=
#   JVM is running with Unscaled Compressed Oops mode in which the Java heap is
#     placed in the first 4GB address space. The Java Heap base address is the
#     maximum limit for the native heap growth. Please use -XX:HeapBaseMinAddress
#     to set the Java Heap base and to place the Java Heap above 4GB virtual address.
# This output file may be truncated or incomplete.
#
#  Out of Memory Error (allocation.cpp:44), pid=9444, tid=8380
#
# JRE version: OpenJDK Runtime Environment Temurin-17.0.11+9 (17.0.11+9) (build 17.0.11+9)
# Java VM: OpenJDK 64-Bit Server VM Temurin-17.0.11+9 (17.0.11+9, mixed mode, emulated-client, tiered, compressed oops, compressed class ptrs, g1 gc, windows-amd64)
# No core dump will be written. Minidumps are not enabled by default on client versions of Windows
#

---------------  S U M M A R Y ------------

Command Line: -Xmx1024m -Dsts.lsp.client=vscode -Dsts.log.file=/dev/null -XX:TieredStopAtLevel=1 -Xlog:jni+resolve=off -Dspring.config.location=file:c:\Users\Admin\.vscode\extensions\vmware.vscode-spring-boot-1.55.1\language-server\BOOT-INF\classes\application.properties org.springframework.ide.vscode.boot.app.BootLanguageServerBootApp

Host: Intel(R) Core(TM) i5-10300H CPU @ 2.50GHz, 8 cores, 7G,  Windows 10 , 64 bit Build 19041 (10.0.19041.1503)
Time: Wed Jul  3 23:08:27 2024 SE Asia Standard Time elapsed time: 6888.642336 seconds (0d 1h 54m 48s)

---------------  T H R E A D  ---------------

Current thread (0x000002261c4c7910):  VMThread "VM Thread" [stack: 0x000000e97ce00000,0x000000e97cf00000] [id=8380]

Stack: [0x000000e97ce00000,0x000000e97cf00000]
Native frames: (J=compiled Java code, j=interpreted, Vv=VM code, C=native code)
V  [jvm.dll+0x67d429]
V  [jvm.dll+0x834b7a]
V  [jvm.dll+0x83663e]
V  [jvm.dll+0x836ca3]
V  [jvm.dll+0x247dbf]
V  [jvm.dll+0xa6cb3]
V  [jvm.dll+0x2f8b61]
V  [jvm.dll+0x2f4750]
V  [jvm.dll+0x2dcf67]
V  [jvm.dll+0x31fb67]
V  [jvm.dll+0x83b19b]
V  [jvm.dll+0x83bed2]
V  [jvm.dll+0x83c3ed]
V  [jvm.dll+0x83c7c4]
V  [jvm.dll+0x83c890]
V  [jvm.dll+0x7e410a]
V  [jvm.dll+0x67c315]
C  [ucrtbase.dll+0x21bb2]
C  [KERNEL32.DLL+0x17034]
C  [ntdll.dll+0x52651]

VM_Operation (0x000000e97e6fef80): G1CollectFull, mode: safepoint, requested by thread 0x00000226216e8e00


---------------  P R O C E S S  ---------------

Threads class SMR info:
_java_thread_list=0x0000022622ff6580, length=30, elements={
0x000002261c4db380, 0x000002261c4dc200, 0x000002261c6294a0, 0x000002261c62c540,
0x000002261c62df10, 0x000002261c62e8d0, 0x000002261c62f250, 0x000002261c514010,
0x000002261c822ea0, 0x000002261c823620, 0x0000022621823450, 0x00000226216e8e00,
0x0000022621751420, 0x000002260f6f5cb0, 0x00000226223be820, 0x0000022622403130,
0x00000226224346e0, 0x00000226224332a0, 0x0000022622432880, 0x00000226224337b0,
0x00000226224341d0, 0x0000022622431e60, 0x0000022622432d90, 0x00000226224f7c10,
0x00000226224f9a70, 0x00000226224fbde0, 0x00000226224fd220, 0x00000226224f9f80,
0x00000226224f8b40, 0x00000226224fe150
}

Java Threads: ( => current thread )
  0x000002261c4db380 JavaThread "Reference Handler" daemon [_thread_blocked, id=13200, stack(0x000000e97cf00000,0x000000e97d000000)]
  0x000002261c4dc200 JavaThread "Finalizer" daemon [_thread_blocked, id=8704, stack(0x000000e97d000000,0x000000e97d100000)]
  0x000002261c6294a0 JavaThread "Signal Dispatcher" daemon [_thread_blocked, id=8640, stack(0x000000e97d100000,0x000000e97d200000)]
  0x000002261c62c540 JavaThread "Attach Listener" daemon [_thread_blocked, id=7932, stack(0x000000e97d200000,0x000000e97d300000)]
  0x000002261c62df10 JavaThread "Service Thread" daemon [_thread_blocked, id=8508, stack(0x000000e97d300000,0x000000e97d400000)]
  0x000002261c62e8d0 JavaThread "Monitor Deflation Thread" daemon [_thread_blocked, id=16508, stack(0x000000e97d400000,0x000000e97d500000)]
  0x000002261c62f250 JavaThread "C1 CompilerThread0" daemon [_thread_blocked, id=16180, stack(0x000000e97d500000,0x000000e97d600000)]
  0x000002261c514010 JavaThread "Sweeper thread" daemon [_thread_blocked, id=15848, stack(0x000000e97d600000,0x000000e97d700000)]
  0x000002261c822ea0 JavaThread "Notification Thread" daemon [_thread_blocked, id=9704, stack(0x000000e97d700000,0x000000e97d800000)]
  0x000002261c823620 JavaThread "Common-Cleaner" daemon [_thread_blocked, id=16108, stack(0x000000e97d900000,0x000000e97da00000)]
  0x0000022621823450 JavaThread "boundedElastic-evictor-1" daemon [_thread_blocked, id=2572, stack(0x000000e97e200000,0x000000e97e300000)]
  0x00000226216e8e00 JavaThread "pool-13-thread-1" [_thread_blocked, id=13748, stack(0x000000e97e600000,0x000000e97e700000)]
  0x0000022621751420 JavaThread "LanguageServerApp-lifecycle" [_thread_blocked, id=16256, stack(0x000000e97e700000,0x000000e97e800000)]
  0x000002260f6f5cb0 JavaThread "DestroyJavaVM" [_thread_blocked, id=1428, stack(0x000000e97c800000,0x000000e97c900000)]
  0x00000226223be820 JavaThread "pool-14-thread-1" [_thread_in_native, id=12836, stack(0x000000e97e800000,0x000000e97e900000)]
  0x0000022622403130 JavaThread "Simple-Language-Server main thread" daemon [_thread_blocked, id=14516, stack(0x000000e97e900000,0x000000e97ea00000)]
  0x00000226224346e0 JavaThread "pool-8-thread-1" [_thread_blocked, id=15148, stack(0x000000e97ec00000,0x000000e97ed00000)]
  0x00000226224332a0 JavaThread "parallel-1" daemon [_thread_blocked, id=7868, stack(0x000000e97ed00000,0x000000e97ee00000)]
  0x0000022622432880 JavaThread "pool-6-thread-1" [_thread_blocked, id=1788, stack(0x000000e97ee00000,0x000000e97ef00000)]
  0x00000226224337b0 JavaThread "parallel-2" daemon [_thread_blocked, id=13556, stack(0x000000e97ef00000,0x000000e97f000000)]
  0x00000226224341d0 JavaThread "parallel-3" daemon [_thread_blocked, id=16148, stack(0x000000e97f000000,0x000000e97f100000)]
  0x0000022622431e60 JavaThread "parallel-4" daemon [_thread_blocked, id=2108, stack(0x000000e97f600000,0x000000e97f700000)]
  0x0000022622432d90 JavaThread "parallel-5" daemon [_thread_blocked, id=9772, stack(0x000000e97f700000,0x000000e97f800000)]
  0x00000226224f7c10 JavaThread "Reconciler-1" daemon [_thread_blocked, id=12292, stack(0x000000e97f900000,0x000000e97fa00000)]
  0x00000226224f9a70 JavaThread "parallel-6" daemon [_thread_blocked, id=8948, stack(0x000000e97e100000,0x000000e97e200000)]
  0x00000226224fbde0 JavaThread "parallel-7" daemon [_thread_blocked, id=16936, stack(0x000000e97c700000,0x000000e97c800000)]
  0x00000226224fd220 JavaThread "parallel-8" daemon [_thread_blocked, id=13728, stack(0x000000e97f100000,0x000000e97f200000)]
  0x00000226224f9f80 JavaThread "CompletableFutureDelayScheduler" daemon [_thread_blocked, id=11940, stack(0x000000e97f300000,0x000000e97f400000)]
  0x00000226224f8b40 JavaThread "pool-5-thread-28" [_thread_blocked, id=14860, stack(0x000000e97c500000,0x000000e97c600000)]
  0x00000226224fe150 JavaThread "pool-4-thread-12" [_thread_blocked, id=16648, stack(0x000000e97c600000,0x000000e97c700000)]

Other Threads:
=>0x000002261c4c7910 VMThread "VM Thread" [stack: 0x000000e97ce00000,0x000000e97cf00000] [id=8380]
  0x000002261c823380 WatcherThread [stack: 0x000000e97d800000,0x000000e97d900000] [id=12516]
  0x000002260f733d80 GCTaskThread "GC Thread#0" [stack: 0x000000e97c900000,0x000000e97ca00000] [id=12268]
  0x0000022621903890 GCTaskThread "GC Thread#1" [stack: 0x000000e97db00000,0x000000e97dc00000] [id=8204]
  0x0000022621903b50 GCTaskThread "GC Thread#2" [stack: 0x000000e97dc00000,0x000000e97dd00000] [id=15248]
  0x00000226219346d0 GCTaskThread "GC Thread#3" [stack: 0x000000e97dd00000,0x000000e97de00000] [id=8788]
  0x0000022621b47e70 GCTaskThread "GC Thread#4" [stack: 0x000000e97de00000,0x000000e97df00000] [id=1168]
  0x0000022621b48340 GCTaskThread "GC Thread#5" [stack: 0x000000e97df00000,0x000000e97e000000] [id=1240]
  0x0000022621c91ef0 GCTaskThread "GC Thread#6" [stack: 0x000000e97e300000,0x000000e97e400000] [id=11356]
  0x0000022621c916b0 GCTaskThread "GC Thread#7" [stack: 0x000000e97e400000,0x000000e97e500000] [id=7320]
  0x000002260f73ccd0 ConcurrentGCThread "G1 Main Marker" [stack: 0x000000e97ca00000,0x000000e97cb00000] [id=8164]
  0x000002260f73d6f0 ConcurrentGCThread "G1 Conc#0" [stack: 0x000000e97cb00000,0x000000e97cc00000] [id=7900]
  0x0000022621c90370 ConcurrentGCThread "G1 Conc#1" [stack: 0x000000e97e500000,0x000000e97e600000] [id=12880]
  0x000002260f7a4bb0 ConcurrentGCThread "G1 Refine#0" [stack: 0x000000e97cc00000,0x000000e97cd00000] [id=17364]
  0x000002261c3420b0 ConcurrentGCThread "G1 Service" [stack: 0x000000e97cd00000,0x000000e97ce00000] [id=9676]

Threads with active compile tasks:

VM state: at safepoint (normal execution)

VM Mutex/Monitor currently owned by a thread:  ([mutex/lock_event])
[0x000002260f5f0820] Threads_lock - owner thread: 0x000002261c4c7910
[0x000002260f6f3520] Heap_lock - owner thread: 0x00000226216e8e00

Heap address: 0x00000000c0000000, size: 1024 MB, Compressed Oops mode: 32-bit

CDS archive(s) not mapped
Compressed class space mapped at: 0x0000000100000000-0x0000000140000000, reserved size: 1073741824
Narrow klass base: 0x0000000000000000, Narrow klass shift: 3, Narrow klass range: 0x140000000

GC Precious Log:
 CPUs: 8 total, 8 available
 Memory: 7979M
 Large Page Support: Disabled
 NUMA Support: Disabled
 Compressed Oops: Enabled (32-bit)
 Heap Region Size: 1M
 Heap Min Capacity: 8M
 Heap Initial Capacity: 126M
 Heap Max Capacity: 1G
 Pre-touch: Disabled
 Parallel Workers: 8
 Concurrent Workers: 2
 Concurrent Refinement Workers: 8
 Periodic GC: Disabled

Heap:
 garbage-first heap   total 87040K, used 37189K [0x00000000c0000000, 0x0000000100000000)
  region size 1024K, 1 young (1024K), 0 survivors (0K)
 Metaspace       used 56006K, committed 56448K, reserved 1114112K
  class space    used 6968K, committed 7168K, reserved 1048576K

Heap Regions: E=young(eden), S=young(survivor), O=old, HS=humongous(starts), HC=humongous(continues), CS=collection set, F=free, OA=open archive, CA=closed archive, TAMS=top-at-mark-start (previous, next)
|   0|0x00000000c0000000, 0x00000000c0100000, 0x00000000c0100000|100%|HS|  |TAMS 0x00000000c0100000, 0x00000000c0000000| Untracked 
|   1|0x00000000c0100000, 0x00000000c0200000, 0x00000000c0200000|100%|HC|  |TAMS 0x00000000c0200000, 0x00000000c0100000| Untracked 
|   2|0x00000000c0200000, 0x00000000c0300000, 0x00000000c0300000|100%|HC|  |TAMS 0x00000000c0300000, 0x00000000c0200000| Untracked 
|   3|0x00000000c0300000, 0x00000000c0400000, 0x00000000c0400000|100%|HC|  |TAMS 0x00000000c0400000, 0x00000000c0300000| Untracked 
|   4|0x00000000c0400000, 0x00000000c0500000, 0x00000000c0500000|100%|HS|  |TAMS 0x00000000c0500000, 0x00000000c0400000| Untracked 
|   5|0x00000000c0500000, 0x00000000c0600000, 0x00000000c0600000|100%|HC|  |TAMS 0x00000000c0600000, 0x00000000c0500000| Untracked 
|   6|0x00000000c0600000, 0x00000000c0700000, 0x00000000c0700000|100%| O|  |TAMS 0x00000000c0700000, 0x00000000c0600000| Untracked 
|   7|0x00000000c0700000, 0x00000000c0800000, 0x00000000c0800000|100%| O|  |TAMS 0x00000000c0800000, 0x00000000c0700000| Untracked 
|   8|0x00000000c0800000, 0x00000000c08fffa0, 0x00000000c0900000| 99%| O|  |TAMS 0x00000000c08fffa0, 0x00000000c0800000| Untracked 
|   9|0x00000000c0900000, 0x00000000c09fffc8, 0x00000000c0a00000| 99%| O|  |TAMS 0x00000000c09fffc8, 0x00000000c0900000| Untracked 
|  10|0x00000000c0a00000, 0x00000000c0b00000, 0x00000000c0b00000|100%| O|  |TAMS 0x00000000c0b00000, 0x00000000c0a00000| Untracked 
|  11|0x00000000c0b00000, 0x00000000c0bfffe0, 0x00000000c0c00000| 99%| O|  |TAMS 0x00000000c0bfffe0, 0x00000000c0b00000| Untracked 
|  12|0x00000000c0c00000, 0x00000000c0cfffe0, 0x00000000c0d00000| 99%| O|  |TAMS 0x00000000c0cfffe0, 0x00000000c0c00000| Untracked 
|  13|0x00000000c0d00000, 0x00000000c0e00000, 0x00000000c0e00000|100%| O|  |TAMS 0x00000000c0e00000, 0x00000000c0d00000| Untracked 
|  14|0x00000000c0e00000, 0x00000000c0f00000, 0x00000000c0f00000|100%| O|  |TAMS 0x00000000c0f00000, 0x00000000c0e00000| Untracked 
|  15|0x00000000c0f00000, 0x00000000c0ffffe8, 0x00000000c1000000| 99%| O|  |TAMS 0x00000000c0ffffe8, 0x00000000c0f00000| Untracked 
|  16|0x00000000c1000000, 0x00000000c10ffff8, 0x00000000c1100000| 99%| O|  |TAMS 0x00000000c10ffff8, 0x00000000c1000000| Untracked 
|  17|0x00000000c1100000, 0x00000000c11fdb28, 0x00000000c1200000| 99%| O|  |TAMS 0x00000000c11fdb28, 0x00000000c1100000| Untracked 
|  18|0x00000000c1200000, 0x00000000c12fffe0, 0x00000000c1300000| 99%| O|  |TAMS 0x00000000c12fffe0, 0x00000000c1200000| Untracked 
|  19|0x00000000c1300000, 0x00000000c13fffe8, 0x00000000c1400000| 99%| O|  |TAMS 0x00000000c13fffe8, 0x00000000c1300000| Untracked 
|  20|0x00000000c1400000, 0x00000000c14fffb8, 0x00000000c1500000| 99%| O|  |TAMS 0x00000000c14fffb8, 0x00000000c1400000| Untracked 
|  21|0x00000000c1500000, 0x00000000c15fffe0, 0x00000000c1600000| 99%| O|  |TAMS 0x00000000c15fffe0, 0x00000000c1500000| Untracked 
|  22|0x00000000c1600000, 0x00000000c16fffe8, 0x00000000c1700000| 99%| O|  |TAMS 0x00000000c16fffe8, 0x00000000c1600000| Untracked 
|  23|0x00000000c1700000, 0x00000000c17ffa50, 0x00000000c1800000| 99%| O|  |TAMS 0x00000000c17ffa50, 0x00000000c1700000| Untracked 
|  24|0x00000000c1800000, 0x00000000c18ffeb0, 0x00000000c1900000| 99%| O|  |TAMS 0x00000000c18ffeb0, 0x00000000c1800000| Untracked 
|  25|0x00000000c1900000, 0x00000000c19fffd0, 0x00000000c1a00000| 99%| O|  |TAMS 0x00000000c19fffd0, 0x00000000c1900000| Untracked 
|  26|0x00000000c1a00000, 0x00000000c1afe070, 0x00000000c1b00000| 99%| O|  |TAMS 0x00000000c1afe070, 0x00000000c1a00000| Untracked 
|  27|0x00000000c1b00000, 0x00000000c1bffff0, 0x00000000c1c00000| 99%| O|  |TAMS 0x00000000c1bffff0, 0x00000000c1b00000| Untracked 
|  28|0x00000000c1c00000, 0x00000000c1cfdee8, 0x00000000c1d00000| 99%| O|  |TAMS 0x00000000c1cfdee8, 0x00000000c1c00000| Untracked 
|  29|0x00000000c1d00000, 0x00000000c1dfe490, 0x00000000c1e00000| 99%| O|  |TAMS 0x00000000c1dfe490, 0x00000000c1d00000| Untracked 
|  30|0x00000000c1e00000, 0x00000000c1efffe0, 0x00000000c1f00000| 99%| O|  |TAMS 0x00000000c1efffe0, 0x00000000c1e00000| Untracked 
|  31|0x00000000c1f00000, 0x00000000c2000000, 0x00000000c2000000|100%|HS|  |TAMS 0x00000000c2000000, 0x00000000c1f00000| Untracked 
|  32|0x00000000c2000000, 0x00000000c2100000, 0x00000000c2100000|100%| O|  |TAMS 0x00000000c2100000, 0x00000000c2000000| Untracked 
|  33|0x00000000c2100000, 0x00000000c21e0a30, 0x00000000c2200000| 87%| O|  |TAMS 0x00000000c2100000, 0x00000000c2100000| Untracked 
|  34|0x00000000c2200000, 0x00000000c2279ac8, 0x00000000c2300000| 47%| O|  |TAMS 0x00000000c2200000, 0x00000000c2200000| Untracked 
|  35|0x00000000c2300000, 0x00000000c2300000, 0x00000000c2400000|  0%| F|  |TAMS 0x00000000c2300000, 0x00000000c2300000| Untracked 
|  36|0x00000000c2400000, 0x00000000c2400000, 0x00000000c2500000|  0%| F|  |TAMS 0x00000000c2400000, 0x00000000c2400000| Untracked 
|  37|0x00000000c2500000, 0x00000000c2600000, 0x00000000c2600000|100%| O|  |TAMS 0x00000000c2600000, 0x00000000c2500000| Untracked 
|  38|0x00000000c2600000, 0x00000000c26ffac0, 0x00000000c2700000| 99%| O|  |TAMS 0x00000000c26ffac0, 0x00000000c2600000| Untracked 
|  39|0x00000000c2700000, 0x00000000c2700000, 0x00000000c2800000|  0%| F|  |TAMS 0x00000000c2700000, 0x00000000c2700000| Untracked 
|  40|0x00000000c2800000, 0x00000000c2800000, 0x00000000c2900000|  0%| F|  |TAMS 0x00000000c2800000, 0x00000000c2800000| Untracked 
|  41|0x00000000c2900000, 0x00000000c2900000, 0x00000000c2a00000|  0%| F|  |TAMS 0x00000000c2900000, 0x00000000c2900000| Untracked 
|  42|0x00000000c2a00000, 0x00000000c2a00000, 0x00000000c2b00000|  0%| F|  |TAMS 0x00000000c2a00000, 0x00000000c2a00000| Untracked 
|  43|0x00000000c2b00000, 0x00000000c2b00000, 0x00000000c2c00000|  0%| F|  |TAMS 0x00000000c2b00000, 0x00000000c2b00000| Untracked 
|  44|0x00000000c2c00000, 0x00000000c2c00000, 0x00000000c2d00000|  0%| F|  |TAMS 0x00000000c2c00000, 0x00000000c2c00000| Untracked 
|  45|0x00000000c2d00000, 0x00000000c2d00000, 0x00000000c2e00000|  0%| F|  |TAMS 0x00000000c2d00000, 0x00000000c2d00000| Untracked 
|  46|0x00000000c2e00000, 0x00000000c2e00000, 0x00000000c2f00000|  0%| F|  |TAMS 0x00000000c2e00000, 0x00000000c2e00000| Untracked 
|  47|0x00000000c2f00000, 0x00000000c2f00000, 0x00000000c3000000|  0%| F|  |TAMS 0x00000000c2f00000, 0x00000000c2f00000| Untracked 
|  48|0x00000000c3000000, 0x00000000c3000000, 0x00000000c3100000|  0%| F|  |TAMS 0x00000000c3000000, 0x00000000c3000000| Untracked 
|  49|0x00000000c3100000, 0x00000000c3100000, 0x00000000c3200000|  0%| F|  |TAMS 0x00000000c3100000, 0x00000000c3100000| Untracked 
|  50|0x00000000c3200000, 0x00000000c3200000, 0x00000000c3300000|  0%| F|  |TAMS 0x00000000c3200000, 0x00000000c3200000| Untracked 
|  51|0x00000000c3300000, 0x00000000c3300000, 0x00000000c3400000|  0%| F|  |TAMS 0x00000000c3300000, 0x00000000c3300000| Untracked 
|  52|0x00000000c3400000, 0x00000000c3400000, 0x00000000c3500000|  0%| F|  |TAMS 0x00000000c3400000, 0x00000000c3400000| Untracked 
|  53|0x00000000c3500000, 0x00000000c3500000, 0x00000000c3600000|  0%| F|  |TAMS 0x00000000c3500000, 0x00000000c3500000| Untracked 
|  54|0x00000000c3600000, 0x00000000c3600000, 0x00000000c3700000|  0%| F|  |TAMS 0x00000000c3600000, 0x00000000c3600000| Untracked 
|  55|0x00000000c3700000, 0x00000000c3700000, 0x00000000c3800000|  0%| F|  |TAMS 0x00000000c3700000, 0x00000000c3700000| Untracked 
|  56|0x00000000c3800000, 0x00000000c3800000, 0x00000000c3900000|  0%| F|  |TAMS 0x00000000c3800000, 0x00000000c3800000| Untracked 
|  57|0x00000000c3900000, 0x00000000c3900000, 0x00000000c3a00000|  0%| F|  |TAMS 0x00000000c3900000, 0x00000000c3900000| Untracked 
|  58|0x00000000c3a00000, 0x00000000c3a00000, 0x00000000c3b00000|  0%| F|  |TAMS 0x00000000c3a00000, 0x00000000c3a00000| Untracked 
|  59|0x00000000c3b00000, 0x00000000c3b00000, 0x00000000c3c00000|  0%| F|  |TAMS 0x00000000c3b00000, 0x00000000c3b00000| Untracked 
|  60|0x00000000c3c00000, 0x00000000c3c00000, 0x00000000c3d00000|  0%| F|  |TAMS 0x00000000c3c00000, 0x00000000c3c00000| Untracked 
|  61|0x00000000c3d00000, 0x00000000c3d00000, 0x00000000c3e00000|  0%| F|  |TAMS 0x00000000c3d00000, 0x00000000c3d00000| Untracked 
|  62|0x00000000c3e00000, 0x00000000c3e00000, 0x00000000c3f00000|  0%| F|  |TAMS 0x00000000c3e00000, 0x00000000c3e00000| Untracked 
|  63|0x00000000c3f00000, 0x00000000c3f00000, 0x00000000c4000000|  0%| F|  |TAMS 0x00000000c3f00000, 0x00000000c3f00000| Untracked 
|  64|0x00000000c4000000, 0x00000000c4000000, 0x00000000c4100000|  0%| F|  |TAMS 0x00000000c4000000, 0x00000000c4000000| Untracked 
|  65|0x00000000c4100000, 0x00000000c4100000, 0x00000000c4200000|  0%| F|  |TAMS 0x00000000c4100000, 0x00000000c4100000| Untracked 
|  66|0x00000000c4200000, 0x00000000c4200000, 0x00000000c4300000|  0%| F|  |TAMS 0x00000000c4200000, 0x00000000c4200000| Untracked 
|  67|0x00000000c4300000, 0x00000000c4300000, 0x00000000c4400000|  0%| F|  |TAMS 0x00000000c4300000, 0x00000000c4300000| Untracked 
|  68|0x00000000c4400000, 0x00000000c4400000, 0x00000000c4500000|  0%| F|  |TAMS 0x00000000c4400000, 0x00000000c4400000| Untracked 
|  69|0x00000000c4500000, 0x00000000c4500000, 0x00000000c4600000|  0%| F|  |TAMS 0x00000000c4500000, 0x00000000c4500000| Untracked 
|  70|0x00000000c4600000, 0x00000000c4600000, 0x00000000c4700000|  0%| F|  |TAMS 0x00000000c4600000, 0x00000000c4600000| Untracked 
|  71|0x00000000c4700000, 0x00000000c4700000, 0x00000000c4800000|  0%| F|  |TAMS 0x00000000c4700000, 0x00000000c4700000| Untracked 
|  72|0x00000000c4800000, 0x00000000c4800000, 0x00000000c4900000|  0%| F|  |TAMS 0x00000000c4800000, 0x00000000c4800000| Untracked 
|  73|0x00000000c4900000, 0x00000000c4900000, 0x00000000c4a00000|  0%| F|  |TAMS 0x00000000c4900000, 0x00000000c4900000| Untracked 
|  74|0x00000000c4a00000, 0x00000000c4a00000, 0x00000000c4b00000|  0%| F|  |TAMS 0x00000000c4a00000, 0x00000000c4a00000| Untracked 
|  75|0x00000000c4b00000, 0x00000000c4b00000, 0x00000000c4c00000|  0%| F|  |TAMS 0x00000000c4b00000, 0x00000000c4b00000| Untracked 
|  76|0x00000000c4c00000, 0x00000000c4c00000, 0x00000000c4d00000|  0%| F|  |TAMS 0x00000000c4c00000, 0x00000000c4c00000| Untracked 
|  77|0x00000000c4d00000, 0x00000000c4d00000, 0x00000000c4e00000|  0%| F|  |TAMS 0x00000000c4d00000, 0x00000000c4d00000| Untracked 
|  83|0x00000000c5300000, 0x00000000c5300000, 0x00000000c5400000|  0%| F|  |TAMS 0x00000000c5300000, 0x00000000c5300000| Untracked 
|  84|0x00000000c5400000, 0x00000000c5400000, 0x00000000c5500000|  0%| F|  |TAMS 0x00000000c5400000, 0x00000000c5400000| Untracked 
|  85|0x00000000c5500000, 0x00000000c5500000, 0x00000000c5600000|  0%| F|  |TAMS 0x00000000c5500000, 0x00000000c5500000| Untracked 
|  86|0x00000000c5600000, 0x00000000c5600000, 0x00000000c5700000|  0%| F|  |TAMS 0x00000000c5600000, 0x00000000c5600000| Untracked 
|  87|0x00000000c5700000, 0x00000000c5700000, 0x00000000c5800000|  0%| F|  |TAMS 0x00000000c5700000, 0x00000000c5700000| Untracked 
| 124|0x00000000c7c00000, 0x00000000c7c00000, 0x00000000c7d00000|  0%| F|  |TAMS 0x00000000c7c00000, 0x00000000c7c00000| Untracked 
| 125|0x00000000c7d00000, 0x00000000c7d060e0, 0x00000000c7e00000|  2%| E|  |TAMS 0x00000000c7d00000, 0x00000000c7d00000| Complete 

Card table byte_map: [0x0000022617640000,0x0000022617840000] _byte_map_base: 0x0000022617040000

Marking Bits (Prev, Next): (CMBitMap*) 0x000002260f7343a0, (CMBitMap*) 0x000002260f7343e0
 Prev Bits: [0x0000022617a40000, 0x0000022618a40000)
 Next Bits: [0x0000022618a40000, 0x0000022619a40000)

Polling page: 0x000002260f580000

Metaspace:

Usage:
  Non-class:     47.89 MB used.
      Class:      6.81 MB used.
       Both:     54.69 MB used.

Virtual space:
  Non-class space:       64.00 MB reserved,      48.12 MB ( 75%) committed,  1 nodes.
      Class space:        1.00 GB reserved,       7.00 MB ( <1%) committed,  1 nodes.
             Both:        1.06 GB reserved,      55.12 MB (  5%) committed. 

Chunk freelists:
   Non-Class:  15.73 MB
       Class:  8.92 MB
        Both:  24.65 MB

MaxMetaspaceSize: unlimited
CompressedClassSpaceSize: 1.00 GB
Initial GC threshold: 21.00 MB
Current GC threshold: 91.88 MB
CDS: off
MetaspaceReclaimPolicy: balanced
 - commit_granule_bytes: 65536.
 - commit_granule_words: 8192.
 - virtual_space_node_default_size: 8388608.
 - enlarge_chunks_in_place: 1.
 - new_chunks_are_fully_committed: 0.
 - uncommit_free_chunks: 1.
 - use_allocation_guard: 0.
 - handle_deallocations: 1.


Internal statistics:

num_allocs_failed_limit: 6.
num_arena_births: 808.
num_arena_deaths: 304.
num_vsnodes_births: 2.
num_vsnodes_deaths: 0.
num_space_committed: 882.
num_space_uncommitted: 0.
num_chunks_returned_to_freelist: 357.
num_chunks_taken_from_freelist: 2760.
num_chunk_merges: 107.
num_chunk_splits: 1799.
num_chunks_enlarged: 1345.
num_inconsistent_stats: 0.

CodeCache: size=49152Kb used=19050Kb max_used=20316Kb free=30101Kb
 bounds [0x0000022613b60000, 0x0000022615020000, 0x0000022616b60000]
 total_blobs=10304 nmethods=9662 adapters=567
 compilation: enabled
              stopped_count=0, restarted_count=0
 full_count=0

Compilation events (20 events):
Event: 5305.052 Thread 0x000002261c62f250 9653       1       org.eclipse.jdt.internal.compiler.ast.IfStatement::doesNotCompleteNormally (38 bytes)
Event: 5305.052 Thread 0x000002261c62f250 nmethod 9653 0x0000022614cd2e10 code [0x0000022614cd2fc0, 0x0000022614cd3138]
Event: 5455.676 Thread 0x000002261c62f250 9654       1       org.eclipse.jdt.internal.compiler.codegen.VerificationTypeInfo::<init> (11 bytes)
Event: 5455.676 Thread 0x000002261c62f250 nmethod 9654 0x0000022614cd2a90 code [0x0000022614cd2c20, 0x0000022614cd2d28]
Event: 5539.197 Thread 0x000002261c62f250 9655       1       java.lang.invoke.LambdaForm$MH/0x00000001003b2800::invoke (27 bytes)
Event: 5539.197 Thread 0x000002261c62f250 nmethod 9655 0x0000022614cd2690 code [0x0000022614cd2840, 0x0000022614cd2998]
Event: 5585.026 Thread 0x000002261c62f250 9656       1       java.lang.StringConcatHelper::mix (11 bytes)
Event: 5585.026 Thread 0x000002261c62f250 nmethod 9656 0x0000022614cd2290 code [0x0000022614cd2440, 0x0000022614cd2598]
Event: 5585.026 Thread 0x000002261c62f250 9657       1       java.lang.StringConcatHelper::prepend (22 bytes)
Event: 5585.026 Thread 0x000002261c62f250 nmethod 9657 0x0000022614cd1e90 code [0x0000022614cd2040, 0x0000022614cd21a8]
Event: 5585.026 Thread 0x000002261c62f250 9658       1       java.lang.StringConcatHelper::prepend (30 bytes)
Event: 5585.026 Thread 0x000002261c62f250 nmethod 9658 0x0000022614cd1b10 code [0x0000022614cd1cc0, 0x0000022614cd1df8]
Event: 5676.805 Thread 0x000002261c62f250 9659       1       java.lang.ProcessImpl$2::run (242 bytes)
Event: 5676.806 Thread 0x000002261c62f250 nmethod 9659 0x0000022614cd0090 code [0x0000022614cd0340, 0x0000022614cd10d8]
Event: 5676.806 Thread 0x000002261c62f250 9660       1       java.io.BufferedOutputStream::<init> (9 bytes)
Event: 5676.806 Thread 0x000002261c62f250 nmethod 9660 0x0000022614ccfb10 code [0x0000022614ccfca0, 0x0000022614ccff78]
Event: 5676.806 Thread 0x000002261c62f250 9661       1       java.lang.ProcessImpl::waitFor (136 bytes)
Event: 5676.806 Thread 0x000002261c62f250 nmethod 9661 0x0000022614ccf290 code [0x0000022614ccf4a0, 0x0000022614ccf8b8]
Event: 6084.967 Thread 0x000002261c62f250 9663       1       java.lang.invoke.LambdaForm$MH/0x00000001003bcc00::invoke (75 bytes)
Event: 6084.967 Thread 0x000002261c62f250 nmethod 9663 0x0000022614ccec10 code [0x0000022614ccede0, 0x0000022614ccf068]

GC Heap History (20 events):
Event: 6746.884 GC heap before
{Heap before GC invocations=536 (full 466):
 garbage-first heap   total 87040K, used 37221K [0x00000000c0000000, 0x0000000100000000)
  region size 1024K, 1 young (1024K), 0 survivors (0K)
 Metaspace       used 56006K, committed 56448K, reserved 1114112K
  class space    used 6968K, committed 7168K, reserved 1048576K
}
Event: 6746.909 GC heap after
{Heap after GC invocations=537 (full 467):
 garbage-first heap   total 87040K, used 37221K [0x00000000c0000000, 0x0000000100000000)
  region size 1024K, 0 young (0K), 0 survivors (0K)
 Metaspace       used 56006K, committed 56448K, reserved 1114112K
  class space    used 6968K, committed 7168K, reserved 1048576K
}
Event: 6756.979 GC heap before
{Heap before GC invocations=537 (full 467):
 garbage-first heap   total 87040K, used 37221K [0x00000000c0000000, 0x0000000100000000)
  region size 1024K, 1 young (1024K), 0 survivors (0K)
 Metaspace       used 56006K, committed 56448K, reserved 1114112K
  class space    used 6968K, committed 7168K, reserved 1048576K
}
Event: 6757.005 GC heap after
{Heap after GC invocations=538 (full 468):
 garbage-first heap   total 87040K, used 37221K [0x00000000c0000000, 0x0000000100000000)
  region size 1024K, 0 young (0K), 0 survivors (0K)
 Metaspace       used 56006K, committed 56448K, reserved 1114112K
  class space    used 6968K, committed 7168K, reserved 1048576K
}
Event: 6767.090 GC heap before
{Heap before GC invocations=538 (full 468):
 garbage-first heap   total 87040K, used 37221K [0x00000000c0000000, 0x0000000100000000)
  region size 1024K, 1 young (1024K), 0 survivors (0K)
 Metaspace       used 56006K, committed 56448K, reserved 1114112K
  class space    used 6968K, committed 7168K, reserved 1048576K
}
Event: 6767.115 GC heap after
{Heap after GC invocations=539 (full 469):
 garbage-first heap   total 87040K, used 37221K [0x00000000c0000000, 0x0000000100000000)
  region size 1024K, 0 young (0K), 0 survivors (0K)
 Metaspace       used 56006K, committed 56448K, reserved 1114112K
  class space    used 6968K, committed 7168K, reserved 1048576K
}
Event: 6777.200 GC heap before
{Heap before GC invocations=539 (full 469):
 garbage-first heap   total 87040K, used 37221K [0x00000000c0000000, 0x0000000100000000)
  region size 1024K, 1 young (1024K), 0 survivors (0K)
 Metaspace       used 56006K, committed 56448K, reserved 1114112K
  class space    used 6968K, committed 7168K, reserved 1048576K
}
Event: 6777.227 GC heap after
{Heap after GC invocations=540 (full 470):
 garbage-first heap   total 87040K, used 37221K [0x00000000c0000000, 0x0000000100000000)
  region size 1024K, 0 young (0K), 0 survivors (0K)
 Metaspace       used 56006K, committed 56448K, reserved 1114112K
  class space    used 6968K, committed 7168K, reserved 1048576K
}
Event: 6787.424 GC heap before
{Heap before GC invocations=540 (full 470):
 garbage-first heap   total 87040K, used 37221K [0x00000000c0000000, 0x0000000100000000)
  region size 1024K, 1 young (1024K), 0 survivors (0K)
 Metaspace       used 56006K, committed 56448K, reserved 1114112K
  class space    used 6968K, committed 7168K, reserved 1048576K
}
Event: 6787.471 GC heap after
{Heap after GC invocations=541 (full 471):
 garbage-first heap   total 87040K, used 37221K [0x00000000c0000000, 0x0000000100000000)
  region size 1024K, 0 young (0K), 0 survivors (0K)
 Metaspace       used 56006K, committed 56448K, reserved 1114112K
  class space    used 6968K, committed 7168K, reserved 1048576K
}
Event: 6797.681 GC heap before
{Heap before GC invocations=541 (full 471):
 garbage-first heap   total 87040K, used 37221K [0x00000000c0000000, 0x0000000100000000)
  region size 1024K, 1 young (1024K), 0 survivors (0K)
 Metaspace       used 56006K, committed 56448K, reserved 1114112K
  class space    used 6968K, committed 7168K, reserved 1048576K
}
Event: 6797.723 GC heap after
{Heap after GC invocations=542 (full 472):
 garbage-first heap   total 87040K, used 37221K [0x00000000c0000000, 0x0000000100000000)
  region size 1024K, 0 young (0K), 0 survivors (0K)
 Metaspace       used 56006K, committed 56448K, reserved 1114112K
  class space    used 6968K, committed 7168K, reserved 1048576K
}
Event: 6807.830 GC heap before
{Heap before GC invocations=542 (full 472):
 garbage-first heap   total 87040K, used 37221K [0x00000000c0000000, 0x0000000100000000)
  region size 1024K, 1 young (1024K), 0 survivors (0K)
 Metaspace       used 56006K, committed 56448K, reserved 1114112K
  class space    used 6968K, committed 7168K, reserved 1048576K
}
Event: 6807.869 GC heap after
{Heap after GC invocations=543 (full 473):
 garbage-first heap   total 87040K, used 37221K [0x00000000c0000000, 0x0000000100000000)
  region size 1024K, 0 young (0K), 0 survivors (0K)
 Metaspace       used 56006K, committed 56448K, reserved 1114112K
  class space    used 6968K, committed 7168K, reserved 1048576K
}
Event: 6818.026 GC heap before
{Heap before GC invocations=543 (full 473):
 garbage-first heap   total 87040K, used 37221K [0x00000000c0000000, 0x0000000100000000)
  region size 1024K, 1 young (1024K), 0 survivors (0K)
 Metaspace       used 56006K, committed 56448K, reserved 1114112K
  class space    used 6968K, committed 7168K, reserved 1048576K
}
Event: 6818.074 GC heap after
{Heap after GC invocations=544 (full 474):
 garbage-first heap   total 87040K, used 37221K [0x00000000c0000000, 0x0000000100000000)
  region size 1024K, 0 young (0K), 0 survivors (0K)
 Metaspace       used 56006K, committed 56448K, reserved 1114112K
  class space    used 6968K, committed 7168K, reserved 1048576K
}
Event: 6828.294 GC heap before
{Heap before GC invocations=544 (full 474):
 garbage-first heap   total 87040K, used 37221K [0x00000000c0000000, 0x0000000100000000)
  region size 1024K, 1 young (1024K), 0 survivors (0K)
 Metaspace       used 56006K, committed 56448K, reserved 1114112K
  class space    used 6968K, committed 7168K, reserved 1048576K
}
Event: 6828.340 GC heap after
{Heap after GC invocations=545 (full 475):
 garbage-first heap   total 87040K, used 37221K [0x00000000c0000000, 0x0000000100000000)
  region size 1024K, 0 young (0K), 0 survivors (0K)
 Metaspace       used 56006K, committed 56448K, reserved 1114112K
  class space    used 6968K, committed 7168K, reserved 1048576K
}
Event: 6878.525 GC heap before
{Heap before GC invocations=545 (full 475):
 garbage-first heap   total 87040K, used 38245K [0x00000000c0000000, 0x0000000100000000)
  region size 1024K, 2 young (2048K), 0 survivors (0K)
 Metaspace       used 56006K, committed 56448K, reserved 1114112K
  class space    used 6968K, committed 7168K, reserved 1048576K
}
Event: 6878.581 GC heap after
{Heap after GC invocations=546 (full 476):
 garbage-first heap   total 87040K, used 37189K [0x00000000c0000000, 0x0000000100000000)
  region size 1024K, 0 young (0K), 0 survivors (0K)
 Metaspace       used 56006K, committed 56448K, reserved 1114112K
  class space    used 6968K, committed 7168K, reserved 1048576K
}

Dll operation events (9 events):
Event: 0.015 Loaded shared library c:\Users\Admin\.vscode\extensions\redhat.java-1.32.0-win32-x64\jre\17.0.11-win32-x86_64\bin\java.dll
Event: 0.551 Loaded shared library C:\Users\Admin\.vscode\extensions\redhat.java-1.32.0-win32-x64\jre\17.0.11-win32-x86_64\bin\net.dll
Event: 0.554 Loaded shared library C:\Users\Admin\.vscode\extensions\redhat.java-1.32.0-win32-x64\jre\17.0.11-win32-x86_64\bin\nio.dll
Event: 0.566 Loaded shared library C:\Users\Admin\.vscode\extensions\redhat.java-1.32.0-win32-x64\jre\17.0.11-win32-x86_64\bin\zip.dll
Event: 1.236 Loaded shared library C:\Users\Admin\.vscode\extensions\redhat.java-1.32.0-win32-x64\jre\17.0.11-win32-x86_64\bin\jimage.dll
Event: 3.876 Loaded shared library c:\Users\Admin\.vscode\extensions\redhat.java-1.32.0-win32-x64\jre\17.0.11-win32-x86_64\bin\verify.dll
Event: 6.257 Loaded shared library C:\Users\Admin\.vscode\extensions\redhat.java-1.32.0-win32-x64\jre\17.0.11-win32-x86_64\bin\management.dll
Event: 6.260 Loaded shared library C:\Users\Admin\.vscode\extensions\redhat.java-1.32.0-win32-x64\jre\17.0.11-win32-x86_64\bin\management_ext.dll
Event: 7.428 Loaded shared library C:\Users\Admin\.vscode\extensions\redhat.java-1.32.0-win32-x64\jre\17.0.11-win32-x86_64\bin\sunmscapi.dll

Deoptimization events (20 events):
Event: 82.168 Thread 0x00000226223be820 DEOPT PACKING pc=0x0000022614207bd4 sp=0x000000e97e8ff150
Event: 82.168 Thread 0x00000226223be820 DEOPT UNPACKING pc=0x0000022613bb7143 sp=0x000000e97e8fe5f8 mode 0
Event: 92.273 Thread 0x0000022622432880 DEOPT PACKING pc=0x000002261440650c sp=0x000000e97eefe3c0
Event: 92.273 Thread 0x0000022622432880 DEOPT UNPACKING pc=0x0000022613bb7143 sp=0x000000e97eefd928 mode 0
Event: 92.273 Thread 0x0000022622432880 DEOPT PACKING pc=0x000002261459554c sp=0x000000e97eefe4f0
Event: 92.273 Thread 0x0000022622432880 DEOPT UNPACKING pc=0x0000022613bb7143 sp=0x000000e97eefd9d0 mode 0
Event: 92.273 Thread 0x0000022622432880 DEOPT PACKING pc=0x000002261440650c sp=0x000000e97eefe620
Event: 92.273 Thread 0x0000022622432880 DEOPT UNPACKING pc=0x0000022613bb7143 sp=0x000000e97eefdb88 mode 0
Event: 92.273 Thread 0x0000022622432880 DEOPT PACKING pc=0x000002261459554c sp=0x000000e97eefe750
Event: 92.273 Thread 0x0000022622432880 DEOPT UNPACKING pc=0x0000022613bb7143 sp=0x000000e97eefdc48 mode 0
Event: 92.278 Thread 0x0000022622432880 DEOPT PACKING pc=0x000002261440650c sp=0x000000e97eefeac0
Event: 92.278 Thread 0x0000022622432880 DEOPT UNPACKING pc=0x0000022613bb7143 sp=0x000000e97eefe028 mode 0
Event: 92.278 Thread 0x0000022622432880 DEOPT PACKING pc=0x000002261459554c sp=0x000000e97eefebf0
Event: 92.278 Thread 0x0000022622432880 DEOPT UNPACKING pc=0x0000022613bb7143 sp=0x000000e97eefe0e8 mode 0
Event: 1922.341 Thread 0x00000226224faeb0 DEOPT PACKING pc=0x00000226149cfd4c sp=0x000000e97e0fea20
Event: 1922.341 Thread 0x00000226224faeb0 DEOPT UNPACKING pc=0x0000022613bb7143 sp=0x000000e97e0fdfc0 mode 0
Event: 5128.099 Thread 0x00000226224f8120 DEOPT PACKING pc=0x000002261462f6a6 sp=0x000000e97c6fe450
Event: 5128.099 Thread 0x00000226224f8120 DEOPT UNPACKING pc=0x0000022613bb7143 sp=0x000000e97c6fd9d8 mode 0
Event: 5139.659 Thread 0x00000226224ff590 DEOPT PACKING pc=0x00000226145f32d4 sp=0x000000e97f8fdc60
Event: 5139.659 Thread 0x00000226224ff590 DEOPT UNPACKING pc=0x0000022613bb7143 sp=0x000000e97f8fd130 mode 0

Classes unloaded (20 events):
Event: 4984.943 Thread 0x000002261c4c7910 Unloading class 0x00000001006fc000 'jdk/internal/reflect/GeneratedMethodAccessor24'
Event: 4984.943 Thread 0x000002261c4c7910 Unloading class 0x00000001006fe400 'jdk/internal/reflect/GeneratedConstructorAccessor48'
Event: 4984.943 Thread 0x000002261c4c7910 Unloading class 0x00000001006fe000 'jdk/internal/reflect/GeneratedMethodAccessor23'
Event: 4984.943 Thread 0x000002261c4c7910 Unloading class 0x0000000100700400 'jdk/internal/reflect/GeneratedConstructorAccessor47'
Event: 4984.943 Thread 0x000002261c4c7910 Unloading class 0x0000000100700000 'jdk/internal/reflect/GeneratedMethodAccessor22'
Event: 4984.943 Thread 0x000002261c4c7910 Unloading class 0x00000001006fdc00 'jdk/internal/reflect/GeneratedMethodAccessor21'
Event: 4984.943 Thread 0x000002261c4c7910 Unloading class 0x0000000100700800 'jdk/internal/reflect/GeneratedMethodAccessor20'
Event: 5217.213 Thread 0x000002261c4c7910 Unloading class 0x0000000100700000 'java/lang/invoke/LambdaForm$MH+0x0000000100700000'
Event: 5217.213 Thread 0x000002261c4c7910 Unloading class 0x00000001006fe400 'java/lang/invoke/LambdaForm$MH+0x00000001006fe400'
Event: 5217.213 Thread 0x000002261c4c7910 Unloading class 0x00000001006fe000 'java/lang/invoke/LambdaForm$MH+0x00000001006fe000'
Event: 5217.213 Thread 0x000002261c4c7910 Unloading class 0x0000000100700800 'java/lang/invoke/LambdaForm$MH+0x0000000100700800'
Event: 5217.213 Thread 0x000002261c4c7910 Unloading class 0x00000001006fdc00 'java/lang/invoke/LambdaForm$MH+0x00000001006fdc00'
Event: 5217.213 Thread 0x000002261c4c7910 Unloading class 0x00000001006fc000 'java/lang/invoke/LambdaForm$MH+0x00000001006fc000'
Event: 5365.629 Thread 0x000002261c4c7910 Unloading class 0x0000000100715800 'jdk/internal/reflect/GeneratedMethodAccessor30'
Event: 5365.629 Thread 0x000002261c4c7910 Unloading class 0x0000000100715400 'jdk/internal/reflect/GeneratedConstructorAccessor52'
Event: 5365.629 Thread 0x000002261c4c7910 Unloading class 0x0000000100715000 'jdk/internal/reflect/GeneratedMethodAccessor29'
Event: 5365.629 Thread 0x000002261c4c7910 Unloading class 0x0000000100714c00 'jdk/internal/reflect/GeneratedConstructorAccessor51'
Event: 5365.629 Thread 0x000002261c4c7910 Unloading class 0x0000000100714800 'jdk/internal/reflect/GeneratedMethodAccessor28'
Event: 5365.629 Thread 0x000002261c4c7910 Unloading class 0x0000000100714400 'jdk/internal/reflect/GeneratedMethodAccessor27'
Event: 5365.629 Thread 0x000002261c4c7910 Unloading class 0x0000000100714000 'jdk/internal/reflect/GeneratedMethodAccessor26'

Classes redefined (0 events):
No events

Internal exceptions (20 events):
Event: 6.881 Thread 0x0000022622432880 Exception <a 'sun/nio/fs/WindowsException'{0x00000000c430a100}> (0x00000000c430a100) 
thrown [s\src\hotspot\share\prims\jni.cpp, line 516]
Event: 6.881 Thread 0x0000022622432880 Exception <a 'sun/nio/fs/WindowsException'{0x00000000c430aba8}> (0x00000000c430aba8) 
thrown [s\src\hotspot\share\prims\jni.cpp, line 516]
Event: 6.881 Thread 0x0000022622432880 Exception <a 'sun/nio/fs/WindowsException'{0x00000000c430b750}> (0x00000000c430b750) 
thrown [s\src\hotspot\share\prims\jni.cpp, line 516]
Event: 6.881 Thread 0x0000022622432880 Exception <a 'sun/nio/fs/WindowsException'{0x00000000c430c360}> (0x00000000c430c360) 
thrown [s\src\hotspot\share\prims\jni.cpp, line 516]
Event: 7.106 Thread 0x0000022622432370 Exception <a 'java/lang/NoSuchMethodError'{0x00000000c37263f8}: 'java.lang.Object java.lang.invoke.Invokers$Holder.invoke_MT(java.lang.Object, java.lang.Object, java.lang.Object)'> (0x00000000c37263f8) 
thrown [s\src\hotspot\share\interpreter\linkResolver.cpp, line 759]
Event: 7.274 Thread 0x00000226224f7c10 Exception <a 'java/lang/NoSuchMethodError'{0x00000000c4298898}: 'java.lang.Object java.lang.invoke.DirectMethodHandle$Holder.newInvokeSpecial(java.lang.Object, java.lang.Object, java.lang.Object, java.lang.Object, java.lang.Object, long)'> (0x00000000c4298898) 
thrown [s\src\hotspot\share\interpreter\linkResolver.cpp, line 759]
Event: 7.275 Thread 0x00000226224f7c10 Exception <a 'java/lang/NoSuchMethodError'{0x00000000c429cf08}: 'java.lang.Object java.lang.invoke.DirectMethodHandle$Holder.invokeSpecial(java.lang.Object, java.lang.Object, java.lang.Object, java.lang.Object, java.lang.Object, java.lang.Object, long)'> (0x00000000c429cf08) 
thrown [s\src\hotspot\share\interpreter\linkResolver.cpp, line 759]
Event: 7.296 Thread 0x00000226224f9560 Exception <a 'java/lang/NoSuchMethodError'{0x00000000c4073e90}: 'void java.lang.invoke.DirectMethodHandle$Holder.invokeVirtual(java.lang.Object, java.lang.Object, java.lang.Object, java.lang.Object)'> (0x00000000c4073e90) 
thrown [s\src\hotspot\share\interpreter\linkResolver.cpp, line 759]
Event: 7.379 Thread 0x00000226224f9560 Exception <a 'java/lang/NoSuchMethodError'{0x00000000c3785fc0}: 'java.lang.Object java.lang.invoke.DirectMethodHandle$Holder.invokeStatic(java.lang.Object, java.lang.Object, int, java.lang.Object)'> (0x00000000c3785fc0) 
thrown [s\src\hotspot\share\interpreter\linkResolver.cpp, line 759]
Event: 7.379 Thread 0x00000226224f9560 Exception <a 'java/lang/NoSuchMethodError'{0x00000000c378c3a0}: 'java.lang.Object java.lang.invoke.DirectMethodHandle$Holder.newInvokeSpecial(java.lang.Object, java.lang.Object, int)'> (0x00000000c378c3a0) 
thrown [s\src\hotspot\share\interpreter\linkResolver.cpp, line 759]
Event: 7.464 Thread 0x00000226224f9560 Exception <a 'sun/nio/fs/WindowsException'{0x00000000c42a2cc0}> (0x00000000c42a2cc0) 
thrown [s\src\hotspot\share\prims\jni.cpp, line 516]
Event: 7.488 Thread 0x0000022622432370 Exception <a 'java/lang/IncompatibleClassChangeError'{0x00000000c408b558}: Found class java.lang.Object, but interface was expected> (0x00000000c408b558) 
thrown [s\src\hotspot\share\interpreter\linkResolver.cpp, line 826]
Event: 7.530 Thread 0x0000022622432370 Exception <a 'java/lang/NoSuchMethodError'{0x00000000c4df7d38}: 'int java.lang.invoke.DirectMethodHandle$Holder.invokeSpecialIFC(java.lang.Object, java.lang.Object, java.lang.Object)'> (0x00000000c4df7d38) 
thrown [s\src\hotspot\share\interpreter\linkResolver.cpp, line 759]
Event: 7.563 Thread 0x00000226224f9560 Exception <a 'java/net/UnknownHostException'{0x00000000c48c1498}> (0x00000000c48c1498) 
thrown [s\src\hotspot\share\prims\jni.cpp, line 516]
Event: 7.636 Thread 0x0000022622432370 Exception <a 'java/lang/NoSuchMethodError'{0x00000000c7d9c460}: 'int java.lang.invoke.DirectMethodHandle$Holder.invokeStatic(java.lang.Object, int, java.lang.Object)'> (0x00000000c7d9c460) 
thrown [s\src\hotspot\share\interpreter\linkResolver.cpp, line 759]
Event: 7.717 Thread 0x0000022622433cc0 Exception <a 'java/lang/NoSuchMethodError'{0x00000000c53dde30}: 'void java.lang.invoke.DirectMethodHandle$Holder.invokeStatic(java.lang.Object, java.lang.Object, java.lang.Object, java.lang.Object, java.lang.Object, java.lang.Object, java.lang.Object)'> (0x00000000c53dde30) 
thrown [s\src\hotspot\share\interpreter\linkResolver.cpp, line 759]
Event: 46.289 Thread 0x00000226216e8e00 Exception <a 'java/lang/NoSuchMethodError'{0x00000000c49c6c60}: 'void java.lang.invoke.DirectMethodHandle$Holder.invokeStatic(java.lang.Object, long)'> (0x00000000c49c6c60) 
thrown [s\src\hotspot\share\interpreter\linkResolver.cpp, line 759]
Event: 46.290 Thread 0x00000226216e8e00 Exception <a 'java/lang/NoSuchMethodError'{0x00000000c49cc010}: 'java.lang.Object java.lang.invoke.DirectMethodHandle$Holder.newInvokeSpecial(java.lang.Object, long)'> (0x00000000c49cc010) 
thrown [s\src\hotspot\share\interpreter\linkResolver.cpp, line 759]
Event: 1910.181 Thread 0x00000226224fdc40 Exception <a 'java/lang/NoSuchMethodError'{0x00000000c7cf8810}: 'java.lang.Object java.lang.invoke.DirectMethodHandle$Holder.newInvokeSpecial(java.lang.Object, java.lang.Object, int, java.lang.Object)'> (0x00000000c7cf8810) 
thrown [s\src\hotspot\share\interpreter\linkResolver.cpp, line 759]
Event: 1910.182 Thread 0x00000226224fdc40 Exception <a 'java/lang/NoSuchMethodError'{0x00000000c7cfc130}: 'java.lang.Object java.lang.invoke.Invokers$Holder.linkToTargetMethod(java.lang.Object, int, java.lang.Object, java.lang.Object)'> (0x00000000c7cfc130) 
thrown [s\src\hotspot\share\interpreter\linkResolver.cpp, line 759]

VM Operations (20 events):
Event: 6746.909 Executing VM operation: G1CollectFull done
Event: 6756.979 Executing VM operation: G1CollectFull
Event: 6757.005 Executing VM operation: G1CollectFull done
Event: 6767.090 Executing VM operation: G1CollectFull
Event: 6767.116 Executing VM operation: G1CollectFull done
Event: 6777.200 Executing VM operation: G1CollectFull
Event: 6777.227 Executing VM operation: G1CollectFull done
Event: 6787.424 Executing VM operation: G1CollectFull
Event: 6787.472 Executing VM operation: G1CollectFull done
Event: 6797.681 Executing VM operation: G1CollectFull
Event: 6797.723 Executing VM operation: G1CollectFull done
Event: 6807.830 Executing VM operation: G1CollectFull
Event: 6807.869 Executing VM operation: G1CollectFull done
Event: 6818.026 Executing VM operation: G1CollectFull
Event: 6818.074 Executing VM operation: G1CollectFull done
Event: 6828.294 Executing VM operation: G1CollectFull
Event: 6828.340 Executing VM operation: G1CollectFull done
Event: 6878.525 Executing VM operation: G1CollectFull
Event: 6878.581 Executing VM operation: G1CollectFull done
Event: 6888.639 Executing VM operation: G1CollectFull

Events (20 events):
Event: 5645.062 Thread 0x00000226224fa490 Thread exited: 0x00000226224fa490
Event: 5645.349 Thread 0x00000226224faeb0 Thread exited: 0x00000226224faeb0
Event: 5645.753 Thread 0x00000226224f9560 Thread exited: 0x00000226224f9560
Event: 5645.753 Thread 0x00000226224fc800 Thread exited: 0x00000226224fc800
Event: 5665.814 Thread 0x00000226224fe150 Thread exited: 0x00000226224fe150
Event: 5705.766 Thread 0x00000226224fd730 Thread exited: 0x00000226224fd730
Event: 5821.004 Thread 0x00000226224f8b40 Thread added: 0x00000226224f8b40
Event: 5881.020 Thread 0x00000226224f8b40 Thread exited: 0x00000226224f8b40
Event: 5961.413 Thread 0x00000226224fa490 Thread added: 0x00000226224fa490
Event: 6166.379 Thread 0x00000226224fa490 Thread exited: 0x00000226224fa490
Event: 6534.685 Thread 0x00000226224ff590 Thread added: 0x00000226224ff590
Event: 6534.686 Thread 0x00000226224fc800 Thread added: 0x00000226224fc800
Event: 6534.686 Thread 0x00000226224fcd10 Thread added: 0x00000226224fcd10
Event: 6534.686 Thread 0x00000226224fb3c0 Thread added: 0x00000226224fb3c0
Event: 6594.696 Thread 0x00000226224fb3c0 Thread exited: 0x00000226224fb3c0
Event: 6594.696 Thread 0x00000226224fcd10 Thread exited: 0x00000226224fcd10
Event: 6595.447 Thread 0x00000226224ff590 Thread exited: 0x00000226224ff590
Event: 6601.121 Thread 0x00000226224fc800 Thread exited: 0x00000226224fc800
Event: 6833.112 Thread 0x00000226224f8b40 Thread added: 0x00000226224f8b40
Event: 6833.113 Thread 0x00000226224fe150 Thread added: 0x00000226224fe150


Dynamic libraries:
0x00007ff79f400000 - 0x00007ff79f40e000 	c:\Users\Admin\.vscode\extensions\redhat.java-1.32.0-win32-x64\jre\17.0.11-win32-x86_64\bin\java.exe
0x00007ffab11d0000 - 0x00007ffab13c5000 	C:\Windows\SYSTEM32\ntdll.dll
0x00007ffab0b40000 - 0x00007ffab0bfe000 	C:\Windows\System32\KERNEL32.DLL
0x00007ffaaecc0000 - 0x00007ffaaef88000 	C:\Windows\System32\KERNELBASE.dll
0x00007ffaaefc0000 - 0x00007ffaaf0c0000 	C:\Windows\System32\ucrtbase.dll
0x00007ffa974c0000 - 0x00007ffa974db000 	c:\Users\Admin\.vscode\extensions\redhat.java-1.32.0-win32-x64\jre\17.0.11-win32-x86_64\bin\VCRUNTIME140.dll
0x00007ffaa4e80000 - 0x00007ffaa4e97000 	c:\Users\Admin\.vscode\extensions\redhat.java-1.32.0-win32-x64\jre\17.0.11-win32-x86_64\bin\jli.dll
0x00007ffaaf6b0000 - 0x00007ffaaf850000 	C:\Windows\System32\USER32.dll
0x00007ffaaef90000 - 0x00007ffaaefb2000 	C:\Windows\System32\win32u.dll
0x00007ffa97f00000 - 0x00007ffa9819a000 	C:\Windows\WinSxS\amd64_microsoft.windows.common-controls_6595b64144ccf1df_6.0.19041.1110_none_60b5254171f9507e\COMCTL32.dll
0x00007ffab0aa0000 - 0x00007ffab0b3e000 	C:\Windows\System32\msvcrt.dll
0x00007ffab1100000 - 0x00007ffab112b000 	C:\Windows\System32\GDI32.dll
0x00007ffaae930000 - 0x00007ffaaea3d000 	C:\Windows\System32\gdi32full.dll
0x00007ffaaeb90000 - 0x00007ffaaec2d000 	C:\Windows\System32\msvcp_win.dll
0x00007ffaafc20000 - 0x00007ffaafc50000 	C:\Windows\System32\IMM32.DLL
0x00007ffaa2e60000 - 0x00007ffaa2e6c000 	c:\Users\Admin\.vscode\extensions\redhat.java-1.32.0-win32-x64\jre\17.0.11-win32-x86_64\bin\vcruntime140_1.dll
0x00007ffa5cad0000 - 0x00007ffa5cb5d000 	c:\Users\Admin\.vscode\extensions\redhat.java-1.32.0-win32-x64\jre\17.0.11-win32-x86_64\bin\msvcp140.dll
0x00007ffa56c70000 - 0x00007ffa578d2000 	c:\Users\Admin\.vscode\extensions\redhat.java-1.32.0-win32-x64\jre\17.0.11-win32-x86_64\bin\server\jvm.dll
0x00007ffaaf2d0000 - 0x00007ffaaf37e000 	C:\Windows\System32\ADVAPI32.dll
0x00007ffaaf380000 - 0x00007ffaaf41c000 	C:\Windows\System32\sechost.dll
0x00007ffaaf930000 - 0x00007ffaafa55000 	C:\Windows\System32\RPCRT4.dll
0x00007ffaade50000 - 0x00007ffaade9b000 	C:\Windows\SYSTEM32\POWRPROF.dll
0x00007ffaa6ed0000 - 0x00007ffaa6ed9000 	C:\Windows\SYSTEM32\WSOCK32.dll
0x00007ffaafe00000 - 0x00007ffaafe6b000 	C:\Windows\System32\WS2_32.dll
0x00007ffa98350000 - 0x00007ffa98377000 	C:\Windows\SYSTEM32\WINMM.dll
0x00007ffaa4410000 - 0x00007ffaa441a000 	C:\Windows\SYSTEM32\VERSION.dll
0x00007ffaadd10000 - 0x00007ffaadd22000 	C:\Windows\SYSTEM32\UMPDC.dll
0x00007ffaac7b0000 - 0x00007ffaac7c2000 	C:\Windows\SYSTEM32\kernel.appcore.dll
0x00007ffa9bc00000 - 0x00007ffa9bc0a000 	c:\Users\Admin\.vscode\extensions\redhat.java-1.32.0-win32-x64\jre\17.0.11-win32-x86_64\bin\jimage.dll
0x00007ffaac080000 - 0x00007ffaac264000 	C:\Windows\SYSTEM32\DBGHELP.DLL
0x00007ffa9cfe0000 - 0x00007ffa9d00c000 	C:\Windows\SYSTEM32\dbgcore.DLL
0x00007ffaaec30000 - 0x00007ffaaecb2000 	C:\Windows\System32\bcryptPrimitives.dll
0x00007ffa7ae00000 - 0x00007ffa7ae25000 	c:\Users\Admin\.vscode\extensions\redhat.java-1.32.0-win32-x64\jre\17.0.11-win32-x86_64\bin\java.dll
0x00007ffa973f0000 - 0x00007ffa97408000 	c:\Users\Admin\.vscode\extensions\redhat.java-1.32.0-win32-x64\jre\17.0.11-win32-x86_64\bin\zip.dll
0x00007ffaaff70000 - 0x00007ffab06b4000 	C:\Windows\System32\SHELL32.dll
0x00007ffaac9d0000 - 0x00007ffaad164000 	C:\Windows\SYSTEM32\windows.storage.dll
0x00007ffab0740000 - 0x00007ffab0a95000 	C:\Windows\System32\combase.dll
0x00007ffaae330000 - 0x00007ffaae35e000 	C:\Windows\SYSTEM32\Wldp.dll
0x00007ffaaf5a0000 - 0x00007ffaaf64d000 	C:\Windows\System32\SHCORE.dll
0x00007ffab1130000 - 0x00007ffab1185000 	C:\Windows\System32\shlwapi.dll
0x00007ffaae820000 - 0x00007ffaae83f000 	C:\Windows\SYSTEM32\profapi.dll
0x00007ffa806e0000 - 0x00007ffa806f9000 	C:\Users\Admin\.vscode\extensions\redhat.java-1.32.0-win32-x64\jre\17.0.11-win32-x86_64\bin\net.dll
0x00007ffaa60d0000 - 0x00007ffaa61dc000 	C:\Windows\SYSTEM32\WINHTTP.dll
0x00007ffaae090000 - 0x00007ffaae0fa000 	C:\Windows\system32\mswsock.dll
0x00007ffa75c40000 - 0x00007ffa75c56000 	C:\Users\Admin\.vscode\extensions\redhat.java-1.32.0-win32-x64\jre\17.0.11-win32-x86_64\bin\nio.dll
0x00007ffa973b0000 - 0x00007ffa973c0000 	c:\Users\Admin\.vscode\extensions\redhat.java-1.32.0-win32-x64\jre\17.0.11-win32-x86_64\bin\verify.dll
0x00007ffaae280000 - 0x00007ffaae298000 	C:\Windows\SYSTEM32\CRYPTSP.dll
0x00007ffaad9a0000 - 0x00007ffaad9d4000 	C:\Windows\system32\rsaenh.dll
0x00007ffaaea40000 - 0x00007ffaaea67000 	C:\Windows\System32\bcrypt.dll
0x00007ffaae7a0000 - 0x00007ffaae7ce000 	C:\Windows\SYSTEM32\USERENV.dll
0x00007ffaae2a0000 - 0x00007ffaae2ac000 	C:\Windows\SYSTEM32\CRYPTBASE.dll
0x00007ffaadd30000 - 0x00007ffaadd6b000 	C:\Windows\SYSTEM32\IPHLPAPI.DLL
0x00007ffab0730000 - 0x00007ffab0738000 	C:\Windows\System32\NSI.dll
0x00007ffaa2490000 - 0x00007ffaa24a7000 	C:\Windows\SYSTEM32\dhcpcsvc6.DLL
0x00007ffaa27c0000 - 0x00007ffaa27dd000 	C:\Windows\SYSTEM32\dhcpcsvc.DLL
0x00007ffaadd80000 - 0x00007ffaade4b000 	C:\Windows\SYSTEM32\DNSAPI.dll
0x00007ffa91bf0000 - 0x00007ffa91bf9000 	C:\Users\Admin\.vscode\extensions\redhat.java-1.32.0-win32-x64\jre\17.0.11-win32-x86_64\bin\management.dll
0x00007ffa8db00000 - 0x00007ffa8db0b000 	C:\Users\Admin\.vscode\extensions\redhat.java-1.32.0-win32-x64\jre\17.0.11-win32-x86_64\bin\management_ext.dll
0x00007ffab06c0000 - 0x00007ffab06c8000 	C:\Windows\System32\PSAPI.DLL
0x00007ffa92440000 - 0x00007ffa9244e000 	C:\Users\Admin\.vscode\extensions\redhat.java-1.32.0-win32-x64\jre\17.0.11-win32-x86_64\bin\sunmscapi.dll
0x00007ffaaf0c0000 - 0x00007ffaaf216000 	C:\Windows\System32\CRYPT32.dll
0x00007ffaae3a0000 - 0x00007ffaae3c7000 	C:\Windows\SYSTEM32\ncrypt.dll
0x00007ffaae360000 - 0x00007ffaae39b000 	C:\Windows\SYSTEM32\NTASN1.dll
0x00007ffaa2670000 - 0x00007ffaa267a000 	C:\Windows\System32\rasadhlp.dll

dbghelp: loaded successfully - version: 4.0.5 - missing functions: none
symbol engine: initialized successfully - sym options: 0x614 - pdb path: .;c:\Users\Admin\.vscode\extensions\redhat.java-1.32.0-win32-x64\jre\17.0.11-win32-x86_64\bin;C:\Windows\SYSTEM32;C:\Windows\WinSxS\amd64_microsoft.windows.common-controls_6595b64144ccf1df_6.0.19041.1110_none_60b5254171f9507e;c:\Users\Admin\.vscode\extensions\redhat.java-1.32.0-win32-x64\jre\17.0.11-win32-x86_64\bin\server

VM Arguments:
jvm_args: -Xmx1024m -Dsts.lsp.client=vscode -Dsts.log.file=/dev/null -XX:TieredStopAtLevel=1 -Xlog:jni+resolve=off -Dspring.config.location=file:c:\Users\Admin\.vscode\extensions\vmware.vscode-spring-boot-1.55.1\language-server\BOOT-INF\classes\application.properties 
java_command: org.springframework.ide.vscode.boot.app.BootLanguageServerBootApp
java_class_path (initial): c:\Users\Admin\.vscode\extensions\vmware.vscode-spring-boot-1.55.1\language-server\BOOT-INF\classes;c:\Users\Admin\.vscode\extensions\vmware.vscode-spring-boot-1.55.1\language-server\BOOT-INF\lib\annotations-24.1.0.jar;c:\Users\Admin\.vscode\extensions\vmware.vscode-spring-boot-1.55.1\language-server\BOOT-INF\lib\antlr4-runtime-4.13.1.jar;c:\Users\Admin\.vscode\extensions\vmware.vscode-spring-boot-1.55.1\language-server\BOOT-INF\lib\asm-9.7.jar;c:\Users\Admin\.vscode\extensions\vmware.vscode-spring-boot-1.55.1\language-server\BOOT-INF\lib\asm-analysis-9.7.jar;c:\Users\Admin\.vscode\extensions\vmware.vscode-spring-boot-1.55.1\language-server\BOOT-INF\lib\asm-tree-9.7.jar;c:\Users\Admin\.vscode\extensions\vmware.vscode-spring-boot-1.55.1\language-server\BOOT-INF\lib\asm-util-9.7.jar;c:\Users\Admin\.vscode\extensions\vmware.vscode-spring-boot-1.55.1\language-server\BOOT-INF\lib\caffeine-3.1.8.jar;c:\Users\Admin\.vscode\extensions\vmware.vscode-spring-boot-1.55.1\language-server\BOOT-INF\lib\checker-qual-3.12.0.jar;c:\Users\Admin\.vscode\extensions\vmware.vscode-spring-boot-1.55.1\language-server\BOOT-INF\lib\classgraph-4.8.149.jar;c:\Users\Admin\.vscode\extensions\vmware.vscode-spring-boot-1.55.1\language-server\BOOT-INF\lib\commons-codec-1.16.1.jar;c:\Users\Admin\.vscode\extensions\vmware.vscode-spring-boot-1.55.1\language-server\BOOT-INF\lib\commons-compress-1.26.1.jar;c:\Users\Admin\.vscode\extensions\vmware.vscode-spring-boot-1.55.1\language-server\BOOT-INF\lib\commons-io-2.16.1.jar;c:\Users\Admin\.vscode\extensions\vmware.vscode-spring-boot-1.55.1\language-server\BOOT-INF\lib\commons-java-1.55.1-SNAPSHOT.jar;c:\Users\Admin\.vscode\extensions\vmware.vscode-spring-boot-1.55.1\language-server\BOOT-INF\lib\commons-lang3-3.14.0.jar;c:\Users\Admin\.vscode\extensions\vmware.vscode-spring-boot-1.55.1\language-server\BOOT-INF\lib\commons-language-server-1.55.1-SNAPSHOT.jar;c:\Users\Admin\.vscode\extensions\vmware.vscode-spring-boot-1.55.1\langu
Launcher Type: SUN_STANDARD

[Global flags]
     intx CICompilerCount                          = 4                                         {product} {ergonomic}
     uint ConcGCThreads                            = 2                                         {product} {ergonomic}
     uint G1ConcRefinementThreads                  = 8                                         {product} {ergonomic}
   size_t G1HeapRegionSize                         = 1048576                                   {product} {ergonomic}
    uintx GCDrainStackTargetSize                   = 64                                        {product} {ergonomic}
   size_t InitialHeapSize                          = 132120576                                 {product} {ergonomic}
   size_t MarkStackSize                            = 4194304                                   {product} {ergonomic}
   size_t MaxHeapSize                              = 1073741824                                {product} {command line}
   size_t MaxNewSize                               = 643825664                                 {product} {ergonomic}
   size_t MinHeapDeltaBytes                        = 1048576                                   {product} {ergonomic}
   size_t MinHeapSize                              = 8388608                                   {product} {ergonomic}
    uintx NonProfiledCodeHeapSize                  = 0                                      {pd product} {ergonomic}
     bool ProfileInterpreter                       = false                                  {pd product} {command line}
    uintx ProfiledCodeHeapSize                     = 0                                      {pd product} {ergonomic}
   size_t SoftMaxHeapSize                          = 1073741824                             {manageable} {ergonomic}
     intx TieredStopAtLevel                        = 1                                         {product} {command line}
     bool UseCompressedClassPointers               = true                           {product lp64_product} {ergonomic}
     bool UseCompressedOops                        = true                           {product lp64_product} {ergonomic}
     bool UseG1GC                                  = true                                      {product} {ergonomic}
     bool UseLargePagesIndividualAllocation        = false                                  {pd product} {ergonomic}

Logging:
Log output configuration:
 #0: stdout all=warning,jni+resolve=off uptime,level,tags
 #1: stderr all=off uptime,level,tags

Environment Variables:
JAVA_HOME=C:\Program Files\Java\jdk-17
PATH=C:\Program Files\Common Files\Oracle\Java\javapath;C:\Windows\system32;C:\Windows;C:\Windows\System32\Wbem;C:\Windows\System32\WindowsPowerShell\v1.0\;C:\Windows\System32\OpenSSH\;C:\Program Files\Git\cmd;C:\Program Files\MySQL\MySQL Server 8.0\bin;C:\Program Files\MySQL\MySQL Shell 8.0\bin\;C:\Users\Admin\AppData\Local\Microsoft\WindowsApps;C:\Users\Admin\AppData\Local\Programs\Microsoft VS Code\bin
USERNAME=Admin
OS=Windows_NT
PROCESSOR_IDENTIFIER=Intel64 Family 6 Model 165 Stepping 2, GenuineIntel
TMP=C:\Users\Admin\AppData\Local\Temp
TEMP=C:\Users\Admin\AppData\Local\Temp



Periodic native trim disabled


---------------  S Y S T E M  ---------------

OS:
 Windows 10 , 64 bit Build 19041 (10.0.19041.1503)
OS uptime: 10 days 13:13 hours

CPU: total 8 (initial active 8) (4 cores per cpu, 2 threads per core) family 6 model 165 stepping 2 microcode 0xc8, cx8, cmov, fxsr, ht, mmx, 3dnowpref, sse, sse2, sse3, ssse3, sse4.1, sse4.2, popcnt, lzcnt, tsc, tscinvbit, avx, avx2, aes, erms, clmul, bmi1, bmi2, adx, fma, vzeroupper, clflush, clflushopt
Processor Information for all 8 processors :
  Max Mhz: 2496, Current Mhz: 2496, Mhz Limit: 2496

Memory: 4k page, system-wide physical 7979M (279M free)
TotalPageFile size 13099M (AvailPageFile size 6M)
current process WorkingSet (physical memory assigned to process): 95M, peak: 217M
current process commit charge ("private bytes"): 264M, peak: 276M

vm_info: OpenJDK 64-Bit Server VM (17.0.11+9) for windows-amd64 JRE (17.0.11+9), built on Apr 17 2024 06:07:48 by "admin" with MS VC++ 16.10 / 16.11 (VS2019)

END.
