#
# There is insufficient memory for the Java Runtime Environment to continue.
# Native memory allocation (mmap) failed to map 65536 bytes for Failed to commit metaspace.
# Possible reasons:
#   The system is out of physical RAM or swap space
#   The process is running with CompressedOops enabled, and the Java Heap may be blocking the growth of the native heap
# Possible solutions:
#   Reduce memory load on the system
#   Increase physical memory or swap space
#   Check if swap backing store is full
#   Decrease Java heap size (-Xmx/-Xms)
#   Decrease number of Java threads
#   Decrease Java thread stack sizes (-Xss)
#   Set larger code cache with -XX:ReservedCodeCacheSize=
#   JVM is running with Unscaled Compressed Oops mode in which the Java heap is
#     placed in the first 4GB address space. The Java Heap base address is the
#     maximum limit for the native heap growth. Please use -XX:HeapBaseMinAddress
#     to set the Java Heap base and to place the Java Heap above 4GB virtual address.
# This output file may be truncated or incomplete.
#
#  Out of Memory Error (virtualSpaceNode.cpp:110), pid=7708, tid=12976
#
# JRE version: Java(TM) SE Runtime Environment (17.0.9+11) (build 17.0.9+11-LTS-201)
# Java VM: Java HotSpot(TM) 64-Bit Server VM (17.0.9+11-LTS-201, mixed mode, sharing, tiered, compressed oops, compressed class ptrs, g1 gc, windows-amd64)
# No core dump will be written. Minidumps are not enabled by default on client versions of Windows
#

---------------  S U M M A R Y ------------

Command Line: -agentlib:jdwp=transport=dt_socket,server=n,suspend=y,address=localhost:51964 -XX:+ShowCodeDetailsInExceptionMessages vn.laptop.laptopshop.LaptopshopApplication

Host: Intel(R) Core(TM) i5-10300H CPU @ 2.50GHz, 8 cores, 7G,  Windows 10 , 64 bit Build 19041 (10.0.19041.1503)
Time: Tue Jun 11 22:29:17 2024 SE Asia Standard Time elapsed time: 51.554646 seconds (0d 0h 0m 51s)

---------------  T H R E A D  ---------------

Current thread (0x0000025dec2135d0):  JavaThread "C1 CompilerThread0" daemon [_thread_in_vm, id=12976, stack(0x000000ebfe700000,0x000000ebfe800000)]


Current CompileTask:
C1:  51554 8160       3       com.sun.crypto.provider.GaloisCounterMode$GCMEngine::doLastBlock (247 bytes)

Stack: [0x000000ebfe700000,0x000000ebfe800000]
Native frames: (J=compiled Java code, j=interpreted, Vv=VM code, C=native code)
V  [jvm.dll+0x678a4a]
V  [jvm.dll+0x7d9cfd]
V  [jvm.dll+0x7db60e]
V  [jvm.dll+0x7dbc73]
V  [jvm.dll+0x245e1f]
V  [jvm.dll+0x7d5a0b]
V  [jvm.dll+0x61ebc6]
V  [jvm.dll+0x61ec2a]
V  [jvm.dll+0x62145d]
V  [jvm.dll+0x61f586]
V  [jvm.dll+0x63060a]
V  [jvm.dll+0x6295aa]
V  [jvm.dll+0x1cc0c0]
V  [jvm.dll+0x1cc2b0]
V  [jvm.dll+0x1466d1]
V  [jvm.dll+0x146515]
V  [jvm.dll+0x13e240]
V  [jvm.dll+0x1404ce]
V  [jvm.dll+0x13ead5]
V  [jvm.dll+0x138c18]
V  [jvm.dll+0x148176]
V  [jvm.dll+0x134330]
V  [jvm.dll+0x134690]
V  [jvm.dll+0x134958]
V  [jvm.dll+0x133df1]
V  [jvm.dll+0x135a8d]
V  [jvm.dll+0x2272de]
V  [jvm.dll+0x22548b]
V  [jvm.dll+0x78f58c]
V  [jvm.dll+0x78998a]
V  [jvm.dll+0x677875]
C  [ucrtbase.dll+0x21bb2]
C  [KERNEL32.DLL+0x17034]
C  [ntdll.dll+0x52651]


---------------  P R O C E S S  ---------------

Threads class SMR info:
_java_thread_list=0x0000025df6701270, length=34, elements={
0x0000025dec1e7b30, 0x0000025dec1e91c0, 0x0000025dec1ff170, 0x0000025dec200a50,
0x0000025dec201c20, 0x0000025dec204eb0, 0x0000025dec20ab10, 0x0000025dec2135d0,
0x0000025dec2053c0, 0x0000025dec476a10, 0x0000025dec47b2e0, 0x0000025dec47d7e0,
0x0000025dec2058d0, 0x0000025dec203560, 0x0000025df7d313e0, 0x0000025df7d309c0,
0x0000025df7d34b90, 0x0000025df7d31e00, 0x0000025df7d34170, 0x0000025df7d350a0,
0x0000025df7d37e30, 0x0000025df7d33240, 0x0000025df7d37410, 0x0000025df7d355b0,
0x0000025df7d33750, 0x0000025df7d34680, 0x0000025df7d364e0, 0x0000025df7d35ac0,
0x0000025df7d369f0, 0x0000025df7d38340, 0x0000025df7d30ed0, 0x0000025dec2049a0,
0x0000025df4b8d8f0, 0x0000025df4b8bfa0
}

Java Threads: ( => current thread )
  0x0000025dec1e7b30 JavaThread "Reference Handler" daemon [_thread_blocked, id=13644, stack(0x000000ebfe000000,0x000000ebfe100000)]
  0x0000025dec1e91c0 JavaThread "Finalizer" daemon [_thread_blocked, id=7512, stack(0x000000ebfe100000,0x000000ebfe200000)]
  0x0000025dec1ff170 JavaThread "Signal Dispatcher" daemon [_thread_blocked, id=704, stack(0x000000ebfe200000,0x000000ebfe300000)]
  0x0000025dec200a50 JavaThread "Attach Listener" daemon [_thread_blocked, id=12580, stack(0x000000ebfe300000,0x000000ebfe400000)]
  0x0000025dec201c20 JavaThread "Service Thread" daemon [_thread_blocked, id=5032, stack(0x000000ebfe400000,0x000000ebfe500000)]
  0x0000025dec204eb0 JavaThread "Monitor Deflation Thread" daemon [_thread_blocked, id=9104, stack(0x000000ebfe500000,0x000000ebfe600000)]
  0x0000025dec20ab10 JavaThread "C2 CompilerThread0" daemon [_thread_in_native, id=10344, stack(0x000000ebfe600000,0x000000ebfe700000)]
=>0x0000025dec2135d0 JavaThread "C1 CompilerThread0" daemon [_thread_in_vm, id=12976, stack(0x000000ebfe700000,0x000000ebfe800000)]
  0x0000025dec2053c0 JavaThread "Sweeper thread" daemon [_thread_blocked, id=11460, stack(0x000000ebfe800000,0x000000ebfe900000)]
  0x0000025dec476a10 JavaThread "JDWP Transport Listener: dt_socket" daemon [_thread_blocked, id=10640, stack(0x000000ebfe900000,0x000000ebfea00000)]
  0x0000025dec47b2e0 JavaThread "JDWP Event Helper Thread" daemon [_thread_blocked, id=12296, stack(0x000000ebfea00000,0x000000ebfeb00000)]
  0x0000025dec47d7e0 JavaThread "JDWP Command Reader" daemon [_thread_in_native, id=8980, stack(0x000000ebfeb00000,0x000000ebfec00000)]
  0x0000025dec2058d0 JavaThread "Notification Thread" daemon [_thread_blocked, id=4864, stack(0x000000ebfec00000,0x000000ebfed00000)]
  0x0000025dec203560 JavaThread "Common-Cleaner" daemon [_thread_blocked, id=14844, stack(0x000000ebfee00000,0x000000ebfef00000)]
  0x0000025df7d313e0 JavaThread "Catalina-utility-1" [_thread_blocked, id=3768, stack(0x000000ebffb00000,0x000000ebffc00000)]
  0x0000025df7d309c0 JavaThread "Catalina-utility-2" [_thread_blocked, id=14868, stack(0x000000ebffc00000,0x000000ebffd00000)]
  0x0000025df7d34b90 JavaThread "container-0" [_thread_blocked, id=11792, stack(0x000000ebffd00000,0x000000ebffe00000)]
  0x0000025df7d31e00 JavaThread "mysql-cj-abandoned-connection-cleanup" daemon [_thread_blocked, id=7840, stack(0x000000ebffe00000,0x000000ebfff00000)]
  0x0000025df7d34170 JavaThread "HikariPool-1 housekeeper" daemon [_thread_blocked, id=9780, stack(0x000000eb80000000,0x000000eb80100000)]
  0x0000025df7d350a0 JavaThread "File Watcher" daemon [_thread_blocked, id=6060, stack(0x000000eb80200000,0x000000eb80300000)]
  0x0000025df7d37e30 JavaThread "Live Reload Server" daemon [_thread_in_native, id=9224, stack(0x000000eb80400000,0x000000eb80500000)]
  0x0000025df7d33240 JavaThread "http-nio-8080-exec-1" daemon [_thread_blocked, id=9944, stack(0x000000eb80300000,0x000000eb80400000)]
  0x0000025df7d37410 JavaThread "http-nio-8080-exec-2" daemon [_thread_blocked, id=4492, stack(0x000000eb80500000,0x000000eb80600000)]
  0x0000025df7d355b0 JavaThread "http-nio-8080-exec-3" daemon [_thread_blocked, id=14284, stack(0x000000eb80600000,0x000000eb80700000)]
  0x0000025df7d33750 JavaThread "http-nio-8080-exec-4" daemon [_thread_blocked, id=2072, stack(0x000000eb80700000,0x000000eb80800000)]
  0x0000025df7d34680 JavaThread "http-nio-8080-exec-5" daemon [_thread_blocked, id=12808, stack(0x000000eb80800000,0x000000eb80900000)]
  0x0000025df7d364e0 JavaThread "http-nio-8080-exec-6" daemon [_thread_blocked, id=11464, stack(0x000000eb80900000,0x000000eb80a00000)]
  0x0000025df7d35ac0 JavaThread "http-nio-8080-exec-7" daemon [_thread_blocked, id=4200, stack(0x000000eb80a00000,0x000000eb80b00000)]
  0x0000025df7d369f0 JavaThread "http-nio-8080-exec-8" daemon [_thread_blocked, id=4772, stack(0x000000eb80b00000,0x000000eb80c00000)]
  0x0000025df7d38340 JavaThread "http-nio-8080-exec-9" daemon [_thread_in_vm, id=13616, stack(0x000000eb80c00000,0x000000eb80d00000)]
  0x0000025df7d30ed0 JavaThread "http-nio-8080-exec-10" daemon [_thread_blocked, id=7856, stack(0x000000eb80d00000,0x000000eb80e00000)]
  0x0000025dec2049a0 JavaThread "http-nio-8080-Poller" daemon [_thread_in_native, id=14996, stack(0x000000eb80e00000,0x000000eb80f00000)]
  0x0000025df4b8d8f0 JavaThread "http-nio-8080-Acceptor" daemon [_thread_in_native, id=1652, stack(0x000000eb80f00000,0x000000eb81000000)]
  0x0000025df4b8bfa0 JavaThread "DestroyJavaVM" [_thread_blocked, id=6380, stack(0x000000ebfd900000,0x000000ebfda00000)]

Other Threads:
  0x0000025dec1e3f30 VMThread "VM Thread" [stack: 0x000000ebfdf00000,0x000000ebfe000000] [id=2096]
  0x0000025dce279c80 WatcherThread [stack: 0x000000ebfed00000,0x000000ebfee00000] [id=9800]
  0x0000025dce258dd0 GCTaskThread "GC Thread#0" [stack: 0x000000ebfda00000,0x000000ebfdb00000] [id=9804]
  0x0000025df1a33df0 GCTaskThread "GC Thread#1" [stack: 0x000000ebff200000,0x000000ebff300000] [id=14828]
  0x0000025df1ebc880 GCTaskThread "GC Thread#2" [stack: 0x000000ebff300000,0x000000ebff400000] [id=1144]
  0x0000025df1f75b70 GCTaskThread "GC Thread#3" [stack: 0x000000ebff400000,0x000000ebff500000] [id=12664]
  0x0000025df169d840 GCTaskThread "GC Thread#4" [stack: 0x000000ebff500000,0x000000ebff600000] [id=7588]
  0x0000025df17fe810 GCTaskThread "GC Thread#5" [stack: 0x000000ebff600000,0x000000ebff700000] [id=5228]
  0x0000025df2052b40 GCTaskThread "GC Thread#6" [stack: 0x000000ebff700000,0x000000ebff800000] [id=1528]
  0x0000025df18480c0 GCTaskThread "GC Thread#7" [stack: 0x000000ebffa00000,0x000000ebffb00000] [id=11028]
  0x0000025dce2696a0 ConcurrentGCThread "G1 Main Marker" [stack: 0x000000ebfdb00000,0x000000ebfdc00000] [id=12844]
  0x0000025dce26a0b0 ConcurrentGCThread "G1 Conc#0" [stack: 0x000000ebfdc00000,0x000000ebfdd00000] [id=8780]
  0x0000025df2365100 ConcurrentGCThread "G1 Conc#1" [stack: 0x000000ebff900000,0x000000ebffa00000] [id=8520]
  0x0000025dce2be170 ConcurrentGCThread "G1 Refine#0" [stack: 0x000000ebfdd00000,0x000000ebfde00000] [id=15280]
  0x0000025dce2beba0 ConcurrentGCThread "G1 Service" [stack: 0x000000ebfde00000,0x000000ebfdf00000] [id=7212]

Threads with active compile tasks:
C2 CompilerThread0    51569 8164 %     4       java.net.URI$Parser::scan @ 3 (41 bytes)
C1 CompilerThread0    51569 8160       3       com.sun.crypto.provider.GaloisCounterMode$GCMEngine::doLastBlock (247 bytes)

VM state: not at safepoint (normal execution)

VM Mutex/Monitor currently owned by a thread:  ([mutex/lock_event])
[0x0000025dcc148340] Metaspace_lock - owner thread: 0x0000025dec2135d0
[0x0000025dcc14b100] MethodData_lock - owner thread: 0x0000025dec2135d0

Heap address: 0x0000000083400000, size: 1996 MB, Compressed Oops mode: 32-bit

CDS archive(s) mapped at: [0x0000025d80000000-0x0000025d80bd0000-0x0000025d80bd0000), size 12386304, SharedBaseAddress: 0x0000025d80000000, ArchiveRelocationMode: 1.
Compressed class space mapped at: 0x0000025d81000000-0x0000025dc1000000, reserved size: 1073741824
Narrow klass base: 0x0000025d80000000, Narrow klass shift: 0, Narrow klass range: 0x100000000

GC Precious Log:
 CPUs: 8 total, 8 available
 Memory: 7979M
 Large Page Support: Disabled
 NUMA Support: Disabled
 Compressed Oops: Enabled (32-bit)
 Heap Region Size: 1M
 Heap Min Capacity: 8M
 Heap Initial Capacity: 126M
 Heap Max Capacity: 1996M
 Pre-touch: Disabled
 Parallel Workers: 8
 Concurrent Workers: 2
 Concurrent Refinement Workers: 8
 Periodic GC: Disabled

Heap:
 garbage-first heap   total 92160K, used 51119K [0x0000000083400000, 0x0000000100000000)
  region size 1024K, 22 young (22528K), 4 survivors (4096K)
 Metaspace       used 84459K, committed 85056K, reserved 1179648K
  class space    used 10778K, committed 11072K, reserved 1048576K

Heap Regions: E=young(eden), S=young(survivor), O=old, HS=humongous(starts), HC=humongous(continues), CS=collection set, F=free, OA=open archive, CA=closed archive, TAMS=top-at-mark-start (previous, next)
|   0|0x0000000083400000, 0x0000000083500000, 0x0000000083500000|100%|HS|  |TAMS 0x0000000083500000, 0x0000000083400000| Complete 
|   1|0x0000000083500000, 0x0000000083600000, 0x0000000083600000|100%| O|  |TAMS 0x0000000083600000, 0x0000000083500000| Untracked 
|   2|0x0000000083600000, 0x0000000083700000, 0x0000000083700000|100%| O|  |TAMS 0x0000000083700000, 0x0000000083600000| Untracked 
|   3|0x0000000083700000, 0x0000000083800000, 0x0000000083800000|100%| O|  |TAMS 0x0000000083800000, 0x0000000083700000| Untracked 
|   4|0x0000000083800000, 0x0000000083900000, 0x0000000083900000|100%| O|  |TAMS 0x0000000083900000, 0x0000000083800000| Untracked 
|   5|0x0000000083900000, 0x0000000083a00000, 0x0000000083a00000|100%| O|  |TAMS 0x0000000083a00000, 0x0000000083900000| Untracked 
|   6|0x0000000083a00000, 0x0000000083b00000, 0x0000000083b00000|100%| O|  |TAMS 0x0000000083b00000, 0x0000000083a00000| Untracked 
|   7|0x0000000083b00000, 0x0000000083c00000, 0x0000000083c00000|100%| O|  |TAMS 0x0000000083c00000, 0x0000000083b00000| Untracked 
|   8|0x0000000083c00000, 0x0000000083d00000, 0x0000000083d00000|100%| O|  |TAMS 0x0000000083d00000, 0x0000000083c00000| Untracked 
|   9|0x0000000083d00000, 0x0000000083e00000, 0x0000000083e00000|100%| O|  |TAMS 0x0000000083e00000, 0x0000000083d00000| Untracked 
|  10|0x0000000083e00000, 0x0000000083f00000, 0x0000000083f00000|100%| O|  |TAMS 0x0000000083f00000, 0x0000000083e00000| Untracked 
|  11|0x0000000083f00000, 0x0000000084000000, 0x0000000084000000|100%| O|  |TAMS 0x0000000084000000, 0x0000000083f00000| Untracked 
|  12|0x0000000084000000, 0x0000000084100000, 0x0000000084100000|100%| O|  |TAMS 0x0000000084100000, 0x0000000084000000| Untracked 
|  13|0x0000000084100000, 0x0000000084200000, 0x0000000084200000|100%| O|  |TAMS 0x0000000084200000, 0x0000000084100000| Untracked 
|  14|0x0000000084200000, 0x0000000084300000, 0x0000000084300000|100%| O|  |TAMS 0x0000000084300000, 0x0000000084200000| Untracked 
|  15|0x0000000084300000, 0x0000000084400000, 0x0000000084400000|100%| O|  |TAMS 0x0000000084300000, 0x0000000084300000| Untracked 
|  16|0x0000000084400000, 0x0000000084500000, 0x0000000084500000|100%| O|  |TAMS 0x0000000084500000, 0x0000000084400000| Untracked 
|  17|0x0000000084500000, 0x0000000084600000, 0x0000000084600000|100%| O|  |TAMS 0x0000000084600000, 0x0000000084500000| Untracked 
|  18|0x0000000084600000, 0x0000000084700000, 0x0000000084700000|100%| O|  |TAMS 0x0000000084700000, 0x0000000084600000| Untracked 
|  19|0x0000000084700000, 0x0000000084800000, 0x0000000084800000|100%| O|  |TAMS 0x0000000084800000, 0x0000000084700000| Untracked 
|  20|0x0000000084800000, 0x0000000084900000, 0x0000000084900000|100%| O|  |TAMS 0x0000000084900000, 0x0000000084800000| Untracked 
|  21|0x0000000084900000, 0x0000000084a00000, 0x0000000084a00000|100%| O|  |TAMS 0x000000008496d800, 0x0000000084900000| Untracked 
|  22|0x0000000084a00000, 0x0000000084b00000, 0x0000000084b00000|100%| O|  |TAMS 0x0000000084a00000, 0x0000000084a00000| Untracked 
|  23|0x0000000084b00000, 0x0000000084c00000, 0x0000000084c00000|100%| O|  |TAMS 0x0000000084b00000, 0x0000000084b00000| Untracked 
|  24|0x0000000084c00000, 0x0000000084d00000, 0x0000000084d00000|100%| O|  |TAMS 0x0000000084c00000, 0x0000000084c00000| Untracked 
|  25|0x0000000084d00000, 0x0000000084e00000, 0x0000000084e00000|100%| O|  |TAMS 0x0000000084d00000, 0x0000000084d00000| Untracked 
|  26|0x0000000084e00000, 0x0000000084f00000, 0x0000000084f00000|100%| O|  |TAMS 0x0000000084e00000, 0x0000000084e00000| Untracked 
|  27|0x0000000084f00000, 0x0000000085000000, 0x0000000085000000|100%| O|  |TAMS 0x0000000084f00000, 0x0000000084f00000| Untracked 
|  28|0x0000000085000000, 0x0000000085100000, 0x0000000085100000|100%| O|  |TAMS 0x0000000085000000, 0x0000000085000000| Untracked 
|  29|0x0000000085100000, 0x0000000085200000, 0x0000000085200000|100%| O|  |TAMS 0x0000000085100000, 0x0000000085100000| Untracked 
|  30|0x0000000085200000, 0x0000000085239400, 0x0000000085300000| 22%| O|  |TAMS 0x0000000085200000, 0x0000000085200000| Untracked 
|  31|0x0000000085300000, 0x0000000085300000, 0x0000000085400000|  0%| F|  |TAMS 0x0000000085300000, 0x0000000085300000| Untracked 
|  32|0x0000000085400000, 0x0000000085400000, 0x0000000085500000|  0%| F|  |TAMS 0x0000000085400000, 0x0000000085400000| Untracked 
|  33|0x0000000085500000, 0x0000000085500000, 0x0000000085600000|  0%| F|  |TAMS 0x0000000085500000, 0x0000000085500000| Untracked 
|  34|0x0000000085600000, 0x0000000085600000, 0x0000000085700000|  0%| F|  |TAMS 0x0000000085600000, 0x0000000085600000| Untracked 
|  35|0x0000000085700000, 0x0000000085700000, 0x0000000085800000|  0%| F|  |TAMS 0x0000000085700000, 0x0000000085700000| Untracked 
|  36|0x0000000085800000, 0x0000000085800000, 0x0000000085900000|  0%| F|  |TAMS 0x0000000085800000, 0x0000000085800000| Untracked 
|  37|0x0000000085900000, 0x0000000085900000, 0x0000000085a00000|  0%| F|  |TAMS 0x0000000085900000, 0x0000000085900000| Untracked 
|  38|0x0000000085a00000, 0x0000000085a00000, 0x0000000085b00000|  0%| F|  |TAMS 0x0000000085a00000, 0x0000000085a00000| Untracked 
|  39|0x0000000085b00000, 0x0000000085b00000, 0x0000000085c00000|  0%| F|  |TAMS 0x0000000085b00000, 0x0000000085b00000| Untracked 
|  40|0x0000000085c00000, 0x0000000085c00000, 0x0000000085d00000|  0%| F|  |TAMS 0x0000000085c00000, 0x0000000085c00000| Untracked 
|  41|0x0000000085d00000, 0x0000000085d00000, 0x0000000085e00000|  0%| F|  |TAMS 0x0000000085d00000, 0x0000000085d00000| Untracked 
|  42|0x0000000085e00000, 0x0000000085e00000, 0x0000000085f00000|  0%| F|  |TAMS 0x0000000085e00000, 0x0000000085e00000| Untracked 
|  43|0x0000000085f00000, 0x0000000085f00000, 0x0000000086000000|  0%| F|  |TAMS 0x0000000085f00000, 0x0000000085f00000| Untracked 
|  44|0x0000000086000000, 0x0000000086000000, 0x0000000086100000|  0%| F|  |TAMS 0x0000000086000000, 0x0000000086000000| Untracked 
|  45|0x0000000086100000, 0x00000000861b2a70, 0x0000000086200000| 69%| S|CS|TAMS 0x0000000086100000, 0x0000000086100000| Complete 
|  46|0x0000000086200000, 0x0000000086300000, 0x0000000086300000|100%| S|CS|TAMS 0x0000000086200000, 0x0000000086200000| Complete 
|  47|0x0000000086300000, 0x0000000086400000, 0x0000000086400000|100%| S|CS|TAMS 0x0000000086300000, 0x0000000086300000| Complete 
|  48|0x0000000086400000, 0x0000000086400000, 0x0000000086500000|  0%| F|  |TAMS 0x0000000086400000, 0x0000000086400000| Untracked 
|  49|0x0000000086500000, 0x0000000086500000, 0x0000000086600000|  0%| F|  |TAMS 0x0000000086500000, 0x0000000086500000| Untracked 
|  50|0x0000000086600000, 0x0000000086600000, 0x0000000086700000|  0%| F|  |TAMS 0x0000000086600000, 0x0000000086600000| Untracked 
|  51|0x0000000086700000, 0x0000000086800000, 0x0000000086800000|100%| S|CS|TAMS 0x0000000086700000, 0x0000000086700000| Complete 
|  52|0x0000000086800000, 0x0000000086800000, 0x0000000086900000|  0%| F|  |TAMS 0x0000000086800000, 0x0000000086800000| Untracked 
|  53|0x0000000086900000, 0x0000000086900000, 0x0000000086a00000|  0%| F|  |TAMS 0x0000000086900000, 0x0000000086900000| Untracked 
|  54|0x0000000086a00000, 0x0000000086a00000, 0x0000000086b00000|  0%| F|  |TAMS 0x0000000086a00000, 0x0000000086a00000| Untracked 
|  55|0x0000000086b00000, 0x0000000086b00000, 0x0000000086c00000|  0%| F|  |TAMS 0x0000000086b00000, 0x0000000086b00000| Untracked 
|  56|0x0000000086c00000, 0x0000000086c00000, 0x0000000086d00000|  0%| F|  |TAMS 0x0000000086c00000, 0x0000000086c00000| Untracked 
|  57|0x0000000086d00000, 0x0000000086d00000, 0x0000000086e00000|  0%| F|  |TAMS 0x0000000086d00000, 0x0000000086d00000| Untracked 
|  58|0x0000000086e00000, 0x0000000086e00000, 0x0000000086f00000|  0%| F|  |TAMS 0x0000000086e00000, 0x0000000086e00000| Untracked 
|  59|0x0000000086f00000, 0x0000000086f00000, 0x0000000087000000|  0%| F|  |TAMS 0x0000000086f00000, 0x0000000086f00000| Untracked 
|  60|0x0000000087000000, 0x0000000087000000, 0x0000000087100000|  0%| F|  |TAMS 0x0000000087000000, 0x0000000087000000| Untracked 
|  61|0x0000000087100000, 0x0000000087100000, 0x0000000087200000|  0%| F|  |TAMS 0x0000000087100000, 0x0000000087100000| Untracked 
|  62|0x0000000087200000, 0x0000000087200000, 0x0000000087300000|  0%| F|  |TAMS 0x0000000087200000, 0x0000000087200000| Untracked 
|  63|0x0000000087300000, 0x0000000087300000, 0x0000000087400000|  0%| F|  |TAMS 0x0000000087300000, 0x0000000087300000| Untracked 
|  64|0x0000000087400000, 0x0000000087400000, 0x0000000087500000|  0%| F|  |TAMS 0x0000000087400000, 0x0000000087400000| Untracked 
|  65|0x0000000087500000, 0x0000000087500000, 0x0000000087600000|  0%| F|  |TAMS 0x0000000087500000, 0x0000000087500000| Untracked 
|  66|0x0000000087600000, 0x0000000087600000, 0x0000000087700000|  0%| F|  |TAMS 0x0000000087600000, 0x0000000087600000| Untracked 
|  67|0x0000000087700000, 0x0000000087700000, 0x0000000087800000|  0%| F|  |TAMS 0x0000000087700000, 0x0000000087700000| Untracked 
|  68|0x0000000087800000, 0x0000000087800000, 0x0000000087900000|  0%| F|  |TAMS 0x0000000087800000, 0x0000000087800000| Untracked 
|  69|0x0000000087900000, 0x0000000087900000, 0x0000000087a00000|  0%| F|  |TAMS 0x0000000087900000, 0x0000000087900000| Untracked 
|  70|0x0000000087a00000, 0x0000000087a00000, 0x0000000087b00000|  0%| F|  |TAMS 0x0000000087a00000, 0x0000000087a00000| Untracked 
|  71|0x0000000087b00000, 0x0000000087b00000, 0x0000000087c00000|  0%| F|  |TAMS 0x0000000087b00000, 0x0000000087b00000| Untracked 
|  72|0x0000000087c00000, 0x0000000087cc6e30, 0x0000000087d00000| 77%| E|  |TAMS 0x0000000087c00000, 0x0000000087c00000| Complete 
|  73|0x0000000087d00000, 0x0000000087e00000, 0x0000000087e00000|100%| E|CS|TAMS 0x0000000087d00000, 0x0000000087d00000| Complete 
|  74|0x0000000087e00000, 0x0000000087f00000, 0x0000000087f00000|100%| E|CS|TAMS 0x0000000087e00000, 0x0000000087e00000| Complete 
|  75|0x0000000087f00000, 0x0000000088000000, 0x0000000088000000|100%| E|CS|TAMS 0x0000000087f00000, 0x0000000087f00000| Complete 
|  76|0x0000000088000000, 0x0000000088100000, 0x0000000088100000|100%| E|CS|TAMS 0x0000000088000000, 0x0000000088000000| Complete 
|  77|0x0000000088100000, 0x0000000088200000, 0x0000000088200000|100%| E|CS|TAMS 0x0000000088100000, 0x0000000088100000| Complete 
|  78|0x0000000088200000, 0x0000000088300000, 0x0000000088300000|100%| E|CS|TAMS 0x0000000088200000, 0x0000000088200000| Complete 
|  79|0x0000000088300000, 0x0000000088400000, 0x0000000088400000|100%| E|CS|TAMS 0x0000000088300000, 0x0000000088300000| Complete 
|  80|0x0000000088400000, 0x0000000088500000, 0x0000000088500000|100%| E|CS|TAMS 0x0000000088400000, 0x0000000088400000| Complete 
|  81|0x0000000088500000, 0x0000000088600000, 0x0000000088600000|100%| E|CS|TAMS 0x0000000088500000, 0x0000000088500000| Complete 
|  82|0x0000000088600000, 0x0000000088700000, 0x0000000088700000|100%| E|CS|TAMS 0x0000000088600000, 0x0000000088600000| Complete 
|  83|0x0000000088700000, 0x0000000088800000, 0x0000000088800000|100%| E|  |TAMS 0x0000000088700000, 0x0000000088700000| Complete 
|  84|0x0000000088800000, 0x0000000088900000, 0x0000000088900000|100%| E|CS|TAMS 0x0000000088800000, 0x0000000088800000| Complete 
|  85|0x0000000088900000, 0x0000000088a00000, 0x0000000088a00000|100%| E|CS|TAMS 0x0000000088900000, 0x0000000088900000| Complete 
|  86|0x0000000088a00000, 0x0000000088b00000, 0x0000000088b00000|100%| E|CS|TAMS 0x0000000088a00000, 0x0000000088a00000| Complete 
|  87|0x0000000088b00000, 0x0000000088c00000, 0x0000000088c00000|100%| E|CS|TAMS 0x0000000088b00000, 0x0000000088b00000| Complete 
|  88|0x0000000088c00000, 0x0000000088d00000, 0x0000000088d00000|100%| E|CS|TAMS 0x0000000088c00000, 0x0000000088c00000| Complete 
| 125|0x000000008b100000, 0x000000008b200000, 0x000000008b200000|100%| E|CS|TAMS 0x000000008b100000, 0x000000008b100000| Complete 

Card table byte_map: [0x0000025de51b0000,0x0000025de55a0000] _byte_map_base: 0x0000025de4d96000

Marking Bits (Prev, Next): (CMBitMap*) 0x0000025dce259430, (CMBitMap*) 0x0000025dce2593f0
 Prev Bits: [0x0000025de78c0000, 0x0000025de97f0000)
 Next Bits: [0x0000025de5990000, 0x0000025de78c0000)

Polling page: 0x0000025dcc150000

Metaspace:

Usage:
  Non-class:     71.95 MB used.
      Class:     10.53 MB used.
       Both:     82.48 MB used.

Virtual space:
  Non-class space:      128.00 MB reserved,      72.25 MB ( 56%) committed,  2 nodes.
      Class space:        1.00 GB reserved,      10.81 MB (  1%) committed,  1 nodes.
             Both:        1.12 GB reserved,      83.06 MB (  7%) committed. 

Chunk freelists:
   Non-Class:  7.41 MB
       Class:  5.23 MB
        Both:  12.63 MB

MaxMetaspaceSize: unlimited
CompressedClassSpaceSize: 1.00 GB
Initial GC threshold: 21.00 MB
Current GC threshold: 98.88 MB
CDS: on
MetaspaceReclaimPolicy: balanced
 - commit_granule_bytes: 65536.
 - commit_granule_words: 8192.
 - virtual_space_node_default_size: 8388608.
 - enlarge_chunks_in_place: 1.
 - new_chunks_are_fully_committed: 0.
 - uncommit_free_chunks: 1.
 - use_allocation_guard: 0.
 - handle_deallocations: 1.


Internal statistics:

num_allocs_failed_limit: 9.
num_arena_births: 896.
num_arena_deaths: 0.
num_vsnodes_births: 3.
num_vsnodes_deaths: 0.
num_space_committed: 1329.
num_space_uncommitted: 0.
num_chunks_returned_to_freelist: 9.
num_chunks_taken_from_freelist: 3770.
num_chunk_merges: 9.
num_chunk_splits: 2803.
num_chunks_enlarged: 2257.
num_inconsistent_stats: 0.

CodeHeap 'non-profiled nmethods': size=120000Kb used=4683Kb max_used=5059Kb free=115316Kb
 bounds [0x0000025ddd560000, 0x0000025ddda90000, 0x0000025de4a90000]
CodeHeap 'profiled nmethods': size=120000Kb used=14156Kb max_used=15145Kb free=105843Kb
 bounds [0x0000025dd5a90000, 0x0000025dd6970000, 0x0000025ddcfc0000]
CodeHeap 'non-nmethods': size=5760Kb used=1478Kb max_used=1608Kb free=4281Kb
 bounds [0x0000025ddcfc0000, 0x0000025ddd230000, 0x0000025ddd560000]
 total_blobs=7497 nmethods=6741 adapters=667
 compilation: enabled
              stopped_count=0, restarted_count=0
 full_count=0

Compilation events (20 events):
Event: 48.099 Thread 0x0000025dec2135d0 nmethod 8149 0x0000025dd64c7910 code [0x0000025dd64c7ac0, 0x0000025dd64c7e18]
Event: 49.096 Thread 0x0000025dec2135d0 8150       3       java.util.concurrent.locks.ReentrantLock$Sync::isHeldExclusively (16 bytes)
Event: 49.096 Thread 0x0000025dec2135d0 nmethod 8150 0x0000025dd6615e90 code [0x0000025dd6616020, 0x0000025dd66161b8]
Event: 51.539 Thread 0x0000025dec2135d0 8151       3       org.springframework.http.HttpMethod::matches (9 bytes)
Event: 51.540 Thread 0x0000025dec2135d0 nmethod 8151 0x0000025dd66abf10 code [0x0000025dd66ac0c0, 0x0000025dd66ac228]
Event: 51.541 Thread 0x0000025dec2135d0 8153       3       java.lang.String::getBytes (28 bytes)
Event: 51.541 Thread 0x0000025dec2135d0 nmethod 8153 0x0000025dd62f2d90 code [0x0000025dd62f2fe0, 0x0000025dd62f3738]
Event: 51.541 Thread 0x0000025dec2135d0 8154       3       com.sun.crypto.provider.GCTR::blocksUntilRollover (44 bytes)
Event: 51.541 Thread 0x0000025dec2135d0 nmethod 8154 0x0000025dd67a6410 code [0x0000025dd67a65e0, 0x0000025dd67a6868]
Event: 51.541 Thread 0x0000025dec2135d0 8155       3       com.sun.crypto.provider.CounterMode::encrypt (12 bytes)
Event: 51.541 Thread 0x0000025dec2135d0 nmethod 8155 0x0000025dd6729010 code [0x0000025dd67291a0, 0x0000025dd6729328]
Event: 51.541 Thread 0x0000025dec2135d0 8156       3       org.hibernate.sql.results.graph.internal.ImmutableFetchList$FetchIterator::hasNext (21 bytes)
Event: 51.542 Thread 0x0000025dec2135d0 nmethod 8156 0x0000025dd67acf10 code [0x0000025dd67ad0a0, 0x0000025dd67ad218]
Event: 51.542 Thread 0x0000025dec2135d0 8157       1       org.hibernate.sql.results.graph.entity.AbstractEntityResultGraphNode::getEntityValuedModelPart (5 bytes)
Event: 51.542 Thread 0x0000025dec2135d0 nmethod 8157 0x0000025ddd87a890 code [0x0000025ddd87aa20, 0x0000025ddd87aaf8]
Event: 51.542 Thread 0x0000025dec2135d0 8158  s    3       java.io.BufferedOutputStream::write (67 bytes)
Event: 51.542 Thread 0x0000025dec2135d0 nmethod 8158 0x0000025dd66c8010 code [0x0000025dd66c8220, 0x0000025dd66c8998]
Event: 51.542 Thread 0x0000025dec2135d0 8159       1       com.mysql.cj.protocol.Resultset$Type::getIntValue (5 bytes)
Event: 51.542 Thread 0x0000025dec2135d0 nmethod 8159 0x0000025ddd689410 code [0x0000025ddd6895a0, 0x0000025ddd689678]
Event: 51.543 Thread 0x0000025dec2135d0 8160       3       com.sun.crypto.provider.GaloisCounterMode$GCMEngine::doLastBlock (247 bytes)

GC Heap History (20 events):
Event: 4.504 GC heap before
{Heap before GC invocations=11 (full 0):
 garbage-first heap   total 51200K, used 39943K [0x0000000083400000, 0x0000000100000000)
  region size 1024K, 21 young (21504K), 2 survivors (2048K)
 Metaspace       used 40248K, committed 40768K, reserved 1114112K
  class space    used 5272K, committed 5568K, reserved 1048576K
}
Event: 4.509 GC heap after
{Heap after GC invocations=12 (full 0):
 garbage-first heap   total 51200K, used 21340K [0x0000000083400000, 0x0000000100000000)
  region size 1024K, 3 young (3072K), 3 survivors (3072K)
 Metaspace       used 40248K, committed 40768K, reserved 1114112K
  class space    used 5272K, committed 5568K, reserved 1048576K
}
Event: 4.545 GC heap before
{Heap before GC invocations=12 (full 0):
 garbage-first heap   total 51200K, used 22364K [0x0000000083400000, 0x0000000100000000)
  region size 1024K, 4 young (4096K), 3 survivors (3072K)
 Metaspace       used 40523K, committed 41088K, reserved 1114112K
  class space    used 5303K, committed 5568K, reserved 1048576K
}
Event: 4.552 GC heap after
{Heap after GC invocations=13 (full 0):
 garbage-first heap   total 51200K, used 21347K [0x0000000083400000, 0x0000000100000000)
  region size 1024K, 1 young (1024K), 1 survivors (1024K)
 Metaspace       used 40523K, committed 41088K, reserved 1114112K
  class space    used 5303K, committed 5568K, reserved 1048576K
}
Event: 4.920 GC heap before
{Heap before GC invocations=13 (full 0):
 garbage-first heap   total 51200K, used 39779K [0x0000000083400000, 0x0000000100000000)
  region size 1024K, 19 young (19456K), 1 survivors (1024K)
 Metaspace       used 48927K, committed 49408K, reserved 1114112K
  class space    used 6346K, committed 6592K, reserved 1048576K
}
Event: 4.922 GC heap after
{Heap after GC invocations=14 (full 0):
 garbage-first heap   total 92160K, used 23145K [0x0000000083400000, 0x0000000100000000)
  region size 1024K, 3 young (3072K), 3 survivors (3072K)
 Metaspace       used 48927K, committed 49408K, reserved 1114112K
  class space    used 6346K, committed 6592K, reserved 1048576K
}
Event: 5.658 GC heap before
{Heap before GC invocations=14 (full 0):
 garbage-first heap   total 92160K, used 66153K [0x0000000083400000, 0x0000000100000000)
  region size 1024K, 45 young (46080K), 3 survivors (3072K)
 Metaspace       used 59260K, committed 59776K, reserved 1114112K
  class space    used 7883K, committed 8128K, reserved 1048576K
}
Event: 5.663 GC heap after
{Heap after GC invocations=15 (full 0):
 garbage-first heap   total 92160K, used 25354K [0x0000000083400000, 0x0000000100000000)
  region size 1024K, 5 young (5120K), 5 survivors (5120K)
 Metaspace       used 59260K, committed 59776K, reserved 1114112K
  class space    used 7883K, committed 8128K, reserved 1048576K
}
Event: 5.786 GC heap before
{Heap before GC invocations=15 (full 0):
 garbage-first heap   total 92160K, used 30474K [0x0000000083400000, 0x0000000100000000)
  region size 1024K, 11 young (11264K), 5 survivors (5120K)
 Metaspace       used 59966K, committed 60480K, reserved 1114112K
  class space    used 7959K, committed 8256K, reserved 1048576K
}
Event: 5.789 GC heap after
{Heap after GC invocations=16 (full 0):
 garbage-first heap   total 92160K, used 25566K [0x0000000083400000, 0x0000000100000000)
  region size 1024K, 3 young (3072K), 3 survivors (3072K)
 Metaspace       used 59966K, committed 60480K, reserved 1114112K
  class space    used 7959K, committed 8256K, reserved 1048576K
}
Event: 6.366 GC heap before
{Heap before GC invocations=17 (full 0):
 garbage-first heap   total 92160K, used 70622K [0x0000000083400000, 0x0000000100000000)
  region size 1024K, 47 young (48128K), 3 survivors (3072K)
 Metaspace       used 66215K, committed 66752K, reserved 1114112K
  class space    used 8865K, committed 9152K, reserved 1048576K
}
Event: 6.371 GC heap after
{Heap after GC invocations=18 (full 0):
 garbage-first heap   total 92160K, used 28246K [0x0000000083400000, 0x0000000100000000)
  region size 1024K, 6 young (6144K), 6 survivors (6144K)
 Metaspace       used 66215K, committed 66752K, reserved 1114112K
  class space    used 8865K, committed 9152K, reserved 1048576K
}
Event: 6.391 GC heap before
{Heap before GC invocations=18 (full 0):
 garbage-first heap   total 92160K, used 29270K [0x0000000083400000, 0x0000000100000000)
  region size 1024K, 7 young (7168K), 6 survivors (6144K)
 Metaspace       used 66625K, committed 67200K, reserved 1114112K
  class space    used 8922K, committed 9216K, reserved 1048576K
}
Event: 6.395 GC heap after
{Heap after GC invocations=19 (full 0):
 garbage-first heap   total 92160K, used 28543K [0x0000000083400000, 0x0000000100000000)
  region size 1024K, 1 young (1024K), 1 survivors (1024K)
 Metaspace       used 66625K, committed 67200K, reserved 1114112K
  class space    used 8922K, committed 9216K, reserved 1048576K
}
Event: 7.014 GC heap before
{Heap before GC invocations=19 (full 0):
 garbage-first heap   total 92160K, used 71551K [0x0000000083400000, 0x0000000100000000)
  region size 1024K, 43 young (44032K), 1 survivors (1024K)
 Metaspace       used 69486K, committed 70080K, reserved 1114112K
  class space    used 9300K, committed 9600K, reserved 1048576K
}
Event: 7.018 GC heap after
{Heap after GC invocations=20 (full 0):
 garbage-first heap   total 92160K, used 31145K [0x0000000083400000, 0x0000000100000000)
  region size 1024K, 4 young (4096K), 4 survivors (4096K)
 Metaspace       used 69486K, committed 70080K, reserved 1114112K
  class space    used 9300K, committed 9600K, reserved 1048576K
}
Event: 7.768 GC heap before
{Heap before GC invocations=20 (full 0):
 garbage-first heap   total 92160K, used 70057K [0x0000000083400000, 0x0000000100000000)
  region size 1024K, 43 young (44032K), 4 survivors (4096K)
 Metaspace       used 77978K, committed 78592K, reserved 1179648K
  class space    used 10244K, committed 10560K, reserved 1048576K
}
Event: 7.774 GC heap after
{Heap after GC invocations=21 (full 0):
 garbage-first heap   total 92160K, used 33659K [0x0000000083400000, 0x0000000100000000)
  region size 1024K, 3 young (3072K), 3 survivors (3072K)
 Metaspace       used 77978K, committed 78592K, reserved 1179648K
  class space    used 10244K, committed 10560K, reserved 1048576K
}
Event: 8.448 GC heap before
{Heap before GC invocations=21 (full 0):
 garbage-first heap   total 92160K, used 71547K [0x0000000083400000, 0x0000000100000000)
  region size 1024K, 41 young (41984K), 3 survivors (3072K)
 Metaspace       used 83226K, committed 83776K, reserved 1179648K
  class space    used 10675K, committed 10944K, reserved 1048576K
}
Event: 8.451 GC heap after
{Heap after GC invocations=22 (full 0):
 garbage-first heap   total 92160K, used 34735K [0x0000000083400000, 0x0000000100000000)
  region size 1024K, 4 young (4096K), 4 survivors (4096K)
 Metaspace       used 83226K, committed 83776K, reserved 1179648K
  class space    used 10675K, committed 10944K, reserved 1048576K
}

Deoptimization events (20 events):
Event: 21.689 Thread 0x0000025df7d369f0 DEOPT PACKING pc=0x0000025ddd62da48 sp=0x000000eb80bfade0
Event: 21.689 Thread 0x0000025df7d369f0 DEOPT UNPACKING pc=0x0000025ddd012b43 sp=0x000000eb80bfa278 mode 1
Event: 21.689 Thread 0x0000025df7d369f0 DEOPT PACKING pc=0x0000025ddd6ff8d8 sp=0x000000eb80bfb750
Event: 21.689 Thread 0x0000025df7d369f0 DEOPT UNPACKING pc=0x0000025ddd012b43 sp=0x000000eb80bfabe0 mode 1
Event: 21.689 Thread 0x0000025df7d369f0 DEOPT PACKING pc=0x0000025ddd62da48 sp=0x000000eb80bfb860
Event: 21.689 Thread 0x0000025df7d369f0 DEOPT UNPACKING pc=0x0000025ddd012b43 sp=0x000000eb80bfacf8 mode 1
Event: 21.689 Thread 0x0000025df7d369f0 DEOPT PACKING pc=0x0000025ddd6ff8d8 sp=0x000000eb80bfc1d0
Event: 21.689 Thread 0x0000025df7d369f0 DEOPT UNPACKING pc=0x0000025ddd012b43 sp=0x000000eb80bfb660 mode 1
Event: 21.689 Thread 0x0000025df7d369f0 DEOPT PACKING pc=0x0000025ddd6ff8d8 sp=0x000000eb80bfcd40
Event: 21.689 Thread 0x0000025df7d369f0 DEOPT UNPACKING pc=0x0000025ddd012b43 sp=0x000000eb80bfc1b8 mode 1
Event: 21.689 Thread 0x0000025df7d369f0 DEOPT PACKING pc=0x0000025dd5f3a484 sp=0x000000eb80bfcd80
Event: 21.689 Thread 0x0000025df7d369f0 DEOPT UNPACKING pc=0x0000025ddd012b43 sp=0x000000eb80bfc3e0 mode 1
Event: 21.689 Thread 0x0000025df7d369f0 DEOPT PACKING pc=0x0000025dd637919c sp=0x000000eb80bfccb0
Event: 21.689 Thread 0x0000025df7d369f0 DEOPT UNPACKING pc=0x0000025ddd012b43 sp=0x000000eb80bfc1d0 mode 1
Event: 21.689 Thread 0x0000025df7d369f0 DEOPT PACKING pc=0x0000025dd5f4276c sp=0x000000eb80bfcda0
Event: 21.689 Thread 0x0000025df7d369f0 DEOPT UNPACKING pc=0x0000025ddd012b43 sp=0x000000eb80bfc258 mode 1
Event: 21.689 Thread 0x0000025df7d369f0 DEOPT PACKING pc=0x0000025dd667a3c4 sp=0x000000eb80bfcb70
Event: 21.689 Thread 0x0000025df7d369f0 DEOPT UNPACKING pc=0x0000025ddd012b43 sp=0x000000eb80bfc158 mode 1
Event: 21.689 Thread 0x0000025df7d369f0 DEOPT PACKING pc=0x0000025dd601ad9c sp=0x000000eb80bfcd60
Event: 21.689 Thread 0x0000025df7d369f0 DEOPT UNPACKING pc=0x0000025ddd012b43 sp=0x000000eb80bfc1c8 mode 1

Classes unloaded (0 events):
No events

Classes redefined (0 events):
No events

Internal exceptions (20 events):
Event: 7.229 Thread 0x0000025df7d37410 Exception <a 'java/lang/NoSuchMethodError'{0x000000008844b748}: 'java.lang.Object java.lang.invoke.DirectMethodHandle$Holder.invokeSpecial(java.lang.Object, java.lang.Object, java.lang.Object, java.lang.Object, java.lang.Object, long)'> (0x000000008844b748) 
thrown [s\open\src\hotspot\share\interpreter\linkResolver.cpp, line 759]
Event: 7.229 Thread 0x0000025df7d37410 Exception <a 'java/lang/NoSuchMethodError'{0x000000008844f188}: 'java.lang.Object java.lang.invoke.Invokers$Holder.linkToTargetMethod(java.lang.Object, java.lang.Object, java.lang.Object, long, java.lang.Object)'> (0x000000008844f188) 
thrown [s\open\src\hotspot\share\interpreter\linkResolver.cpp, line 759]
Event: 7.459 Thread 0x0000025df7d37410 Exception <a 'java/lang/IncompatibleClassChangeError'{0x00000000879269e0}: Found class java.lang.Object, but interface was expected> (0x00000000879269e0) 
thrown [s\open\src\hotspot\share\interpreter\linkResolver.cpp, line 826]
Event: 7.575 Thread 0x0000025df7d37410 Implicit null exception at 0x0000025ddd5b7377 to 0x0000025ddd5b7a34
Event: 7.575 Thread 0x0000025df7d37410 Implicit null exception at 0x0000025ddd590f77 to 0x0000025ddd591600
Event: 7.644 Thread 0x0000025df7d37410 Exception <a 'java/lang/ClassNotFoundException'{0x0000000086f18298}: org/apache/taglibs/standard/tag/rt/core/ForEachTagBeanInfo> (0x0000000086f18298) 
thrown [s\open\src\hotspot\share\classfile\systemDictionary.cpp, line 256]
Event: 7.645 Thread 0x0000025df7d37410 Exception <a 'java/lang/ClassNotFoundException'{0x0000000086f1f2b8}: org/apache/taglibs/standard/tag/common/core/ForEachSupportBeanInfo> (0x0000000086f1f2b8) 
thrown [s\open\src\hotspot\share\classfile\systemDictionary.cpp, line 256]
Event: 7.646 Thread 0x0000025df7d37410 Exception <a 'java/lang/ClassNotFoundException'{0x0000000086f25d40}: jakarta/servlet/jsp/jstl/core/LoopTagSupportBeanInfo> (0x0000000086f25d40) 
thrown [s\open\src\hotspot\share\classfile\systemDictionary.cpp, line 256]
Event: 7.646 Thread 0x0000025df7d37410 Exception <a 'java/lang/ClassNotFoundException'{0x0000000086f2c910}: jakarta/servlet/jsp/tagext/TagSupportBeanInfo> (0x0000000086f2c910) 
thrown [s\open\src\hotspot\share\classfile\systemDictionary.cpp, line 256]
Event: 7.647 Thread 0x0000025df7d37410 Exception <a 'java/lang/ClassNotFoundException'{0x0000000086f30aa8}: java/lang/ObjectBeanInfo> (0x0000000086f30aa8) 
thrown [s\open\src\hotspot\share\classfile\systemDictionary.cpp, line 256]
Event: 7.648 Thread 0x0000025df7d37410 Exception <a 'java/lang/ClassNotFoundException'{0x0000000086f35350}: java/lang/ObjectCustomizer> (0x0000000086f35350) 
thrown [s\open\src\hotspot\share\classfile\systemDictionary.cpp, line 256]
Event: 7.652 Thread 0x0000025df7d37410 Exception <a 'java/lang/ClassNotFoundException'{0x0000000086f431f8}: jakarta/servlet/jsp/tagext/TagSupportCustomizer> (0x0000000086f431f8) 
thrown [s\open\src\hotspot\share\classfile\systemDictionary.cpp, line 256]
Event: 7.654 Thread 0x0000025df7d37410 Exception <a 'java/lang/ClassNotFoundException'{0x0000000086f55aa8}: jakarta/servlet/jsp/jstl/core/LoopTagSupportCustomizer> (0x0000000086f55aa8) 
thrown [s\open\src\hotspot\share\classfile\systemDictionary.cpp, line 256]
Event: 7.655 Thread 0x0000025df7d37410 Exception <a 'java/lang/ClassNotFoundException'{0x0000000086f71640}: org/apache/taglibs/standard/tag/common/core/ForEachSupportCustomizer> (0x0000000086f71640) 
thrown [s\open\src\hotspot\share\classfile\systemDictionary.cpp, line 256]
Event: 7.656 Thread 0x0000025df7d37410 Exception <a 'java/lang/ClassNotFoundException'{0x0000000086f7eac0}: org/apache/taglibs/standard/tag/rt/core/ForEachTagCustomizer> (0x0000000086f7eac0) 
thrown [s\open\src\hotspot\share\classfile\systemDictionary.cpp, line 256]
Event: 7.661 Thread 0x0000025df7d37410 Exception <a 'java/lang/NoSuchMethodError'{0x0000000086ff86d8}: 'java.lang.Object java.lang.invoke.Invokers$Holder.linkToTargetMethod(java.lang.Object, int, int, java.lang.Object)'> (0x0000000086ff86d8) 
thrown [s\open\src\hotspot\share\interpreter\linkResolver.cpp, line 759]
Event: 8.410 Thread 0x0000025df7d37410 Exception <a 'java/lang/ClassNotFoundException'{0x0000000086b11860}: vn/laptop/laptopshop/domain/UserBeanInfo> (0x0000000086b11860) 
thrown [s\open\src\hotspot\share\classfile\systemDictionary.cpp, line 256]
Event: 8.411 Thread 0x0000025df7d37410 Exception <a 'java/lang/ClassNotFoundException'{0x0000000086b191c0}: vn/laptop/laptopshop/domain/UserCustomizer> (0x0000000086b191c0) 
thrown [s\open\src\hotspot\share\classfile\systemDictionary.cpp, line 256]
Event: 14.815 Thread 0x0000025df7d34680 Exception <a 'java/lang/ClassNotFoundException'{0x0000000087fd3b70}: vn/laptop/laptopshop/domain/ProductBeanInfo> (0x0000000087fd3b70) 
thrown [s\open\src\hotspot\share\classfile\systemDictionary.cpp, line 256]
Event: 14.816 Thread 0x0000025df7d34680 Exception <a 'java/lang/ClassNotFoundException'{0x0000000087fdb558}: vn/laptop/laptopshop/domain/ProductCustomizer> (0x0000000087fdb558) 
thrown [s\open\src\hotspot\share\classfile\systemDictionary.cpp, line 256]

VM Operations (20 events):
Event: 8.448 Executing VM operation: G1CollectForAllocation
Event: 8.451 Executing VM operation: G1CollectForAllocation done
Event: 8.577 Executing VM operation: HandshakeAllThreads
Event: 8.577 Executing VM operation: HandshakeAllThreads done
Event: 8.577 Executing VM operation: HandshakeAllThreads
Event: 8.577 Executing VM operation: HandshakeAllThreads done
Event: 8.585 Executing VM operation: ICBufferFull
Event: 8.585 Executing VM operation: ICBufferFull done
Event: 8.620 Executing VM operation: HandshakeAllThreads
Event: 8.620 Executing VM operation: HandshakeAllThreads done
Event: 8.640 Executing VM operation: HandshakeAllThreads
Event: 8.640 Executing VM operation: HandshakeAllThreads done
Event: 9.641 Executing VM operation: Cleanup
Event: 9.641 Executing VM operation: Cleanup done
Event: 15.667 Executing VM operation: Cleanup
Event: 15.668 Executing VM operation: Cleanup done
Event: 19.696 Executing VM operation: Cleanup
Event: 19.696 Executing VM operation: Cleanup done
Event: 21.699 Executing VM operation: Cleanup
Event: 21.699 Executing VM operation: Cleanup done

Events (20 events):
Event: 8.646 Thread 0x0000025dec2053c0 flushing nmethod 0x0000025dd67d1990
Event: 8.646 Thread 0x0000025dec2053c0 flushing nmethod 0x0000025dd67d1d10
Event: 8.646 Thread 0x0000025dec2053c0 flushing nmethod 0x0000025dd67d2090
Event: 8.646 Thread 0x0000025dec2053c0 flushing nmethod 0x0000025dd67d2810
Event: 8.646 Thread 0x0000025dec2053c0 flushing nmethod 0x0000025dd67d7d10
Event: 8.646 Thread 0x0000025dec2053c0 flushing nmethod 0x0000025dd67d8f90
Event: 8.646 Thread 0x0000025dec2053c0 flushing nmethod 0x0000025dd67e0e10
Event: 8.646 Thread 0x0000025dec2053c0 flushing nmethod 0x0000025dd6805a10
Event: 8.646 Thread 0x0000025dec2053c0 flushing nmethod 0x0000025dd6826490
Event: 8.647 Thread 0x0000025dec2053c0 flushing nmethod 0x0000025dd68a7390
Event: 8.647 Thread 0x0000025dec2053c0 flushing nmethod 0x0000025dd68a8a10
Event: 9.040 Thread 0x0000025df1877040 Thread exited: 0x0000025df1877040
Event: 9.040 Thread 0x0000025dec51bdf0 Thread exited: 0x0000025dec51bdf0
Event: 10.225 Thread 0x0000025df7d36f00 Thread exited: 0x0000025df7d36f00
Event: 14.673 loading class jdk/internal/reflect/UnsafeDoubleFieldAccessorImpl
Event: 14.673 loading class jdk/internal/reflect/UnsafeDoubleFieldAccessorImpl done
Event: 14.683 Thread 0x0000025dec51bdf0 Thread added: 0x0000025dec51bdf0
Event: 14.691 Thread 0x0000025df3bd2720 Thread added: 0x0000025df3bd2720
Event: 15.711 Thread 0x0000025df3bd2720 Thread exited: 0x0000025df3bd2720
Event: 16.122 Thread 0x0000025dec51bdf0 Thread exited: 0x0000025dec51bdf0


Dynamic libraries:
0x00007ff63f810000 - 0x00007ff63f820000 	C:\Program Files\Java\jdk-17\bin\java.exe
0x00007fffa67b0000 - 0x00007fffa69a5000 	C:\Windows\SYSTEM32\ntdll.dll
0x00007fffa4800000 - 0x00007fffa48be000 	C:\Windows\System32\KERNEL32.DLL
0x00007fffa4530000 - 0x00007fffa47f8000 	C:\Windows\System32\KERNELBASE.dll
0x00007fffa4430000 - 0x00007fffa4530000 	C:\Windows\System32\ucrtbase.dll
0x00007fff9dd70000 - 0x00007fff9dd89000 	C:\Program Files\Java\jdk-17\bin\jli.dll
0x00007fff99110000 - 0x00007fff9912b000 	C:\Program Files\Java\jdk-17\bin\VCRUNTIME140.dll
0x00007fffa4af0000 - 0x00007fffa4b9e000 	C:\Windows\System32\ADVAPI32.dll
0x00007fffa6410000 - 0x00007fffa64ae000 	C:\Windows\System32\msvcrt.dll
0x00007fffa5b00000 - 0x00007fffa5b9c000 	C:\Windows\System32\sechost.dll
0x00007fffa6640000 - 0x00007fffa6765000 	C:\Windows\System32\RPCRT4.dll
0x00007fffa5bd0000 - 0x00007fffa5d70000 	C:\Windows\System32\USER32.dll
0x00007fffa42f0000 - 0x00007fffa4312000 	C:\Windows\System32\win32u.dll
0x00007fff8d520000 - 0x00007fff8d7ba000 	C:\Windows\WinSxS\amd64_microsoft.windows.common-controls_6595b64144ccf1df_6.0.19041.1110_none_60b5254171f9507e\COMCTL32.dll
0x00007fffa6370000 - 0x00007fffa639b000 	C:\Windows\System32\GDI32.dll
0x00007fffa4320000 - 0x00007fffa442d000 	C:\Windows\System32\gdi32full.dll
0x00007fffa4250000 - 0x00007fffa42ed000 	C:\Windows\System32\msvcp_win.dll
0x00007fff9aca0000 - 0x00007fff9acaa000 	C:\Windows\SYSTEM32\VERSION.dll
0x00007fffa5ba0000 - 0x00007fffa5bd0000 	C:\Windows\System32\IMM32.DLL
0x00007fff9e1c0000 - 0x00007fff9e1cc000 	C:\Program Files\Java\jdk-17\bin\vcruntime140_1.dll
0x00007fff8ca80000 - 0x00007fff8cb0e000 	C:\Program Files\Java\jdk-17\bin\msvcp140.dll
0x00007fff450f0000 - 0x00007fff45cd1000 	C:\Program Files\Java\jdk-17\bin\server\jvm.dll
0x00007fffa4ae0000 - 0x00007fffa4ae8000 	C:\Windows\System32\PSAPI.DLL
0x00007fff8d970000 - 0x00007fff8d997000 	C:\Windows\SYSTEM32\WINMM.dll
0x00007fff999c0000 - 0x00007fff999c9000 	C:\Windows\SYSTEM32\WSOCK32.dll
0x00007fffa63a0000 - 0x00007fffa640b000 	C:\Windows\System32\WS2_32.dll
0x00007fffa1cb0000 - 0x00007fffa1cc2000 	C:\Windows\SYSTEM32\kernel.appcore.dll
0x00007fff999d0000 - 0x00007fff999da000 	C:\Program Files\Java\jdk-17\bin\jimage.dll
0x00007fffa1660000 - 0x00007fffa1844000 	C:\Windows\SYSTEM32\DBGHELP.DLL
0x00007fff925b0000 - 0x00007fff925dc000 	C:\Windows\SYSTEM32\dbgcore.DLL
0x00007fffa3ec0000 - 0x00007fffa3f42000 	C:\Windows\System32\bcryptPrimitives.dll
0x00007fff988a0000 - 0x00007fff988db000 	C:\Program Files\Java\jdk-17\bin\jdwp.dll
0x00007fff8ebc0000 - 0x00007fff8ebe5000 	C:\Program Files\Java\jdk-17\bin\java.dll
0x00007fff6e800000 - 0x00007fff6e8d7000 	C:\Program Files\Java\jdk-17\bin\jsvml.dll
0x00007fffa4ba0000 - 0x00007fffa52e4000 	C:\Windows\System32\SHELL32.dll
0x00007fffa1fb0000 - 0x00007fffa2744000 	C:\Windows\SYSTEM32\windows.storage.dll
0x00007fffa5de0000 - 0x00007fffa6135000 	C:\Windows\System32\combase.dll
0x00007fffa3910000 - 0x00007fffa393e000 	C:\Windows\SYSTEM32\Wldp.dll
0x00007fffa5550000 - 0x00007fffa55fd000 	C:\Windows\System32\SHCORE.dll
0x00007fffa5d80000 - 0x00007fffa5dd5000 	C:\Windows\System32\shlwapi.dll
0x00007fffa3e00000 - 0x00007fffa3e1f000 	C:\Windows\SYSTEM32\profapi.dll
0x00007fff99100000 - 0x00007fff9910c000 	C:\Program Files\Java\jdk-17\bin\dt_socket.dll
0x00007fffa3310000 - 0x00007fffa334b000 	C:\Windows\SYSTEM32\IPHLPAPI.DLL
0x00007fffa3670000 - 0x00007fffa36da000 	C:\Windows\system32\mswsock.dll
0x00007fffa3360000 - 0x00007fffa342b000 	C:\Windows\SYSTEM32\DNSAPI.dll
0x00007fffa5d70000 - 0x00007fffa5d78000 	C:\Windows\System32\NSI.dll
0x00007fff97b20000 - 0x00007fff97b2a000 	C:\Windows\System32\rasadhlp.dll
0x00007fff96920000 - 0x00007fff9699f000 	C:\Windows\System32\fwpuclnt.dll
0x00007fffa3fa0000 - 0x00007fffa3fc7000 	C:\Windows\System32\bcrypt.dll
0x00007fff98880000 - 0x00007fff98899000 	C:\Program Files\Java\jdk-17\bin\net.dll
0x00007fff9bb70000 - 0x00007fff9bc7c000 	C:\Windows\SYSTEM32\WINHTTP.dll
0x00007fff8eb30000 - 0x00007fff8eb46000 	C:\Program Files\Java\jdk-17\bin\nio.dll
0x00007fff8eb10000 - 0x00007fff8eb28000 	C:\Program Files\Java\jdk-17\bin\zip.dll
0x00007fff990f0000 - 0x00007fff990fa000 	C:\Program Files\Java\jdk-17\bin\management.dll
0x00007fff91320000 - 0x00007fff9132b000 	C:\Program Files\Java\jdk-17\bin\management_ext.dll
0x00007fff8ebb0000 - 0x00007fff8ebbe000 	C:\Program Files\Java\jdk-17\bin\sunmscapi.dll
0x00007fffa40f0000 - 0x00007fffa4246000 	C:\Windows\System32\CRYPT32.dll
0x00007fffa3980000 - 0x00007fffa39a7000 	C:\Windows\SYSTEM32\ncrypt.dll
0x00007fffa3940000 - 0x00007fffa397b000 	C:\Windows\SYSTEM32\NTASN1.dll
0x00007fffa3860000 - 0x00007fffa3878000 	C:\Windows\SYSTEM32\CRYPTSP.dll
0x00007fffa2f80000 - 0x00007fffa2fb4000 	C:\Windows\system32\rsaenh.dll
0x00007fffa3d80000 - 0x00007fffa3dae000 	C:\Windows\SYSTEM32\USERENV.dll
0x00007fffa3880000 - 0x00007fffa388c000 	C:\Windows\SYSTEM32\CRYPTBASE.dll
0x00007fff97b30000 - 0x00007fff97b47000 	C:\Windows\SYSTEM32\dhcpcsvc6.DLL
0x00007fff99740000 - 0x00007fff9975d000 	C:\Windows\SYSTEM32\dhcpcsvc.DLL
0x00007fff8d7c0000 - 0x00007fff8d7d0000 	C:\Program Files\Java\jdk-17\bin\verify.dll
0x00007fff8ca20000 - 0x00007fff8ca27000 	C:\Windows\system32\wshunix.dll

dbghelp: loaded successfully - version: 4.0.5 - missing functions: none
symbol engine: initialized successfully - sym options: 0x614 - pdb path: .;C:\Program Files\Java\jdk-17\bin;C:\Windows\SYSTEM32;C:\Windows\WinSxS\amd64_microsoft.windows.common-controls_6595b64144ccf1df_6.0.19041.1110_none_60b5254171f9507e;C:\Program Files\Java\jdk-17\bin\server

VM Arguments:
jvm_args: -agentlib:jdwp=transport=dt_socket,server=n,suspend=y,address=localhost:51964 -XX:+ShowCodeDetailsInExceptionMessages 
java_command: vn.laptop.laptopshop.LaptopshopApplication
java_class_path (initial): D:\java spring mvc\01-java-spring-laptopshop-starter\target\classes;C:\Users\Admin\.m2\repository\org\springframework\boot\spring-boot-starter\3.2.2\spring-boot-starter-3.2.2.jar;C:\Users\Admin\.m2\repository\org\springframework\boot\spring-boot\3.2.2\spring-boot-3.2.2.jar;C:\Users\Admin\.m2\repository\org\springframework\spring-context\6.1.3\spring-context-6.1.3.jar;C:\Users\Admin\.m2\repository\org\springframework\boot\spring-boot-autoconfigure\3.2.2\spring-boot-autoconfigure-3.2.2.jar;C:\Users\Admin\.m2\repository\org\springframework\boot\spring-boot-starter-logging\3.2.2\spring-boot-starter-logging-3.2.2.jar;C:\Users\Admin\.m2\repository\ch\qos\logback\logback-classic\1.4.14\logback-classic-1.4.14.jar;C:\Users\Admin\.m2\repository\ch\qos\logback\logback-core\1.4.14\logback-core-1.4.14.jar;C:\Users\Admin\.m2\repository\org\apache\logging\log4j\log4j-to-slf4j\2.21.1\log4j-to-slf4j-2.21.1.jar;C:\Users\Admin\.m2\repository\org\apache\logging\log4j\log4j-api\2.21.1\log4j-api-2.21.1.jar;C:\Users\Admin\.m2\repository\org\slf4j\jul-to-slf4j\2.0.11\jul-to-slf4j-2.0.11.jar;C:\Users\Admin\.m2\repository\jakarta\annotation\jakarta.annotation-api\2.1.1\jakarta.annotation-api-2.1.1.jar;C:\Users\Admin\.m2\repository\org\springframework\spring-core\6.1.3\spring-core-6.1.3.jar;C:\Users\Admin\.m2\repository\org\springframework\spring-jcl\6.1.3\spring-jcl-6.1.3.jar;C:\Users\Admin\.m2\repository\org\yaml\snakeyaml\2.2\snakeyaml-2.2.jar;C:\Users\Admin\.m2\repository\org\slf4j\slf4j-api\2.0.11\slf4j-api-2.0.11.jar;C:\Users\Admin\.m2\repository\jakarta\xml\bind\jakarta.xml.bind-api\4.0.1\jakarta.xml.bind-api-4.0.1.jar;C:\Users\Admin\.m2\repository\jakarta\activation\jakarta.activation-api\2.1.2\jakarta.activation-api-2.1.2.jar;C:\Users\Admin\.m2\repository\net\bytebuddy\byte-buddy\1.14.11\byte-buddy-1.14.11.jar;C:\Users\Admin\.m2\repository\org\springframework\boot\spring-boot-starter-web\3.2.2\spring-boot-starter-web-3.2.2.jar;C:\Users\Admin\.m2\repositor
Launcher Type: SUN_STANDARD

[Global flags]
     intx CICompilerCount                          = 4                                         {product} {ergonomic}
     uint ConcGCThreads                            = 2                                         {product} {ergonomic}
     uint G1ConcRefinementThreads                  = 8                                         {product} {ergonomic}
   size_t G1HeapRegionSize                         = 1048576                                   {product} {ergonomic}
    uintx GCDrainStackTargetSize                   = 64                                        {product} {ergonomic}
   size_t InitialHeapSize                          = 132120576                                 {product} {ergonomic}
   size_t MarkStackSize                            = 4194304                                   {product} {ergonomic}
   size_t MaxHeapSize                              = 2092957696                                {product} {ergonomic}
   size_t MaxNewSize                               = 1255145472                                {product} {ergonomic}
   size_t MinHeapDeltaBytes                        = 1048576                                   {product} {ergonomic}
   size_t MinHeapSize                              = 8388608                                   {product} {ergonomic}
    uintx NonNMethodCodeHeapSize                   = 5839372                                {pd product} {ergonomic}
    uintx NonProfiledCodeHeapSize                  = 122909434                              {pd product} {ergonomic}
    uintx ProfiledCodeHeapSize                     = 122909434                              {pd product} {ergonomic}
    uintx ReservedCodeCacheSize                    = 251658240                              {pd product} {ergonomic}
     bool SegmentedCodeCache                       = true                                      {product} {ergonomic}
     bool ShowCodeDetailsInExceptionMessages       = true                                   {manageable} {command line}
   size_t SoftMaxHeapSize                          = 2092957696                             {manageable} {ergonomic}
     bool UseCompressedClassPointers               = true                           {product lp64_product} {ergonomic}
     bool UseCompressedOops                        = true                           {product lp64_product} {ergonomic}
     bool UseG1GC                                  = true                                      {product} {ergonomic}
     bool UseLargePagesIndividualAllocation        = false                                  {pd product} {ergonomic}

Logging:
Log output configuration:
 #0: stdout all=warning uptime,level,tags
 #1: stderr all=off uptime,level,tags

Environment Variables:
JAVA_HOME=C:\Program Files\Java\jdk-17
PATH=C:\Users\Admin\bin;C:\Program Files\Git\mingw64\bin;C:\Program Files\Git\usr\local\bin;C:\Program Files\Git\usr\bin;C:\Program Files\Git\usr\bin;C:\Program Files\Git\mingw64\bin;C:\Program Files\Git\usr\bin;C:\Users\Admin\bin;C:\Program Files\Common Files\Oracle\Java\javapath;C:\Windows\system32;C:\Windows;C:\Windows\System32\Wbem;C:\Windows\System32\WindowsPowerShell\v1.0;C:\Windows\System32\OpenSSH;C:\Program Files\Git\cmd;C:\Program Files\MySQL\MySQL Server 8.0\bin;C:\Program Files\MySQL\MySQL Shell 8.0\bin;C:\Users\Admin\AppData\Local\Microsoft\WindowsApps;C:\Users\Admin\AppData\Local\Programs\Microsoft VS Code\bin;C:\Program Files\Git\usr\bin\vendor_perl;C:\Program Files\Git\usr\bin\core_perl
USERNAME=Admin
SHELL=C:\Program Files\Git\usr\bin\bash.exe
DISPLAY=needs-to-be-defined
LANG=en_US.UTF-8
LC_CTYPE=en_US.UTF-8
OS=Windows_NT
PROCESSOR_IDENTIFIER=Intel64 Family 6 Model 165 Stepping 2, GenuineIntel



---------------  S Y S T E M  ---------------

OS:
 Windows 10 , 64 bit Build 19041 (10.0.19041.1503)
OS uptime: 1 days 1:15 hours

CPU: total 8 (initial active 8) (4 cores per cpu, 2 threads per core) family 6 model 165 stepping 2 microcode 0xc8, cx8, cmov, fxsr, ht, mmx, 3dnowpref, sse, sse2, sse3, ssse3, sse4.1, sse4.2, popcnt, lzcnt, tsc, tscinvbit, avx, avx2, aes, erms, clmul, bmi1, bmi2, adx, fma, vzeroupper, clflush, clflushopt

Memory: 4k page, system-wide physical 7979M (972M free)
TotalPageFile size 12075M (AvailPageFile size 0M)
current process WorkingSet (physical memory assigned to process): 284M, peak: 412M
current process commit charge ("private bytes"): 335M, peak: 451M

vm_info: Java HotSpot(TM) 64-Bit Server VM (17.0.9+11-LTS-201) for windows-amd64 JRE (17.0.9+11-LTS-201), built on Oct 10 2023 23:16:06 by "mach5one" with MS VC++ 17.1 (VS2022)

END.
