#
# There is insufficient memory for the Java Runtime Environment to continue.
# Native memory allocation (malloc) failed to allocate 1581456 bytes for Chunk::new
# Possible reasons:
#   The system is out of physical RAM or swap space
#   The process is running with CompressedOops enabled, and the Java Heap may be blocking the growth of the native heap
# Possible solutions:
#   Reduce memory load on the system
#   Increase physical memory or swap space
#   Check if swap backing store is full
#   Decrease Java heap size (-Xmx/-Xms)
#   Decrease number of Java threads
#   Decrease Java thread stack sizes (-Xss)
#   Set larger code cache with -XX:ReservedCodeCacheSize=
#   JVM is running with Unscaled Compressed Oops mode in which the Java heap is
#     placed in the first 4GB address space. The Java Heap base address is the
#     maximum limit for the native heap growth. Please use -XX:HeapBaseMinAddress
#     to set the Java Heap base and to place the Java Heap above 4GB virtual address.
# This output file may be truncated or incomplete.
#
#  Out of Memory Error (arena.cpp:189), pid=14748, tid=11956
#
# JRE version: Java(TM) SE Runtime Environment (17.0.9+11) (build 17.0.9+11-LTS-201)
# Java VM: Java HotSpot(TM) 64-Bit Server VM (17.0.9+11-LTS-201, mixed mode, sharing, tiered, compressed oops, compressed class ptrs, g1 gc, windows-amd64)
# No core dump will be written. Minidumps are not enabled by default on client versions of Windows
#

---------------  S U M M A R Y ------------

Command Line: -agentlib:jdwp=transport=dt_socket,server=n,suspend=y,address=localhost:51378 -Dcom.sun.management.jmxremote -Dcom.sun.management.jmxremote.port=65209 -Dcom.sun.management.jmxremote.authenticate=false -Dcom.sun.management.jmxremote.ssl=false -Dspring.jmx.enabled=true -Djava.rmi.server.hostname=localhost -Dspring.application.admin.enabled=true -Dspring.boot.project.name=laptopshop -XX:+ShowCodeDetailsInExceptionMessages vn.laptop.laptopshop.LaptopshopApplication

Host: Intel(R) Core(TM) i5-10300H CPU @ 2.50GHz, 8 cores, 7G,  Windows 10 , 64 bit Build 19041 (10.0.19041.1503)
Time: Tue Jun 11 22:17:07 2024 SE Asia Standard Time elapsed time: 494.004959 seconds (0d 0h 8m 14s)

---------------  T H R E A D  ---------------

Current thread (0x000002c78a83feb0):  JavaThread "C2 CompilerThread1" daemon [_thread_in_native, id=11956, stack(0x000000cc0d600000,0x000000cc0d700000)]


Current CompileTask:
C2: 494005 11753       4       org.springframework.boot.context.properties.source.SoftReferenceConfigurationPropertyCache::get (67 bytes)

Stack: [0x000000cc0d600000,0x000000cc0d700000]
Native frames: (J=compiled Java code, j=interpreted, Vv=VM code, C=native code)
V  [jvm.dll+0x678a4a]
V  [jvm.dll+0x7d9cfd]
V  [jvm.dll+0x7db60e]
V  [jvm.dll+0x7dbc73]
V  [jvm.dll+0x245e1f]
V  [jvm.dll+0xaaafb]
V  [jvm.dll+0xab09c]
V  [jvm.dll+0x36232f]
V  [jvm.dll+0x32ca01]
V  [jvm.dll+0x32be9a]
V  [jvm.dll+0x21812f]
V  [jvm.dll+0x217561]
V  [jvm.dll+0x1a3bc0]
V  [jvm.dll+0x2272de]
V  [jvm.dll+0x22548b]
V  [jvm.dll+0x78f58c]
V  [jvm.dll+0x78998a]
V  [jvm.dll+0x677875]
C  [ucrtbase.dll+0x21bb2]
C  [KERNEL32.DLL+0x17034]
C  [ntdll.dll+0x52651]


---------------  P R O C E S S  ---------------

Threads class SMR info:
_java_thread_list=0x000002c78a453810, length=29, elements={
0x000002c7bc6f8290, 0x000002c7bc6f9110, 0x000002c7bc70bf60, 0x000002c7bc70f940,
0x000002c7bc710300, 0x000002c7bc712cd0, 0x000002c7bc7149d0, 0x000002c7bc7153d0,
0x000002c7bc722750, 0x000002c7bc6e4cd0, 0x000002c7bc9e85a0, 0x000002c7bca28d40,
0x000002c7bca29420, 0x000002c7bca9ac70, 0x000002c7fe41f2c0, 0x000002c7fe489a40,
0x000002c7fe33c3c0, 0x000002c789375c70, 0x000002c789379930, 0x000002c789375760,
0x000002c7893775c0, 0x000002c7feff1900, 0x000002c78a757b70, 0x000002c78a7548d0,
0x000002c78a752f80, 0x000002c78a7599d0, 0x000002c78a758fb0, 0x000002c78a83feb0,
0x000002c78a83b450
}

Java Threads: ( => current thread )
  0x000002c7bc6f8290 JavaThread "Reference Handler" daemon [_thread_blocked, id=4200, stack(0x000000cc0cc00000,0x000000cc0cd00000)]
  0x000002c7bc6f9110 JavaThread "Finalizer" daemon [_thread_blocked, id=11492, stack(0x000000cc0cd00000,0x000000cc0ce00000)]
  0x000002c7bc70bf60 JavaThread "Signal Dispatcher" daemon [_thread_blocked, id=14696, stack(0x000000cc0ce00000,0x000000cc0cf00000)]
  0x000002c7bc70f940 JavaThread "Attach Listener" daemon [_thread_blocked, id=14044, stack(0x000000cc0cf00000,0x000000cc0d000000)]
  0x000002c7bc710300 JavaThread "Service Thread" daemon [_thread_blocked, id=15192, stack(0x000000cc0d000000,0x000000cc0d100000)]
  0x000002c7bc712cd0 JavaThread "Monitor Deflation Thread" daemon [_thread_blocked, id=11992, stack(0x000000cc0d100000,0x000000cc0d200000)]
  0x000002c7bc7149d0 JavaThread "C2 CompilerThread0" daemon [_thread_in_native, id=9180, stack(0x000000cc0d200000,0x000000cc0d300000)]
  0x000002c7bc7153d0 JavaThread "C1 CompilerThread0" daemon [_thread_blocked, id=14040, stack(0x000000cc0d300000,0x000000cc0d400000)]
  0x000002c7bc722750 JavaThread "Sweeper thread" daemon [_thread_blocked, id=4064, stack(0x000000cc0d400000,0x000000cc0d500000)]
  0x000002c7bc6e4cd0 JavaThread "Common-Cleaner" daemon [_thread_blocked, id=9208, stack(0x000000cc0d500000,0x000000cc0d600000)]
  0x000002c7bc9e85a0 JavaThread "JDWP Transport Listener: dt_socket" daemon [_thread_blocked, id=15200, stack(0x000000cc0d700000,0x000000cc0d800000)]
  0x000002c7bca28d40 JavaThread "JDWP Event Helper Thread" daemon [_thread_blocked, id=3656, stack(0x000000cc0d800000,0x000000cc0d900000)]
  0x000002c7bca29420 JavaThread "JDWP Command Reader" daemon [_thread_in_native, id=2664, stack(0x000000cc0d900000,0x000000cc0da00000)]
  0x000002c7bca9ac70 JavaThread "Notification Thread" daemon [_thread_blocked, id=13580, stack(0x000000cc0da00000,0x000000cc0db00000)]
  0x000002c7fe41f2c0 JavaThread "RMI TCP Accept-0" daemon [_thread_in_native, id=9108, stack(0x000000cc0dc00000,0x000000cc0dd00000)]
  0x000002c7fe489a40 JavaThread "RMI TCP Accept-65209" daemon [_thread_in_native, id=7684, stack(0x000000cc0dd00000,0x000000cc0de00000)]
  0x000002c7fe33c3c0 JavaThread "RMI TCP Accept-0" daemon [_thread_in_native, id=13352, stack(0x000000cc0de00000,0x000000cc0df00000)]
  0x000002c789375c70 JavaThread "mysql-cj-abandoned-connection-cleanup" daemon [_thread_blocked, id=8000, stack(0x000000cc0ef00000,0x000000cc0f000000)]
  0x000002c789379930 JavaThread "Live Reload Server" daemon [_thread_in_native, id=7408, stack(0x000000cc0f500000,0x000000cc0f600000)]
  0x000002c789375760 JavaThread "http-nio-8080-exec-1" daemon [_thread_blocked, id=10876, stack(0x000000cc0f400000,0x000000cc0f500000)]
  0x000002c7893775c0 JavaThread "http-nio-8080-exec-10" daemon [_thread_blocked, id=9200, stack(0x000000cc0fe00000,0x000000cc0ff00000)]
  0x000002c7feff1900 JavaThread "DestroyJavaVM" [_thread_blocked, id=13064, stack(0x000000cc0c500000,0x000000cc0c600000)]
  0x000002c78a757b70 JavaThread "Thread-5" [_thread_blocked, id=716, stack(0x000000cc0c200000,0x000000cc0c300000)]
  0x000002c78a7548d0 JavaThread "File Watcher" daemon [_thread_blocked, id=14480, stack(0x000000cc0c400000,0x000000cc0c500000)]
  0x000002c78a752f80 JavaThread "File Watcher" daemon [_thread_blocked, id=912, stack(0x000000cc0db00000,0x000000cc0dc00000)]
  0x000002c78a7599d0 JavaThread "File Watcher" daemon [_thread_blocked, id=7984, stack(0x000000cc0e900000,0x000000cc0ea00000)]
  0x000002c78a758fb0 JavaThread "restartedMain" [_thread_in_vm, id=516, stack(0x000000cc0c300000,0x000000cc0c400000)]
=>0x000002c78a83feb0 JavaThread "C2 CompilerThread1" daemon [_thread_in_native, id=11956, stack(0x000000cc0d600000,0x000000cc0d700000)]
  0x000002c78a83b450 JavaThread "C2 CompilerThread2" daemon [_thread_in_native, id=9764, stack(0x000000cc0ea00000,0x000000cc0eb00000)]

Other Threads:
  0x000002c7bc6f3280 VMThread "VM Thread" [stack: 0x000000cc0cb00000,0x000000cc0cc00000] [id=9868]
  0x000002c79e786b60 WatcherThread [stack: 0x000000cc0df00000,0x000000cc0e000000] [id=14984]
  0x000002c79e76f5a0 GCTaskThread "GC Thread#0" [stack: 0x000000cc0c600000,0x000000cc0c700000] [id=15128]
  0x000002c7febe7c80 GCTaskThread "GC Thread#1" [stack: 0x000000cc0e000000,0x000000cc0e100000] [id=5472]
  0x000002c7feb5a6a0 GCTaskThread "GC Thread#2" [stack: 0x000000cc0e100000,0x000000cc0e200000] [id=8784]
  0x000002c7fea46100 GCTaskThread "GC Thread#3" [stack: 0x000000cc0e200000,0x000000cc0e300000] [id=12644]
  0x000002c7febd79d0 GCTaskThread "GC Thread#4" [stack: 0x000000cc0e300000,0x000000cc0e400000] [id=1004]
  0x000002c7fea463c0 GCTaskThread "GC Thread#5" [stack: 0x000000cc0e400000,0x000000cc0e500000] [id=7856]
  0x000002c7feaad440 GCTaskThread "GC Thread#6" [stack: 0x000000cc0e500000,0x000000cc0e600000] [id=14168]
  0x000002c7feaad700 GCTaskThread "GC Thread#7" [stack: 0x000000cc0e600000,0x000000cc0e700000] [id=12996]
  0x000002c79e77fe70 ConcurrentGCThread "G1 Main Marker" [stack: 0x000000cc0c700000,0x000000cc0c800000] [id=12652]
  0x000002c79e781020 ConcurrentGCThread "G1 Conc#0" [stack: 0x000000cc0c800000,0x000000cc0c900000] [id=6520]
  0x000002c7857384a0 ConcurrentGCThread "G1 Conc#1" [stack: 0x000000cc0ec00000,0x000000cc0ed00000] [id=14152]
  0x000002c79e7c7040 ConcurrentGCThread "G1 Refine#0" [stack: 0x000000cc0c900000,0x000000cc0ca00000] [id=13388]
  0x000002c7feaaea10 ConcurrentGCThread "G1 Refine#1" [stack: 0x000000cc0e700000,0x000000cc0e800000] [id=7696]
  0x000002c7feb5b990 ConcurrentGCThread "G1 Refine#2" [stack: 0x000000cc0e800000,0x000000cc0e900000] [id=7808]
  0x000002c79e7c7a70 ConcurrentGCThread "G1 Service" [stack: 0x000000cc0ca00000,0x000000cc0cb00000] [id=5928]

Threads with active compile tasks:
C2 CompilerThread0   494019 11809   !   4       org.springframework.beans.factory.support.AbstractBeanFactory::doGetBean (740 bytes)
C2 CompilerThread1   494019 11753       4       org.springframework.boot.context.properties.source.SoftReferenceConfigurationPropertyCache::get (67 bytes)
C2 CompilerThread2   494019 11822       4       org.springframework.asm.ClassReader::<init> (359 bytes)

VM state: not at safepoint (normal execution)

VM Mutex/Monitor currently owned by a thread: None

Heap address: 0x0000000083400000, size: 1996 MB, Compressed Oops mode: 32-bit

CDS archive(s) mapped at: [0x000002c7bd000000-0x000002c7bdbd0000-0x000002c7bdbd0000), size 12386304, SharedBaseAddress: 0x000002c7bd000000, ArchiveRelocationMode: 1.
Compressed class space mapped at: 0x000002c7be000000-0x000002c7fe000000, reserved size: 1073741824
Narrow klass base: 0x000002c7bd000000, Narrow klass shift: 0, Narrow klass range: 0x100000000

GC Precious Log:
 CPUs: 8 total, 8 available
 Memory: 7979M
 Large Page Support: Disabled
 NUMA Support: Disabled
 Compressed Oops: Enabled (32-bit)
 Heap Region Size: 1M
 Heap Min Capacity: 8M
 Heap Initial Capacity: 126M
 Heap Max Capacity: 1996M
 Pre-touch: Disabled
 Parallel Workers: 8
 Concurrent Workers: 2
 Concurrent Refinement Workers: 8
 Periodic GC: Disabled

Heap:
 garbage-first heap   total 157696K, used 93197K [0x0000000083400000, 0x0000000100000000)
  region size 1024K, 53 young (54272K), 6 survivors (6144K)
 Metaspace       used 90684K, committed 91392K, reserved 1179648K
  class space    used 11335K, committed 11712K, reserved 1048576K

Heap Regions: E=young(eden), S=young(survivor), O=old, HS=humongous(starts), HC=humongous(continues), CS=collection set, F=free, OA=open archive, CA=closed archive, TAMS=top-at-mark-start (previous, next)
|   0|0x0000000083400000, 0x0000000083500000, 0x0000000083500000|100%|HS|  |TAMS 0x0000000083500000, 0x0000000083400000| Complete 
|   1|0x0000000083500000, 0x0000000083600000, 0x0000000083600000|100%| O|  |TAMS 0x0000000083600000, 0x0000000083500000| Untracked 
|   2|0x0000000083600000, 0x0000000083700000, 0x0000000083700000|100%| O|  |TAMS 0x0000000083700000, 0x0000000083600000| Untracked 
|   3|0x0000000083700000, 0x00000000837fc388, 0x0000000083800000| 98%| O|  |TAMS 0x00000000837fc388, 0x0000000083700000| Untracked 
|   4|0x0000000083800000, 0x0000000083900000, 0x0000000083900000|100%| O|  |TAMS 0x0000000083900000, 0x0000000083800000| Untracked 
|   5|0x0000000083900000, 0x0000000083a00000, 0x0000000083a00000|100%| O|  |TAMS 0x0000000083a00000, 0x0000000083900000| Untracked 
|   6|0x0000000083a00000, 0x0000000083b00000, 0x0000000083b00000|100%| O|  |TAMS 0x0000000083b00000, 0x0000000083a00000| Untracked 
|   7|0x0000000083b00000, 0x0000000083bfffd8, 0x0000000083c00000| 99%| O|  |TAMS 0x0000000083bfffd8, 0x0000000083b00000| Untracked 
|   8|0x0000000083c00000, 0x0000000083d00000, 0x0000000083d00000|100%| O|  |TAMS 0x0000000083d00000, 0x0000000083c00000| Untracked 
|   9|0x0000000083d00000, 0x0000000083e00000, 0x0000000083e00000|100%| O|  |TAMS 0x0000000083e00000, 0x0000000083d00000| Untracked 
|  10|0x0000000083e00000, 0x0000000083efffe8, 0x0000000083f00000| 99%| O|  |TAMS 0x0000000083efffe8, 0x0000000083e00000| Untracked 
|  11|0x0000000083f00000, 0x0000000083ffe298, 0x0000000084000000| 99%| O|  |TAMS 0x0000000083ffe298, 0x0000000083f00000| Untracked 
|  12|0x0000000084000000, 0x00000000840fff10, 0x0000000084100000| 99%| O|  |TAMS 0x00000000840fff10, 0x0000000084000000| Untracked 
|  13|0x0000000084100000, 0x00000000841fe060, 0x0000000084200000| 99%| O|  |TAMS 0x00000000841fe060, 0x0000000084100000| Untracked 
|  14|0x0000000084200000, 0x0000000084300000, 0x0000000084300000|100%| O|  |TAMS 0x0000000084300000, 0x0000000084200000| Untracked 
|  15|0x0000000084300000, 0x00000000843fc4c0, 0x0000000084400000| 98%| O|  |TAMS 0x00000000843fc4c0, 0x0000000084300000| Untracked 
|  16|0x0000000084400000, 0x00000000844fff80, 0x0000000084500000| 99%| O|  |TAMS 0x00000000844fff80, 0x0000000084400000| Untracked 
|  17|0x0000000084500000, 0x00000000845fffd0, 0x0000000084600000| 99%| O|  |TAMS 0x00000000845fffd0, 0x0000000084500000| Untracked 
|  18|0x0000000084600000, 0x00000000846ffed0, 0x0000000084700000| 99%| O|  |TAMS 0x00000000846ffed0, 0x0000000084600000| Untracked 
|  19|0x0000000084700000, 0x00000000847fe208, 0x0000000084800000| 99%| O|  |TAMS 0x00000000847fe208, 0x0000000084700000| Untracked 
|  20|0x0000000084800000, 0x00000000848fffe8, 0x0000000084900000| 99%| O|  |TAMS 0x00000000848fffe8, 0x0000000084800000| Untracked 
|  21|0x0000000084900000, 0x00000000849fffd0, 0x0000000084a00000| 99%| O|  |TAMS 0x00000000849fffd0, 0x0000000084900000| Untracked 
|  22|0x0000000084a00000, 0x0000000084b00000, 0x0000000084b00000|100%| O|  |TAMS 0x0000000084b00000, 0x0000000084a00000| Untracked 
|  23|0x0000000084b00000, 0x0000000084bffff0, 0x0000000084c00000| 99%| O|  |TAMS 0x0000000084bffff0, 0x0000000084b00000| Untracked 
|  24|0x0000000084c00000, 0x0000000084cfffe8, 0x0000000084d00000| 99%| O|  |TAMS 0x0000000084cfffe8, 0x0000000084c00000| Untracked 
|  25|0x0000000084d00000, 0x0000000084dfffb8, 0x0000000084e00000| 99%| O|  |TAMS 0x0000000084dfffb8, 0x0000000084d00000| Untracked 
|  26|0x0000000084e00000, 0x0000000084ebdab0, 0x0000000084f00000| 74%| O|  |TAMS 0x0000000084ebdab0, 0x0000000084e00000| Untracked 
|  27|0x0000000084f00000, 0x0000000084fffff0, 0x0000000085000000| 99%| O|  |TAMS 0x0000000084fffff0, 0x0000000084f00000| Untracked 
|  28|0x0000000085000000, 0x00000000850ba7f8, 0x0000000085100000| 72%| O|  |TAMS 0x00000000850ba7f8, 0x0000000085000000| Untracked 
|  29|0x0000000085100000, 0x0000000085200000, 0x0000000085200000|100%| O|  |TAMS 0x0000000085200000, 0x0000000085100000| Untracked 
|  30|0x0000000085200000, 0x000000008529d2e0, 0x0000000085300000| 61%| O|  |TAMS 0x000000008529d2e0, 0x0000000085200000| Untracked 
|  31|0x0000000085300000, 0x0000000085300000, 0x0000000085400000|  0%| F|  |TAMS 0x0000000085300000, 0x0000000085300000| Untracked 
|  32|0x0000000085400000, 0x0000000085500000, 0x0000000085500000|100%| O|  |TAMS 0x0000000085500000, 0x0000000085400000| Untracked 
|  33|0x0000000085500000, 0x0000000085600000, 0x0000000085600000|100%| O|  |TAMS 0x0000000085600000, 0x0000000085500000| Untracked 
|  34|0x0000000085600000, 0x0000000085700000, 0x0000000085700000|100%| O|  |TAMS 0x0000000085700000, 0x0000000085600000| Untracked 
|  35|0x0000000085700000, 0x0000000085800000, 0x0000000085800000|100%| O|  |TAMS 0x0000000085800000, 0x0000000085700000| Untracked 
|  36|0x0000000085800000, 0x0000000085900000, 0x0000000085900000|100%| O|  |TAMS 0x0000000085900000, 0x0000000085800000| Untracked 
|  37|0x0000000085900000, 0x0000000085a00000, 0x0000000085a00000|100%| O|  |TAMS 0x0000000085a00000, 0x0000000085900000| Untracked 
|  38|0x0000000085a00000, 0x0000000085b00000, 0x0000000085b00000|100%| O|  |TAMS 0x0000000085b00000, 0x0000000085a00000| Untracked 
|  39|0x0000000085b00000, 0x0000000085c00000, 0x0000000085c00000|100%| O|  |TAMS 0x0000000085c00000, 0x0000000085b00000| Untracked 
|  40|0x0000000085c00000, 0x0000000085d00000, 0x0000000085d00000|100%| O|  |TAMS 0x0000000085c56e00, 0x0000000085c00000| Untracked 
|  41|0x0000000085d00000, 0x0000000085e00000, 0x0000000085e00000|100%| O|  |TAMS 0x0000000085d00000, 0x0000000085d00000| Untracked 
|  42|0x0000000085e00000, 0x0000000085ead600, 0x0000000085f00000| 67%| O|  |TAMS 0x0000000085e00000, 0x0000000085e00000| Untracked 
|  43|0x0000000085f00000, 0x0000000085f00000, 0x0000000086000000|  0%| F|  |TAMS 0x0000000085f00000, 0x0000000085f00000| Untracked 
|  44|0x0000000086000000, 0x0000000086000000, 0x0000000086100000|  0%| F|  |TAMS 0x0000000086000000, 0x0000000086000000| Untracked 
|  45|0x0000000086100000, 0x0000000086100000, 0x0000000086200000|  0%| F|  |TAMS 0x0000000086100000, 0x0000000086100000| Untracked 
|  46|0x0000000086200000, 0x0000000086200000, 0x0000000086300000|  0%| F|  |TAMS 0x0000000086200000, 0x0000000086200000| Untracked 
|  47|0x0000000086300000, 0x0000000086300000, 0x0000000086400000|  0%| F|  |TAMS 0x0000000086300000, 0x0000000086300000| Untracked 
|  48|0x0000000086400000, 0x0000000086400000, 0x0000000086500000|  0%| F|  |TAMS 0x0000000086400000, 0x0000000086400000| Untracked 
|  49|0x0000000086500000, 0x0000000086500000, 0x0000000086600000|  0%| F|  |TAMS 0x0000000086500000, 0x0000000086500000| Untracked 
|  50|0x0000000086600000, 0x0000000086600000, 0x0000000086700000|  0%| F|  |TAMS 0x0000000086600000, 0x0000000086600000| Untracked 
|  51|0x0000000086700000, 0x0000000086700000, 0x0000000086800000|  0%| F|  |TAMS 0x0000000086700000, 0x0000000086700000| Untracked 
|  52|0x0000000086800000, 0x0000000086800000, 0x0000000086900000|  0%| F|  |TAMS 0x0000000086800000, 0x0000000086800000| Untracked 
|  53|0x0000000086900000, 0x0000000086900000, 0x0000000086a00000|  0%| F|  |TAMS 0x0000000086900000, 0x0000000086900000| Untracked 
|  54|0x0000000086a00000, 0x0000000086a00000, 0x0000000086b00000|  0%| F|  |TAMS 0x0000000086a00000, 0x0000000086a00000| Untracked 
|  55|0x0000000086b00000, 0x0000000086b00000, 0x0000000086c00000|  0%| F|  |TAMS 0x0000000086b00000, 0x0000000086b00000| Untracked 
|  56|0x0000000086c00000, 0x0000000086c00000, 0x0000000086d00000|  0%| F|  |TAMS 0x0000000086c00000, 0x0000000086c00000| Untracked 
|  57|0x0000000086d00000, 0x0000000086d00000, 0x0000000086e00000|  0%| F|  |TAMS 0x0000000086d00000, 0x0000000086d00000| Untracked 
|  58|0x0000000086e00000, 0x0000000086e00000, 0x0000000086f00000|  0%| F|  |TAMS 0x0000000086e00000, 0x0000000086e00000| Untracked 
|  59|0x0000000086f00000, 0x0000000086f00000, 0x0000000087000000|  0%| F|  |TAMS 0x0000000086f00000, 0x0000000086f00000| Untracked 
|  60|0x0000000087000000, 0x0000000087000000, 0x0000000087100000|  0%| F|  |TAMS 0x0000000087000000, 0x0000000087000000| Untracked 
|  61|0x0000000087100000, 0x0000000087100000, 0x0000000087200000|  0%| F|  |TAMS 0x0000000087100000, 0x0000000087100000| Untracked 
|  62|0x0000000087200000, 0x0000000087200000, 0x0000000087300000|  0%| F|  |TAMS 0x0000000087200000, 0x0000000087200000| Untracked 
|  63|0x0000000087300000, 0x0000000087300000, 0x0000000087400000|  0%| F|  |TAMS 0x0000000087300000, 0x0000000087300000| Untracked 
|  64|0x0000000087400000, 0x0000000087400000, 0x0000000087500000|  0%| F|  |TAMS 0x0000000087400000, 0x0000000087400000| Untracked 
|  65|0x0000000087500000, 0x0000000087500000, 0x0000000087600000|  0%| F|  |TAMS 0x0000000087500000, 0x0000000087500000| Untracked 
|  66|0x0000000087600000, 0x0000000087600000, 0x0000000087700000|  0%| F|  |TAMS 0x0000000087600000, 0x0000000087600000| Untracked 
|  67|0x0000000087700000, 0x0000000087700000, 0x0000000087800000|  0%| F|  |TAMS 0x0000000087700000, 0x0000000087700000| Untracked 
|  68|0x0000000087800000, 0x0000000087800000, 0x0000000087900000|  0%| F|  |TAMS 0x0000000087800000, 0x0000000087800000| Untracked 
|  69|0x0000000087900000, 0x0000000087900000, 0x0000000087a00000|  0%| F|  |TAMS 0x0000000087900000, 0x0000000087900000| Untracked 
|  70|0x0000000087a00000, 0x0000000087a4e200, 0x0000000087b00000| 30%| S|CS|TAMS 0x0000000087a00000, 0x0000000087a00000| Complete 
|  71|0x0000000087b00000, 0x0000000087c00000, 0x0000000087c00000|100%| S|CS|TAMS 0x0000000087b00000, 0x0000000087b00000| Complete 
|  72|0x0000000087c00000, 0x0000000087d00000, 0x0000000087d00000|100%| S|CS|TAMS 0x0000000087c00000, 0x0000000087c00000| Complete 
|  73|0x0000000087d00000, 0x0000000087e00000, 0x0000000087e00000|100%| S|CS|TAMS 0x0000000087d00000, 0x0000000087d00000| Complete 
|  74|0x0000000087e00000, 0x0000000087f00000, 0x0000000087f00000|100%| S|CS|TAMS 0x0000000087e00000, 0x0000000087e00000| Complete 
|  75|0x0000000087f00000, 0x0000000088000000, 0x0000000088000000|100%| S|CS|TAMS 0x0000000087f00000, 0x0000000087f00000| Complete 
|  76|0x0000000088000000, 0x0000000088000000, 0x0000000088100000|  0%| F|  |TAMS 0x0000000088000000, 0x0000000088000000| Untracked 
|  77|0x0000000088100000, 0x0000000088100000, 0x0000000088200000|  0%| F|  |TAMS 0x0000000088100000, 0x0000000088100000| Untracked 
|  78|0x0000000088200000, 0x0000000088200000, 0x0000000088300000|  0%| F|  |TAMS 0x0000000088200000, 0x0000000088200000| Untracked 
|  79|0x0000000088300000, 0x0000000088300000, 0x0000000088400000|  0%| F|  |TAMS 0x0000000088300000, 0x0000000088300000| Untracked 
|  80|0x0000000088400000, 0x0000000088400000, 0x0000000088500000|  0%| F|  |TAMS 0x0000000088400000, 0x0000000088400000| Untracked 
|  81|0x0000000088500000, 0x0000000088500000, 0x0000000088600000|  0%| F|  |TAMS 0x0000000088500000, 0x0000000088500000| Untracked 
|  82|0x0000000088600000, 0x0000000088600000, 0x0000000088700000|  0%| F|  |TAMS 0x0000000088600000, 0x0000000088600000| Untracked 
|  83|0x0000000088700000, 0x0000000088700000, 0x0000000088800000|  0%| F|  |TAMS 0x0000000088700000, 0x0000000088700000| Untracked 
|  84|0x0000000088800000, 0x0000000088800000, 0x0000000088900000|  0%| F|  |TAMS 0x0000000088800000, 0x0000000088800000| Untracked 
|  85|0x0000000088900000, 0x0000000088900000, 0x0000000088a00000|  0%| F|  |TAMS 0x0000000088900000, 0x0000000088900000| Untracked 
|  86|0x0000000088a00000, 0x0000000088a00000, 0x0000000088b00000|  0%| F|  |TAMS 0x0000000088a00000, 0x0000000088a00000| Untracked 
|  87|0x0000000088b00000, 0x0000000088b00000, 0x0000000088c00000|  0%| F|  |TAMS 0x0000000088b00000, 0x0000000088b00000| Untracked 
|  88|0x0000000088c00000, 0x0000000088c00000, 0x0000000088d00000|  0%| F|  |TAMS 0x0000000088c00000, 0x0000000088c00000| Untracked 
|  89|0x0000000088d00000, 0x0000000088d00000, 0x0000000088e00000|  0%| F|  |TAMS 0x0000000088d00000, 0x0000000088d00000| Untracked 
|  90|0x0000000088e00000, 0x0000000088e00000, 0x0000000088f00000|  0%| F|  |TAMS 0x0000000088e00000, 0x0000000088e00000| Untracked 
|  91|0x0000000088f00000, 0x0000000088f00000, 0x0000000089000000|  0%| F|  |TAMS 0x0000000088f00000, 0x0000000088f00000| Untracked 
|  92|0x0000000089000000, 0x0000000089000000, 0x0000000089100000|  0%| F|  |TAMS 0x0000000089000000, 0x0000000089000000| Untracked 
|  93|0x0000000089100000, 0x0000000089100000, 0x0000000089200000|  0%| F|  |TAMS 0x0000000089100000, 0x0000000089100000| Untracked 
|  94|0x0000000089200000, 0x0000000089200000, 0x0000000089300000|  0%| F|  |TAMS 0x0000000089200000, 0x0000000089200000| Untracked 
|  95|0x0000000089300000, 0x0000000089300000, 0x0000000089400000|  0%| F|  |TAMS 0x0000000089300000, 0x0000000089300000| Untracked 
|  96|0x0000000089400000, 0x0000000089400000, 0x0000000089500000|  0%| F|  |TAMS 0x0000000089400000, 0x0000000089400000| Untracked 
|  97|0x0000000089500000, 0x0000000089500000, 0x0000000089600000|  0%| F|  |TAMS 0x0000000089500000, 0x0000000089500000| Untracked 
|  98|0x0000000089600000, 0x0000000089600000, 0x0000000089700000|  0%| F|  |TAMS 0x0000000089600000, 0x0000000089600000| Untracked 
|  99|0x0000000089700000, 0x0000000089700000, 0x0000000089800000|  0%| F|  |TAMS 0x0000000089700000, 0x0000000089700000| Untracked 
| 100|0x0000000089800000, 0x0000000089800000, 0x0000000089900000|  0%| F|  |TAMS 0x0000000089800000, 0x0000000089800000| Untracked 
| 101|0x0000000089900000, 0x0000000089900000, 0x0000000089a00000|  0%| F|  |TAMS 0x0000000089900000, 0x0000000089900000| Untracked 
| 102|0x0000000089a00000, 0x0000000089a00000, 0x0000000089b00000|  0%| F|  |TAMS 0x0000000089a00000, 0x0000000089a00000| Untracked 
| 103|0x0000000089b00000, 0x0000000089b00000, 0x0000000089c00000|  0%| F|  |TAMS 0x0000000089b00000, 0x0000000089b00000| Untracked 
| 104|0x0000000089c00000, 0x0000000089c00000, 0x0000000089d00000|  0%| F|  |TAMS 0x0000000089c00000, 0x0000000089c00000| Untracked 
| 105|0x0000000089d00000, 0x0000000089d00000, 0x0000000089e00000|  0%| F|  |TAMS 0x0000000089d00000, 0x0000000089d00000| Untracked 
| 106|0x0000000089e00000, 0x0000000089e00000, 0x0000000089f00000|  0%| F|  |TAMS 0x0000000089e00000, 0x0000000089e00000| Untracked 
| 107|0x0000000089f00000, 0x0000000089f3fac0, 0x000000008a000000| 24%| E|  |TAMS 0x0000000089f00000, 0x0000000089f00000| Complete 
| 108|0x000000008a000000, 0x000000008a100000, 0x000000008a100000|100%| E|CS|TAMS 0x000000008a000000, 0x000000008a000000| Complete 
| 109|0x000000008a100000, 0x000000008a200000, 0x000000008a200000|100%| E|CS|TAMS 0x000000008a100000, 0x000000008a100000| Complete 
| 110|0x000000008a200000, 0x000000008a300000, 0x000000008a300000|100%| E|  |TAMS 0x000000008a200000, 0x000000008a200000| Complete 
| 111|0x000000008a300000, 0x000000008a400000, 0x000000008a400000|100%| E|CS|TAMS 0x000000008a300000, 0x000000008a300000| Complete 
| 112|0x000000008a400000, 0x000000008a500000, 0x000000008a500000|100%| E|CS|TAMS 0x000000008a400000, 0x000000008a400000| Complete 
| 113|0x000000008a500000, 0x000000008a600000, 0x000000008a600000|100%| E|CS|TAMS 0x000000008a500000, 0x000000008a500000| Complete 
| 114|0x000000008a600000, 0x000000008a700000, 0x000000008a700000|100%| E|CS|TAMS 0x000000008a600000, 0x000000008a600000| Complete 
| 115|0x000000008a700000, 0x000000008a800000, 0x000000008a800000|100%| E|CS|TAMS 0x000000008a700000, 0x000000008a700000| Complete 
| 116|0x000000008a800000, 0x000000008a900000, 0x000000008a900000|100%| E|CS|TAMS 0x000000008a800000, 0x000000008a800000| Complete 
| 117|0x000000008a900000, 0x000000008aa00000, 0x000000008aa00000|100%| E|CS|TAMS 0x000000008a900000, 0x000000008a900000| Complete 
| 118|0x000000008aa00000, 0x000000008ab00000, 0x000000008ab00000|100%| E|CS|TAMS 0x000000008aa00000, 0x000000008aa00000| Complete 
| 119|0x000000008ab00000, 0x000000008ac00000, 0x000000008ac00000|100%| E|CS|TAMS 0x000000008ab00000, 0x000000008ab00000| Complete 
| 120|0x000000008ac00000, 0x000000008ad00000, 0x000000008ad00000|100%| E|CS|TAMS 0x000000008ac00000, 0x000000008ac00000| Complete 
| 121|0x000000008ad00000, 0x000000008ae00000, 0x000000008ae00000|100%| E|CS|TAMS 0x000000008ad00000, 0x000000008ad00000| Complete 
| 122|0x000000008ae00000, 0x000000008af00000, 0x000000008af00000|100%| E|CS|TAMS 0x000000008ae00000, 0x000000008ae00000| Complete 
| 123|0x000000008af00000, 0x000000008b000000, 0x000000008b000000|100%| E|CS|TAMS 0x000000008af00000, 0x000000008af00000| Complete 
| 124|0x000000008b000000, 0x000000008b100000, 0x000000008b100000|100%| E|CS|TAMS 0x000000008b000000, 0x000000008b000000| Complete 
| 125|0x000000008b100000, 0x000000008b200000, 0x000000008b200000|100%| E|CS|TAMS 0x000000008b100000, 0x000000008b100000| Complete 
| 126|0x000000008b200000, 0x000000008b300000, 0x000000008b300000|100%| E|CS|TAMS 0x000000008b200000, 0x000000008b200000| Complete 
| 127|0x000000008b300000, 0x000000008b400000, 0x000000008b400000|100%| E|CS|TAMS 0x000000008b300000, 0x000000008b300000| Complete 
| 128|0x000000008b400000, 0x000000008b500000, 0x000000008b500000|100%| E|CS|TAMS 0x000000008b400000, 0x000000008b400000| Complete 
| 129|0x000000008b500000, 0x000000008b600000, 0x000000008b600000|100%| E|CS|TAMS 0x000000008b500000, 0x000000008b500000| Complete 
| 130|0x000000008b600000, 0x000000008b700000, 0x000000008b700000|100%| E|CS|TAMS 0x000000008b600000, 0x000000008b600000| Complete 
| 131|0x000000008b700000, 0x000000008b800000, 0x000000008b800000|100%| E|CS|TAMS 0x000000008b700000, 0x000000008b700000| Complete 
| 132|0x000000008b800000, 0x000000008b900000, 0x000000008b900000|100%| E|CS|TAMS 0x000000008b800000, 0x000000008b800000| Complete 
| 133|0x000000008b900000, 0x000000008ba00000, 0x000000008ba00000|100%| E|CS|TAMS 0x000000008b900000, 0x000000008b900000| Complete 
| 134|0x000000008ba00000, 0x000000008bb00000, 0x000000008bb00000|100%| E|CS|TAMS 0x000000008ba00000, 0x000000008ba00000| Complete 
| 135|0x000000008bb00000, 0x000000008bc00000, 0x000000008bc00000|100%| E|CS|TAMS 0x000000008bb00000, 0x000000008bb00000| Complete 
| 136|0x000000008bc00000, 0x000000008bd00000, 0x000000008bd00000|100%| E|CS|TAMS 0x000000008bc00000, 0x000000008bc00000| Complete 
| 137|0x000000008bd00000, 0x000000008be00000, 0x000000008be00000|100%| E|CS|TAMS 0x000000008bd00000, 0x000000008bd00000| Complete 
| 138|0x000000008be00000, 0x000000008bf00000, 0x000000008bf00000|100%| E|CS|TAMS 0x000000008be00000, 0x000000008be00000| Complete 
| 139|0x000000008bf00000, 0x000000008c000000, 0x000000008c000000|100%| E|CS|TAMS 0x000000008bf00000, 0x000000008bf00000| Complete 
| 140|0x000000008c000000, 0x000000008c100000, 0x000000008c100000|100%| E|CS|TAMS 0x000000008c000000, 0x000000008c000000| Complete 
| 141|0x000000008c100000, 0x000000008c200000, 0x000000008c200000|100%| E|CS|TAMS 0x000000008c100000, 0x000000008c100000| Complete 
| 142|0x000000008c200000, 0x000000008c300000, 0x000000008c300000|100%| E|CS|TAMS 0x000000008c200000, 0x000000008c200000| Complete 
| 143|0x000000008c300000, 0x000000008c400000, 0x000000008c400000|100%| E|CS|TAMS 0x000000008c300000, 0x000000008c300000| Complete 
| 144|0x000000008c400000, 0x000000008c500000, 0x000000008c500000|100%| E|CS|TAMS 0x000000008c400000, 0x000000008c400000| Complete 
| 145|0x000000008c500000, 0x000000008c600000, 0x000000008c600000|100%| E|CS|TAMS 0x000000008c500000, 0x000000008c500000| Complete 
| 146|0x000000008c600000, 0x000000008c700000, 0x000000008c700000|100%| E|CS|TAMS 0x000000008c600000, 0x000000008c600000| Complete 
| 147|0x000000008c700000, 0x000000008c800000, 0x000000008c800000|100%| E|CS|TAMS 0x000000008c700000, 0x000000008c700000| Complete 
| 148|0x000000008c800000, 0x000000008c900000, 0x000000008c900000|100%| E|CS|TAMS 0x000000008c800000, 0x000000008c800000| Complete 
| 149|0x000000008c900000, 0x000000008ca00000, 0x000000008ca00000|100%| E|CS|TAMS 0x000000008c900000, 0x000000008c900000| Complete 
| 150|0x000000008ca00000, 0x000000008cb00000, 0x000000008cb00000|100%| E|CS|TAMS 0x000000008ca00000, 0x000000008ca00000| Complete 
| 151|0x000000008cb00000, 0x000000008cc00000, 0x000000008cc00000|100%| E|CS|TAMS 0x000000008cb00000, 0x000000008cb00000| Complete 
| 152|0x000000008cc00000, 0x000000008cd00000, 0x000000008cd00000|100%| E|CS|TAMS 0x000000008cc00000, 0x000000008cc00000| Complete 
| 153|0x000000008cd00000, 0x000000008ce00000, 0x000000008ce00000|100%| E|CS|TAMS 0x000000008cd00000, 0x000000008cd00000| Complete 

Card table byte_map: [0x000002c7b56c0000,0x000002c7b5ab0000] _byte_map_base: 0x000002c7b52a6000

Marking Bits (Prev, Next): (CMBitMap*) 0x000002c79e76fc00, (CMBitMap*) 0x000002c79e76fbc0
 Prev Bits: [0x000002c7b7dd0000, 0x000002c7b9d00000)
 Next Bits: [0x000002c7b5ea0000, 0x000002c7b7dd0000)

Polling page: 0x000002c79c700000

Metaspace:

Usage:
  Non-class:     77.49 MB used.
      Class:     11.07 MB used.
       Both:     88.56 MB used.

Virtual space:
  Non-class space:      128.00 MB reserved,      77.81 MB ( 61%) committed,  2 nodes.
      Class space:        1.00 GB reserved,      11.44 MB (  1%) committed,  1 nodes.
             Both:        1.12 GB reserved,      89.25 MB (  8%) committed. 

Chunk freelists:
   Non-Class:  1.39 MB
       Class:  4.44 MB
        Both:  5.83 MB

MaxMetaspaceSize: unlimited
CompressedClassSpaceSize: 1.00 GB
Initial GC threshold: 21.00 MB
Current GC threshold: 146.50 MB
CDS: on
MetaspaceReclaimPolicy: balanced
 - commit_granule_bytes: 65536.
 - commit_granule_words: 8192.
 - virtual_space_node_default_size: 8388608.
 - enlarge_chunks_in_place: 1.
 - new_chunks_are_fully_committed: 0.
 - uncommit_free_chunks: 1.
 - use_allocation_guard: 0.
 - handle_deallocations: 1.


Internal statistics:

num_allocs_failed_limit: 9.
num_arena_births: 1044.
num_arena_deaths: 10.
num_vsnodes_births: 3.
num_vsnodes_deaths: 0.
num_space_committed: 1428.
num_space_uncommitted: 0.
num_chunks_returned_to_freelist: 22.
num_chunks_taken_from_freelist: 4256.
num_chunk_merges: 12.
num_chunk_splits: 3037.
num_chunks_enlarged: 2320.
num_inconsistent_stats: 0.

CodeHeap 'non-profiled nmethods': size=120000Kb used=7866Kb max_used=7866Kb free=112133Kb
 bounds [0x000002c7ada70000, 0x000002c7ae220000, 0x000002c7b4fa0000]
CodeHeap 'profiled nmethods': size=120000Kb used=22028Kb max_used=22028Kb free=97971Kb
 bounds [0x000002c7a5fa0000, 0x000002c7a7530000, 0x000002c7ad4d0000]
CodeHeap 'non-nmethods': size=5760Kb used=1492Kb max_used=1610Kb free=4267Kb
 bounds [0x000002c7ad4d0000, 0x000002c7ad740000, 0x000002c7ada70000]
 total_blobs=11216 nmethods=10451 adapters=675
 compilation: enabled
              stopped_count=0, restarted_count=0
 full_count=0

Compilation events (20 events):
Event: 493.935 Thread 0x000002c7bc7153d0 11815       3       org.springframework.context.annotation.ConfigurationClassParser$SourceClass::getOrder (22 bytes)
Event: 493.936 Thread 0x000002c7bc7153d0 nmethod 11815 0x000002c7a7514090 code [0x000002c7a7514280, 0x000002c7a7514888]
Event: 493.952 Thread 0x000002c7bc7153d0 11816       3       org.springframework.util.PropertyPlaceholderHelper::parseStringValue (361 bytes)
Event: 493.953 Thread 0x000002c7bc7149d0 nmethod 11785 0x000002c7ae216990 code [0x000002c7ae216ca0, 0x000002c7ae219fc0]
Event: 493.954 Thread 0x000002c7bc7149d0 11809   !   4       org.springframework.beans.factory.support.AbstractBeanFactory::doGetBean (740 bytes)
Event: 493.957 Thread 0x000002c7bc7153d0 nmethod 11816 0x000002c7a7514a90 code [0x000002c7a7515180, 0x000002c7a7518df8]
Event: 493.957 Thread 0x000002c7bc7153d0 11817       3       org.springframework.boot.context.properties.source.ConfigurationPropertySourcesPropertySource::getProperty (19 bytes)
Event: 493.958 Thread 0x000002c78a83b450 nmethod 11810% 0x000002c7ae21ba10 code [0x000002c7ae21bc00, 0x000002c7ae21c930]
Event: 493.958 Thread 0x000002c78a83b450 11808   !   4       org.springframework.beans.factory.support.AbstractBeanFactory::adaptBeanInstance (98 bytes)
Event: 493.958 Thread 0x000002c7bc7153d0 nmethod 11817 0x000002c7a751a990 code [0x000002c7a751aba0, 0x000002c7a751b238]
Event: 493.960 Thread 0x000002c78a83b450 nmethod 11808 0x000002c7ae21d110 code [0x000002c7ae21d280, 0x000002c7ae21d3b8]
Event: 493.960 Thread 0x000002c78a83b450 11811       4       org.springframework.beans.factory.support.AbstractAutowireCapableBeanFactory::getObjectForBeanInstance (34 bytes)
Event: 493.967 Thread 0x000002c7bc7153d0 11818       3       org.springframework.boot.autoconfigure.condition.ConditionMessage::of (56 bytes)
Event: 493.970 Thread 0x000002c7bc7153d0 nmethod 11818 0x000002c7a751b510 code [0x000002c7a751b960, 0x000002c7a751df98]
Event: 493.970 Thread 0x000002c7bc7153d0 11819       3       sun.net.www.protocol.jar.URLJarFile::getEntry (69 bytes)
Event: 493.971 Thread 0x000002c7bc7153d0 nmethod 11819 0x000002c7a751ef10 code [0x000002c7a751f260, 0x000002c7a7520738]
Event: 493.971 Thread 0x000002c7bc7153d0 11820       3       java.util.zip.ZipEntry::<init> (172 bytes)
Event: 493.971 Thread 0x000002c7bc7153d0 nmethod 11820 0x000002c7a7520d90 code [0x000002c7a7520f60, 0x000002c7a7521528]
Event: 493.979 Thread 0x000002c78a83b450 nmethod 11811 0x000002c7ae21d510 code [0x000002c7ae21d720, 0x000002c7ae21dfe0]
Event: 493.979 Thread 0x000002c78a83b450 11822       4       org.springframework.asm.ClassReader::<init> (359 bytes)

GC Heap History (20 events):
Event: 127.265 GC heap before
{Heap before GC invocations=27 (full 1):
 garbage-first heap   total 75776K, used 58853K [0x0000000083400000, 0x0000000100000000)
  region size 1024K, 25 young (25600K), 1 survivors (1024K)
 Metaspace       used 88260K, committed 88960K, reserved 1179648K
  class space    used 11194K, committed 11584K, reserved 1048576K
}
Event: 127.267 GC heap after
{Heap after GC invocations=28 (full 1):
 garbage-first heap   total 75776K, used 35895K [0x0000000083400000, 0x0000000100000000)
  region size 1024K, 3 young (3072K), 3 survivors (3072K)
 Metaspace       used 88260K, committed 88960K, reserved 1179648K
  class space    used 11194K, committed 11584K, reserved 1048576K
}
Event: 127.407 GC heap before
{Heap before GC invocations=29 (full 1):
 garbage-first heap   total 78848K, used 59447K [0x0000000083400000, 0x0000000100000000)
  region size 1024K, 26 young (26624K), 3 survivors (3072K)
 Metaspace       used 88431K, committed 89152K, reserved 1179648K
  class space    used 11201K, committed 11584K, reserved 1048576K
}
Event: 127.410 GC heap after
{Heap after GC invocations=30 (full 1):
 garbage-first heap   total 78848K, used 36704K [0x0000000083400000, 0x0000000100000000)
  region size 1024K, 3 young (3072K), 3 survivors (3072K)
 Metaspace       used 88431K, committed 89152K, reserved 1179648K
  class space    used 11201K, committed 11584K, reserved 1048576K
}
Event: 357.712 GC heap before
{Heap before GC invocations=30 (full 1):
 garbage-first heap   total 78848K, used 62304K [0x0000000083400000, 0x0000000100000000)
  region size 1024K, 28 young (28672K), 3 survivors (3072K)
 Metaspace       used 88756K, committed 89536K, reserved 1179648K
  class space    used 11247K, committed 11648K, reserved 1048576K
}
Event: 357.717 GC heap after
{Heap after GC invocations=31 (full 1):
 garbage-first heap   total 78848K, used 38555K [0x0000000083400000, 0x0000000100000000)
  region size 1024K, 3 young (3072K), 3 survivors (3072K)
 Metaspace       used 88756K, committed 89536K, reserved 1179648K
  class space    used 11247K, committed 11648K, reserved 1048576K
}
Event: 358.221 GC heap before
{Heap before GC invocations=32 (full 1):
 garbage-first heap   total 78848K, used 62107K [0x0000000083400000, 0x0000000100000000)
  region size 1024K, 26 young (26624K), 3 survivors (3072K)
 Metaspace       used 88989K, committed 89728K, reserved 1179648K
  class space    used 11257K, committed 11648K, reserved 1048576K
}
Event: 358.225 GC heap after
{Heap after GC invocations=33 (full 1):
 garbage-first heap   total 78848K, used 39384K [0x0000000083400000, 0x0000000100000000)
  region size 1024K, 2 young (2048K), 2 survivors (2048K)
 Metaspace       used 88989K, committed 89728K, reserved 1179648K
  class space    used 11257K, committed 11648K, reserved 1048576K
}
Event: 358.234 GC heap before
{Heap before GC invocations=33 (full 1):
 garbage-first heap   total 78848K, used 40408K [0x0000000083400000, 0x0000000100000000)
  region size 1024K, 3 young (3072K), 2 survivors (2048K)
 Metaspace       used 88989K, committed 89728K, reserved 1179648K
  class space    used 11257K, committed 11648K, reserved 1048576K
}
Event: 358.236 GC heap after
{Heap after GC invocations=34 (full 1):
 garbage-first heap   total 78848K, used 39733K [0x0000000083400000, 0x0000000100000000)
  region size 1024K, 1 young (1024K), 1 survivors (1024K)
 Metaspace       used 88989K, committed 89728K, reserved 1179648K
  class space    used 11257K, committed 11648K, reserved 1048576K
}
Event: 358.531 GC heap before
{Heap before GC invocations=34 (full 1):
 garbage-first heap   total 78848K, used 62261K [0x0000000083400000, 0x0000000100000000)
  region size 1024K, 23 young (23552K), 1 survivors (1024K)
 Metaspace       used 89133K, committed 89920K, reserved 1179648K
  class space    used 11262K, committed 11648K, reserved 1048576K
}
Event: 358.533 GC heap after
{Heap after GC invocations=35 (full 1):
 garbage-first heap   total 78848K, used 40300K [0x0000000083400000, 0x0000000100000000)
  region size 1024K, 1 young (1024K), 1 survivors (1024K)
 Metaspace       used 89133K, committed 89920K, reserved 1179648K
  class space    used 11262K, committed 11648K, reserved 1048576K
}
Event: 358.895 GC heap before
{Heap before GC invocations=36 (full 1):
 garbage-first heap   total 78848K, used 62828K [0x0000000083400000, 0x0000000100000000)
  region size 1024K, 23 young (23552K), 1 survivors (1024K)
 Metaspace       used 89568K, committed 90304K, reserved 1179648K
  class space    used 11276K, committed 11648K, reserved 1048576K
}
Event: 358.898 GC heap after
{Heap after GC invocations=37 (full 1):
 garbage-first heap   total 78848K, used 41722K [0x0000000083400000, 0x0000000100000000)
  region size 1024K, 3 young (3072K), 3 survivors (3072K)
 Metaspace       used 89568K, committed 90304K, reserved 1179648K
  class space    used 11276K, committed 11648K, reserved 1048576K
}
Event: 358.909 GC heap before
{Heap before GC invocations=37 (full 1):
 garbage-first heap   total 78848K, used 42746K [0x0000000083400000, 0x0000000100000000)
  region size 1024K, 4 young (4096K), 3 survivors (3072K)
 Metaspace       used 89581K, committed 90304K, reserved 1179648K
  class space    used 11276K, committed 11648K, reserved 1048576K
}
Event: 358.912 GC heap after
{Heap after GC invocations=38 (full 1):
 garbage-first heap   total 78848K, used 42034K [0x0000000083400000, 0x0000000100000000)
  region size 1024K, 1 young (1024K), 1 survivors (1024K)
 Metaspace       used 89581K, committed 90304K, reserved 1179648K
  class space    used 11276K, committed 11648K, reserved 1048576K
}
Event: 372.647 GC heap before
{Heap before GC invocations=38 (full 1):
 garbage-first heap   total 78848K, used 62514K [0x0000000083400000, 0x0000000100000000)
  region size 1024K, 22 young (22528K), 1 survivors (1024K)
 Metaspace       used 89694K, committed 90432K, reserved 1179648K
  class space    used 11282K, committed 11648K, reserved 1048576K
}
Event: 372.649 GC heap after
{Heap after GC invocations=39 (full 1):
 garbage-first heap   total 157696K, used 42823K [0x0000000083400000, 0x0000000100000000)
  region size 1024K, 2 young (2048K), 2 survivors (2048K)
 Metaspace       used 89694K, committed 90432K, reserved 1179648K
  class space    used 11282K, committed 11648K, reserved 1048576K
}
Event: 373.827 GC heap before
{Heap before GC invocations=39 (full 1):
 garbage-first heap   total 157696K, used 122695K [0x0000000083400000, 0x0000000100000000)
  region size 1024K, 80 young (81920K), 2 survivors (2048K)
 Metaspace       used 90487K, committed 91264K, reserved 1179648K
  class space    used 11320K, committed 11712K, reserved 1048576K
}
Event: 373.832 GC heap after
{Heap after GC invocations=40 (full 1):
 garbage-first heap   total 157696K, used 47117K [0x0000000083400000, 0x0000000100000000)
  region size 1024K, 6 young (6144K), 6 survivors (6144K)
 Metaspace       used 90487K, committed 91264K, reserved 1179648K
  class space    used 11320K, committed 11712K, reserved 1048576K
}

Deoptimization events (20 events):
Event: 493.984 Thread 0x000002c78a758fb0 DEOPT PACKING pc=0x000002c7a66b3b6c sp=0x000000cc0c3fcc00
Event: 493.984 Thread 0x000002c78a758fb0 DEOPT UNPACKING pc=0x000002c7ad522b43 sp=0x000000cc0c3fc158 mode 1
Event: 493.985 Thread 0x000002c78a758fb0 DEOPT PACKING pc=0x000002c7a6478ca1 sp=0x000000cc0c3fc610
Event: 493.985 Thread 0x000002c78a758fb0 DEOPT UNPACKING pc=0x000002c7ad522b43 sp=0x000000cc0c3fbae8 mode 1
Event: 493.985 Thread 0x000002c78a758fb0 DEOPT PACKING pc=0x000002c7a64770dc sp=0x000000cc0c3fc6a0
Event: 493.985 Thread 0x000002c78a758fb0 DEOPT UNPACKING pc=0x000002c7ad522b43 sp=0x000000cc0c3fbc40 mode 1
Event: 493.985 Thread 0x000002c78a758fb0 DEOPT PACKING pc=0x000002c7a65cac9c sp=0x000000cc0c3fc800
Event: 493.985 Thread 0x000002c78a758fb0 DEOPT UNPACKING pc=0x000002c7ad522b43 sp=0x000000cc0c3fbdc0 mode 1
Event: 493.989 Thread 0x000002c78a758fb0 DEOPT PACKING pc=0x000002c7a6478ca1 sp=0x000000cc0c3fcd90
Event: 493.989 Thread 0x000002c78a758fb0 DEOPT UNPACKING pc=0x000002c7ad522b43 sp=0x000000cc0c3fc268 mode 1
Event: 493.989 Thread 0x000002c78a758fb0 DEOPT PACKING pc=0x000002c7a64770dc sp=0x000000cc0c3fce20
Event: 493.989 Thread 0x000002c78a758fb0 DEOPT UNPACKING pc=0x000002c7ad522b43 sp=0x000000cc0c3fc3c0 mode 1
Event: 493.989 Thread 0x000002c78a758fb0 DEOPT PACKING pc=0x000002c7a65cac9c sp=0x000000cc0c3fcf80
Event: 493.989 Thread 0x000002c78a758fb0 DEOPT UNPACKING pc=0x000002c7ad522b43 sp=0x000000cc0c3fc540 mode 1
Event: 493.990 Thread 0x000002c78a758fb0 DEOPT PACKING pc=0x000002c7a6478ca1 sp=0x000000cc0c3fcbe0
Event: 493.990 Thread 0x000002c78a758fb0 DEOPT UNPACKING pc=0x000002c7ad522b43 sp=0x000000cc0c3fc0b8 mode 1
Event: 493.990 Thread 0x000002c78a758fb0 DEOPT PACKING pc=0x000002c7a64770dc sp=0x000000cc0c3fcc70
Event: 493.990 Thread 0x000002c78a758fb0 DEOPT UNPACKING pc=0x000002c7ad522b43 sp=0x000000cc0c3fc210 mode 1
Event: 493.990 Thread 0x000002c78a758fb0 DEOPT PACKING pc=0x000002c7a65cac9c sp=0x000000cc0c3fcdd0
Event: 493.990 Thread 0x000002c78a758fb0 DEOPT UNPACKING pc=0x000002c7ad522b43 sp=0x000000cc0c3fc390 mode 1

Classes unloaded (5 events):
Event: 126.172 Thread 0x000002c7bc6f3280 Unloading class 0x000002c7beb38800 'org/apache/jsp/WEB_002dINF/view/admin/user/show_jsp'
Event: 126.172 Thread 0x000002c7bc6f3280 Unloading class 0x000002c7beacc000 'org/apache/jsp/WEB_002dINF/view/admin/layout/footer_jsp'
Event: 126.172 Thread 0x000002c7bc6f3280 Unloading class 0x000002c7beac1000 'org/apache/jsp/WEB_002dINF/view/admin/layout/sidebar_jsp'
Event: 126.172 Thread 0x000002c7bc6f3280 Unloading class 0x000002c7beac0800 'org/apache/jsp/WEB_002dINF/view/admin/layout/header_jsp'
Event: 126.172 Thread 0x000002c7bc6f3280 Unloading class 0x000002c7beac0000 'org/apache/jsp/WEB_002dINF/view/admin/user/delete_jsp'

Classes redefined (0 events):
No events

Internal exceptions (20 events):
Event: 373.923 Thread 0x000002c78a758fb0 Exception <a 'java/io/IOException'{0x000000008bb82750}> (0x000000008bb82750) 
thrown [s\open\src\hotspot\share\prims\jni.cpp, line 516]
Event: 373.924 Thread 0x000002c78a758fb0 Exception <a 'java/io/IOException'{0x000000008bb84fd8}> (0x000000008bb84fd8) 
thrown [s\open\src\hotspot\share\prims\jni.cpp, line 516]
Event: 373.924 Thread 0x000002c78a758fb0 Exception <a 'java/io/IOException'{0x000000008bb85b18}> (0x000000008bb85b18) 
thrown [s\open\src\hotspot\share\prims\jni.cpp, line 516]
Event: 373.925 Thread 0x000002c78a758fb0 Exception <a 'java/io/IOException'{0x000000008bb883a0}> (0x000000008bb883a0) 
thrown [s\open\src\hotspot\share\prims\jni.cpp, line 516]
Event: 373.926 Thread 0x000002c78a758fb0 Exception <a 'java/io/IOException'{0x000000008bb88ee0}> (0x000000008bb88ee0) 
thrown [s\open\src\hotspot\share\prims\jni.cpp, line 516]
Event: 373.926 Thread 0x000002c78a758fb0 Exception <a 'java/io/IOException'{0x000000008bb8b768}> (0x000000008bb8b768) 
thrown [s\open\src\hotspot\share\prims\jni.cpp, line 516]
Event: 373.926 Thread 0x000002c78a758fb0 Exception <a 'java/io/IOException'{0x000000008bb8c2a8}> (0x000000008bb8c2a8) 
thrown [s\open\src\hotspot\share\prims\jni.cpp, line 516]
Event: 373.927 Thread 0x000002c78a758fb0 Exception <a 'java/io/IOException'{0x000000008bb8eb30}> (0x000000008bb8eb30) 
thrown [s\open\src\hotspot\share\prims\jni.cpp, line 516]
Event: 373.927 Thread 0x000002c78a758fb0 Exception <a 'java/io/IOException'{0x000000008bb8f670}> (0x000000008bb8f670) 
thrown [s\open\src\hotspot\share\prims\jni.cpp, line 516]
Event: 373.928 Thread 0x000002c78a758fb0 Exception <a 'java/net/SocketException'{0x000000008bb923d0}: Connection reset by peer: shutdown> (0x000000008bb923d0) 
thrown [s\open\src\hotspot\share\prims\jni.cpp, line 535]
Event: 373.928 Thread 0x000002c78a758fb0 Exception <a 'java/io/IOException'{0x000000008bb938e0}> (0x000000008bb938e0) 
thrown [s\open\src\hotspot\share\prims\jni.cpp, line 516]
Event: 373.928 Thread 0x000002c78a758fb0 Exception <a 'java/io/IOException'{0x000000008bb94420}> (0x000000008bb94420) 
thrown [s\open\src\hotspot\share\prims\jni.cpp, line 516]
Event: 373.929 Thread 0x000002c78a758fb0 Exception <a 'java/net/SocketException'{0x000000008bb97180}: Connection reset by peer: shutdown> (0x000000008bb97180) 
thrown [s\open\src\hotspot\share\prims\jni.cpp, line 535]
Event: 373.929 Thread 0x000002c78a758fb0 Exception <a 'java/io/IOException'{0x000000008bb98bb8}> (0x000000008bb98bb8) 
thrown [s\open\src\hotspot\share\prims\jni.cpp, line 516]
Event: 373.929 Thread 0x000002c78a758fb0 Exception <a 'java/io/IOException'{0x000000008bb9b968}> (0x000000008bb9b968) 
thrown [s\open\src\hotspot\share\prims\jni.cpp, line 516]
Event: 373.937 Thread 0x000002c78a7552f0 Exception <a 'java/lang/InterruptedException'{0x000000008ba01040}: sleep interrupted> (0x000000008ba01040) 
thrown [s\open\src\hotspot\share\prims\jvm.cpp, line 3064]
Event: 373.950 Thread 0x000002c78a758aa0 Exception <a 'java/lang/NoClassDefFoundError'{0x000000008ba7ecb0}: liquibase/exception/ChangeLogParseException> (0x000000008ba7ecb0) 
thrown [s\open\src\hotspot\share\classfile\systemDictionary.cpp, line 245]
Event: 373.963 Thread 0x000002c78a758aa0 Exception <a 'java/lang/reflect/InvocationTargetException'{0x000000008bac3940}> (0x000000008bac3940) 
thrown [s\open\src\hotspot\share\runtime\reflection.cpp, line 1121]
Event: 493.651 Thread 0x000002c78a758fb0 Exception <a 'sun/nio/fs/WindowsException'{0x000000008ae0f1c0}> (0x000000008ae0f1c0) 
thrown [s\open\src\hotspot\share\prims\jni.cpp, line 516]
Event: 493.773 Thread 0x000002c78a758fb0 Exception <a 'sun/nio/fs/WindowsException'{0x000000008ab015f8}> (0x000000008ab015f8) 
thrown [s\open\src\hotspot\share\prims\jni.cpp, line 516]

VM Operations (20 events):
Event: 372.647 Executing VM operation: G1CollectForAllocation
Event: 372.650 Executing VM operation: G1CollectForAllocation done
Event: 373.455 Executing VM operation: ICBufferFull
Event: 373.455 Executing VM operation: ICBufferFull done
Event: 373.582 Executing VM operation: ICBufferFull
Event: 373.582 Executing VM operation: ICBufferFull done
Event: 373.754 Executing VM operation: ChangeBreakpoints
Event: 373.757 Executing VM operation: ChangeBreakpoints done
Event: 373.827 Executing VM operation: G1CollectForAllocation
Event: 373.832 Executing VM operation: G1CollectForAllocation done
Event: 373.846 Executing VM operation: ChangeBreakpoints
Event: 373.849 Executing VM operation: ChangeBreakpoints done
Event: 374.851 Executing VM operation: Cleanup
Event: 374.852 Executing VM operation: Cleanup done
Event: 387.972 Executing VM operation: Cleanup
Event: 387.972 Executing VM operation: Cleanup done
Event: 404.110 Executing VM operation: Cleanup
Event: 404.111 Executing VM operation: Cleanup done
Event: 493.784 Executing VM operation: Cleanup
Event: 493.784 Executing VM operation: Cleanup done

Events (20 events):
Event: 373.276 Thread 0x000002c78a7543c0 Thread added: 0x000002c78a7543c0
Event: 373.276 Thread 0x000002c78a7552f0 Thread added: 0x000002c78a7552f0
Event: 373.368 Thread 0x000002c78a755800 Thread added: 0x000002c78a755800
Event: 373.483 Thread 0x000002c78a756c40 Thread added: 0x000002c78a756c40
Event: 373.922 Thread 0x000002c78a758fb0 Thread added: 0x000002c78a758fb0
Event: 373.922 Thread 0x000002c78a756c40 Thread exited: 0x000002c78a756c40
Event: 373.922 Thread 0x000002c78a755800 Thread exited: 0x000002c78a755800
Event: 373.930 Thread 0x000002c78a758fb0 Thread exited: 0x000002c78a758fb0
Event: 373.937 Thread 0x000002c78a756220 Thread exited: 0x000002c78a756220
Event: 373.937 Thread 0x000002c78a7552f0 Thread exited: 0x000002c78a7552f0
Event: 373.938 Thread 0x000002c78a7543c0 Thread exited: 0x000002c78a7543c0
Event: 373.963 Thread 0x000002c78a758aa0 Thread exited: 0x000002c78a758aa0
Event: 373.964 Thread 0x000002c78a7599d0 Thread added: 0x000002c78a7599d0
Event: 379.092 Thread 0x000002c78a83a9b0 Thread exited: 0x000002c78a83a9b0
Event: 380.840 Thread 0x000002c78a83d980 Thread exited: 0x000002c78a83d980
Event: 493.615 Thread 0x000002c78a758fb0 Thread added: 0x000002c78a758fb0
Event: 493.702 Thread 0x000002c78a83feb0 Thread added: 0x000002c78a83feb0
Event: 493.739 Thread 0x000002c78a83b450 Thread added: 0x000002c78a83b450
Event: 493.813 Thread 0x000002c78a758080 Thread added: 0x000002c78a758080
Event: 493.855 Thread 0x000002c78a758080 Thread exited: 0x000002c78a758080


Dynamic libraries:
0x00007ff63f810000 - 0x00007ff63f820000 	C:\Program Files\Java\jdk-17\bin\java.exe
0x00007fffa67b0000 - 0x00007fffa69a5000 	C:\Windows\SYSTEM32\ntdll.dll
0x00007fffa4800000 - 0x00007fffa48be000 	C:\Windows\System32\KERNEL32.DLL
0x00007fffa4530000 - 0x00007fffa47f8000 	C:\Windows\System32\KERNELBASE.dll
0x00007fffa4430000 - 0x00007fffa4530000 	C:\Windows\System32\ucrtbase.dll
0x00007fff9dd70000 - 0x00007fff9dd8b000 	C:\Program Files\Java\jdk-17\bin\VCRUNTIME140.dll
0x00007fff988c0000 - 0x00007fff988d9000 	C:\Program Files\Java\jdk-17\bin\jli.dll
0x00007fffa4af0000 - 0x00007fffa4b9e000 	C:\Windows\System32\ADVAPI32.dll
0x00007fffa6410000 - 0x00007fffa64ae000 	C:\Windows\System32\msvcrt.dll
0x00007fffa5b00000 - 0x00007fffa5b9c000 	C:\Windows\System32\sechost.dll
0x00007fffa6640000 - 0x00007fffa6765000 	C:\Windows\System32\RPCRT4.dll
0x00007fffa5bd0000 - 0x00007fffa5d70000 	C:\Windows\System32\USER32.dll
0x00007fffa42f0000 - 0x00007fffa4312000 	C:\Windows\System32\win32u.dll
0x00007fff8d520000 - 0x00007fff8d7ba000 	C:\Windows\WinSxS\amd64_microsoft.windows.common-controls_6595b64144ccf1df_6.0.19041.1110_none_60b5254171f9507e\COMCTL32.dll
0x00007fffa6370000 - 0x00007fffa639b000 	C:\Windows\System32\GDI32.dll
0x00007fffa4320000 - 0x00007fffa442d000 	C:\Windows\System32\gdi32full.dll
0x00007fffa4250000 - 0x00007fffa42ed000 	C:\Windows\System32\msvcp_win.dll
0x00007fff9aca0000 - 0x00007fff9acaa000 	C:\Windows\SYSTEM32\VERSION.dll
0x00007fffa5ba0000 - 0x00007fffa5bd0000 	C:\Windows\System32\IMM32.DLL
0x00007fff9e1c0000 - 0x00007fff9e1cc000 	C:\Program Files\Java\jdk-17\bin\vcruntime140_1.dll
0x00007fff6e7e0000 - 0x00007fff6e86e000 	C:\Program Files\Java\jdk-17\bin\msvcp140.dll
0x00007fff450f0000 - 0x00007fff45cd1000 	C:\Program Files\Java\jdk-17\bin\server\jvm.dll
0x00007fffa4ae0000 - 0x00007fffa4ae8000 	C:\Windows\System32\PSAPI.DLL
0x00007fff999c0000 - 0x00007fff999c9000 	C:\Windows\SYSTEM32\WSOCK32.dll
0x00007fff8d970000 - 0x00007fff8d997000 	C:\Windows\SYSTEM32\WINMM.dll
0x00007fffa63a0000 - 0x00007fffa640b000 	C:\Windows\System32\WS2_32.dll
0x00007fffa1cb0000 - 0x00007fffa1cc2000 	C:\Windows\SYSTEM32\kernel.appcore.dll
0x00007fff999d0000 - 0x00007fff999da000 	C:\Program Files\Java\jdk-17\bin\jimage.dll
0x00007fffa1660000 - 0x00007fffa1844000 	C:\Windows\SYSTEM32\DBGHELP.DLL
0x00007fff925b0000 - 0x00007fff925dc000 	C:\Windows\SYSTEM32\dbgcore.DLL
0x00007fffa3ec0000 - 0x00007fffa3f42000 	C:\Windows\System32\bcryptPrimitives.dll
0x00007fff98880000 - 0x00007fff988bb000 	C:\Program Files\Java\jdk-17\bin\jdwp.dll
0x00007fff8cae0000 - 0x00007fff8cb05000 	C:\Program Files\Java\jdk-17\bin\java.dll
0x00007fff6c0d0000 - 0x00007fff6c1a7000 	C:\Program Files\Java\jdk-17\bin\jsvml.dll
0x00007fffa4ba0000 - 0x00007fffa52e4000 	C:\Windows\System32\SHELL32.dll
0x00007fffa1fb0000 - 0x00007fffa2744000 	C:\Windows\SYSTEM32\windows.storage.dll
0x00007fffa5de0000 - 0x00007fffa6135000 	C:\Windows\System32\combase.dll
0x00007fffa3910000 - 0x00007fffa393e000 	C:\Windows\SYSTEM32\Wldp.dll
0x00007fffa5550000 - 0x00007fffa55fd000 	C:\Windows\System32\SHCORE.dll
0x00007fffa5d80000 - 0x00007fffa5dd5000 	C:\Windows\System32\shlwapi.dll
0x00007fffa3e00000 - 0x00007fffa3e1f000 	C:\Windows\SYSTEM32\profapi.dll
0x00007fff91320000 - 0x00007fff9132c000 	C:\Program Files\Java\jdk-17\bin\dt_socket.dll
0x00007fffa3310000 - 0x00007fffa334b000 	C:\Windows\SYSTEM32\IPHLPAPI.DLL
0x00007fffa3670000 - 0x00007fffa36da000 	C:\Windows\system32\mswsock.dll
0x00007fffa3360000 - 0x00007fffa342b000 	C:\Windows\SYSTEM32\DNSAPI.dll
0x00007fffa5d70000 - 0x00007fffa5d78000 	C:\Windows\System32\NSI.dll
0x00007fff97b20000 - 0x00007fff97b2a000 	C:\Windows\System32\rasadhlp.dll
0x00007fff96920000 - 0x00007fff9699f000 	C:\Windows\System32\fwpuclnt.dll
0x00007fffa3fa0000 - 0x00007fffa3fc7000 	C:\Windows\System32\bcrypt.dll
0x00007fff8eb10000 - 0x00007fff8eb29000 	C:\Program Files\Java\jdk-17\bin\net.dll
0x00007fff9bb70000 - 0x00007fff9bc7c000 	C:\Windows\SYSTEM32\WINHTTP.dll
0x00007fff8cac0000 - 0x00007fff8cad6000 	C:\Program Files\Java\jdk-17\bin\nio.dll
0x00007fff8ca80000 - 0x00007fff8ca98000 	C:\Program Files\Java\jdk-17\bin\zip.dll
0x00007fff8e430000 - 0x00007fff8e43a000 	C:\Program Files\Java\jdk-17\bin\management.dll
0x00007fff8d7c0000 - 0x00007fff8d7cb000 	C:\Program Files\Java\jdk-17\bin\management_ext.dll
0x00007fff89500000 - 0x00007fff89517000 	C:\Windows\system32\napinsp.dll
0x00007fff894e0000 - 0x00007fff894fb000 	C:\Windows\system32\pnrpnsp.dll
0x00007fff9b700000 - 0x00007fff9b715000 	C:\Windows\system32\wshbth.dll
0x00007fff9d860000 - 0x00007fff9d87d000 	C:\Windows\system32\NLAapi.dll
0x00007fff894c0000 - 0x00007fff894d2000 	C:\Windows\System32\winrnr.dll
0x00007fffa3860000 - 0x00007fffa3878000 	C:\Windows\SYSTEM32\CRYPTSP.dll
0x00007fffa2f80000 - 0x00007fffa2fb4000 	C:\Windows\system32\rsaenh.dll
0x00007fffa3d80000 - 0x00007fffa3dae000 	C:\Windows\SYSTEM32\USERENV.dll
0x00007fffa3880000 - 0x00007fffa388c000 	C:\Windows\SYSTEM32\CRYPTBASE.dll
0x00007fff97b30000 - 0x00007fff97b47000 	C:\Windows\SYSTEM32\dhcpcsvc6.DLL
0x00007fff99740000 - 0x00007fff9975d000 	C:\Windows\SYSTEM32\dhcpcsvc.DLL
0x00007fff8d510000 - 0x00007fff8d51e000 	C:\Program Files\Java\jdk-17\bin\sunmscapi.dll
0x00007fffa40f0000 - 0x00007fffa4246000 	C:\Windows\System32\CRYPT32.dll
0x00007fffa3980000 - 0x00007fffa39a7000 	C:\Windows\SYSTEM32\ncrypt.dll
0x00007fffa3940000 - 0x00007fffa397b000 	C:\Windows\SYSTEM32\NTASN1.dll
0x00007fff8cde0000 - 0x00007fff8cdf0000 	C:\Program Files\Java\jdk-17\bin\verify.dll
0x00007fff8ca20000 - 0x00007fff8ca27000 	C:\Windows\system32\wshunix.dll

dbghelp: loaded successfully - version: 4.0.5 - missing functions: none
symbol engine: initialized successfully - sym options: 0x614 - pdb path: .;C:\Program Files\Java\jdk-17\bin;C:\Windows\SYSTEM32;C:\Windows\WinSxS\amd64_microsoft.windows.common-controls_6595b64144ccf1df_6.0.19041.1110_none_60b5254171f9507e;C:\Program Files\Java\jdk-17\bin\server

VM Arguments:
jvm_args: -agentlib:jdwp=transport=dt_socket,server=n,suspend=y,address=localhost:51378 -Dcom.sun.management.jmxremote -Dcom.sun.management.jmxremote.port=65209 -Dcom.sun.management.jmxremote.authenticate=false -Dcom.sun.management.jmxremote.ssl=false -Dspring.jmx.enabled=true -Djava.rmi.server.hostname=localhost -Dspring.application.admin.enabled=true -Dspring.boot.project.name=laptopshop -XX:+ShowCodeDetailsInExceptionMessages 
java_command: vn.laptop.laptopshop.LaptopshopApplication
java_class_path (initial): D:\java spring mvc\01-java-spring-laptopshop-starter\target\classes;C:\Users\Admin\.m2\repository\org\springframework\boot\spring-boot-starter\3.2.2\spring-boot-starter-3.2.2.jar;C:\Users\Admin\.m2\repository\org\springframework\boot\spring-boot\3.2.2\spring-boot-3.2.2.jar;C:\Users\Admin\.m2\repository\org\springframework\spring-context\6.1.3\spring-context-6.1.3.jar;C:\Users\Admin\.m2\repository\org\springframework\boot\spring-boot-autoconfigure\3.2.2\spring-boot-autoconfigure-3.2.2.jar;C:\Users\Admin\.m2\repository\org\springframework\boot\spring-boot-starter-logging\3.2.2\spring-boot-starter-logging-3.2.2.jar;C:\Users\Admin\.m2\repository\ch\qos\logback\logback-classic\1.4.14\logback-classic-1.4.14.jar;C:\Users\Admin\.m2\repository\ch\qos\logback\logback-core\1.4.14\logback-core-1.4.14.jar;C:\Users\Admin\.m2\repository\org\apache\logging\log4j\log4j-to-slf4j\2.21.1\log4j-to-slf4j-2.21.1.jar;C:\Users\Admin\.m2\repository\org\apache\logging\log4j\log4j-api\2.21.1\log4j-api-2.21.1.jar;C:\Users\Admin\.m2\repository\org\slf4j\jul-to-slf4j\2.0.11\jul-to-slf4j-2.0.11.jar;C:\Users\Admin\.m2\repository\jakarta\annotation\jakarta.annotation-api\2.1.1\jakarta.annotation-api-2.1.1.jar;C:\Users\Admin\.m2\repository\org\springframework\spring-core\6.1.3\spring-core-6.1.3.jar;C:\Users\Admin\.m2\repository\org\springframework\spring-jcl\6.1.3\spring-jcl-6.1.3.jar;C:\Users\Admin\.m2\repository\org\yaml\snakeyaml\2.2\snakeyaml-2.2.jar;C:\Users\Admin\.m2\repository\org\slf4j\slf4j-api\2.0.11\slf4j-api-2.0.11.jar;C:\Users\Admin\.m2\repository\jakarta\xml\bind\jakarta.xml.bind-api\4.0.1\jakarta.xml.bind-api-4.0.1.jar;C:\Users\Admin\.m2\repository\jakarta\activation\jakarta.activation-api\2.1.2\jakarta.activation-api-2.1.2.jar;C:\Users\Admin\.m2\repository\net\bytebuddy\byte-buddy\1.14.11\byte-buddy-1.14.11.jar;C:\Users\Admin\.m2\repository\org\springframework\boot\spring-boot-starter-web\3.2.2\spring-boot-starter-web-3.2.2.jar;C:\Users\Admin\.m2\repositor
Launcher Type: SUN_STANDARD

[Global flags]
     intx CICompilerCount                          = 4                                         {product} {ergonomic}
     uint ConcGCThreads                            = 2                                         {product} {ergonomic}
     uint G1ConcRefinementThreads                  = 8                                         {product} {ergonomic}
   size_t G1HeapRegionSize                         = 1048576                                   {product} {ergonomic}
    uintx GCDrainStackTargetSize                   = 64                                        {product} {ergonomic}
   size_t InitialHeapSize                          = 132120576                                 {product} {ergonomic}
     bool ManagementServer                         = true                                      {product} {command line}
   size_t MarkStackSize                            = 4194304                                   {product} {ergonomic}
   size_t MaxHeapSize                              = 2092957696                                {product} {ergonomic}
   size_t MaxNewSize                               = 1255145472                                {product} {ergonomic}
   size_t MinHeapDeltaBytes                        = 1048576                                   {product} {ergonomic}
   size_t MinHeapSize                              = 8388608                                   {product} {ergonomic}
    uintx NonNMethodCodeHeapSize                   = 5839372                                {pd product} {ergonomic}
    uintx NonProfiledCodeHeapSize                  = 122909434                              {pd product} {ergonomic}
    uintx ProfiledCodeHeapSize                     = 122909434                              {pd product} {ergonomic}
    uintx ReservedCodeCacheSize                    = 251658240                              {pd product} {ergonomic}
     bool SegmentedCodeCache                       = true                                      {product} {ergonomic}
     bool ShowCodeDetailsInExceptionMessages       = true                                   {manageable} {command line}
   size_t SoftMaxHeapSize                          = 2092957696                             {manageable} {ergonomic}
     bool UseCompressedClassPointers               = true                           {product lp64_product} {ergonomic}
     bool UseCompressedOops                        = true                           {product lp64_product} {ergonomic}
     bool UseG1GC                                  = true                                      {product} {ergonomic}
     bool UseLargePagesIndividualAllocation        = false                                  {pd product} {ergonomic}

Logging:
Log output configuration:
 #0: stdout all=warning uptime,level,tags
 #1: stderr all=off uptime,level,tags

Environment Variables:
JAVA_HOME=C:\Program Files\Java\jdk-17
PATH=C:\Users\Admin\bin;C:\Program Files\Git\mingw64\bin;C:\Program Files\Git\usr\local\bin;C:\Program Files\Git\usr\bin;C:\Program Files\Git\usr\bin;C:\Program Files\Git\mingw64\bin;C:\Program Files\Git\usr\bin;C:\Users\Admin\bin;C:\Program Files\Common Files\Oracle\Java\javapath;C:\Windows\system32;C:\Windows;C:\Windows\System32\Wbem;C:\Windows\System32\WindowsPowerShell\v1.0;C:\Windows\System32\OpenSSH;C:\Program Files\Git\cmd;C:\Program Files\MySQL\MySQL Server 8.0\bin;C:\Program Files\MySQL\MySQL Shell 8.0\bin;C:\Users\Admin\AppData\Local\Microsoft\WindowsApps;C:\Users\Admin\AppData\Local\Programs\Microsoft VS Code\bin;C:\Program Files\Git\usr\bin\vendor_perl;C:\Program Files\Git\usr\bin\core_perl
USERNAME=Admin
SHELL=C:\Program Files\Git\usr\bin\bash.exe
DISPLAY=needs-to-be-defined
LANG=en_US.UTF-8
LC_CTYPE=en_US.UTF-8
OS=Windows_NT
PROCESSOR_IDENTIFIER=Intel64 Family 6 Model 165 Stepping 2, GenuineIntel



---------------  S Y S T E M  ---------------

OS:
 Windows 10 , 64 bit Build 19041 (10.0.19041.1503)
OS uptime: 1 days 1:03 hours

CPU: total 8 (initial active 8) (4 cores per cpu, 2 threads per core) family 6 model 165 stepping 2 microcode 0xc8, cx8, cmov, fxsr, ht, mmx, 3dnowpref, sse, sse2, sse3, ssse3, sse4.1, sse4.2, popcnt, lzcnt, tsc, tscinvbit, avx, avx2, aes, erms, clmul, bmi1, bmi2, adx, fma, vzeroupper, clflush, clflushopt

Memory: 4k page, system-wide physical 7979M (649M free)
TotalPageFile size 12075M (AvailPageFile size 41M)
current process WorkingSet (physical memory assigned to process): 404M, peak: 426M
current process commit charge ("private bytes"): 446M, peak: 472M

vm_info: Java HotSpot(TM) 64-Bit Server VM (17.0.9+11-LTS-201) for windows-amd64 JRE (17.0.9+11-LTS-201), built on Oct 10 2023 23:16:06 by "mach5one" with MS VC++ 17.1 (VS2022)

END.
