#
# There is insufficient memory for the Java Runtime Environment to continue.
# Native memory allocation (malloc) failed to allocate 1048576 bytes. Error detail: AllocateHeap
# Possible reasons:
#   The system is out of physical RAM or swap space
#   This process is running with CompressedOops enabled, and the Java Heap may be blocking the growth of the native heap
# Possible solutions:
#   Reduce memory load on the system
#   Increase physical memory or swap space
#   Check if swap backing store is full
#   Decrease Java heap size (-Xmx/-Xms)
#   Decrease number of Java threads
#   Decrease Java thread stack sizes (-Xss)
#   Set larger code cache with -XX:ReservedCodeCacheSize=
#   JVM is running with Unscaled Compressed Oops mode in which the Java heap is
#     placed in the first 4GB address space. The Java Heap base address is the
#     maximum limit for the native heap growth. Please use -XX:HeapBaseMinAddress
#     to set the Java Heap base and to place the Java Heap above 4GB virtual address.
# This output file may be truncated or incomplete.
#
#  Out of Memory Error (allocation.cpp:44), pid=3744, tid=11452
#
# JRE version: OpenJDK Runtime Environment Temurin-17.0.11+9 (17.0.11+9) (build 17.0.11+9)
# Java VM: OpenJDK 64-Bit Server VM Temurin-17.0.11+9 (17.0.11+9, mixed mode, emulated-client, tiered, compressed oops, compressed class ptrs, g1 gc, windows-amd64)
# No core dump will be written. Minidumps are not enabled by default on client versions of Windows
#

---------------  S U M M A R Y ------------

Command Line: -Xmx1024m -Dsts.lsp.client=vscode -Dsts.log.file=/dev/null -XX:TieredStopAtLevel=1 -Xlog:jni+resolve=off -Dspring.config.location=file:c:\Users\Admin\.vscode\extensions\vmware.vscode-spring-boot-1.55.0\language-server\BOOT-INF\classes\application.properties org.springframework.ide.vscode.boot.app.BootLanguageServerBootApp

Host: Intel(R) Core(TM) i5-10300H CPU @ 2.50GHz, 8 cores, 7G,  Windows 10 , 64 bit Build 19041 (10.0.19041.1503)
Time: Thu Jun 13 22:23:58 2024 SE Asia Standard Time elapsed time: 43609.484323 seconds (0d 12h 6m 49s)

---------------  T H R E A D  ---------------

Current thread (0x000001e23f5e5d90):  VMThread "VM Thread" [stack: 0x000000cd3cc00000,0x000000cd3cd00000] [id=11452]

Stack: [0x000000cd3cc00000,0x000000cd3cd00000]
Native frames: (J=compiled Java code, j=interpreted, Vv=VM code, C=native code)
V  [jvm.dll+0x67d429]
V  [jvm.dll+0x834b7a]
V  [jvm.dll+0x83663e]
V  [jvm.dll+0x836ca3]
V  [jvm.dll+0x247dbf]
V  [jvm.dll+0xa6cb3]
V  [jvm.dll+0x2f8ad3]
V  [jvm.dll+0x2f4750]
V  [jvm.dll+0x2dcf67]
V  [jvm.dll+0x31fb67]
V  [jvm.dll+0x83b19b]
V  [jvm.dll+0x83bed2]
V  [jvm.dll+0x83c3ed]
V  [jvm.dll+0x83c7c4]
V  [jvm.dll+0x83c890]
V  [jvm.dll+0x7e410a]
V  [jvm.dll+0x67c315]
C  [ucrtbase.dll+0x21bb2]
C  [KERNEL32.DLL+0x17034]
C  [ntdll.dll+0x52651]

VM_Operation (0x000000cd3e4fec30): G1CollectFull, mode: safepoint, requested by thread 0x000001e245497bc0


---------------  P R O C E S S  ---------------

Threads class SMR info:
_java_thread_list=0x000001e2446ed750, length=28, elements={
0x000001e23f5faee0, 0x000001e23f5fbc70, 0x000001e23f7494a0, 0x000001e23f74d3f0,
0x000001e23f74dcc0, 0x000001e23f74e590, 0x000001e23f74ef10, 0x000001e23f63c730,
0x000001e23f942180, 0x000001e23f94f270, 0x000001e2454a7c30, 0x000001e245497bc0,
0x000001e245329860, 0x000001e2327e38c0, 0x000001e2450b3100, 0x000001e2447b7370,
0x000001e24462eb70, 0x000001e24462f080, 0x000001e24462d730, 0x000001e24462bde0,
0x000001e24462dc40, 0x000001e24462cd10, 0x000001e2455118f0, 0x000001e245514680,
0x000001e2455164e0, 0x000001e245513240, 0x000001e245514b90, 0x000001e2455109c0
}

Java Threads: ( => current thread )
  0x000001e23f5faee0 JavaThread "Reference Handler" daemon [_thread_blocked, id=14476, stack(0x000000cd3cd00000,0x000000cd3ce00000)]
  0x000001e23f5fbc70 JavaThread "Finalizer" daemon [_thread_blocked, id=12692, stack(0x000000cd3ce00000,0x000000cd3cf00000)]
  0x000001e23f7494a0 JavaThread "Signal Dispatcher" daemon [_thread_blocked, id=9480, stack(0x000000cd3cf00000,0x000000cd3d000000)]
  0x000001e23f74d3f0 JavaThread "Attach Listener" daemon [_thread_blocked, id=13612, stack(0x000000cd3d000000,0x000000cd3d100000)]
  0x000001e23f74dcc0 JavaThread "Service Thread" daemon [_thread_blocked, id=8140, stack(0x000000cd3d100000,0x000000cd3d200000)]
  0x000001e23f74e590 JavaThread "Monitor Deflation Thread" daemon [_thread_blocked, id=11104, stack(0x000000cd3d200000,0x000000cd3d300000)]
  0x000001e23f74ef10 JavaThread "C1 CompilerThread0" daemon [_thread_blocked, id=7668, stack(0x000000cd3d300000,0x000000cd3d400000)]
  0x000001e23f63c730 JavaThread "Sweeper thread" daemon [_thread_blocked, id=2864, stack(0x000000cd3d400000,0x000000cd3d500000)]
  0x000001e23f942180 JavaThread "Notification Thread" daemon [_thread_blocked, id=7516, stack(0x000000cd3d500000,0x000000cd3d600000)]
  0x000001e23f94f270 JavaThread "Common-Cleaner" daemon [_thread_blocked, id=14300, stack(0x000000cd3d700000,0x000000cd3d800000)]
  0x000001e2454a7c30 JavaThread "boundedElastic-evictor-1" daemon [_thread_blocked, id=4536, stack(0x000000cd3df00000,0x000000cd3e000000)]
  0x000001e245497bc0 JavaThread "pool-13-thread-1" [_thread_blocked, id=8300, stack(0x000000cd3e400000,0x000000cd3e500000)]
  0x000001e245329860 JavaThread "LanguageServerApp-lifecycle" [_thread_blocked, id=14244, stack(0x000000cd3e500000,0x000000cd3e600000)]
  0x000001e2327e38c0 JavaThread "DestroyJavaVM" [_thread_blocked, id=3096, stack(0x000000cd3c500000,0x000000cd3c600000)]
  0x000001e2450b3100 JavaThread "pool-14-thread-1" [_thread_in_native, id=12624, stack(0x000000cd3e600000,0x000000cd3e700000)]
  0x000001e2447b7370 JavaThread "Simple-Language-Server main thread" daemon [_thread_blocked, id=5264, stack(0x000000cd3e700000,0x000000cd3e800000)]
  0x000001e24462eb70 JavaThread "pool-8-thread-1" [_thread_blocked, id=2552, stack(0x000000cd3ea00000,0x000000cd3eb00000)]
  0x000001e24462f080 JavaThread "parallel-1" daemon [_thread_blocked, id=10760, stack(0x000000cd3eb00000,0x000000cd3ec00000)]
  0x000001e24462d730 JavaThread "pool-6-thread-1" [_thread_blocked, id=7572, stack(0x000000cd3ec00000,0x000000cd3ed00000)]
  0x000001e24462bde0 JavaThread "parallel-2" daemon [_thread_blocked, id=9188, stack(0x000000cd3ed00000,0x000000cd3ee00000)]
  0x000001e24462dc40 JavaThread "parallel-3" daemon [_thread_blocked, id=9712, stack(0x000000cd3ee00000,0x000000cd3ef00000)]
  0x000001e24462cd10 JavaThread "parallel-4" daemon [_thread_blocked, id=1828, stack(0x000000cd3f400000,0x000000cd3f500000)]
  0x000001e2455118f0 JavaThread "parallel-5" daemon [_thread_blocked, id=14436, stack(0x000000cd3f500000,0x000000cd3f600000)]
  0x000001e245514680 JavaThread "Reconciler-1" daemon [_thread_blocked, id=11300, stack(0x000000cd3f700000,0x000000cd3f800000)]
  0x000001e2455164e0 JavaThread "parallel-6" daemon [_thread_blocked, id=3636, stack(0x000000cd3e000000,0x000000cd3e100000)]
  0x000001e245513240 JavaThread "parallel-7" daemon [_thread_blocked, id=452, stack(0x000000cd3e800000,0x000000cd3e900000)]
  0x000001e245514b90 JavaThread "parallel-8" daemon [_thread_blocked, id=11120, stack(0x000000cd3de00000,0x000000cd3df00000)]
  0x000001e2455109c0 JavaThread "CompletableFutureDelayScheduler" daemon [_thread_blocked, id=9392, stack(0x000000cd3f100000,0x000000cd3f200000)]

Other Threads:
=>0x000001e23f5e5d90 VMThread "VM Thread" [stack: 0x000000cd3cc00000,0x000000cd3cd00000] [id=11452]
  0x000001e23f942660 WatcherThread [stack: 0x000000cd3d600000,0x000000cd3d700000] [id=9524]
  0x000001e232822d60 GCTaskThread "GC Thread#0" [stack: 0x000000cd3c700000,0x000000cd3c800000] [id=8736]
  0x000001e24487e3c0 GCTaskThread "GC Thread#1" [stack: 0x000000cd3d900000,0x000000cd3da00000] [id=7500]
  0x000001e24487e680 GCTaskThread "GC Thread#2" [stack: 0x000000cd3da00000,0x000000cd3db00000] [id=10112]
  0x000001e244851220 GCTaskThread "GC Thread#3" [stack: 0x000000cd3db00000,0x000000cd3dc00000] [id=10180]
  0x000001e244952c60 GCTaskThread "GC Thread#4" [stack: 0x000000cd3dc00000,0x000000cd3dd00000] [id=13468]
  0x000001e244aadbe0 GCTaskThread "GC Thread#5" [stack: 0x000000cd3dd00000,0x000000cd3de00000] [id=14008]
  0x000001e244d72660 GCTaskThread "GC Thread#6" [stack: 0x000000cd3e100000,0x000000cd3e200000] [id=704]
  0x000001e244c6a6e0 GCTaskThread "GC Thread#7" [stack: 0x000000cd3e200000,0x000000cd3e300000] [id=6652]
  0x000001e23282bbc0 ConcurrentGCThread "G1 Main Marker" [stack: 0x000000cd3c800000,0x000000cd3c900000] [id=2156]
  0x000001e23282c4f0 ConcurrentGCThread "G1 Conc#0" [stack: 0x000000cd3c900000,0x000000cd3ca00000] [id=2980]
  0x000001e244c7f9a0 ConcurrentGCThread "G1 Conc#1" [stack: 0x000000cd3e300000,0x000000cd3e400000] [id=7208]
  0x000001e232895560 ConcurrentGCThread "G1 Refine#0" [stack: 0x000000cd3ca00000,0x000000cd3cb00000] [id=7224]
  0x000001e23f4600a0 ConcurrentGCThread "G1 Service" [stack: 0x000000cd3cb00000,0x000000cd3cc00000] [id=2172]

Threads with active compile tasks:

VM state: at safepoint (normal execution)

VM Mutex/Monitor currently owned by a thread:  ([mutex/lock_event])
[0x000001e23256d770] Threads_lock - owner thread: 0x000001e23f5e5d90
[0x000001e2327e00e0] Heap_lock - owner thread: 0x000001e245497bc0

Heap address: 0x00000000c0000000, size: 1024 MB, Compressed Oops mode: 32-bit

CDS archive(s) not mapped
Compressed class space mapped at: 0x0000000100000000-0x0000000140000000, reserved size: 1073741824
Narrow klass base: 0x0000000000000000, Narrow klass shift: 3, Narrow klass range: 0x140000000

GC Precious Log:
 CPUs: 8 total, 8 available
 Memory: 7979M
 Large Page Support: Disabled
 NUMA Support: Disabled
 Compressed Oops: Enabled (32-bit)
 Heap Region Size: 1M
 Heap Min Capacity: 8M
 Heap Initial Capacity: 126M
 Heap Max Capacity: 1G
 Pre-touch: Disabled
 Parallel Workers: 8
 Concurrent Workers: 2
 Concurrent Refinement Workers: 8
 Periodic GC: Disabled

Heap:
 garbage-first heap   total 106496K, used 38503K [0x00000000c0000000, 0x0000000100000000)
  region size 1024K, 1 young (1024K), 0 survivors (0K)
 Metaspace       used 61923K, committed 62464K, reserved 1114112K
  class space    used 7746K, committed 8000K, reserved 1048576K

Heap Regions: E=young(eden), S=young(survivor), O=old, HS=humongous(starts), HC=humongous(continues), CS=collection set, F=free, OA=open archive, CA=closed archive, TAMS=top-at-mark-start (previous, next)
|   0|0x00000000c0000000, 0x00000000c0100000, 0x00000000c0100000|100%|HS|  |TAMS 0x00000000c0100000, 0x00000000c0000000| Untracked 
|   1|0x00000000c0100000, 0x00000000c0200000, 0x00000000c0200000|100%|HC|  |TAMS 0x00000000c0200000, 0x00000000c0100000| Untracked 
|   2|0x00000000c0200000, 0x00000000c0300000, 0x00000000c0300000|100%|HC|  |TAMS 0x00000000c0300000, 0x00000000c0200000| Untracked 
|   3|0x00000000c0300000, 0x00000000c0400000, 0x00000000c0400000|100%|HC|  |TAMS 0x00000000c0400000, 0x00000000c0300000| Untracked 
|   4|0x00000000c0400000, 0x00000000c0500000, 0x00000000c0500000|100%|HS|  |TAMS 0x00000000c0500000, 0x00000000c0400000| Untracked 
|   5|0x00000000c0500000, 0x00000000c0600000, 0x00000000c0600000|100%|HC|  |TAMS 0x00000000c0600000, 0x00000000c0500000| Untracked 
|   6|0x00000000c0600000, 0x00000000c0700000, 0x00000000c0700000|100%| O|  |TAMS 0x00000000c0700000, 0x00000000c0600000| Untracked 
|   7|0x00000000c0700000, 0x00000000c07ffff8, 0x00000000c0800000| 99%| O|  |TAMS 0x00000000c07ffff8, 0x00000000c0700000| Untracked 
|   8|0x00000000c0800000, 0x00000000c08fffc0, 0x00000000c0900000| 99%| O|  |TAMS 0x00000000c08fffc0, 0x00000000c0800000| Untracked 
|   9|0x00000000c0900000, 0x00000000c0a00000, 0x00000000c0a00000|100%| O|  |TAMS 0x00000000c0a00000, 0x00000000c0900000| Untracked 
|  10|0x00000000c0a00000, 0x00000000c0b00000, 0x00000000c0b00000|100%| O|  |TAMS 0x00000000c0b00000, 0x00000000c0a00000| Untracked 
|  11|0x00000000c0b00000, 0x00000000c0bffff8, 0x00000000c0c00000| 99%| O|  |TAMS 0x00000000c0bffff8, 0x00000000c0b00000| Untracked 
|  12|0x00000000c0c00000, 0x00000000c0cffff0, 0x00000000c0d00000| 99%| O|  |TAMS 0x00000000c0cffff0, 0x00000000c0c00000| Untracked 
|  13|0x00000000c0d00000, 0x00000000c0e00000, 0x00000000c0e00000|100%| O|  |TAMS 0x00000000c0e00000, 0x00000000c0d00000| Untracked 
|  14|0x00000000c0e00000, 0x00000000c0f00000, 0x00000000c0f00000|100%| O|  |TAMS 0x00000000c0f00000, 0x00000000c0e00000| Untracked 
|  15|0x00000000c0f00000, 0x00000000c0ffffa0, 0x00000000c1000000| 99%| O|  |TAMS 0x00000000c0ffffa0, 0x00000000c0f00000| Untracked 
|  16|0x00000000c1000000, 0x00000000c1100000, 0x00000000c1100000|100%| O|  |TAMS 0x00000000c1100000, 0x00000000c1000000| Untracked 
|  17|0x00000000c1100000, 0x00000000c11ffff8, 0x00000000c1200000| 99%| O|  |TAMS 0x00000000c11ffff8, 0x00000000c1100000| Untracked 
|  18|0x00000000c1200000, 0x00000000c12ffff8, 0x00000000c1300000| 99%| O|  |TAMS 0x00000000c12ffff8, 0x00000000c1200000| Untracked 
|  19|0x00000000c1300000, 0x00000000c1400000, 0x00000000c1400000|100%| O|  |TAMS 0x00000000c1400000, 0x00000000c1300000| Untracked 
|  20|0x00000000c1400000, 0x00000000c1500000, 0x00000000c1500000|100%| O|  |TAMS 0x00000000c1500000, 0x00000000c1400000| Untracked 
|  21|0x00000000c1500000, 0x00000000c15ffff8, 0x00000000c1600000| 99%| O|  |TAMS 0x00000000c15ffff8, 0x00000000c1500000| Untracked 
|  22|0x00000000c1600000, 0x00000000c16fffc8, 0x00000000c1700000| 99%| O|  |TAMS 0x00000000c16fffc8, 0x00000000c1600000| Untracked 
|  23|0x00000000c1700000, 0x00000000c1800000, 0x00000000c1800000|100%| O|  |TAMS 0x00000000c1800000, 0x00000000c1700000| Untracked 
|  24|0x00000000c1800000, 0x00000000c18fffe8, 0x00000000c1900000| 99%| O|  |TAMS 0x00000000c18fffe8, 0x00000000c1800000| Untracked 
|  25|0x00000000c1900000, 0x00000000c1a00000, 0x00000000c1a00000|100%| O|  |TAMS 0x00000000c1a00000, 0x00000000c1900000| Untracked 
|  26|0x00000000c1a00000, 0x00000000c1affff0, 0x00000000c1b00000| 99%| O|  |TAMS 0x00000000c1affff0, 0x00000000c1a00000| Untracked 
|  27|0x00000000c1b00000, 0x00000000c1bfffe8, 0x00000000c1c00000| 99%| O|  |TAMS 0x00000000c1bfffe8, 0x00000000c1b00000| Untracked 
|  28|0x00000000c1c00000, 0x00000000c1cffff8, 0x00000000c1d00000| 99%| O|  |TAMS 0x00000000c1cffff8, 0x00000000c1c00000| Untracked 
|  29|0x00000000c1d00000, 0x00000000c1dfffd0, 0x00000000c1e00000| 99%| O|  |TAMS 0x00000000c1dfffd0, 0x00000000c1d00000| Untracked 
|  30|0x00000000c1e00000, 0x00000000c1ef8cb8, 0x00000000c1f00000| 97%| O|  |TAMS 0x00000000c1ef8cb8, 0x00000000c1e00000| Untracked 
|  31|0x00000000c1f00000, 0x00000000c1ffffe8, 0x00000000c2000000| 99%| O|  |TAMS 0x00000000c1ffffe8, 0x00000000c1f00000| Untracked 
|  32|0x00000000c2000000, 0x00000000c2100000, 0x00000000c2100000|100%|HS|  |TAMS 0x00000000c2100000, 0x00000000c2000000| Untracked 
|  33|0x00000000c2100000, 0x00000000c21ed230, 0x00000000c2200000| 92%| O|  |TAMS 0x00000000c2100000, 0x00000000c2100000| Untracked 
|  34|0x00000000c2200000, 0x00000000c22b3ed8, 0x00000000c2300000| 70%| O|  |TAMS 0x00000000c2200000, 0x00000000c2200000| Untracked 
|  35|0x00000000c2300000, 0x00000000c2300000, 0x00000000c2400000|  0%| F|  |TAMS 0x00000000c2300000, 0x00000000c2300000| Untracked 
|  36|0x00000000c2400000, 0x00000000c2400000, 0x00000000c2500000|  0%| F|  |TAMS 0x00000000c2400000, 0x00000000c2400000| Untracked 
|  37|0x00000000c2500000, 0x00000000c2500000, 0x00000000c2600000|  0%| F|  |TAMS 0x00000000c2500000, 0x00000000c2500000| Untracked 
|  38|0x00000000c2600000, 0x00000000c2600000, 0x00000000c2700000|  0%| F|  |TAMS 0x00000000c2600000, 0x00000000c2600000| Untracked 
|  39|0x00000000c2700000, 0x00000000c2700000, 0x00000000c2800000|  0%| F|  |TAMS 0x00000000c2700000, 0x00000000c2700000| Untracked 
|  40|0x00000000c2800000, 0x00000000c2800000, 0x00000000c2900000|  0%| F|  |TAMS 0x00000000c2800000, 0x00000000c2800000| Untracked 
|  41|0x00000000c2900000, 0x00000000c2900000, 0x00000000c2a00000|  0%| F|  |TAMS 0x00000000c2900000, 0x00000000c2900000| Untracked 
|  42|0x00000000c2a00000, 0x00000000c2a00000, 0x00000000c2b00000|  0%| F|  |TAMS 0x00000000c2a00000, 0x00000000c2a00000| Untracked 
|  43|0x00000000c2b00000, 0x00000000c2b00000, 0x00000000c2c00000|  0%| F|  |TAMS 0x00000000c2b00000, 0x00000000c2b00000| Untracked 
|  44|0x00000000c2c00000, 0x00000000c2c00000, 0x00000000c2d00000|  0%| F|  |TAMS 0x00000000c2c00000, 0x00000000c2c00000| Untracked 
|  45|0x00000000c2d00000, 0x00000000c2d00000, 0x00000000c2e00000|  0%| F|  |TAMS 0x00000000c2d00000, 0x00000000c2d00000| Untracked 
|  46|0x00000000c2e00000, 0x00000000c2e00000, 0x00000000c2f00000|  0%| F|  |TAMS 0x00000000c2e00000, 0x00000000c2e00000| Untracked 
|  47|0x00000000c2f00000, 0x00000000c2f00000, 0x00000000c3000000|  0%| F|  |TAMS 0x00000000c2f00000, 0x00000000c2f00000| Untracked 
|  48|0x00000000c3000000, 0x00000000c3000000, 0x00000000c3100000|  0%| F|  |TAMS 0x00000000c3000000, 0x00000000c3000000| Untracked 
|  49|0x00000000c3100000, 0x00000000c3100000, 0x00000000c3200000|  0%| F|  |TAMS 0x00000000c3100000, 0x00000000c3100000| Untracked 
|  50|0x00000000c3200000, 0x00000000c3200000, 0x00000000c3300000|  0%| F|  |TAMS 0x00000000c3200000, 0x00000000c3200000| Untracked 
|  51|0x00000000c3300000, 0x00000000c3300000, 0x00000000c3400000|  0%| F|  |TAMS 0x00000000c3300000, 0x00000000c3300000| Untracked 
|  52|0x00000000c3400000, 0x00000000c3400000, 0x00000000c3500000|  0%| F|  |TAMS 0x00000000c3400000, 0x00000000c3400000| Untracked 
|  53|0x00000000c3500000, 0x00000000c3500000, 0x00000000c3600000|  0%| F|  |TAMS 0x00000000c3500000, 0x00000000c3500000| Untracked 
|  54|0x00000000c3600000, 0x00000000c3600000, 0x00000000c3700000|  0%| F|  |TAMS 0x00000000c3600000, 0x00000000c3600000| Untracked 
|  55|0x00000000c3700000, 0x00000000c3700000, 0x00000000c3800000|  0%| F|  |TAMS 0x00000000c3700000, 0x00000000c3700000| Untracked 
|  56|0x00000000c3800000, 0x00000000c3800000, 0x00000000c3900000|  0%| F|  |TAMS 0x00000000c3800000, 0x00000000c3800000| Untracked 
|  57|0x00000000c3900000, 0x00000000c3900000, 0x00000000c3a00000|  0%| F|  |TAMS 0x00000000c3900000, 0x00000000c3900000| Untracked 
|  58|0x00000000c3a00000, 0x00000000c3a00000, 0x00000000c3b00000|  0%| F|  |TAMS 0x00000000c3a00000, 0x00000000c3a00000| Untracked 
|  59|0x00000000c3b00000, 0x00000000c3b00000, 0x00000000c3c00000|  0%| F|  |TAMS 0x00000000c3b00000, 0x00000000c3b00000| Untracked 
|  60|0x00000000c3c00000, 0x00000000c3c00000, 0x00000000c3d00000|  0%| F|  |TAMS 0x00000000c3c00000, 0x00000000c3c00000| Untracked 
|  61|0x00000000c3d00000, 0x00000000c3d00000, 0x00000000c3e00000|  0%| F|  |TAMS 0x00000000c3d00000, 0x00000000c3d00000| Untracked 
|  62|0x00000000c3e00000, 0x00000000c3e00000, 0x00000000c3f00000|  0%| F|  |TAMS 0x00000000c3e00000, 0x00000000c3e00000| Untracked 
|  63|0x00000000c3f00000, 0x00000000c3f00000, 0x00000000c4000000|  0%| F|  |TAMS 0x00000000c3f00000, 0x00000000c3f00000| Untracked 
|  64|0x00000000c4000000, 0x00000000c4000000, 0x00000000c4100000|  0%| F|  |TAMS 0x00000000c4000000, 0x00000000c4000000| Untracked 
|  65|0x00000000c4100000, 0x00000000c4100000, 0x00000000c4200000|  0%| F|  |TAMS 0x00000000c4100000, 0x00000000c4100000| Untracked 
|  66|0x00000000c4200000, 0x00000000c4200000, 0x00000000c4300000|  0%| F|  |TAMS 0x00000000c4200000, 0x00000000c4200000| Untracked 
|  67|0x00000000c4300000, 0x00000000c4300000, 0x00000000c4400000|  0%| F|  |TAMS 0x00000000c4300000, 0x00000000c4300000| Untracked 
|  68|0x00000000c4400000, 0x00000000c4400000, 0x00000000c4500000|  0%| F|  |TAMS 0x00000000c4400000, 0x00000000c4400000| Untracked 
|  69|0x00000000c4500000, 0x00000000c4500000, 0x00000000c4600000|  0%| F|  |TAMS 0x00000000c4500000, 0x00000000c4500000| Untracked 
|  70|0x00000000c4600000, 0x00000000c4600000, 0x00000000c4700000|  0%| F|  |TAMS 0x00000000c4600000, 0x00000000c4600000| Untracked 
|  71|0x00000000c4700000, 0x00000000c4700000, 0x00000000c4800000|  0%| F|  |TAMS 0x00000000c4700000, 0x00000000c4700000| Untracked 
|  72|0x00000000c4800000, 0x00000000c4800000, 0x00000000c4900000|  0%| F|  |TAMS 0x00000000c4800000, 0x00000000c4800000| Untracked 
|  73|0x00000000c4900000, 0x00000000c4900000, 0x00000000c4a00000|  0%| F|  |TAMS 0x00000000c4900000, 0x00000000c4900000| Untracked 
|  74|0x00000000c4a00000, 0x00000000c4a00000, 0x00000000c4b00000|  0%| F|  |TAMS 0x00000000c4a00000, 0x00000000c4a00000| Untracked 
|  75|0x00000000c4b00000, 0x00000000c4b00000, 0x00000000c4c00000|  0%| F|  |TAMS 0x00000000c4b00000, 0x00000000c4b00000| Untracked 
|  76|0x00000000c4c00000, 0x00000000c4c00000, 0x00000000c4d00000|  0%| F|  |TAMS 0x00000000c4c00000, 0x00000000c4c00000| Untracked 
|  77|0x00000000c4d00000, 0x00000000c4d00000, 0x00000000c4e00000|  0%| F|  |TAMS 0x00000000c4d00000, 0x00000000c4d00000| Untracked 
|  78|0x00000000c4e00000, 0x00000000c4e00000, 0x00000000c4f00000|  0%| F|  |TAMS 0x00000000c4e00000, 0x00000000c4e00000| Untracked 
|  79|0x00000000c4f00000, 0x00000000c4f00000, 0x00000000c5000000|  0%| F|  |TAMS 0x00000000c4f00000, 0x00000000c4f00000| Untracked 
|  80|0x00000000c5000000, 0x00000000c5000000, 0x00000000c5100000|  0%| F|  |TAMS 0x00000000c5000000, 0x00000000c5000000| Untracked 
|  81|0x00000000c5100000, 0x00000000c5100000, 0x00000000c5200000|  0%| F|  |TAMS 0x00000000c5100000, 0x00000000c5100000| Untracked 
|  82|0x00000000c5200000, 0x00000000c5200000, 0x00000000c5300000|  0%| F|  |TAMS 0x00000000c5200000, 0x00000000c5200000| Untracked 
|  83|0x00000000c5300000, 0x00000000c5300000, 0x00000000c5400000|  0%| F|  |TAMS 0x00000000c5300000, 0x00000000c5300000| Untracked 
|  84|0x00000000c5400000, 0x00000000c5400000, 0x00000000c5500000|  0%| F|  |TAMS 0x00000000c5400000, 0x00000000c5400000| Untracked 
|  85|0x00000000c5500000, 0x00000000c5500000, 0x00000000c5600000|  0%| F|  |TAMS 0x00000000c5500000, 0x00000000c5500000| Untracked 
|  86|0x00000000c5600000, 0x00000000c5600000, 0x00000000c5700000|  0%| F|  |TAMS 0x00000000c5600000, 0x00000000c5600000| Untracked 
|  87|0x00000000c5700000, 0x00000000c5700000, 0x00000000c5800000|  0%| F|  |TAMS 0x00000000c5700000, 0x00000000c5700000| Untracked 
|  88|0x00000000c5800000, 0x00000000c5800000, 0x00000000c5900000|  0%| F|  |TAMS 0x00000000c5800000, 0x00000000c5800000| Untracked 
|  89|0x00000000c5900000, 0x00000000c5900000, 0x00000000c5a00000|  0%| F|  |TAMS 0x00000000c5900000, 0x00000000c5900000| Untracked 
|  90|0x00000000c5a00000, 0x00000000c5a00000, 0x00000000c5b00000|  0%| F|  |TAMS 0x00000000c5a00000, 0x00000000c5a00000| Untracked 
|  91|0x00000000c5b00000, 0x00000000c5b00000, 0x00000000c5c00000|  0%| F|  |TAMS 0x00000000c5b00000, 0x00000000c5b00000| Untracked 
|  92|0x00000000c5c00000, 0x00000000c5c00000, 0x00000000c5d00000|  0%| F|  |TAMS 0x00000000c5c00000, 0x00000000c5c00000| Untracked 
|  93|0x00000000c5d00000, 0x00000000c5d00000, 0x00000000c5e00000|  0%| F|  |TAMS 0x00000000c5d00000, 0x00000000c5d00000| Untracked 
|  94|0x00000000c5e00000, 0x00000000c5e00000, 0x00000000c5f00000|  0%| F|  |TAMS 0x00000000c5e00000, 0x00000000c5e00000| Untracked 
|  95|0x00000000c5f00000, 0x00000000c5f00000, 0x00000000c6000000|  0%| F|  |TAMS 0x00000000c5f00000, 0x00000000c5f00000| Untracked 
|  96|0x00000000c6000000, 0x00000000c6000000, 0x00000000c6100000|  0%| F|  |TAMS 0x00000000c6000000, 0x00000000c6000000| Untracked 
|  97|0x00000000c6100000, 0x00000000c6100000, 0x00000000c6200000|  0%| F|  |TAMS 0x00000000c6100000, 0x00000000c6100000| Untracked 
|  98|0x00000000c6200000, 0x00000000c6300000, 0x00000000c6300000|100%| O|  |TAMS 0x00000000c6300000, 0x00000000c6200000| Untracked 
|  99|0x00000000c6300000, 0x00000000c6400000, 0x00000000c6400000|100%| O|  |TAMS 0x00000000c6400000, 0x00000000c6300000| Untracked 
| 100|0x00000000c6400000, 0x00000000c6400000, 0x00000000c6500000|  0%| F|  |TAMS 0x00000000c6400000, 0x00000000c6400000| Untracked 
| 101|0x00000000c6500000, 0x00000000c6500000, 0x00000000c6600000|  0%| F|  |TAMS 0x00000000c6500000, 0x00000000c6500000| Untracked 
| 102|0x00000000c6600000, 0x00000000c66058a8, 0x00000000c6700000|  2%| E|  |TAMS 0x00000000c6600000, 0x00000000c6600000| Complete 
| 103|0x00000000c6700000, 0x00000000c6800000, 0x00000000c6800000|100%| O|  |TAMS 0x00000000c6800000, 0x00000000c6700000| Untracked 

Card table byte_map: [0x000001e23a760000,0x000001e23a960000] _byte_map_base: 0x000001e23a160000

Marking Bits (Prev, Next): (CMBitMap*) 0x000001e232823290, (CMBitMap*) 0x000001e2328232d0
 Prev Bits: [0x000001e23ab60000, 0x000001e23bb60000)
 Next Bits: [0x000001e23bb60000, 0x000001e23cb60000)

Polling page: 0x000001e2328a0000

Metaspace:

Usage:
  Non-class:     52.91 MB used.
      Class:      7.57 MB used.
       Both:     60.47 MB used.

Virtual space:
  Non-class space:       64.00 MB reserved,      53.19 MB ( 83%) committed,  1 nodes.
      Class space:        1.00 GB reserved,       7.81 MB ( <1%) committed,  1 nodes.
             Both:        1.06 GB reserved,      61.00 MB (  6%) committed. 

Chunk freelists:
   Non-Class:  10.68 MB
       Class:  8.08 MB
        Both:  18.76 MB

MaxMetaspaceSize: unlimited
CompressedClassSpaceSize: 1.00 GB
Initial GC threshold: 21.00 MB
Current GC threshold: 101.56 MB
CDS: off
MetaspaceReclaimPolicy: balanced
 - commit_granule_bytes: 65536.
 - commit_granule_words: 8192.
 - virtual_space_node_default_size: 8388608.
 - enlarge_chunks_in_place: 1.
 - new_chunks_are_fully_committed: 0.
 - uncommit_free_chunks: 1.
 - use_allocation_guard: 0.
 - handle_deallocations: 1.


Internal statistics:

num_allocs_failed_limit: 8.
num_arena_births: 1072.
num_arena_deaths: 532.
num_vsnodes_births: 2.
num_vsnodes_deaths: 0.
num_space_committed: 981.
num_space_uncommitted: 5.
num_chunks_returned_to_freelist: 677.
num_chunks_taken_from_freelist: 3274.
num_chunk_merges: 258.
num_chunk_splits: 2055.
num_chunks_enlarged: 1458.
num_inconsistent_stats: 0.

CodeCache: size=49152Kb used=20851Kb max_used=22424Kb free=28301Kb
 bounds [0x000001e236c70000, 0x000001e238260000, 0x000001e239c70000]
 total_blobs=11431 nmethods=10745 adapters=611
 compilation: enabled
              stopped_count=0, restarted_count=0
 full_count=0

Compilation events (20 events):
Event: 41364.296 Thread 0x000001e23f74ef10 10909       1       org.eclipse.jdt.internal.compiler.ast.TypeReference$AnnotationCollector::visit (6 bytes)
Event: 41364.296 Thread 0x000001e23f74ef10 nmethod 10909 0x000001e237f1b290 code [0x000001e237f1b420, 0x000001e237f1b508]
Event: 41364.296 Thread 0x000001e23f74ef10 10910       1       org.eclipse.jdt.internal.compiler.ASTVisitor::endVisit (1 bytes)
Event: 41364.296 Thread 0x000001e23f74ef10 nmethod 10910 0x000001e237f1af90 code [0x000001e237f1b120, 0x000001e237f1b1d8]
Event: 41375.615 Thread 0x000001e23f74ef10 10911       1       org.eclipse.lsp4j.jsonrpc.json.adapters.TypeUtils$ParameterizedTypeImpl::getActualTypeArguments (5 bytes)
Event: 41375.616 Thread 0x000001e23f74ef10 nmethod 10911 0x000001e237f1ac90 code [0x000001e237f1ae20, 0x000001e237f1aef8]
Event: 41570.302 Thread 0x000001e23f74ef10 10912       1       jdk.internal.org.objectweb.asm.AnnotationWriter::putAnnotations (110 bytes)
Event: 41570.303 Thread 0x000001e23f74ef10 nmethod 10912 0x000001e237f1a610 code [0x000001e237f1a7e0, 0x000001e237f1aa08]
Event: 41570.303 Thread 0x000001e23f74ef10 10913       1       java.lang.invoke.LambdaFormBuffer::indexOf (25 bytes)
Event: 41570.303 Thread 0x000001e23f74ef10 nmethod 10913 0x000001e237f1a290 code [0x000001e237f1a420, 0x000001e237f1a538]
Event: 41570.304 Thread 0x000001e23f74ef10 10914       1       org.springframework.ide.vscode.boot.java.beans.CachedBean::<init> (11 bytes)
Event: 41570.304 Thread 0x000001e23f74ef10 nmethod 10914 0x000001e237f19f10 code [0x000001e237f1a0a0, 0x000001e237f1a1f8]
Event: 41570.685 Thread 0x000001e23f74ef10 10915       1       org.eclipse.jdt.core.dom.Modifier::isAbstract (14 bytes)
Event: 41570.685 Thread 0x000001e23f74ef10 nmethod 10915 0x000001e237f19c10 code [0x000001e237f19da0, 0x000001e237f19eb8]
Event: 41570.685 Thread 0x000001e23f74ef10 10916       1       org.eclipse.jdt.core.dom.Annotation::isSingleMemberAnnotation (5 bytes)
Event: 41570.685 Thread 0x000001e23f74ef10 nmethod 10916 0x000001e237f19910 code [0x000001e237f19aa0, 0x000001e237f19b98]
Event: 41570.685 Thread 0x000001e23f74ef10 10917       1       org.eclipse.jdt.core.dom.CompilationUnit::getColumnNumber (112 bytes)
Event: 41570.685 Thread 0x000001e23f74ef10 nmethod 10917 0x000001e237f19390 code [0x000001e237f19560, 0x000001e237f197e8]
Event: 41570.685 Thread 0x000001e23f74ef10 10918       1       org.openrewrite.marker.Range$Position::<init> (20 bytes)
Event: 41570.686 Thread 0x000001e23f74ef10 nmethod 10918 0x000001e237f19090 code [0x000001e237f19220, 0x000001e237f192f8]

GC Heap History (20 events):
Event: 43508.307 GC heap before
{Heap before GC invocations=3759 (full 3661):
 garbage-first heap   total 106496K, used 38503K [0x00000000c0000000, 0x0000000100000000)
  region size 1024K, 1 young (1024K), 0 survivors (0K)
 Metaspace       used 61923K, committed 62464K, reserved 1114112K
  class space    used 7746K, committed 8000K, reserved 1048576K
}
Event: 43508.347 GC heap after
{Heap after GC invocations=3760 (full 3662):
 garbage-first heap   total 106496K, used 38503K [0x00000000c0000000, 0x0000000100000000)
  region size 1024K, 0 young (0K), 0 survivors (0K)
 Metaspace       used 61923K, committed 62464K, reserved 1114112K
  class space    used 7746K, committed 8000K, reserved 1048576K
}
Event: 43518.460 GC heap before
{Heap before GC invocations=3760 (full 3662):
 garbage-first heap   total 106496K, used 38503K [0x00000000c0000000, 0x0000000100000000)
  region size 1024K, 1 young (1024K), 0 survivors (0K)
 Metaspace       used 61923K, committed 62464K, reserved 1114112K
  class space    used 7746K, committed 8000K, reserved 1048576K
}
Event: 43518.488 GC heap after
{Heap after GC invocations=3761 (full 3663):
 garbage-first heap   total 106496K, used 38503K [0x00000000c0000000, 0x0000000100000000)
  region size 1024K, 0 young (0K), 0 survivors (0K)
 Metaspace       used 61923K, committed 62464K, reserved 1114112K
  class space    used 7746K, committed 8000K, reserved 1048576K
}
Event: 43528.575 GC heap before
{Heap before GC invocations=3761 (full 3663):
 garbage-first heap   total 106496K, used 38503K [0x00000000c0000000, 0x0000000100000000)
  region size 1024K, 1 young (1024K), 0 survivors (0K)
 Metaspace       used 61923K, committed 62464K, reserved 1114112K
  class space    used 7746K, committed 8000K, reserved 1048576K
}
Event: 43528.606 GC heap after
{Heap after GC invocations=3762 (full 3664):
 garbage-first heap   total 106496K, used 38503K [0x00000000c0000000, 0x0000000100000000)
  region size 1024K, 0 young (0K), 0 survivors (0K)
 Metaspace       used 61923K, committed 62464K, reserved 1114112K
  class space    used 7746K, committed 8000K, reserved 1048576K
}
Event: 43538.690 GC heap before
{Heap before GC invocations=3762 (full 3664):
 garbage-first heap   total 106496K, used 38503K [0x00000000c0000000, 0x0000000100000000)
  region size 1024K, 1 young (1024K), 0 survivors (0K)
 Metaspace       used 61923K, committed 62464K, reserved 1114112K
  class space    used 7746K, committed 8000K, reserved 1048576K
}
Event: 43538.718 GC heap after
{Heap after GC invocations=3763 (full 3665):
 garbage-first heap   total 106496K, used 38503K [0x00000000c0000000, 0x0000000100000000)
  region size 1024K, 0 young (0K), 0 survivors (0K)
 Metaspace       used 61923K, committed 62464K, reserved 1114112K
  class space    used 7746K, committed 8000K, reserved 1048576K
}
Event: 43548.788 GC heap before
{Heap before GC invocations=3763 (full 3665):
 garbage-first heap   total 106496K, used 38503K [0x00000000c0000000, 0x0000000100000000)
  region size 1024K, 1 young (1024K), 0 survivors (0K)
 Metaspace       used 61923K, committed 62464K, reserved 1114112K
  class space    used 7746K, committed 8000K, reserved 1048576K
}
Event: 43548.817 GC heap after
{Heap after GC invocations=3764 (full 3666):
 garbage-first heap   total 106496K, used 38503K [0x00000000c0000000, 0x0000000100000000)
  region size 1024K, 0 young (0K), 0 survivors (0K)
 Metaspace       used 61923K, committed 62464K, reserved 1114112K
  class space    used 7746K, committed 8000K, reserved 1048576K
}
Event: 43558.888 GC heap before
{Heap before GC invocations=3764 (full 3666):
 garbage-first heap   total 106496K, used 38503K [0x00000000c0000000, 0x0000000100000000)
  region size 1024K, 1 young (1024K), 0 survivors (0K)
 Metaspace       used 61923K, committed 62464K, reserved 1114112K
  class space    used 7746K, committed 8000K, reserved 1048576K
}
Event: 43558.918 GC heap after
{Heap after GC invocations=3765 (full 3667):
 garbage-first heap   total 106496K, used 38503K [0x00000000c0000000, 0x0000000100000000)
  region size 1024K, 0 young (0K), 0 survivors (0K)
 Metaspace       used 61923K, committed 62464K, reserved 1114112K
  class space    used 7746K, committed 8000K, reserved 1048576K
}
Event: 43569.036 GC heap before
{Heap before GC invocations=3765 (full 3667):
 garbage-first heap   total 106496K, used 38503K [0x00000000c0000000, 0x0000000100000000)
  region size 1024K, 1 young (1024K), 0 survivors (0K)
 Metaspace       used 61923K, committed 62464K, reserved 1114112K
  class space    used 7746K, committed 8000K, reserved 1048576K
}
Event: 43569.064 GC heap after
{Heap after GC invocations=3766 (full 3668):
 garbage-first heap   total 106496K, used 38503K [0x00000000c0000000, 0x0000000100000000)
  region size 1024K, 0 young (0K), 0 survivors (0K)
 Metaspace       used 61923K, committed 62464K, reserved 1114112K
  class space    used 7746K, committed 8000K, reserved 1048576K
}
Event: 43579.153 GC heap before
{Heap before GC invocations=3766 (full 3668):
 garbage-first heap   total 106496K, used 38503K [0x00000000c0000000, 0x0000000100000000)
  region size 1024K, 1 young (1024K), 0 survivors (0K)
 Metaspace       used 61923K, committed 62464K, reserved 1114112K
  class space    used 7746K, committed 8000K, reserved 1048576K
}
Event: 43579.187 GC heap after
{Heap after GC invocations=3767 (full 3669):
 garbage-first heap   total 106496K, used 38503K [0x00000000c0000000, 0x0000000100000000)
  region size 1024K, 0 young (0K), 0 survivors (0K)
 Metaspace       used 61923K, committed 62464K, reserved 1114112K
  class space    used 7746K, committed 8000K, reserved 1048576K
}
Event: 43589.294 GC heap before
{Heap before GC invocations=3767 (full 3669):
 garbage-first heap   total 106496K, used 38503K [0x00000000c0000000, 0x0000000100000000)
  region size 1024K, 1 young (1024K), 0 survivors (0K)
 Metaspace       used 61923K, committed 62464K, reserved 1114112K
  class space    used 7746K, committed 8000K, reserved 1048576K
}
Event: 43589.322 GC heap after
{Heap after GC invocations=3768 (full 3670):
 garbage-first heap   total 106496K, used 38503K [0x00000000c0000000, 0x0000000100000000)
  region size 1024K, 0 young (0K), 0 survivors (0K)
 Metaspace       used 61923K, committed 62464K, reserved 1114112K
  class space    used 7746K, committed 8000K, reserved 1048576K
}
Event: 43599.420 GC heap before
{Heap before GC invocations=3768 (full 3670):
 garbage-first heap   total 106496K, used 38503K [0x00000000c0000000, 0x0000000100000000)
  region size 1024K, 1 young (1024K), 0 survivors (0K)
 Metaspace       used 61923K, committed 62464K, reserved 1114112K
  class space    used 7746K, committed 8000K, reserved 1048576K
}
Event: 43599.452 GC heap after
{Heap after GC invocations=3769 (full 3671):
 garbage-first heap   total 106496K, used 38503K [0x00000000c0000000, 0x0000000100000000)
  region size 1024K, 0 young (0K), 0 survivors (0K)
 Metaspace       used 61923K, committed 62464K, reserved 1114112K
  class space    used 7746K, committed 8000K, reserved 1048576K
}

Dll operation events (10 events):
Event: 0.013 Loaded shared library c:\Users\Admin\.vscode\extensions\redhat.java-1.31.0-win32-x64\jre\17.0.11-win32-x86_64\bin\java.dll
Event: 0.850 Loaded shared library C:\Users\Admin\.vscode\extensions\redhat.java-1.31.0-win32-x64\jre\17.0.11-win32-x86_64\bin\net.dll
Event: 0.853 Loaded shared library C:\Users\Admin\.vscode\extensions\redhat.java-1.31.0-win32-x64\jre\17.0.11-win32-x86_64\bin\nio.dll
Event: 0.876 Loaded shared library C:\Users\Admin\.vscode\extensions\redhat.java-1.31.0-win32-x64\jre\17.0.11-win32-x86_64\bin\zip.dll
Event: 1.933 Loaded shared library C:\Users\Admin\.vscode\extensions\redhat.java-1.31.0-win32-x64\jre\17.0.11-win32-x86_64\bin\jimage.dll
Event: 4.284 Loaded shared library c:\Users\Admin\.vscode\extensions\redhat.java-1.31.0-win32-x64\jre\17.0.11-win32-x86_64\bin\verify.dll
Event: 5.873 Loaded shared library C:\Users\Admin\.vscode\extensions\redhat.java-1.31.0-win32-x64\jre\17.0.11-win32-x86_64\bin\management.dll
Event: 5.875 Loaded shared library C:\Users\Admin\.vscode\extensions\redhat.java-1.31.0-win32-x64\jre\17.0.11-win32-x86_64\bin\management_ext.dll
Event: 6.960 Loaded shared library C:\Users\Admin\.vscode\extensions\redhat.java-1.31.0-win32-x64\jre\17.0.11-win32-x86_64\bin\sunmscapi.dll
Event: 7.257 Loaded shared library C:\Users\Admin\.vscode\extensions\redhat.java-1.31.0-win32-x64\jre\17.0.11-win32-x86_64\bin\extnet.dll

Deoptimization events (20 events):
Event: 2734.520 Thread 0x000001e24462d730 DEOPT PACKING pc=0x000001e23750a70c sp=0x000000cd3ecfdee0
Event: 2734.520 Thread 0x000001e24462d730 DEOPT UNPACKING pc=0x000001e236cc7143 sp=0x000000cd3ecfd448 mode 0
Event: 2734.520 Thread 0x000001e24462d730 DEOPT PACKING pc=0x000001e2376be3cc sp=0x000000cd3ecfe010
Event: 2734.520 Thread 0x000001e24462d730 DEOPT UNPACKING pc=0x000001e236cc7143 sp=0x000000cd3ecfd4f0 mode 0
Event: 2734.520 Thread 0x000001e24462d730 DEOPT PACKING pc=0x000001e23750a70c sp=0x000000cd3ecfe140
Event: 2734.520 Thread 0x000001e24462d730 DEOPT UNPACKING pc=0x000001e236cc7143 sp=0x000000cd3ecfd6a8 mode 0
Event: 2734.520 Thread 0x000001e24462d730 DEOPT PACKING pc=0x000001e2376be3cc sp=0x000000cd3ecfe270
Event: 2734.520 Thread 0x000001e24462d730 DEOPT UNPACKING pc=0x000001e236cc7143 sp=0x000000cd3ecfd768 mode 0
Event: 2734.521 Thread 0x000001e24462d730 DEOPT PACKING pc=0x000001e23750a70c sp=0x000000cd3ecfe5e0
Event: 2734.521 Thread 0x000001e24462d730 DEOPT UNPACKING pc=0x000001e236cc7143 sp=0x000000cd3ecfdb48 mode 0
Event: 2734.521 Thread 0x000001e24462d730 DEOPT PACKING pc=0x000001e2376be3cc sp=0x000000cd3ecfe710
Event: 2734.521 Thread 0x000001e24462d730 DEOPT UNPACKING pc=0x000001e236cc7143 sp=0x000000cd3ecfdc08 mode 0
Event: 2854.606 Thread 0x000001e245513c60 DEOPT PACKING pc=0x000001e237803734 sp=0x000000cd3d8fe160
Event: 2854.606 Thread 0x000001e245513c60 DEOPT UNPACKING pc=0x000001e236cc7143 sp=0x000000cd3d8fd6b0 mode 0
Event: 20523.429 Thread 0x000001e24550fa90 DEOPT PACKING pc=0x000001e236ecf9cc sp=0x000000cd3c6fdef0
Event: 20523.429 Thread 0x000001e24550fa90 DEOPT UNPACKING pc=0x000001e236cc7143 sp=0x000000cd3c6fd3c0 mode 0
Event: 20726.994 Thread 0x000001e2455155b0 DEOPT PACKING pc=0x000001e2370a2d94 sp=0x000000cd3d8feae0
Event: 20726.994 Thread 0x000001e2455155b0 DEOPT UNPACKING pc=0x000001e236cc7143 sp=0x000000cd3d8fe048 mode 0
Event: 21896.352 Thread 0x000001e245511e00 DEOPT PACKING pc=0x000001e237da5a24 sp=0x000000cd3c6fe1f0
Event: 21896.352 Thread 0x000001e245511e00 DEOPT UNPACKING pc=0x000001e236cc7143 sp=0x000000cd3c6fd798 mode 0

Classes unloaded (20 events):
Event: 41182.176 Thread 0x000001e23f5e5d90 Unloading class 0x00000001007e8400 'java/lang/invoke/LambdaForm$MH+0x00000001007e8400'
Event: 41182.176 Thread 0x000001e23f5e5d90 Unloading class 0x00000001007e8000 'java/lang/invoke/LambdaForm$MH+0x00000001007e8000'
Event: 41192.304 Thread 0x000001e23f5e5d90 Unloading class 0x00000001007ebc00 'jdk/internal/reflect/GeneratedMethodAccessor89'
Event: 41192.304 Thread 0x000001e23f5e5d90 Unloading class 0x00000001007eb800 'jdk/internal/reflect/GeneratedConstructorAccessor87'
Event: 41192.304 Thread 0x000001e23f5e5d90 Unloading class 0x00000001007eb400 'jdk/internal/reflect/GeneratedMethodAccessor88'
Event: 41192.304 Thread 0x000001e23f5e5d90 Unloading class 0x00000001007eb000 'jdk/internal/reflect/GeneratedConstructorAccessor86'
Event: 41192.304 Thread 0x000001e23f5e5d90 Unloading class 0x00000001007eac00 'jdk/internal/reflect/GeneratedMethodAccessor87'
Event: 41192.304 Thread 0x000001e23f5e5d90 Unloading class 0x00000001007ea800 'jdk/internal/reflect/GeneratedMethodAccessor86'
Event: 41192.304 Thread 0x000001e23f5e5d90 Unloading class 0x00000001007ea400 'jdk/internal/reflect/GeneratedMethodAccessor85'
Event: 41443.510 Thread 0x000001e23f5e5d90 Unloading class 0x00000001007eb000 'jdk/internal/reflect/GeneratedMethodAccessor94'
Event: 41443.510 Thread 0x000001e23f5e5d90 Unloading class 0x00000001007e8400 'jdk/internal/reflect/GeneratedConstructorAccessor89'
Event: 41443.510 Thread 0x000001e23f5e5d90 Unloading class 0x00000001007e8000 'jdk/internal/reflect/GeneratedMethodAccessor93'
Event: 41443.510 Thread 0x000001e23f5e5d90 Unloading class 0x00000001007eac00 'jdk/internal/reflect/GeneratedConstructorAccessor88'
Event: 41443.510 Thread 0x000001e23f5e5d90 Unloading class 0x00000001007ea800 'jdk/internal/reflect/GeneratedMethodAccessor92'
Event: 41443.510 Thread 0x000001e23f5e5d90 Unloading class 0x00000001007e8800 'jdk/internal/reflect/GeneratedMethodAccessor91'
Event: 41443.510 Thread 0x000001e23f5e5d90 Unloading class 0x00000001007ea400 'jdk/internal/reflect/GeneratedMethodAccessor90'
Event: 41624.974 Thread 0x000001e23f5e5d90 Unloading class 0x00000001007e8400 'java/lang/invoke/LambdaForm$MH+0x00000001007e8400'
Event: 41624.974 Thread 0x000001e23f5e5d90 Unloading class 0x00000001007e8000 'java/lang/invoke/LambdaForm$MH+0x00000001007e8000'
Event: 41624.974 Thread 0x000001e23f5e5d90 Unloading class 0x00000001007ea400 'java/lang/invoke/LambdaForm$MH+0x00000001007ea400'
Event: 41624.974 Thread 0x000001e23f5e5d90 Unloading class 0x00000001007e8800 'java/lang/invoke/LambdaForm$MH+0x00000001007e8800'

Classes redefined (0 events):
No events

Internal exceptions (20 events):
Event: 20754.181 Thread 0x000001e2455155b0 Exception <a 'java/io/FileNotFoundException'{0x00000000c52c1220}> (0x00000000c52c1220) 
thrown [s\src\hotspot\share\prims\jni.cpp, line 516]
Event: 20754.181 Thread 0x000001e2455155b0 Exception <a 'java/io/FileNotFoundException'{0x00000000c52c1dd0}> (0x00000000c52c1dd0) 
thrown [s\src\hotspot\share\prims\jni.cpp, line 516]
Event: 20754.181 Thread 0x000001e2455155b0 Exception <a 'java/io/FileNotFoundException'{0x00000000c52c2bf0}> (0x00000000c52c2bf0) 
thrown [s\src\hotspot\share\prims\jni.cpp, line 516]
Event: 20760.133 Thread 0x000001e2455155b0 Exception <a 'java/io/FileNotFoundException'{0x00000000c502aa78}> (0x00000000c502aa78) 
thrown [s\src\hotspot\share\prims\jni.cpp, line 516]
Event: 20760.133 Thread 0x000001e2455155b0 Exception <a 'java/io/FileNotFoundException'{0x00000000c502b628}> (0x00000000c502b628) 
thrown [s\src\hotspot\share\prims\jni.cpp, line 516]
Event: 20760.133 Thread 0x000001e2455155b0 Exception <a 'java/io/FileNotFoundException'{0x00000000c502c448}> (0x00000000c502c448) 
thrown [s\src\hotspot\share\prims\jni.cpp, line 516]
Event: 20760.504 Thread 0x000001e2455155b0 Exception <a 'java/io/FileNotFoundException'{0x00000000c4f38980}> (0x00000000c4f38980) 
thrown [s\src\hotspot\share\prims\jni.cpp, line 516]
Event: 20760.504 Thread 0x000001e2455155b0 Exception <a 'java/io/FileNotFoundException'{0x00000000c4f39530}> (0x00000000c4f39530) 
thrown [s\src\hotspot\share\prims\jni.cpp, line 516]
Event: 20760.504 Thread 0x000001e2455155b0 Exception <a 'java/io/FileNotFoundException'{0x00000000c4f3a350}> (0x00000000c4f3a350) 
thrown [s\src\hotspot\share\prims\jni.cpp, line 516]
Event: 20760.876 Thread 0x000001e2455155b0 Exception <a 'java/io/FileNotFoundException'{0x00000000c4e3e630}> (0x00000000c4e3e630) 
thrown [s\src\hotspot\share\prims\jni.cpp, line 516]
Event: 20760.876 Thread 0x000001e2455155b0 Exception <a 'java/io/FileNotFoundException'{0x00000000c4e3f1e0}> (0x00000000c4e3f1e0) 
thrown [s\src\hotspot\share\prims\jni.cpp, line 516]
Event: 20760.876 Thread 0x000001e2455155b0 Exception <a 'java/io/FileNotFoundException'{0x00000000c4e40000}> (0x00000000c4e40000) 
thrown [s\src\hotspot\share\prims\jni.cpp, line 516]
Event: 20763.909 Thread 0x000001e2455155b0 Exception <a 'java/io/FileNotFoundException'{0x00000000c4d86210}> (0x00000000c4d86210) 
thrown [s\src\hotspot\share\prims\jni.cpp, line 516]
Event: 20763.909 Thread 0x000001e2455155b0 Exception <a 'java/io/FileNotFoundException'{0x00000000c4d86dc0}> (0x00000000c4d86dc0) 
thrown [s\src\hotspot\share\prims\jni.cpp, line 516]
Event: 20763.909 Thread 0x000001e2455155b0 Exception <a 'java/io/FileNotFoundException'{0x00000000c4d87be0}> (0x00000000c4d87be0) 
thrown [s\src\hotspot\share\prims\jni.cpp, line 516]
Event: 21052.287 Thread 0x000001e245514170 Exception <a 'java/io/FileNotFoundException'{0x00000000c558bf18}> (0x00000000c558bf18) 
thrown [s\src\hotspot\share\prims\jni.cpp, line 516]
Event: 21052.288 Thread 0x000001e245514170 Exception <a 'java/io/FileNotFoundException'{0x00000000c558cac8}> (0x00000000c558cac8) 
thrown [s\src\hotspot\share\prims\jni.cpp, line 516]
Event: 21052.288 Thread 0x000001e245514170 Exception <a 'java/io/FileNotFoundException'{0x00000000c558d8e8}> (0x00000000c558d8e8) 
thrown [s\src\hotspot\share\prims\jni.cpp, line 516]
Event: 35966.441 Thread 0x000001e24550fa90 Implicit null exception at 0x000001e2376b5186 to 0x000001e2376b5208
Event: 35966.441 Thread 0x000001e24550fa90 Exception <a 'java/lang/NullPointerException'{0x00000000c7b845b8}> (0x00000000c7b845b8) 
thrown [s\src\hotspot\share\runtime\sharedRuntime.cpp, line 631]

VM Operations (20 events):
Event: 43508.347 Executing VM operation: G1CollectFull done
Event: 43518.460 Executing VM operation: G1CollectFull
Event: 43518.488 Executing VM operation: G1CollectFull done
Event: 43528.575 Executing VM operation: G1CollectFull
Event: 43528.606 Executing VM operation: G1CollectFull done
Event: 43538.690 Executing VM operation: G1CollectFull
Event: 43538.718 Executing VM operation: G1CollectFull done
Event: 43548.788 Executing VM operation: G1CollectFull
Event: 43548.817 Executing VM operation: G1CollectFull done
Event: 43558.887 Executing VM operation: G1CollectFull
Event: 43558.918 Executing VM operation: G1CollectFull done
Event: 43569.036 Executing VM operation: G1CollectFull
Event: 43569.064 Executing VM operation: G1CollectFull done
Event: 43579.153 Executing VM operation: G1CollectFull
Event: 43579.187 Executing VM operation: G1CollectFull done
Event: 43589.294 Executing VM operation: G1CollectFull
Event: 43589.322 Executing VM operation: G1CollectFull done
Event: 43599.420 Executing VM operation: G1CollectFull
Event: 43599.452 Executing VM operation: G1CollectFull done
Event: 43609.483 Executing VM operation: G1CollectFull

Events (20 events):
Event: 41435.416 Thread 0x000001e24462d220 Thread exited: 0x000001e24462d220
Event: 41436.176 Thread 0x000001e245517410 Thread exited: 0x000001e245517410
Event: 41436.315 Thread 0x000001e245516f00 Thread exited: 0x000001e245516f00
Event: 41436.530 Thread 0x000001e245512310 Thread exited: 0x000001e245512310
Event: 41496.191 Thread 0x000001e24550ffa0 Thread exited: 0x000001e24550ffa0
Event: 41539.446 Thread 0x000001e245512310 Thread added: 0x000001e245512310
Event: 41539.697 Thread 0x000001e245513750 Thread added: 0x000001e245513750
Event: 41556.203 Thread 0x000001e24462c800 Thread exited: 0x000001e24462c800
Event: 41570.293 Thread 0x000001e245514170 Thread added: 0x000001e245514170
Event: 41570.298 Thread 0x000001e245516f00 Thread added: 0x000001e245516f00
Event: 41570.685 Thread 0x000001e245517410 Thread added: 0x000001e245517410
Event: 41630.306 Thread 0x000001e245513750 Thread exited: 0x000001e245513750
Event: 41630.699 Thread 0x000001e245514170 Thread exited: 0x000001e245514170
Event: 41630.699 Thread 0x000001e245512310 Thread exited: 0x000001e245512310
Event: 41631.084 Thread 0x000001e245517410 Thread exited: 0x000001e245517410
Event: 41631.084 Thread 0x000001e24550fa90 Thread exited: 0x000001e24550fa90
Event: 41691.089 Thread 0x000001e245516f00 Thread exited: 0x000001e245516f00
Event: 41751.097 Thread 0x000001e245515ac0 Thread exited: 0x000001e245515ac0
Event: 41811.107 Thread 0x000001e245512820 Thread exited: 0x000001e245512820
Event: 41871.118 Thread 0x000001e245511e00 Thread exited: 0x000001e245511e00


Dynamic libraries:
0x00007ff617d70000 - 0x00007ff617d7e000 	c:\Users\Admin\.vscode\extensions\redhat.java-1.31.0-win32-x64\jre\17.0.11-win32-x86_64\bin\java.exe
0x00007fffa67b0000 - 0x00007fffa69a5000 	C:\Windows\SYSTEM32\ntdll.dll
0x00007fffa4800000 - 0x00007fffa48be000 	C:\Windows\System32\KERNEL32.DLL
0x00007fffa4530000 - 0x00007fffa47f8000 	C:\Windows\System32\KERNELBASE.dll
0x00007fffa4430000 - 0x00007fffa4530000 	C:\Windows\System32\ucrtbase.dll
0x00007fff727b0000 - 0x00007fff727c7000 	c:\Users\Admin\.vscode\extensions\redhat.java-1.31.0-win32-x64\jre\17.0.11-win32-x86_64\bin\jli.dll
0x00007fffa5bd0000 - 0x00007fffa5d70000 	C:\Windows\System32\USER32.dll
0x00007fffa42f0000 - 0x00007fffa4312000 	C:\Windows\System32\win32u.dll
0x00007fffa6370000 - 0x00007fffa639b000 	C:\Windows\System32\GDI32.dll
0x00007fffa4320000 - 0x00007fffa442d000 	C:\Windows\System32\gdi32full.dll
0x00007fffa4250000 - 0x00007fffa42ed000 	C:\Windows\System32\msvcp_win.dll
0x00007fff71f30000 - 0x00007fff71f4b000 	c:\Users\Admin\.vscode\extensions\redhat.java-1.31.0-win32-x64\jre\17.0.11-win32-x86_64\bin\VCRUNTIME140.dll
0x00007fff8d520000 - 0x00007fff8d7ba000 	C:\Windows\WinSxS\amd64_microsoft.windows.common-controls_6595b64144ccf1df_6.0.19041.1110_none_60b5254171f9507e\COMCTL32.dll
0x00007fffa6410000 - 0x00007fffa64ae000 	C:\Windows\System32\msvcrt.dll
0x00007fffa5ba0000 - 0x00007fffa5bd0000 	C:\Windows\System32\IMM32.DLL
0x00007fff90360000 - 0x00007fff9036c000 	c:\Users\Admin\.vscode\extensions\redhat.java-1.31.0-win32-x64\jre\17.0.11-win32-x86_64\bin\vcruntime140_1.dll
0x00007fff51610000 - 0x00007fff5169d000 	c:\Users\Admin\.vscode\extensions\redhat.java-1.31.0-win32-x64\jre\17.0.11-win32-x86_64\bin\msvcp140.dll
0x00007fff47340000 - 0x00007fff47fa2000 	c:\Users\Admin\.vscode\extensions\redhat.java-1.31.0-win32-x64\jre\17.0.11-win32-x86_64\bin\server\jvm.dll
0x00007fffa4af0000 - 0x00007fffa4b9e000 	C:\Windows\System32\ADVAPI32.dll
0x00007fffa5b00000 - 0x00007fffa5b9c000 	C:\Windows\System32\sechost.dll
0x00007fffa6640000 - 0x00007fffa6765000 	C:\Windows\System32\RPCRT4.dll
0x00007fffa3430000 - 0x00007fffa347b000 	C:\Windows\SYSTEM32\POWRPROF.dll
0x00007fff9c3a0000 - 0x00007fff9c3a9000 	C:\Windows\SYSTEM32\WSOCK32.dll
0x00007fffa63a0000 - 0x00007fffa640b000 	C:\Windows\System32\WS2_32.dll
0x00007fff8d970000 - 0x00007fff8d997000 	C:\Windows\SYSTEM32\WINMM.dll
0x00007fff9aca0000 - 0x00007fff9acaa000 	C:\Windows\SYSTEM32\VERSION.dll
0x00007fffa32f0000 - 0x00007fffa3302000 	C:\Windows\SYSTEM32\UMPDC.dll
0x00007fffa1cb0000 - 0x00007fffa1cc2000 	C:\Windows\SYSTEM32\kernel.appcore.dll
0x00007fff8d510000 - 0x00007fff8d51a000 	c:\Users\Admin\.vscode\extensions\redhat.java-1.31.0-win32-x64\jre\17.0.11-win32-x86_64\bin\jimage.dll
0x00007fffa1660000 - 0x00007fffa1844000 	C:\Windows\SYSTEM32\DBGHELP.DLL
0x00007fff925b0000 - 0x00007fff925dc000 	C:\Windows\SYSTEM32\dbgcore.DLL
0x00007fffa3ec0000 - 0x00007fffa3f42000 	C:\Windows\System32\bcryptPrimitives.dll
0x00007fff6e040000 - 0x00007fff6e065000 	c:\Users\Admin\.vscode\extensions\redhat.java-1.31.0-win32-x64\jre\17.0.11-win32-x86_64\bin\java.dll
0x00007fff71490000 - 0x00007fff714a8000 	c:\Users\Admin\.vscode\extensions\redhat.java-1.31.0-win32-x64\jre\17.0.11-win32-x86_64\bin\zip.dll
0x00007fffa4ba0000 - 0x00007fffa52e4000 	C:\Windows\System32\SHELL32.dll
0x00007fffa1fb0000 - 0x00007fffa2744000 	C:\Windows\SYSTEM32\windows.storage.dll
0x00007fffa5de0000 - 0x00007fffa6135000 	C:\Windows\System32\combase.dll
0x00007fffa3910000 - 0x00007fffa393e000 	C:\Windows\SYSTEM32\Wldp.dll
0x00007fffa5550000 - 0x00007fffa55fd000 	C:\Windows\System32\SHCORE.dll
0x00007fffa5d80000 - 0x00007fffa5dd5000 	C:\Windows\System32\shlwapi.dll
0x00007fffa3e00000 - 0x00007fffa3e1f000 	C:\Windows\SYSTEM32\profapi.dll
0x00007fff71330000 - 0x00007fff71349000 	C:\Users\Admin\.vscode\extensions\redhat.java-1.31.0-win32-x64\jre\17.0.11-win32-x86_64\bin\net.dll
0x00007fff9bb70000 - 0x00007fff9bc7c000 	C:\Windows\SYSTEM32\WINHTTP.dll
0x00007fffa3670000 - 0x00007fffa36da000 	C:\Windows\system32\mswsock.dll
0x00007fff6d8f0000 - 0x00007fff6d906000 	C:\Users\Admin\.vscode\extensions\redhat.java-1.31.0-win32-x64\jre\17.0.11-win32-x86_64\bin\nio.dll
0x00007fff8b7f0000 - 0x00007fff8b800000 	c:\Users\Admin\.vscode\extensions\redhat.java-1.31.0-win32-x64\jre\17.0.11-win32-x86_64\bin\verify.dll
0x00007fffa3860000 - 0x00007fffa3878000 	C:\Windows\SYSTEM32\CRYPTSP.dll
0x00007fffa2f80000 - 0x00007fffa2fb4000 	C:\Windows\system32\rsaenh.dll
0x00007fffa3fa0000 - 0x00007fffa3fc7000 	C:\Windows\System32\bcrypt.dll
0x00007fffa3d80000 - 0x00007fffa3dae000 	C:\Windows\SYSTEM32\USERENV.dll
0x00007fffa3880000 - 0x00007fffa388c000 	C:\Windows\SYSTEM32\CRYPTBASE.dll
0x00007fffa3310000 - 0x00007fffa334b000 	C:\Windows\SYSTEM32\IPHLPAPI.DLL
0x00007fffa5d70000 - 0x00007fffa5d78000 	C:\Windows\System32\NSI.dll
0x00007fff97b30000 - 0x00007fff97b47000 	C:\Windows\SYSTEM32\dhcpcsvc6.DLL
0x00007fff99740000 - 0x00007fff9975d000 	C:\Windows\SYSTEM32\dhcpcsvc.DLL
0x00007fffa3360000 - 0x00007fffa342b000 	C:\Windows\SYSTEM32\DNSAPI.dll
0x00007fff8b4c0000 - 0x00007fff8b4c9000 	C:\Users\Admin\.vscode\extensions\redhat.java-1.31.0-win32-x64\jre\17.0.11-win32-x86_64\bin\management.dll
0x00007fff87500000 - 0x00007fff8750b000 	C:\Users\Admin\.vscode\extensions\redhat.java-1.31.0-win32-x64\jre\17.0.11-win32-x86_64\bin\management_ext.dll
0x00007fffa4ae0000 - 0x00007fffa4ae8000 	C:\Windows\System32\PSAPI.DLL
0x00007fff86200000 - 0x00007fff8620e000 	C:\Users\Admin\.vscode\extensions\redhat.java-1.31.0-win32-x64\jre\17.0.11-win32-x86_64\bin\sunmscapi.dll
0x00007fffa40f0000 - 0x00007fffa4246000 	C:\Windows\System32\CRYPT32.dll
0x00007fffa3980000 - 0x00007fffa39a7000 	C:\Windows\SYSTEM32\ncrypt.dll
0x00007fffa3940000 - 0x00007fffa397b000 	C:\Windows\SYSTEM32\NTASN1.dll
0x00007fff97b20000 - 0x00007fff97b2a000 	C:\Windows\System32\rasadhlp.dll
0x00007fff96920000 - 0x00007fff9699f000 	C:\Windows\System32\fwpuclnt.dll
0x00007fff85d00000 - 0x00007fff85d09000 	C:\Users\Admin\.vscode\extensions\redhat.java-1.31.0-win32-x64\jre\17.0.11-win32-x86_64\bin\extnet.dll

dbghelp: loaded successfully - version: 4.0.5 - missing functions: none
symbol engine: initialized successfully - sym options: 0x614 - pdb path: .;c:\Users\Admin\.vscode\extensions\redhat.java-1.31.0-win32-x64\jre\17.0.11-win32-x86_64\bin;C:\Windows\SYSTEM32;C:\Windows\WinSxS\amd64_microsoft.windows.common-controls_6595b64144ccf1df_6.0.19041.1110_none_60b5254171f9507e;c:\Users\Admin\.vscode\extensions\redhat.java-1.31.0-win32-x64\jre\17.0.11-win32-x86_64\bin\server

VM Arguments:
jvm_args: -Xmx1024m -Dsts.lsp.client=vscode -Dsts.log.file=/dev/null -XX:TieredStopAtLevel=1 -Xlog:jni+resolve=off -Dspring.config.location=file:c:\Users\Admin\.vscode\extensions\vmware.vscode-spring-boot-1.55.0\language-server\BOOT-INF\classes\application.properties 
java_command: org.springframework.ide.vscode.boot.app.BootLanguageServerBootApp
java_class_path (initial): c:\Users\Admin\.vscode\extensions\vmware.vscode-spring-boot-1.55.0\language-server\BOOT-INF\classes;c:\Users\Admin\.vscode\extensions\vmware.vscode-spring-boot-1.55.0\language-server\BOOT-INF\lib\annotations-24.1.0.jar;c:\Users\Admin\.vscode\extensions\vmware.vscode-spring-boot-1.55.0\language-server\BOOT-INF\lib\antlr4-runtime-4.13.1.jar;c:\Users\Admin\.vscode\extensions\vmware.vscode-spring-boot-1.55.0\language-server\BOOT-INF\lib\asm-9.7.jar;c:\Users\Admin\.vscode\extensions\vmware.vscode-spring-boot-1.55.0\language-server\BOOT-INF\lib\asm-analysis-9.7.jar;c:\Users\Admin\.vscode\extensions\vmware.vscode-spring-boot-1.55.0\language-server\BOOT-INF\lib\asm-tree-9.7.jar;c:\Users\Admin\.vscode\extensions\vmware.vscode-spring-boot-1.55.0\language-server\BOOT-INF\lib\asm-util-9.7.jar;c:\Users\Admin\.vscode\extensions\vmware.vscode-spring-boot-1.55.0\language-server\BOOT-INF\lib\caffeine-3.1.8.jar;c:\Users\Admin\.vscode\extensions\vmware.vscode-spring-boot-1.55.0\language-server\BOOT-INF\lib\checker-qual-3.12.0.jar;c:\Users\Admin\.vscode\extensions\vmware.vscode-spring-boot-1.55.0\language-server\BOOT-INF\lib\classgraph-4.8.149.jar;c:\Users\Admin\.vscode\extensions\vmware.vscode-spring-boot-1.55.0\language-server\BOOT-INF\lib\commons-codec-1.16.1.jar;c:\Users\Admin\.vscode\extensions\vmware.vscode-spring-boot-1.55.0\language-server\BOOT-INF\lib\commons-compress-1.26.1.jar;c:\Users\Admin\.vscode\extensions\vmware.vscode-spring-boot-1.55.0\language-server\BOOT-INF\lib\commons-io-2.16.1.jar;c:\Users\Admin\.vscode\extensions\vmware.vscode-spring-boot-1.55.0\language-server\BOOT-INF\lib\commons-java-1.55.0-SNAPSHOT.jar;c:\Users\Admin\.vscode\extensions\vmware.vscode-spring-boot-1.55.0\language-server\BOOT-INF\lib\commons-lang3-3.14.0.jar;c:\Users\Admin\.vscode\extensions\vmware.vscode-spring-boot-1.55.0\language-server\BOOT-INF\lib\commons-language-server-1.55.0-SNAPSHOT.jar;c:\Users\Admin\.vscode\extensions\vmware.vscode-spring-boot-1.55.0\langu
Launcher Type: SUN_STANDARD

[Global flags]
     intx CICompilerCount                          = 4                                         {product} {ergonomic}
     uint ConcGCThreads                            = 2                                         {product} {ergonomic}
     uint G1ConcRefinementThreads                  = 8                                         {product} {ergonomic}
   size_t G1HeapRegionSize                         = 1048576                                   {product} {ergonomic}
    uintx GCDrainStackTargetSize                   = 64                                        {product} {ergonomic}
   size_t InitialHeapSize                          = 132120576                                 {product} {ergonomic}
   size_t MarkStackSize                            = 4194304                                   {product} {ergonomic}
   size_t MaxHeapSize                              = 1073741824                                {product} {command line}
   size_t MaxNewSize                               = 643825664                                 {product} {ergonomic}
   size_t MinHeapDeltaBytes                        = 1048576                                   {product} {ergonomic}
   size_t MinHeapSize                              = 8388608                                   {product} {ergonomic}
    uintx NonProfiledCodeHeapSize                  = 0                                      {pd product} {ergonomic}
     bool ProfileInterpreter                       = false                                  {pd product} {command line}
    uintx ProfiledCodeHeapSize                     = 0                                      {pd product} {ergonomic}
   size_t SoftMaxHeapSize                          = 1073741824                             {manageable} {ergonomic}
     intx TieredStopAtLevel                        = 1                                         {product} {command line}
     bool UseCompressedClassPointers               = true                           {product lp64_product} {ergonomic}
     bool UseCompressedOops                        = true                           {product lp64_product} {ergonomic}
     bool UseG1GC                                  = true                                      {product} {ergonomic}
     bool UseLargePagesIndividualAllocation        = false                                  {pd product} {ergonomic}

Logging:
Log output configuration:
 #0: stdout all=warning,jni+resolve=off uptime,level,tags
 #1: stderr all=off uptime,level,tags

Environment Variables:
JAVA_HOME=C:\Program Files\Java\jdk-17
PATH=C:\Program Files\Common Files\Oracle\Java\javapath;C:\Windows\system32;C:\Windows;C:\Windows\System32\Wbem;C:\Windows\System32\WindowsPowerShell\v1.0\;C:\Windows\System32\OpenSSH\;C:\Program Files\Git\cmd;C:\Program Files\MySQL\MySQL Server 8.0\bin;C:\Program Files\MySQL\MySQL Shell 8.0\bin\;C:\Users\Admin\AppData\Local\Microsoft\WindowsApps;C:\Users\Admin\AppData\Local\Programs\Microsoft VS Code\bin
USERNAME=Admin
OS=Windows_NT
PROCESSOR_IDENTIFIER=Intel64 Family 6 Model 165 Stepping 2, GenuineIntel
TMP=C:\Users\Admin\AppData\Local\Temp
TEMP=C:\Users\Admin\AppData\Local\Temp



Periodic native trim disabled


---------------  S Y S T E M  ---------------

OS:
 Windows 10 , 64 bit Build 19041 (10.0.19041.1503)
OS uptime: 3 days 1:10 hours

CPU: total 8 (initial active 8) (4 cores per cpu, 2 threads per core) family 6 model 165 stepping 2 microcode 0xc8, cx8, cmov, fxsr, ht, mmx, 3dnowpref, sse, sse2, sse3, ssse3, sse4.1, sse4.2, popcnt, lzcnt, tsc, tscinvbit, avx, avx2, aes, erms, clmul, bmi1, bmi2, adx, fma, vzeroupper, clflush, clflushopt
Processor Information for all 8 processors :
  Max Mhz: 2496, Current Mhz: 2496, Mhz Limit: 2496

Memory: 4k page, system-wide physical 7979M (988M free)
TotalPageFile size 12075M (AvailPageFile size 8M)
current process WorkingSet (physical memory assigned to process): 210M, peak: 267M
current process commit charge ("private bytes"): 292M, peak: 477M

vm_info: OpenJDK 64-Bit Server VM (17.0.11+9) for windows-amd64 JRE (17.0.11+9), built on Apr 17 2024 06:07:48 by "admin" with MS VC++ 16.10 / 16.11 (VS2019)

END.
