#
# There is insufficient memory for the Java Runtime Environment to continue.
# Native memory allocation (malloc) failed to allocate 534096 bytes for Chunk::new
# Possible reasons:
#   The system is out of physical RAM or swap space
#   The process is running with CompressedOops enabled, and the Java Heap may be blocking the growth of the native heap
# Possible solutions:
#   Reduce memory load on the system
#   Increase physical memory or swap space
#   Check if swap backing store is full
#   Decrease Java heap size (-Xmx/-Xms)
#   Decrease number of Java threads
#   Decrease Java thread stack sizes (-Xss)
#   Set larger code cache with -XX:ReservedCodeCacheSize=
#   JVM is running with Unscaled Compressed Oops mode in which the Java heap is
#     placed in the first 4GB address space. The Java Heap base address is the
#     maximum limit for the native heap growth. Please use -XX:HeapBaseMinAddress
#     to set the Java Heap base and to place the Java Heap above 4GB virtual address.
# This output file may be truncated or incomplete.
#
#  Out of Memory Error (arena.cpp:189), pid=11648, tid=13968
#
# JRE version: Java(TM) SE Runtime Environment (17.0.9+11) (build 17.0.9+11-LTS-201)
# Java VM: Java HotSpot(TM) 64-Bit Server VM (17.0.9+11-LTS-201, mixed mode, sharing, tiered, compressed oops, compressed class ptrs, g1 gc, windows-amd64)
# No core dump will be written. Minidumps are not enabled by default on client versions of Windows
#

---------------  S U M M A R Y ------------

Command Line: -XX:+ShowCodeDetailsInExceptionMessages vn.laptop.laptopshop.LaptopshopApplication

Host: Intel(R) Core(TM) i5-10300H CPU @ 2.50GHz, 8 cores, 7G,  Windows 10 , 64 bit Build 19041 (10.0.19041.1503)
Time: Thu May 23 21:59:38 2024 SE Asia Standard Time elapsed time: 181.489327 seconds (0d 0h 3m 1s)

---------------  T H R E A D  ---------------

Current thread (0x000001f5d36c8490):  JavaThread "C2 CompilerThread1" daemon [_thread_in_native, id=13968, stack(0x0000008190d00000,0x0000008190e00000)]


Current CompileTask:
C2: 181489 5154       4       org.springframework.core.annotation.TypeMappedAnnotation::adapt (355 bytes)

Stack: [0x0000008190d00000,0x0000008190e00000]
Native frames: (J=compiled Java code, j=interpreted, Vv=VM code, C=native code)
V  [jvm.dll+0x678a4a]
V  [jvm.dll+0x7d9cfd]
V  [jvm.dll+0x7db60e]
V  [jvm.dll+0x7dbc73]
V  [jvm.dll+0x245e1f]
V  [jvm.dll+0xaaafb]
V  [jvm.dll+0xab09c]
V  [jvm.dll+0x2ab7ef]
V  [jvm.dll+0x5812e5]
V  [jvm.dll+0x220c52]
V  [jvm.dll+0x22102f]
V  [jvm.dll+0x219f86]
V  [jvm.dll+0x217459]
V  [jvm.dll+0x1a3bc0]
V  [jvm.dll+0x2272de]
V  [jvm.dll+0x22548b]
V  [jvm.dll+0x78f58c]
V  [jvm.dll+0x78998a]
V  [jvm.dll+0x677875]
C  [ucrtbase.dll+0x21bb2]
C  [KERNEL32.DLL+0x17034]
C  [ntdll.dll+0x52651]


---------------  P R O C E S S  ---------------

Threads class SMR info:
_java_thread_list=0x000001f61b6f7500, length=19, elements={
0x000001f5d339bd20, 0x000001f5d339cba0, 0x000001f5d33b13f0, 0x000001f5d33b4de0,
0x000001f5d33b57a0, 0x000001f5d33b6160, 0x000001f5d33b76a0, 0x000001f5d33bad20,
0x000001f5d33be080, 0x000001f5d35f85c0, 0x000001f5d36050a0, 0x000001f61c3eee00,
0x000001f61aeb4510, 0x000001f61aeb26b0, 0x000001f61aeb1270, 0x000001f61aeb2bc0,
0x000001f5d36c8490, 0x000001f61aeb1780, 0x000001f61c54b260
}

Java Threads: ( => current thread )
  0x000001f5d339bd20 JavaThread "Reference Handler" daemon [_thread_blocked, id=13916, stack(0x0000008191600000,0x0000008191700000)]
  0x000001f5d339cba0 JavaThread "Finalizer" daemon [_thread_blocked, id=9548, stack(0x0000008191700000,0x0000008191800000)]
  0x000001f5d33b13f0 JavaThread "Signal Dispatcher" daemon [_thread_blocked, id=12196, stack(0x0000008191800000,0x0000008191900000)]
  0x000001f5d33b4de0 JavaThread "Attach Listener" daemon [_thread_blocked, id=10552, stack(0x0000008191900000,0x0000008191a00000)]
  0x000001f5d33b57a0 JavaThread "Service Thread" daemon [_thread_blocked, id=13732, stack(0x0000008191a00000,0x0000008191b00000)]
  0x000001f5d33b6160 JavaThread "Monitor Deflation Thread" daemon [_thread_blocked, id=11852, stack(0x0000008191b00000,0x0000008191c00000)]
  0x000001f5d33b76a0 JavaThread "C2 CompilerThread0" daemon [_thread_in_native, id=1140, stack(0x0000008191c00000,0x0000008191d00000)]
  0x000001f5d33bad20 JavaThread "C1 CompilerThread0" daemon [_thread_blocked, id=2628, stack(0x0000008191d00000,0x0000008191e00000)]
  0x000001f5d33be080 JavaThread "Sweeper thread" daemon [_thread_blocked, id=9972, stack(0x0000008191e00000,0x0000008191f00000)]
  0x000001f5d35f85c0 JavaThread "Notification Thread" daemon [_thread_blocked, id=12420, stack(0x0000008191f00000,0x0000008192000000)]
  0x000001f5d36050a0 JavaThread "Common-Cleaner" daemon [_thread_blocked, id=8472, stack(0x0000008192100000,0x0000008192200000)]
  0x000001f61c3eee00 JavaThread "Live Reload Server" daemon [_thread_in_native, id=2332, stack(0x0000008193300000,0x0000008193400000)]
  0x000001f61aeb4510 JavaThread "DestroyJavaVM" [_thread_blocked, id=14132, stack(0x0000008190f00000,0x0000008191000000)]
  0x000001f61aeb26b0 JavaThread "Thread-5" [_thread_blocked, id=4040, stack(0x0000008192200000,0x0000008192300000)]
  0x000001f61aeb1270 JavaThread "File Watcher" daemon [_thread_blocked, id=7776, stack(0x0000008192400000,0x0000008192500000)]
  0x000001f61aeb2bc0 JavaThread "Thread-9" [_thread_blocked, id=15344, stack(0x0000008190c00000,0x0000008190d00000)]
=>0x000001f5d36c8490 JavaThread "C2 CompilerThread1" daemon [_thread_in_native, id=13968, stack(0x0000008190d00000,0x0000008190e00000)]
  0x000001f61aeb1780 JavaThread "restartedMain" [_thread_in_Java, id=2920, stack(0x0000008190e00000,0x0000008190f00000)]
  0x000001f61c54b260 JavaThread "C2 CompilerThread2" daemon [_thread_in_native, id=10668, stack(0x0000008192d00000,0x0000008192e00000)]

Other Threads:
  0x000001f5d3395960 VMThread "VM Thread" [stack: 0x0000008191500000,0x0000008191600000] [id=11540]
  0x000001f5b347b380 WatcherThread [stack: 0x0000008192000000,0x0000008192100000] [id=2884]
  0x000001f5b3461e40 GCTaskThread "GC Thread#0" [stack: 0x0000008191000000,0x0000008191100000] [id=10940]
  0x000001f6194deb50 GCTaskThread "GC Thread#1" [stack: 0x0000008192500000,0x0000008192600000] [id=1308]
  0x000001f6194ba150 GCTaskThread "GC Thread#2" [stack: 0x0000008192600000,0x0000008192700000] [id=1668]
  0x000001f6194ba410 GCTaskThread "GC Thread#3" [stack: 0x0000008192700000,0x0000008192800000] [id=14960]
  0x000001f6194ba6d0 GCTaskThread "GC Thread#4" [stack: 0x0000008192800000,0x0000008192900000] [id=2176]
  0x000001f6194ba990 GCTaskThread "GC Thread#5" [stack: 0x0000008192900000,0x0000008192a00000] [id=14872]
  0x000001f6196e32c0 GCTaskThread "GC Thread#6" [stack: 0x0000008192b00000,0x0000008192c00000] [id=2788]
  0x000001f619ee7550 GCTaskThread "GC Thread#7" [stack: 0x0000008192c00000,0x0000008192d00000] [id=7872]
  0x000001f5b3473720 ConcurrentGCThread "G1 Main Marker" [stack: 0x0000008191100000,0x0000008191200000] [id=11488]
  0x000001f5b3474130 ConcurrentGCThread "G1 Conc#0" [stack: 0x0000008191200000,0x0000008191300000] [id=4264]
  0x000001f619ed8cf0 ConcurrentGCThread "G1 Conc#1" [stack: 0x0000008192a00000,0x0000008192b00000] [id=10792]
  0x000001f5d3250090 ConcurrentGCThread "G1 Refine#0" [stack: 0x0000008191300000,0x0000008191400000] [id=5976]
  0x000001f5d3250ac0 ConcurrentGCThread "G1 Service" [stack: 0x0000008191400000,0x0000008191500000] [id=9468]

Threads with active compile tasks:
C2 CompilerThread0   181509 5183       4       org.springframework.util.ConcurrentReferenceHashMap::doTask (18 bytes)
C1 CompilerThread0   181509 5205       3       java.util.stream.SortedOps$OfRef::opWrapSink (60 bytes)
C2 CompilerThread1   181509 5154       4       org.springframework.core.annotation.TypeMappedAnnotation::adapt (355 bytes)
C2 CompilerThread2   181509 5190       4       org.springframework.util.StringUtils::cleanPath (322 bytes)

VM state: not at safepoint (normal execution)

VM Mutex/Monitor currently owned by a thread: None

Heap address: 0x0000000083400000, size: 1996 MB, Compressed Oops mode: 32-bit

CDS archive(s) mapped at: [0x000001f5d4000000-0x000001f5d4bd0000-0x000001f5d4bd0000), size 12386304, SharedBaseAddress: 0x000001f5d4000000, ArchiveRelocationMode: 1.
Compressed class space mapped at: 0x000001f5d5000000-0x000001f615000000, reserved size: 1073741824
Narrow klass base: 0x000001f5d4000000, Narrow klass shift: 0, Narrow klass range: 0x100000000

GC Precious Log:
 CPUs: 8 total, 8 available
 Memory: 7979M
 Large Page Support: Disabled
 NUMA Support: Disabled
 Compressed Oops: Enabled (32-bit)
 Heap Region Size: 1M
 Heap Min Capacity: 8M
 Heap Initial Capacity: 126M
 Heap Max Capacity: 1996M
 Pre-touch: Disabled
 Parallel Workers: 8
 Concurrent Workers: 2
 Concurrent Refinement Workers: 8
 Periodic GC: Disabled

Heap:
 garbage-first heap   total 40960K, used 23013K [0x0000000083400000, 0x0000000100000000)
  region size 1024K, 11 young (11264K), 0 survivors (0K)
 Metaspace       used 30987K, committed 31424K, reserved 1114112K
  class space    used 3830K, committed 4032K, reserved 1048576K

Heap Regions: E=young(eden), S=young(survivor), O=old, HS=humongous(starts), HC=humongous(continues), CS=collection set, F=free, OA=open archive, CA=closed archive, TAMS=top-at-mark-start (previous, next)
|   0|0x0000000083400000, 0x0000000083500000, 0x0000000083500000|100%| O|  |TAMS 0x0000000083500000, 0x0000000083400000| Untracked 
|   1|0x0000000083500000, 0x00000000835fffe8, 0x0000000083600000| 99%| O|  |TAMS 0x0000000083500000, 0x0000000083500000| Untracked 
|   2|0x0000000083600000, 0x0000000083700000, 0x0000000083700000|100%| O|  |TAMS 0x0000000083700000, 0x0000000083600000| Untracked 
|   3|0x0000000083700000, 0x0000000083800000, 0x0000000083800000|100%| O|  |TAMS 0x0000000083800000, 0x0000000083700000| Untracked 
|   4|0x0000000083800000, 0x00000000838fffd8, 0x0000000083900000| 99%| O|  |TAMS 0x0000000083800000, 0x0000000083800000| Untracked 
|   5|0x0000000083900000, 0x00000000839fffe8, 0x0000000083a00000| 99%| O|  |TAMS 0x0000000083900000, 0x0000000083900000| Untracked 
|   6|0x0000000083a00000, 0x0000000083afffd8, 0x0000000083b00000| 99%| O|  |TAMS 0x0000000083a00000, 0x0000000083a00000| Untracked 
|   7|0x0000000083b00000, 0x0000000083bfffc0, 0x0000000083c00000| 99%| O|  |TAMS 0x0000000083b00000, 0x0000000083b00000| Untracked 
|   8|0x0000000083c00000, 0x0000000083d00000, 0x0000000083d00000|100%| O|  |TAMS 0x0000000083c00000, 0x0000000083c00000| Untracked 
|   9|0x0000000083d00000, 0x0000000083dffff0, 0x0000000083e00000| 99%| O|  |TAMS 0x0000000083d00000, 0x0000000083d00000| Untracked 
|  10|0x0000000083e00000, 0x0000000083ee9160, 0x0000000083f00000| 91%| O|  |TAMS 0x0000000083e00000, 0x0000000083e00000| Untracked 
|  11|0x0000000083f00000, 0x0000000083f9f3e0, 0x0000000084000000| 62%| O|  |TAMS 0x0000000083f00000, 0x0000000083f00000| Untracked 
|  12|0x0000000084000000, 0x00000000840b2f30, 0x0000000084100000| 69%| O|  |TAMS 0x0000000084000000, 0x0000000084000000| Untracked 
|  13|0x0000000084100000, 0x0000000084100000, 0x0000000084200000|  0%| F|  |TAMS 0x0000000084100000, 0x0000000084100000| Untracked 
|  14|0x0000000084200000, 0x0000000084200000, 0x0000000084300000|  0%| F|  |TAMS 0x0000000084200000, 0x0000000084200000| Untracked 
|  15|0x0000000084300000, 0x000000008433e2c0, 0x0000000084400000| 24%| O|  |TAMS 0x0000000084300000, 0x0000000084300000| Untracked 
|  16|0x0000000084400000, 0x0000000084400000, 0x0000000084500000|  0%| F|  |TAMS 0x0000000084400000, 0x0000000084400000| Untracked 
|  17|0x0000000084500000, 0x0000000084500000, 0x0000000084600000|  0%| F|  |TAMS 0x0000000084500000, 0x0000000084500000| Untracked 
|  18|0x0000000084600000, 0x0000000084600000, 0x0000000084700000|  0%| F|  |TAMS 0x0000000084600000, 0x0000000084600000| Untracked 
|  19|0x0000000084700000, 0x0000000084700000, 0x0000000084800000|  0%| F|  |TAMS 0x0000000084700000, 0x0000000084700000| Untracked 
|  20|0x0000000084800000, 0x0000000084800000, 0x0000000084900000|  0%| F|  |TAMS 0x0000000084800000, 0x0000000084800000| Untracked 
|  21|0x0000000084900000, 0x0000000084900000, 0x0000000084a00000|  0%| F|  |TAMS 0x0000000084900000, 0x0000000084900000| Untracked 
|  22|0x0000000084a00000, 0x0000000084a00000, 0x0000000084b00000|  0%| F|  |TAMS 0x0000000084a00000, 0x0000000084a00000| Untracked 
|  23|0x0000000084b00000, 0x0000000084b00000, 0x0000000084c00000|  0%| F|  |TAMS 0x0000000084b00000, 0x0000000084b00000| Untracked 
|  24|0x0000000084c00000, 0x0000000084c00000, 0x0000000084d00000|  0%| F|  |TAMS 0x0000000084c00000, 0x0000000084c00000| Untracked 
|  25|0x0000000084d00000, 0x0000000084d00000, 0x0000000084e00000|  0%| F|  |TAMS 0x0000000084d00000, 0x0000000084d00000| Untracked 
|  26|0x0000000084e00000, 0x0000000084e00000, 0x0000000084f00000|  0%| F|  |TAMS 0x0000000084e00000, 0x0000000084e00000| Untracked 
|  27|0x0000000084f00000, 0x0000000084f00000, 0x0000000085000000|  0%| F|  |TAMS 0x0000000084f00000, 0x0000000084f00000| Untracked 
|  28|0x0000000085000000, 0x0000000085000000, 0x0000000085100000|  0%| F|  |TAMS 0x0000000085000000, 0x0000000085000000| Untracked 
|  29|0x0000000085100000, 0x00000000851eee68, 0x0000000085200000| 93%| E|  |TAMS 0x0000000085100000, 0x0000000085100000| Complete 
|  30|0x0000000085200000, 0x0000000085300000, 0x0000000085300000|100%| E|CS|TAMS 0x0000000085200000, 0x0000000085200000| Complete 
|  31|0x0000000085300000, 0x0000000085400000, 0x0000000085400000|100%| E|CS|TAMS 0x0000000085300000, 0x0000000085300000| Complete 
|  32|0x0000000085400000, 0x0000000085500000, 0x0000000085500000|100%| E|CS|TAMS 0x0000000085400000, 0x0000000085400000| Complete 
|  77|0x0000000088100000, 0x0000000088200000, 0x0000000088200000|100%| E|CS|TAMS 0x0000000088100000, 0x0000000088100000| Complete 
|  78|0x0000000088200000, 0x0000000088300000, 0x0000000088300000|100%| E|CS|TAMS 0x0000000088200000, 0x0000000088200000| Complete 
|  79|0x0000000088300000, 0x0000000088400000, 0x0000000088400000|100%| E|CS|TAMS 0x0000000088300000, 0x0000000088300000| Complete 
|  80|0x0000000088400000, 0x0000000088500000, 0x0000000088500000|100%| E|CS|TAMS 0x0000000088400000, 0x0000000088400000| Complete 
|  81|0x0000000088500000, 0x0000000088600000, 0x0000000088600000|100%| E|CS|TAMS 0x0000000088500000, 0x0000000088500000| Complete 
|  82|0x0000000088600000, 0x0000000088700000, 0x0000000088700000|100%| E|CS|TAMS 0x0000000088600000, 0x0000000088600000| Complete 
| 125|0x000000008b100000, 0x000000008b200000, 0x000000008b200000|100%| E|CS|TAMS 0x000000008b100000, 0x000000008b100000| Complete 

Card table byte_map: [0x000001f5cc2f0000,0x000001f5cc6e0000] _byte_map_base: 0x000001f5cbed6000

Marking Bits (Prev, Next): (CMBitMap*) 0x000001f5b34634b0, (CMBitMap*) 0x000001f5b3463470
 Prev Bits: [0x000001f5cea00000, 0x000001f5d0930000)
 Next Bits: [0x000001f5ccad0000, 0x000001f5cea00000)

Polling page: 0x000001f5b34e0000

Metaspace:

Usage:
  Non-class:     26.52 MB used.
      Class:      3.74 MB used.
       Both:     30.26 MB used.

Virtual space:
  Non-class space:       64.00 MB reserved,      26.75 MB ( 42%) committed,  1 nodes.
      Class space:        1.00 GB reserved,       3.94 MB ( <1%) committed,  1 nodes.
             Both:        1.06 GB reserved,      30.69 MB (  3%) committed. 

Chunk freelists:
   Non-Class:  5.00 MB
       Class:  11.89 MB
        Both:  16.90 MB

MaxMetaspaceSize: unlimited
CompressedClassSpaceSize: 1.00 GB
Initial GC threshold: 21.00 MB
Current GC threshold: 51.19 MB
CDS: on
MetaspaceReclaimPolicy: balanced
 - commit_granule_bytes: 65536.
 - commit_granule_words: 8192.
 - virtual_space_node_default_size: 8388608.
 - enlarge_chunks_in_place: 1.
 - new_chunks_are_fully_committed: 0.
 - uncommit_free_chunks: 1.
 - use_allocation_guard: 0.
 - handle_deallocations: 1.


Internal statistics:

num_allocs_failed_limit: 3.
num_arena_births: 652.
num_arena_deaths: 6.
num_vsnodes_births: 2.
num_vsnodes_deaths: 0.
num_space_committed: 491.
num_space_uncommitted: 0.
num_chunks_returned_to_freelist: 11.
num_chunks_taken_from_freelist: 1814.
num_chunk_merges: 3.
num_chunk_splits: 1205.
num_chunks_enlarged: 835.
num_inconsistent_stats: 0.

CodeHeap 'non-profiled nmethods': size=120000Kb used=3379Kb max_used=3379Kb free=116620Kb
 bounds [0x000001f5c3f70000, 0x000001f5c42c0000, 0x000001f5cb4a0000]
CodeHeap 'profiled nmethods': size=120000Kb used=11673Kb max_used=11673Kb free=108326Kb
 bounds [0x000001f5bc4a0000, 0x000001f5bd010000, 0x000001f5c39d0000]
CodeHeap 'non-nmethods': size=5760Kb used=1233Kb max_used=1355Kb free=4527Kb
 bounds [0x000001f5c39d0000, 0x000001f5c3c40000, 0x000001f5c3f70000]
 total_blobs=5728 nmethods=5190 adapters=450
 compilation: enabled
              stopped_count=0, restarted_count=0
 full_count=0

Compilation events (20 events):
Event: 181.445 Thread 0x000001f5d33b76a0 nmethod 5182 0x000001f5c42bae10 code [0x000001f5c42bafa0, 0x000001f5c42bb0c8]
Event: 181.445 Thread 0x000001f5d33b76a0 5183       4       org.springframework.util.ConcurrentReferenceHashMap::doTask (18 bytes)
Event: 181.446 Thread 0x000001f5d33bad20 5185       3       jdk.internal.perf.PerfCounter::addElapsedTimeFrom (10 bytes)
Event: 181.447 Thread 0x000001f5d33bad20 nmethod 5185 0x000001f5bcffb710 code [0x000001f5bcffb8c0, 0x000001f5bcffba48]
Event: 181.448 Thread 0x000001f5d33bad20 5187   !   3       org.springframework.context.annotation.ConfigurationClassParser::processMemberClasses (230 bytes)
Event: 181.450 Thread 0x000001f5d33bad20 nmethod 5187 0x000001f5bcffbb10 code [0x000001f5bcffbf40, 0x000001f5bcffe3d8]
Event: 181.450 Thread 0x000001f5d33bad20 5188   !   3       org.springframework.context.annotation.ConfigurationClassParser$SourceClass::getMemberClasses (226 bytes)
Event: 181.451 Thread 0x000001f5d33bad20 nmethod 5188 0x000001f5bcffef90 code [0x000001f5bcfff2c0, 0x000001f5bd000a48]
Event: 181.454 Thread 0x000001f61c54b260 nmethod 5180% 0x000001f5c42bb210 code [0x000001f5c42bb3a0, 0x000001f5c42bbbe8]
Event: 181.454 Thread 0x000001f5d33bad20 5192       3       org.springframework.context.annotation.ConfigurationClassParser::asSourceClass (41 bytes)
Event: 181.454 Thread 0x000001f61c54b260 5191       4       java.util.ArrayList::toArray (57 bytes)
Event: 181.455 Thread 0x000001f5d33bad20 nmethod 5192 0x000001f5bd001590 code [0x000001f5bd001780, 0x000001f5bd001c68]
Event: 181.462 Thread 0x000001f61c54b260 nmethod 5191 0x000001f5c42bbf10 code [0x000001f5c42bc0a0, 0x000001f5c42bc718]
Event: 181.462 Thread 0x000001f61c54b260 5190       4       org.springframework.util.StringUtils::cleanPath (322 bytes)
Event: 181.480 Thread 0x000001f5d33bad20 5194       3       org.springframework.context.annotation.ConfigurationClassParser$SourceClass::asConfigClass (43 bytes)
Event: 181.480 Thread 0x000001f5d33bad20 nmethod 5194 0x000001f5bd001e10 code [0x000001f5bd001fe0, 0x000001f5bd0025b8]
Event: 181.486 Thread 0x000001f5d33bad20 5195       1       org.springframework.context.annotation.DeferredImportSelector$Group$Entry::getMetadata (5 bytes)
Event: 181.486 Thread 0x000001f5d33bad20 nmethod 5195 0x000001f5c42bc910 code [0x000001f5c42bcaa0, 0x000001f5c42bcb78]
Event: 181.486 Thread 0x000001f5d33bad20 5196       1       org.springframework.context.annotation.DeferredImportSelector$Group$Entry::getImportClassName (5 bytes)
Event: 181.486 Thread 0x000001f5d33bad20 nmethod 5196 0x000001f5c42bcc10 code [0x000001f5c42bcda0, 0x000001f5c42bce78]

GC Heap History (20 events):
Event: 1.494 GC heap before
{Heap before GC invocations=2 (full 0):
 garbage-first heap   total 129024K, used 46497K [0x0000000083400000, 0x0000000100000000)
  region size 1024K, 43 young (44032K), 3 survivors (3072K)
 Metaspace       used 21148K, committed 21504K, reserved 1114112K
  class space    used 2651K, committed 2816K, reserved 1048576K
}
Event: 1.499 GC heap after
{Heap after GC invocations=3 (full 0):
 garbage-first heap   total 129024K, used 10345K [0x0000000083400000, 0x0000000100000000)
  region size 1024K, 6 young (6144K), 6 survivors (6144K)
 Metaspace       used 21148K, committed 21504K, reserved 1114112K
  class space    used 2651K, committed 2816K, reserved 1048576K
}
Event: 1.907 GC heap before
{Heap before GC invocations=4 (full 0):
 garbage-first heap   total 40960K, used 28777K [0x0000000083400000, 0x0000000100000000)
  region size 1024K, 24 young (24576K), 6 survivors (6144K)
 Metaspace       used 24888K, committed 25280K, reserved 1114112K
  class space    used 3143K, committed 3328K, reserved 1048576K
}
Event: 1.913 GC heap after
{Heap after GC invocations=5 (full 0):
 garbage-first heap   total 40960K, used 12141K [0x0000000083400000, 0x0000000100000000)
  region size 1024K, 2 young (2048K), 2 survivors (2048K)
 Metaspace       used 24888K, committed 25280K, reserved 1114112K
  class space    used 3143K, committed 3328K, reserved 1048576K
}
Event: 1.936 GC heap before
{Heap before GC invocations=5 (full 0):
 garbage-first heap   total 40960K, used 13165K [0x0000000083400000, 0x0000000100000000)
  region size 1024K, 3 young (3072K), 2 survivors (2048K)
 Metaspace       used 24981K, committed 25408K, reserved 1114112K
  class space    used 3156K, committed 3392K, reserved 1048576K
}
Event: 1.938 GC heap after
{Heap after GC invocations=6 (full 0):
 garbage-first heap   total 40960K, used 12269K [0x0000000083400000, 0x0000000100000000)
  region size 1024K, 1 young (1024K), 1 survivors (1024K)
 Metaspace       used 24981K, committed 25408K, reserved 1114112K
  class space    used 3156K, committed 3392K, reserved 1048576K
}
Event: 2.282 GC heap before
{Heap before GC invocations=6 (full 0):
 garbage-first heap   total 40960K, used 29677K [0x0000000083400000, 0x0000000100000000)
  region size 1024K, 18 young (18432K), 1 survivors (1024K)
 Metaspace       used 28010K, committed 28480K, reserved 1114112K
  class space    used 3550K, committed 3776K, reserved 1048576K
}
Event: 2.285 GC heap after
{Heap after GC invocations=7 (full 0):
 garbage-first heap   total 40960K, used 14044K [0x0000000083400000, 0x0000000100000000)
  region size 1024K, 3 young (3072K), 3 survivors (3072K)
 Metaspace       used 28010K, committed 28480K, reserved 1114112K
  class space    used 3550K, committed 3776K, reserved 1048576K
}
Event: 2.519 GC heap before
{Heap before GC invocations=7 (full 0):
 garbage-first heap   total 40960K, used 30428K [0x0000000083400000, 0x0000000100000000)
  region size 1024K, 19 young (19456K), 3 survivors (3072K)
 Metaspace       used 28226K, committed 28672K, reserved 1114112K
  class space    used 3550K, committed 3776K, reserved 1048576K
}
Event: 2.521 GC heap after
{Heap after GC invocations=8 (full 0):
 garbage-first heap   total 40960K, used 15585K [0x0000000083400000, 0x0000000100000000)
  region size 1024K, 2 young (2048K), 2 survivors (2048K)
 Metaspace       used 28226K, committed 28672K, reserved 1114112K
  class space    used 3550K, committed 3776K, reserved 1048576K
}
Event: 12.743 GC heap before
{Heap before GC invocations=8 (full 0):
 garbage-first heap   total 40960K, used 24801K [0x0000000083400000, 0x0000000100000000)
  region size 1024K, 12 young (12288K), 2 survivors (2048K)
 Metaspace       used 28857K, committed 29312K, reserved 1114112K
  class space    used 3631K, committed 3840K, reserved 1048576K
}
Event: 12.764 GC heap after
{Heap after GC invocations=9 (full 1):
 garbage-first heap   total 40960K, used 12337K [0x0000000083400000, 0x0000000100000000)
  region size 1024K, 0 young (0K), 0 survivors (0K)
 Metaspace       used 28855K, committed 29312K, reserved 1114112K
  class space    used 3630K, committed 3840K, reserved 1048576K
}
Event: 13.549 GC heap before
{Heap before GC invocations=9 (full 1):
 garbage-first heap   total 40960K, used 29745K [0x0000000083400000, 0x0000000100000000)
  region size 1024K, 17 young (17408K), 0 survivors (0K)
 Metaspace       used 29032K, committed 29504K, reserved 1114112K
  class space    used 3636K, committed 3840K, reserved 1048576K
}
Event: 13.556 GC heap after
{Heap after GC invocations=10 (full 1):
 garbage-first heap   total 40960K, used 14179K [0x0000000083400000, 0x0000000100000000)
  region size 1024K, 2 young (2048K), 2 survivors (2048K)
 Metaspace       used 29032K, committed 29504K, reserved 1114112K
  class space    used 3636K, committed 3840K, reserved 1048576K
}
Event: 14.213 GC heap before
{Heap before GC invocations=10 (full 1):
 garbage-first heap   total 40960K, used 29539K [0x0000000083400000, 0x0000000100000000)
  region size 1024K, 17 young (17408K), 2 survivors (2048K)
 Metaspace       used 29215K, committed 29696K, reserved 1114112K
  class space    used 3637K, committed 3840K, reserved 1048576K
}
Event: 14.215 GC heap after
{Heap after GC invocations=11 (full 1):
 garbage-first heap   total 40960K, used 15659K [0x0000000083400000, 0x0000000100000000)
  region size 1024K, 2 young (2048K), 2 survivors (2048K)
 Metaspace       used 29215K, committed 29696K, reserved 1114112K
  class space    used 3637K, committed 3840K, reserved 1048576K
}
Event: 14.363 GC heap before
{Heap before GC invocations=11 (full 1):
 garbage-first heap   total 40960K, used 28971K [0x0000000083400000, 0x0000000100000000)
  region size 1024K, 15 young (15360K), 2 survivors (2048K)
 Metaspace       used 29344K, committed 29760K, reserved 1114112K
  class space    used 3640K, committed 3840K, reserved 1048576K
}
Event: 14.365 GC heap after
{Heap after GC invocations=12 (full 1):
 garbage-first heap   total 40960K, used 16476K [0x0000000083400000, 0x0000000100000000)
  region size 1024K, 2 young (2048K), 2 survivors (2048K)
 Metaspace       used 29344K, committed 29760K, reserved 1114112K
  class space    used 3640K, committed 3840K, reserved 1048576K
}
Event: 181.311 GC heap before
{Heap before GC invocations=12 (full 1):
 garbage-first heap   total 40960K, used 26716K [0x0000000083400000, 0x0000000100000000)
  region size 1024K, 14 young (14336K), 2 survivors (2048K)
 Metaspace       used 30956K, committed 31424K, reserved 1114112K
  class space    used 3829K, committed 4032K, reserved 1048576K
}
Event: 181.346 GC heap after
{Heap after GC invocations=13 (full 2):
 garbage-first heap   total 40960K, used 12773K [0x0000000083400000, 0x0000000100000000)
  region size 1024K, 0 young (0K), 0 survivors (0K)
 Metaspace       used 30951K, committed 31424K, reserved 1114112K
  class space    used 3828K, committed 4032K, reserved 1048576K
}

Deoptimization events (20 events):
Event: 16.286 Thread 0x000001f61aeb21a0 DEOPT PACKING pc=0x000001f5c422813c sp=0x00000081934fd4c0
Event: 16.286 Thread 0x000001f61aeb21a0 DEOPT UNPACKING pc=0x000001f5c3a223a3 sp=0x00000081934fd478 mode 2
Event: 34.650 Thread 0x000001f61aeb1270 DEOPT PACKING pc=0x000001f5bcd3c847 sp=0x00000081924fece0
Event: 34.650 Thread 0x000001f61aeb1270 DEOPT UNPACKING pc=0x000001f5c3a22b43 sp=0x00000081924fe1a8 mode 0
Event: 181.377 Thread 0x000001f61aeb1780 Uncommon trap: trap_request=0xfffffff4 fr.pc=0x000001f5c426d3dc relative=0x00000000000022fc
Event: 181.377 Thread 0x000001f61aeb1780 Uncommon trap: reason=null_check action=make_not_entrant pc=0x000001f5c426d3dc method=java.lang.Class.isAnnotation()Z @ 1 c2
Event: 181.377 Thread 0x000001f61aeb1780 DEOPT PACKING pc=0x000001f5c426d3dc sp=0x0000008190efe420
Event: 181.377 Thread 0x000001f61aeb1780 DEOPT UNPACKING pc=0x000001f5c3a223a3 sp=0x0000008190efe318 mode 2
Event: 181.384 Thread 0x000001f61aeb1780 DEOPT PACKING pc=0x000001f5bcde4cb1 sp=0x0000008190efe0e0
Event: 181.384 Thread 0x000001f61aeb1780 DEOPT UNPACKING pc=0x000001f5c3a22b43 sp=0x0000008190efd598 mode 0
Event: 181.398 Thread 0x000001f61aeb4a20 Uncommon trap: trap_request=0xffffffdc fr.pc=0x000001f5c42b77f4 relative=0x0000000000000254
Event: 181.398 Thread 0x000001f61aeb4a20 Uncommon trap: reason=class_check action=make_not_entrant pc=0x000001f5c42b77f4 method=java.util.ArrayList.toArray([Ljava/lang/Object;)[Ljava/lang/Object; @ 21 c2
Event: 181.399 Thread 0x000001f61aeb4a20 DEOPT PACKING pc=0x000001f5c42b77f4 sp=0x0000008192eff150
Event: 181.399 Thread 0x000001f61aeb4a20 DEOPT UNPACKING pc=0x000001f5c3a223a3 sp=0x0000008192eff100 mode 2
Event: 181.401 Thread 0x000001f61aeb1780 DEOPT PACKING pc=0x000001f5bcde4cb1 sp=0x0000008190efe180
Event: 181.401 Thread 0x000001f61aeb1780 DEOPT UNPACKING pc=0x000001f5c3a22b43 sp=0x0000008190efd638 mode 0
Event: 181.426 Thread 0x000001f61aeb1780 Uncommon trap: trap_request=0xffffffcc fr.pc=0x000001f5c42ba218 relative=0x0000000000000378
Event: 181.426 Thread 0x000001f61aeb1780 Uncommon trap: reason=intrinsic_or_type_checked_inlining action=make_not_entrant pc=0x000001f5c42ba218 method=java.util.ArrayList.toArray([Ljava/lang/Object;)[Ljava/lang/Object; @ 36 c2
Event: 181.426 Thread 0x000001f61aeb1780 DEOPT PACKING pc=0x000001f5c42ba218 sp=0x0000008190efd480
Event: 181.426 Thread 0x000001f61aeb1780 DEOPT UNPACKING pc=0x000001f5c3a223a3 sp=0x0000008190efd450 mode 2

Classes unloaded (3 events):
Event: 12.748 Thread 0x000001f5d3395960 Unloading class 0x000001f5d539d800 'org/apache/catalina/loader/JdbcLeakPrevention'
Event: 181.319 Thread 0x000001f5d3395960 Unloading class 0x000001f5d53b0000 'org/apache/catalina/loader/JdbcLeakPrevention'
Event: 181.319 Thread 0x000001f5d3395960 Unloading class 0x000001f5d53ac000 'org/apache/catalina/loader/JdbcLeakPrevention'

Classes redefined (0 events):
No events

Internal exceptions (20 events):
Event: 14.284 Thread 0x000001f61aeb2bc0 Exception <a 'java/lang/NoClassDefFoundError'{0x00000000881f0500}: liquibase/integration/spring/SpringLiquibase> (0x00000000881f0500) 
thrown [s\open\src\hotspot\share\oops\constantPool.cpp, line 835]
Event: 14.310 Thread 0x000001f61aeb2bc0 Exception <a 'sun/nio/fs/WindowsException'{0x000000008518d078}> (0x000000008518d078) 
thrown [s\open\src\hotspot\share\prims\jni.cpp, line 516]
Event: 14.311 Thread 0x000001f61aeb2bc0 Exception <a 'sun/nio/fs/WindowsException'{0x000000008518d6d0}> (0x000000008518d6d0) 
thrown [s\open\src\hotspot\share\prims\jni.cpp, line 516]
Event: 14.311 Thread 0x000001f61aeb2bc0 Exception <a 'sun/nio/fs/WindowsException'{0x000000008518dda8}> (0x000000008518dda8) 
thrown [s\open\src\hotspot\share\prims\jni.cpp, line 516]
Event: 14.317 Thread 0x000001f61aeb2bc0 Exception <a 'java/io/FileNotFoundException'{0x00000000851b3fc0}> (0x00000000851b3fc0) 
thrown [s\open\src\hotspot\share\prims\jni.cpp, line 516]
Event: 14.329 Thread 0x000001f61aeb2bc0 Exception <a 'java/io/FileNotFoundException'{0x0000000085068140}> (0x0000000085068140) 
thrown [s\open\src\hotspot\share\prims\jni.cpp, line 516]
Event: 14.384 Thread 0x000001f61aeb2bc0 Exception <a 'sun/nio/fs/WindowsException'{0x000000008861e8d8}> (0x000000008861e8d8) 
thrown [s\open\src\hotspot\share\prims\jni.cpp, line 516]
Event: 14.411 Thread 0x000001f61aeb2bc0 Exception <a 'java/net/BindException'{0x000000008842d2b0}: Address already in use: bind> (0x000000008842d2b0) 
thrown [s\open\src\hotspot\share\prims\jni.cpp, line 535]
Event: 14.412 Thread 0x000001f61aeb0340 Exception <a 'java/lang/InterruptedException'{0x00000000884353e8}: sleep interrupted> (0x00000000884353e8) 
thrown [s\open\src\hotspot\share\prims\jvm.cpp, line 3064]
Event: 14.415 Thread 0x000001f61aeb72a0 Exception <a 'java/lang/InterruptedException'{0x00000000884737d0}: sleep interrupted> (0x00000000884737d0) 
thrown [s\open\src\hotspot\share\prims\jvm.cpp, line 3064]
Event: 14.423 Thread 0x000001f61aeb2bc0 Exception <a 'java/lang/NoClassDefFoundError'{0x0000000088483678}: jakarta/validation/ValidationException> (0x0000000088483678) 
thrown [s\open\src\hotspot\share\classfile\systemDictionary.cpp, line 245]
Event: 14.423 Thread 0x000001f61aeb2bc0 Exception <a 'java/lang/NoClassDefFoundError'{0x0000000088489350}: liquibase/exception/ChangeLogParseException> (0x0000000088489350) 
thrown [s\open\src\hotspot\share\classfile\systemDictionary.cpp, line 245]
Event: 14.425 Thread 0x000001f61aeb2bc0 Exception <a 'java/lang/NoClassDefFoundError'{0x00000000884917e8}: org/springframework/jdbc/CannotGetJdbcConnectionException> (0x00000000884917e8) 
thrown [s\open\src\hotspot\share\classfile\systemDictionary.cpp, line 245]
Event: 14.428 Thread 0x000001f61aeb2bc0 Exception <a 'java/lang/reflect/InvocationTargetException'{0x00000000884a4930}> (0x00000000884a4930) 
thrown [s\open\src\hotspot\share\runtime\reflection.cpp, line 1121]
Event: 16.224 Thread 0x000001f61aeb21a0 Exception <a 'java/lang/NoSuchMethodError'{0x0000000088274f90}: 'java.lang.Object java.lang.invoke.DirectMethodHandle$Holder.invokeSpecial(java.lang.Object, java.lang.Object, java.lang.Object, java.lang.Object, java.lang.Object, long)'> (0x0000000088274f90) 
thrown [s\open\src\hotspot\share\interpreter\linkResolver.cpp, line 759]
Event: 16.224 Thread 0x000001f61aeb21a0 Exception <a 'java/lang/NoSuchMethodError'{0x00000000882789d0}: 'java.lang.Object java.lang.invoke.Invokers$Holder.linkToTargetMethod(java.lang.Object, java.lang.Object, java.lang.Object, long, java.lang.Object)'> (0x00000000882789d0) 
thrown [s\open\src\hotspot\share\interpreter\linkResolver.cpp, line 759]
Event: 181.310 Thread 0x000001f61aeb3af0 Exception <a 'java/lang/InterruptedException'{0x0000000085079f48}: sleep interrupted> (0x0000000085079f48) 
thrown [s\open\src\hotspot\share\prims\jvm.cpp, line 3064]
Event: 181.352 Thread 0x000001f61aeb1780 Exception <a 'sun/nio/fs/WindowsException'{0x000000008b163da0}> (0x000000008b163da0) 
thrown [s\open\src\hotspot\share\prims\jni.cpp, line 516]
Event: 181.377 Thread 0x000001f61aeb1780 Implicit null exception at 0x000001f5c426b5d7 to 0x000001f5c426d3c0
Event: 181.379 Thread 0x000001f61aeb1780 Exception <a 'sun/nio/fs/WindowsException'{0x00000000885ca368}> (0x00000000885ca368) 
thrown [s\open\src\hotspot\share\prims\jni.cpp, line 516]

VM Operations (20 events):
Event: 26.361 Executing VM operation: Cleanup
Event: 26.361 Executing VM operation: Cleanup done
Event: 40.493 Executing VM operation: Cleanup
Event: 40.493 Executing VM operation: Cleanup done
Event: 41.506 Executing VM operation: Cleanup
Event: 41.506 Executing VM operation: Cleanup done
Event: 44.529 Executing VM operation: Cleanup
Event: 44.529 Executing VM operation: Cleanup done
Event: 54.608 Executing VM operation: Cleanup
Event: 54.609 Executing VM operation: Cleanup done
Event: 137.295 Executing VM operation: Cleanup
Event: 137.295 Executing VM operation: Cleanup done
Event: 143.341 Executing VM operation: Cleanup
Event: 143.341 Executing VM operation: Cleanup done
Event: 154.422 Executing VM operation: Cleanup
Event: 154.422 Executing VM operation: Cleanup done
Event: 179.624 Executing VM operation: Cleanup
Event: 179.624 Executing VM operation: Cleanup done
Event: 181.310 Executing VM operation: G1CollectFull
Event: 181.346 Executing VM operation: G1CollectFull done

Events (20 events):
Event: 181.306 Thread 0x000001f61aeb5440 Thread exited: 0x000001f61aeb5440
Event: 181.306 Thread 0x000001f61aeb21a0 Thread exited: 0x000001f61aeb21a0
Event: 181.306 Thread 0x000001f61aeb5950 Thread exited: 0x000001f61aeb5950
Event: 181.306 Thread 0x000001f61aeb4f30 Thread exited: 0x000001f61aeb4f30
Event: 181.306 Thread 0x000001f61aeb6880 Thread exited: 0x000001f61aeb6880
Event: 181.306 Thread 0x000001f61aeb6370 Thread exited: 0x000001f61aeb6370
Event: 181.306 Thread 0x000001f61aeb0850 Thread exited: 0x000001f61aeb0850
Event: 181.306 Thread 0x000001f61aeb0d60 Thread exited: 0x000001f61aeb0d60
Event: 181.308 Thread 0x000001f5d36c8490 Thread added: 0x000001f5d36c8490
Event: 181.310 Thread 0x000001f61aeb3af0 Thread exited: 0x000001f61aeb3af0
Event: 181.310 Thread 0x000001f61aeb35e0 Thread exited: 0x000001f61aeb35e0
Event: 181.310 Thread 0x000001f61aeb4000 Thread exited: 0x000001f61aeb4000
Event: 181.346 Thread 0x000001f61aeb30d0 Thread added: 0x000001f61aeb30d0
Event: 181.346 Thread 0x000001f61aeb30d0 Thread exited: 0x000001f61aeb30d0
Event: 181.346 Thread 0x000001f61aeb1780 Thread added: 0x000001f61aeb1780
Event: 181.352 Thread 0x000001f61c54b260 Thread added: 0x000001f61c54b260
Event: 181.376 loading class jdk/internal/access/foreign/MemorySegmentProxy
Event: 181.376 loading class jdk/internal/access/foreign/MemorySegmentProxy done
Event: 181.386 Thread 0x000001f61aeb4a20 Thread added: 0x000001f61aeb4a20
Event: 181.399 Thread 0x000001f61aeb4a20 Thread exited: 0x000001f61aeb4a20


Dynamic libraries:
0x00007ff6b4cc0000 - 0x00007ff6b4cd0000 	C:\Program Files\Java\jdk-17\bin\java.exe
0x00007ffbb9b70000 - 0x00007ffbb9d65000 	C:\Windows\SYSTEM32\ntdll.dll
0x00007ffbb8ef0000 - 0x00007ffbb8fae000 	C:\Windows\System32\KERNEL32.DLL
0x00007ffbb76d0000 - 0x00007ffbb7998000 	C:\Windows\System32\KERNELBASE.dll
0x00007ffbb72d0000 - 0x00007ffbb73d0000 	C:\Windows\System32\ucrtbase.dll
0x00007ffba3950000 - 0x00007ffba3969000 	C:\Program Files\Java\jdk-17\bin\jli.dll
0x00007ffb9e2d0000 - 0x00007ffb9e2eb000 	C:\Program Files\Java\jdk-17\bin\VCRUNTIME140.dll
0x00007ffbb9a80000 - 0x00007ffbb9b2e000 	C:\Windows\System32\ADVAPI32.dll
0x00007ffbb89c0000 - 0x00007ffbb8a5e000 	C:\Windows\System32\msvcrt.dll
0x00007ffbb84c0000 - 0x00007ffbb855c000 	C:\Windows\System32\sechost.dll
0x00007ffbb8dc0000 - 0x00007ffbb8ee5000 	C:\Windows\System32\RPCRT4.dll
0x00007ffbb85c0000 - 0x00007ffbb8760000 	C:\Windows\System32\USER32.dll
0x00007ffbb79a0000 - 0x00007ffbb79c2000 	C:\Windows\System32\win32u.dll
0x00007ffb9c990000 - 0x00007ffb9cc2a000 	C:\Windows\WinSxS\amd64_microsoft.windows.common-controls_6595b64144ccf1df_6.0.19041.1110_none_60b5254171f9507e\COMCTL32.dll
0x00007ffbb88a0000 - 0x00007ffbb88cb000 	C:\Windows\System32\GDI32.dll
0x00007ffbb7460000 - 0x00007ffbb756d000 	C:\Windows\System32\gdi32full.dll
0x00007ffbb7af0000 - 0x00007ffbb7b8d000 	C:\Windows\System32\msvcp_win.dll
0x00007ffbaace0000 - 0x00007ffbaacea000 	C:\Windows\SYSTEM32\VERSION.dll
0x00007ffbb9200000 - 0x00007ffbb9230000 	C:\Windows\System32\IMM32.DLL
0x00007ffbab9a0000 - 0x00007ffbab9ac000 	C:\Program Files\Java\jdk-17\bin\vcruntime140_1.dll
0x00007ffb88890000 - 0x00007ffb8891e000 	C:\Program Files\Java\jdk-17\bin\msvcp140.dll
0x00007ffb52770000 - 0x00007ffb53351000 	C:\Program Files\Java\jdk-17\bin\server\jvm.dll
0x00007ffbb8400000 - 0x00007ffbb8408000 	C:\Windows\System32\PSAPI.DLL
0x00007ffbac0e0000 - 0x00007ffbac0e9000 	C:\Windows\SYSTEM32\WSOCK32.dll
0x00007ffb9cc40000 - 0x00007ffb9cc67000 	C:\Windows\SYSTEM32\WINMM.dll
0x00007ffbb92b0000 - 0x00007ffbb931b000 	C:\Windows\System32\WS2_32.dll
0x00007ffbb5150000 - 0x00007ffbb5162000 	C:\Windows\SYSTEM32\kernel.appcore.dll
0x00007ffbab970000 - 0x00007ffbab97a000 	C:\Program Files\Java\jdk-17\bin\jimage.dll
0x00007ffbb4a20000 - 0x00007ffbb4c04000 	C:\Windows\SYSTEM32\DBGHELP.DLL
0x00007ffba68d0000 - 0x00007ffba68fc000 	C:\Windows\SYSTEM32\dbgcore.DLL
0x00007ffbb73d0000 - 0x00007ffbb7452000 	C:\Windows\System32\bcryptPrimitives.dll
0x00007ffb89370000 - 0x00007ffb89395000 	C:\Program Files\Java\jdk-17\bin\java.dll
0x00007ffb53eb0000 - 0x00007ffb53f87000 	C:\Program Files\Java\jdk-17\bin\jsvml.dll
0x00007ffbb9330000 - 0x00007ffbb9a74000 	C:\Windows\System32\SHELL32.dll
0x00007ffbb5370000 - 0x00007ffbb5b04000 	C:\Windows\SYSTEM32\windows.storage.dll
0x00007ffbb8a60000 - 0x00007ffbb8db5000 	C:\Windows\System32\combase.dll
0x00007ffbb6cd0000 - 0x00007ffbb6cfe000 	C:\Windows\SYSTEM32\Wldp.dll
0x00007ffbb87f0000 - 0x00007ffbb889d000 	C:\Windows\System32\SHCORE.dll
0x00007ffbb8790000 - 0x00007ffbb87e5000 	C:\Windows\System32\shlwapi.dll
0x00007ffbb71c0000 - 0x00007ffbb71df000 	C:\Windows\SYSTEM32\profapi.dll
0x00007ffb9a7b0000 - 0x00007ffb9a7c9000 	C:\Program Files\Java\jdk-17\bin\net.dll
0x00007ffbaf3a0000 - 0x00007ffbaf4ac000 	C:\Windows\SYSTEM32\WINHTTP.dll
0x00007ffbb6a30000 - 0x00007ffbb6a9a000 	C:\Windows\system32\mswsock.dll
0x00007ffb8d140000 - 0x00007ffb8d156000 	C:\Program Files\Java\jdk-17\bin\nio.dll
0x00007ffb9e060000 - 0x00007ffb9e078000 	C:\Program Files\Java\jdk-17\bin\zip.dll
0x00007ffbb09c0000 - 0x00007ffbb09ca000 	C:\Program Files\Java\jdk-17\bin\management.dll
0x00007ffbadb10000 - 0x00007ffbadb1b000 	C:\Program Files\Java\jdk-17\bin\management_ext.dll
0x00007ffbab260000 - 0x00007ffbab26e000 	C:\Program Files\Java\jdk-17\bin\sunmscapi.dll
0x00007ffbb7570000 - 0x00007ffbb76c6000 	C:\Windows\System32\CRYPT32.dll
0x00007ffbb6d40000 - 0x00007ffbb6d67000 	C:\Windows\SYSTEM32\ncrypt.dll
0x00007ffbb6d00000 - 0x00007ffbb6d3b000 	C:\Windows\SYSTEM32\NTASN1.dll
0x00007ffbb6c20000 - 0x00007ffbb6c38000 	C:\Windows\SYSTEM32\CRYPTSP.dll
0x00007ffbb6340000 - 0x00007ffbb6374000 	C:\Windows\system32\rsaenh.dll
0x00007ffbb7b90000 - 0x00007ffbb7bb7000 	C:\Windows\System32\bcrypt.dll
0x00007ffbb7140000 - 0x00007ffbb716e000 	C:\Windows\SYSTEM32\USERENV.dll
0x00007ffbb6c40000 - 0x00007ffbb6c4c000 	C:\Windows\SYSTEM32\CRYPTBASE.dll
0x00007ffbb66d0000 - 0x00007ffbb670b000 	C:\Windows\SYSTEM32\IPHLPAPI.DLL
0x00007ffbb9320000 - 0x00007ffbb9328000 	C:\Windows\System32\NSI.dll
0x00007ffbadfd0000 - 0x00007ffbadfe7000 	C:\Windows\SYSTEM32\dhcpcsvc6.DLL
0x00007ffbadbd0000 - 0x00007ffbadbed000 	C:\Windows\SYSTEM32\dhcpcsvc.DLL
0x00007ffbb6720000 - 0x00007ffbb67eb000 	C:\Windows\SYSTEM32\DNSAPI.dll
0x00007ffba0a10000 - 0x00007ffba0a17000 	C:\Windows\system32\wshunix.dll

dbghelp: loaded successfully - version: 4.0.5 - missing functions: none
symbol engine: initialized successfully - sym options: 0x614 - pdb path: .;C:\Program Files\Java\jdk-17\bin;C:\Windows\SYSTEM32;C:\Windows\WinSxS\amd64_microsoft.windows.common-controls_6595b64144ccf1df_6.0.19041.1110_none_60b5254171f9507e;C:\Program Files\Java\jdk-17\bin\server

VM Arguments:
jvm_args: -XX:+ShowCodeDetailsInExceptionMessages 
java_command: vn.laptop.laptopshop.LaptopshopApplication
java_class_path (initial): D:\01-java-spring-laptopshop-starter\target\classes;C:\Users\Admin\.m2\repository\org\springframework\boot\spring-boot-starter\3.2.2\spring-boot-starter-3.2.2.jar;C:\Users\Admin\.m2\repository\org\springframework\boot\spring-boot\3.2.2\spring-boot-3.2.2.jar;C:\Users\Admin\.m2\repository\org\springframework\spring-context\6.1.3\spring-context-6.1.3.jar;C:\Users\Admin\.m2\repository\org\springframework\boot\spring-boot-autoconfigure\3.2.2\spring-boot-autoconfigure-3.2.2.jar;C:\Users\Admin\.m2\repository\org\springframework\boot\spring-boot-starter-logging\3.2.2\spring-boot-starter-logging-3.2.2.jar;C:\Users\Admin\.m2\repository\ch\qos\logback\logback-classic\1.4.14\logback-classic-1.4.14.jar;C:\Users\Admin\.m2\repository\ch\qos\logback\logback-core\1.4.14\logback-core-1.4.14.jar;C:\Users\Admin\.m2\repository\org\apache\logging\log4j\log4j-to-slf4j\2.21.1\log4j-to-slf4j-2.21.1.jar;C:\Users\Admin\.m2\repository\org\apache\logging\log4j\log4j-api\2.21.1\log4j-api-2.21.1.jar;C:\Users\Admin\.m2\repository\org\slf4j\jul-to-slf4j\2.0.11\jul-to-slf4j-2.0.11.jar;C:\Users\Admin\.m2\repository\jakarta\annotation\jakarta.annotation-api\2.1.1\jakarta.annotation-api-2.1.1.jar;C:\Users\Admin\.m2\repository\org\springframework\spring-core\6.1.3\spring-core-6.1.3.jar;C:\Users\Admin\.m2\repository\org\springframework\spring-jcl\6.1.3\spring-jcl-6.1.3.jar;C:\Users\Admin\.m2\repository\org\yaml\snakeyaml\2.2\snakeyaml-2.2.jar;C:\Users\Admin\.m2\repository\org\slf4j\slf4j-api\2.0.11\slf4j-api-2.0.11.jar;C:\Users\Admin\.m2\repository\org\springframework\boot\spring-boot-starter-web\3.2.2\spring-boot-starter-web-3.2.2.jar;C:\Users\Admin\.m2\repository\org\springframework\boot\spring-boot-starter-json\3.2.2\spring-boot-starter-json-3.2.2.jar;C:\Users\Admin\.m2\repository\com\fasterxml\jackson\core\jackson-databind\2.15.3\jackson-databind-2.15.3.jar;C:\Users\Admin\.m2\repository\com\fasterxml\jackson\core\jackson-annotations\2.15.3\jackson-annotations-2.15.3.jar;C
Launcher Type: SUN_STANDARD

[Global flags]
     intx CICompilerCount                          = 4                                         {product} {ergonomic}
     uint ConcGCThreads                            = 2                                         {product} {ergonomic}
     uint G1ConcRefinementThreads                  = 8                                         {product} {ergonomic}
   size_t G1HeapRegionSize                         = 1048576                                   {product} {ergonomic}
    uintx GCDrainStackTargetSize                   = 64                                        {product} {ergonomic}
   size_t InitialHeapSize                          = 132120576                                 {product} {ergonomic}
   size_t MarkStackSize                            = 4194304                                   {product} {ergonomic}
   size_t MaxHeapSize                              = 2092957696                                {product} {ergonomic}
   size_t MaxNewSize                               = 1255145472                                {product} {ergonomic}
   size_t MinHeapDeltaBytes                        = 1048576                                   {product} {ergonomic}
   size_t MinHeapSize                              = 8388608                                   {product} {ergonomic}
    uintx NonNMethodCodeHeapSize                   = 5839372                                {pd product} {ergonomic}
    uintx NonProfiledCodeHeapSize                  = 122909434                              {pd product} {ergonomic}
    uintx ProfiledCodeHeapSize                     = 122909434                              {pd product} {ergonomic}
    uintx ReservedCodeCacheSize                    = 251658240                              {pd product} {ergonomic}
     bool SegmentedCodeCache                       = true                                      {product} {ergonomic}
     bool ShowCodeDetailsInExceptionMessages       = true                                   {manageable} {command line}
   size_t SoftMaxHeapSize                          = 2092957696                             {manageable} {ergonomic}
     bool UseCompressedClassPointers               = true                           {product lp64_product} {ergonomic}
     bool UseCompressedOops                        = true                           {product lp64_product} {ergonomic}
     bool UseG1GC                                  = true                                      {product} {ergonomic}
     bool UseLargePagesIndividualAllocation        = false                                  {pd product} {ergonomic}

Logging:
Log output configuration:
 #0: stdout all=warning uptime,level,tags
 #1: stderr all=off uptime,level,tags

Environment Variables:
JAVA_HOME=C:\Program Files\Java\jdk-17
PATH=C:\Program Files\Common Files\Oracle\Java\javapath;C:\Windows\system32;C:\Windows;C:\Windows\System32\Wbem;C:\Windows\System32\WindowsPowerShell\v1.0\;C:\Windows\System32\OpenSSH\;C:\Program Files\Git\cmd;C:\Program Files\MySQL\MySQL Server 8.0\bin;C:\Program Files\MySQL\MySQL Shell 8.0\bin\;C:\Users\Admin\AppData\Local\Microsoft\WindowsApps;C:\Users\Admin\AppData\Local\Programs\Microsoft VS Code\bin
USERNAME=Admin
LANG=en_US.UTF-8
OS=Windows_NT
PROCESSOR_IDENTIFIER=Intel64 Family 6 Model 165 Stepping 2, GenuineIntel



---------------  S Y S T E M  ---------------

OS:
 Windows 10 , 64 bit Build 19041 (10.0.19041.1503)
OS uptime: 1 days 1:56 hours

CPU: total 8 (initial active 8) (4 cores per cpu, 2 threads per core) family 6 model 165 stepping 2 microcode 0xc8, cx8, cmov, fxsr, ht, mmx, 3dnowpref, sse, sse2, sse3, ssse3, sse4.1, sse4.2, popcnt, lzcnt, tsc, tscinvbit, avx, avx2, aes, erms, clmul, bmi1, bmi2, adx, fma, vzeroupper, clflush, clflushopt

Memory: 4k page, system-wide physical 7979M (714M free)
TotalPageFile size 12075M (AvailPageFile size 1M)
current process WorkingSet (physical memory assigned to process): 159M, peak: 200M
current process commit charge ("private bytes"): 197M, peak: 270M

vm_info: Java HotSpot(TM) 64-Bit Server VM (17.0.9+11-LTS-201) for windows-amd64 JRE (17.0.9+11-LTS-201), built on Oct 10 2023 23:16:06 by "mach5one" with MS VC++ 17.1 (VS2022)

END.
