#
# There is insufficient memory for the Java Runtime Environment to continue.
# Native memory allocation (malloc) failed to allocate 1169296 bytes. Error detail: Chunk::new
# Possible reasons:
#   The system is out of physical RAM or swap space
#   This process is running with CompressedOops enabled, and the Java Heap may be blocking the growth of the native heap
# Possible solutions:
#   Reduce memory load on the system
#   Increase physical memory or swap space
#   Check if swap backing store is full
#   Decrease Java heap size (-Xmx/-Xms)
#   Decrease number of Java threads
#   Decrease Java thread stack sizes (-Xss)
#   Set larger code cache with -XX:ReservedCodeCacheSize=
#   JVM is running with Unscaled Compressed Oops mode in which the Java heap is
#     placed in the first 4GB address space. The Java Heap base address is the
#     maximum limit for the native heap growth. Please use -XX:HeapBaseMinAddress
#     to set the Java Heap base and to place the Java Heap above 4GB virtual address.
# This output file may be truncated or incomplete.
#
#  Out of Memory Error (arena.cpp:191), pid=1524, tid=8280
#
# JRE version: OpenJDK Runtime Environment Temurin-17.0.11+9 (17.0.11+9) (build 17.0.11+9)
# Java VM: OpenJDK 64-Bit Server VM Temurin-17.0.11+9 (17.0.11+9, mixed mode, tiered, compressed oops, compressed class ptrs, parallel gc, windows-amd64)
# No core dump will be written. Minidumps are not enabled by default on client versions of Windows
#

---------------  S U M M A R Y ------------

Command Line: --add-modules=ALL-SYSTEM --add-opens=java.base/java.util=ALL-UNNAMED --add-opens=java.base/java.lang=ALL-UNNAMED --add-opens=java.base/sun.nio.fs=ALL-UNNAMED -Declipse.application=org.eclipse.jdt.ls.core.id1 -Dosgi.bundles.defaultStartLevel=4 -Declipse.product=org.eclipse.jdt.ls.core.product -Djava.import.generatesMetadataFilesAtProjectRoot=false -DDetectVMInstallationsJob.disabled=true -Dfile.encoding=utf8 -XX:+UseParallelGC -XX:GCTimeRatio=4 -XX:AdaptiveSizePolicyWeight=90 -Dsun.zip.disableMemoryMapping=true -Xmx1G -Xms100m -Xlog:disable -javaagent:c:\Users\Admin\.vscode\extensions\redhat.java-1.32.0-win32-x64\lombok\lombok-1.18.33.jar -XX:+HeapDumpOnOutOfMemoryError -XX:HeapDumpPath=c:\Users\Admin\AppData\Roaming\Code\User\workspaceStorage\faa07c1136f37295ddb157fce019f871\redhat.java -Daether.dependencyCollector.impl=bf c:\Users\Admin\.vscode\extensions\redhat.java-1.32.0-win32-x64\server\plugins\org.eclipse.equinox.launcher_1.6.900.v20240613-2009.jar -configuration c:\Users\Admin\AppData\Roaming\Code\User\globalStorage\redhat.java\1.32.0\config_win -data c:\Users\Admin\AppData\Roaming\Code\User\workspaceStorage\faa07c1136f37295ddb157fce019f871\redhat.java\jdt_ws --pipe=\\.\pipe\lsp-68e2799d296adbb310dd6eeaa453b8d7-sock

Host: Intel(R) Core(TM) i5-10300H CPU @ 2.50GHz, 8 cores, 7G,  Windows 10 , 64 bit Build 19041 (10.0.19041.1503)
Time: Thu Jul 18 20:58:29 2024 SE Asia Standard Time elapsed time: 13.713090 seconds (0d 0h 0m 13s)

---------------  T H R E A D  ---------------

Current thread (0x000001f49905ddf0):  JavaThread "C2 CompilerThread0" daemon [_thread_in_native, id=8280, stack(0x0000009d70100000,0x0000009d70200000)]


Current CompileTask:
C2:  13713 12630       4       org.eclipse.jdt.internal.compiler.parser.Parser::consumeToken (2337 bytes)

Stack: [0x0000009d70100000,0x0000009d70200000]
Native frames: (J=compiled Java code, j=interpreted, Vv=VM code, C=native code)
V  [jvm.dll+0x67d429]
V  [jvm.dll+0x834b7a]
V  [jvm.dll+0x83663e]
V  [jvm.dll+0x836ca3]
V  [jvm.dll+0x247dbf]
V  [jvm.dll+0xac534]
V  [jvm.dll+0xacb7c]
V  [jvm.dll+0x3665f2]
V  [jvm.dll+0x330bba]
V  [jvm.dll+0x33005a]
V  [jvm.dll+0x21a471]
V  [jvm.dll+0x2198b1]
V  [jvm.dll+0x1a534d]
V  [jvm.dll+0x2295cd]
V  [jvm.dll+0x22779c]
V  [jvm.dll+0x7e9d07]
V  [jvm.dll+0x7e410a]
V  [jvm.dll+0x67c315]
C  [ucrtbase.dll+0x21bb2]
C  [KERNEL32.DLL+0x17034]
C  [ntdll.dll+0x52651]


---------------  P R O C E S S  ---------------

Threads class SMR info:
_java_thread_list=0x000001f4a270ced0, length=49, elements={
0x000001f4851bee80, 0x000001f48527aa30, 0x000001f48527de20, 0x000001f499058fb0,
0x000001f499059b70, 0x000001f49905a730, 0x000001f49905d100, 0x000001f49905ddf0,
0x000001f49e3e19c0, 0x000001f49e3e4780, 0x000001f485222430, 0x000001f49e72e980,
0x000001f49e72d3b0, 0x000001f49f9af440, 0x000001f49fef91a0, 0x000001f4a00fb610,
0x000001f4a03d38a0, 0x000001f49fef72c0, 0x000001f4a0234060, 0x000001f4a02359b0,
0x000001f4a0234570, 0x000001f4a0234f90, 0x000001f4a0235ec0, 0x000001f4a0237810,
0x000001f4a02363d0, 0x000001f4a02368e0, 0x000001f4a0236df0, 0x000001f4a0234a80,
0x000001f4a08725a0, 0x000001f4a086fd20, 0x000001f4a0875d50, 0x000001f4a0870740,
0x000001f4a0876770, 0x000001f4a0870c50, 0x000001f4a0873ef0, 0x000001f4a0871160,
0x000001f4a0876260, 0x000001f4a0872ab0, 0x000001f4a0871670, 0x000001f4a0874910,
0x000001f4a0870230, 0x000001f4a0875330, 0x000001f4a0874e20, 0x000001f4a0875840,
0x000001f4a0871b80, 0x000001f4a0872090, 0x000001f4a0876c80, 0x000001f49f750b20,
0x000001f49f74dd90
}

Java Threads: ( => current thread )
  0x000001f4851bee80 JavaThread "main" [_thread_blocked, id=15312, stack(0x0000009d6f800000,0x0000009d6f900000)]
  0x000001f48527aa30 JavaThread "Reference Handler" daemon [_thread_blocked, id=9788, stack(0x0000009d6fb00000,0x0000009d6fc00000)]
  0x000001f48527de20 JavaThread "Finalizer" daemon [_thread_blocked, id=8828, stack(0x0000009d6fc00000,0x0000009d6fd00000)]
  0x000001f499058fb0 JavaThread "Signal Dispatcher" daemon [_thread_blocked, id=1644, stack(0x0000009d6fd00000,0x0000009d6fe00000)]
  0x000001f499059b70 JavaThread "Attach Listener" daemon [_thread_blocked, id=7924, stack(0x0000009d6fe00000,0x0000009d6ff00000)]
  0x000001f49905a730 JavaThread "Service Thread" daemon [_thread_blocked, id=5180, stack(0x0000009d6ff00000,0x0000009d70000000)]
  0x000001f49905d100 JavaThread "Monitor Deflation Thread" daemon [_thread_blocked, id=12332, stack(0x0000009d70000000,0x0000009d70100000)]
=>0x000001f49905ddf0 JavaThread "C2 CompilerThread0" daemon [_thread_in_native, id=8280, stack(0x0000009d70100000,0x0000009d70200000)]
  0x000001f49e3e19c0 JavaThread "C1 CompilerThread0" daemon [_thread_blocked, id=1220, stack(0x0000009d70200000,0x0000009d70300000)]
  0x000001f49e3e4780 JavaThread "Sweeper thread" daemon [_thread_blocked, id=12448, stack(0x0000009d70300000,0x0000009d70400000)]
  0x000001f485222430 JavaThread "Common-Cleaner" daemon [_thread_blocked, id=8708, stack(0x0000009d70400000,0x0000009d70500000)]
  0x000001f49e72e980 JavaThread "Notification Thread" daemon [_thread_blocked, id=14756, stack(0x0000009d70500000,0x0000009d70600000)]
  0x000001f49e72d3b0 JavaThread "C2 CompilerThread1" daemon [_thread_in_native, id=11928, stack(0x0000009d70700000,0x0000009d70800000)]
  0x000001f49f9af440 JavaThread "Active Thread: Equinox Container: 5c74f26c-af56-4b1e-acb0-e0bfca50672c" [_thread_blocked, id=12780, stack(0x0000009d70f00000,0x0000009d71000000)]
  0x000001f49fef91a0 JavaThread "Framework Event Dispatcher: Equinox Container: 5c74f26c-af56-4b1e-acb0-e0bfca50672c" daemon [_thread_blocked, id=8100, stack(0x0000009d71000000,0x0000009d71100000)]
  0x000001f4a00fb610 JavaThread "Start Level: Equinox Container: 5c74f26c-af56-4b1e-acb0-e0bfca50672c" daemon [_thread_blocked, id=7020, stack(0x0000009d71100000,0x0000009d71200000)]
  0x000001f4a03d38a0 JavaThread "Bundle File Closer" daemon [_thread_blocked, id=12748, stack(0x0000009d71300000,0x0000009d71400000)]
  0x000001f49fef72c0 JavaThread "SCR Component Actor" daemon [_thread_blocked, id=11632, stack(0x0000009d71400000,0x0000009d71500000)]
  0x000001f4a0234060 JavaThread "Worker-JM" [_thread_blocked, id=11756, stack(0x0000009d71600000,0x0000009d71700000)]
  0x000001f4a02359b0 JavaThread "Worker-0" [_thread_blocked, id=14024, stack(0x0000009d71700000,0x0000009d71800000)]
  0x000001f4a0234570 JavaThread "Worker-1" [_thread_blocked, id=3036, stack(0x0000009d71800000,0x0000009d71900000)]
  0x000001f4a0234f90 JavaThread "Java indexing" daemon [_thread_blocked, id=15252, stack(0x0000009d71900000,0x0000009d71a00000)]
  0x000001f4a0235ec0 JavaThread "JNA Cleaner" daemon [_thread_blocked, id=12676, stack(0x0000009d71a00000,0x0000009d71b00000)]
  0x000001f4a0237810 JavaThread "Thread-2" daemon [_thread_in_native, id=2204, stack(0x0000009d71d00000,0x0000009d71e00000)]
  0x000001f4a02363d0 JavaThread "Thread-3" daemon [_thread_in_native, id=14612, stack(0x0000009d71e00000,0x0000009d71f00000)]
  0x000001f4a02368e0 JavaThread "Thread-4" daemon [_thread_in_native, id=13800, stack(0x0000009d71f00000,0x0000009d72000000)]
  0x000001f4a0236df0 JavaThread "Thread-5" daemon [_thread_in_native, id=4428, stack(0x0000009d72000000,0x0000009d72100000)]
  0x000001f4a0234a80 JavaThread "Thread-6" daemon [_thread_in_native, id=1480, stack(0x0000009d72100000,0x0000009d72200000)]
  0x000001f4a08725a0 JavaThread "Thread-7" daemon [_thread_in_native, id=10088, stack(0x0000009d72200000,0x0000009d72300000)]
  0x000001f4a086fd20 JavaThread "Thread-8" daemon [_thread_in_native, id=1344, stack(0x0000009d72300000,0x0000009d72400000)]
  0x000001f4a0875d50 JavaThread "Thread-9" daemon [_thread_in_native, id=2552, stack(0x0000009d72400000,0x0000009d72500000)]
  0x000001f4a0870740 JavaThread "Thread-10" daemon [_thread_in_native, id=2580, stack(0x0000009d72500000,0x0000009d72600000)]
  0x000001f4a0876770 JavaThread "pool-2-thread-1" [_thread_blocked, id=11664, stack(0x0000009d72600000,0x0000009d72700000)]
  0x000001f4a0870c50 JavaThread "WorkspaceEventsHandler" [_thread_blocked, id=12460, stack(0x0000009d72700000,0x0000009d72800000)]
  0x000001f4a0873ef0 JavaThread "pool-1-thread-1" [_thread_blocked, id=5688, stack(0x0000009d72800000,0x0000009d72900000)]
  0x000001f4a0871160 JavaThread "Worker-2: Initialize Workspace" [_thread_blocked, id=1160, stack(0x0000009d72900000,0x0000009d72a00000)]
  0x000001f4a0876260 JavaThread "Worker-3" [_thread_blocked, id=12456, stack(0x0000009d72a00000,0x0000009d72b00000)]
  0x000001f4a0872ab0 JavaThread "ForkJoinPool.commonPool-worker-1" daemon [_thread_blocked, id=11180, stack(0x0000009d70800000,0x0000009d70900000)]
  0x000001f4a0871670 JavaThread "ForkJoinPool.commonPool-worker-2" daemon [_thread_blocked, id=10388, stack(0x0000009d72b00000,0x0000009d72c00000)]
  0x000001f4a0874910 JavaThread "ForkJoinPool.commonPool-worker-3" daemon [_thread_blocked, id=9552, stack(0x0000009d72c00000,0x0000009d72d00000)]
  0x000001f4a0870230 JavaThread "Worker-4" [_thread_blocked, id=8108, stack(0x0000009d72d00000,0x0000009d72e00000)]
  0x000001f4a0875330 JavaThread "ForkJoinPool.commonPool-worker-4" daemon [_thread_blocked, id=1636, stack(0x0000009d72e00000,0x0000009d72f00000)]
  0x000001f4a0874e20 JavaThread "ForkJoinPool.commonPool-worker-5" daemon [_thread_blocked, id=2968, stack(0x0000009d73000000,0x0000009d73100000)]
  0x000001f4a0875840 JavaThread "ForkJoinPool.commonPool-worker-6" daemon [_thread_blocked, id=5372, stack(0x0000009d73100000,0x0000009d73200000)]
  0x000001f4a0871b80 JavaThread "ForkJoinPool.commonPool-worker-7" daemon [_thread_blocked, id=8880, stack(0x0000009d73200000,0x0000009d73300000)]
  0x000001f4a0872090 JavaThread "Worker-5" [_thread_blocked, id=13872, stack(0x0000009d73300000,0x0000009d73400000)]
  0x000001f4a0876c80 JavaThread "Worker-6" [_thread_blocked, id=13816, stack(0x0000009d72f00000,0x0000009d73000000)]
  0x000001f49f750b20 JavaThread "Cleaner-0" daemon [_thread_blocked, id=2856, stack(0x0000009d73500000,0x0000009d73600000)]
  0x000001f49f74dd90 JavaThread "Worker-7" [_thread_blocked, id=8380, stack(0x0000009d73600000,0x0000009d73700000)]

Other Threads:
  0x000001f49e350c20 VMThread "VM Thread" [stack: 0x0000009d6fa00000,0x0000009d6fb00000] [id=9296]
  0x000001f49e624d50 WatcherThread [stack: 0x0000009d70600000,0x0000009d70700000] [id=13660]
  0x000001f4851d4630 GCTaskThread "GC Thread#0" [stack: 0x0000009d6f900000,0x0000009d6fa00000] [id=4344]
  0x000001f49fbbf6e0 GCTaskThread "GC Thread#1" [stack: 0x0000009d70900000,0x0000009d70a00000] [id=11492]
  0x000001f49fbbfdb0 GCTaskThread "GC Thread#2" [stack: 0x0000009d70a00000,0x0000009d70b00000] [id=6516]
  0x000001f49f904170 GCTaskThread "GC Thread#3" [stack: 0x0000009d70b00000,0x0000009d70c00000] [id=12784]
  0x000001f49f904430 GCTaskThread "GC Thread#4" [stack: 0x0000009d70c00000,0x0000009d70d00000] [id=14428]
  0x000001f49f9046f0 GCTaskThread "GC Thread#5" [stack: 0x0000009d70d00000,0x0000009d70e00000] [id=15240]
  0x000001f49fbf4020 GCTaskThread "GC Thread#6" [stack: 0x0000009d70e00000,0x0000009d70f00000] [id=11732]
  0x000001f49fc48fd0 GCTaskThread "GC Thread#7" [stack: 0x0000009d71200000,0x0000009d71300000] [id=13928]

Threads with active compile tasks:
C2 CompilerThread0    13734 12630       4       org.eclipse.jdt.internal.compiler.parser.Parser::consumeToken (2337 bytes)
C2 CompilerThread1    13734 12725       4       java.util.IdentityHashMap::put (137 bytes)

VM state: not at safepoint (normal execution)

VM Mutex/Monitor currently owned by a thread: None

OutOfMemory and StackOverflow Exception counts:
StackOverflowErrors=1
LinkageErrors=118

Heap address: 0x00000000c0000000, size: 1024 MB, Compressed Oops mode: 32-bit

CDS archive(s) not mapped
Compressed class space mapped at: 0x0000000100000000-0x0000000140000000, reserved size: 1073741824
Narrow klass base: 0x0000000000000000, Narrow klass shift: 3, Narrow klass range: 0x140000000

GC Precious Log:
 CPUs: 8 total, 8 available
 Memory: 7979M
 Large Page Support: Disabled
 NUMA Support: Disabled
 Compressed Oops: Enabled (32-bit)
 Alignments: Space 512K, Generation 512K, Heap 2M
 Heap Min Capacity: 100M
 Heap Initial Capacity: 100M
 Heap Max Capacity: 1G
 Pre-touch: Disabled
 Parallel Workers: 8

Heap:
 PSYoungGen      total 30720K, used 25137K [0x00000000eab00000, 0x00000000ed880000, 0x0000000100000000)
  eden space 16896K, 69% used [0x00000000eab00000,0x00000000eb668570,0x00000000ebb80000)
  from space 13824K, 97% used [0x00000000ecb00000,0x00000000ed823fd8,0x00000000ed880000)
  to   space 14848K, 0% used [0x00000000ebb80000,0x00000000ebb80000,0x00000000eca00000)
 ParOldGen       total 158720K, used 116098K [0x00000000c0000000, 0x00000000c9b00000, 0x00000000eab00000)
  object space 158720K, 73% used [0x00000000c0000000,0x00000000c7160a90,0x00000000c9b00000)
 Metaspace       used 77335K, committed 78720K, reserved 1179648K
  class space    used 7984K, committed 8576K, reserved 1048576K

Card table byte_map: [0x000001f484b70000,0x000001f484d80000] _byte_map_base: 0x000001f484570000

Marking Bits: (ParMarkBitMap*) 0x00007ff80fe3d820
 Begin Bits: [0x000001f496e60000, 0x000001f497e60000)
 End Bits:   [0x000001f497e60000, 0x000001f498e60000)

Polling page: 0x000001f4831b0000

Metaspace:

Usage:
  Non-class:     67.73 MB used.
      Class:      7.80 MB used.
       Both:     75.52 MB used.

Virtual space:
  Non-class space:      128.00 MB reserved,      68.50 MB ( 54%) committed,  2 nodes.
      Class space:        1.00 GB reserved,       8.38 MB ( <1%) committed,  1 nodes.
             Both:        1.12 GB reserved,      76.88 MB (  7%) committed. 

Chunk freelists:
   Non-Class:  11.33 MB
       Class:  7.44 MB
        Both:  18.77 MB

MaxMetaspaceSize: unlimited
CompressedClassSpaceSize: 1.00 GB
Initial GC threshold: 21.00 MB
Current GC threshold: 110.56 MB
CDS: off
MetaspaceReclaimPolicy: balanced
 - commit_granule_bytes: 65536.
 - commit_granule_words: 8192.
 - virtual_space_node_default_size: 8388608.
 - enlarge_chunks_in_place: 1.
 - new_chunks_are_fully_committed: 0.
 - uncommit_free_chunks: 1.
 - use_allocation_guard: 0.
 - handle_deallocations: 1.


Internal statistics:

num_allocs_failed_limit: 9.
num_arena_births: 996.
num_arena_deaths: 34.
num_vsnodes_births: 3.
num_vsnodes_deaths: 0.
num_space_committed: 1230.
num_space_uncommitted: 0.
num_chunks_returned_to_freelist: 53.
num_chunks_taken_from_freelist: 4290.
num_chunk_merges: 25.
num_chunk_splits: 2652.
num_chunks_enlarged: 1522.
num_inconsistent_stats: 0.

CodeHeap 'non-profiled nmethods': size=120000Kb used=6026Kb max_used=6026Kb free=113973Kb
 bounds [0x000001f48f930000, 0x000001f48ff20000, 0x000001f496e60000]
CodeHeap 'profiled nmethods': size=120000Kb used=24433Kb max_used=24433Kb free=95566Kb
 bounds [0x000001f487e60000, 0x000001f489640000, 0x000001f48f390000]
CodeHeap 'non-nmethods': size=5760Kb used=1383Kb max_used=1519Kb free=4376Kb
 bounds [0x000001f48f390000, 0x000001f48f600000, 0x000001f48f930000]
 total_blobs=11890 nmethods=11152 adapters=649
 compilation: enabled
              stopped_count=0, restarted_count=0
 full_count=0

Compilation events (20 events):
Event: 13.649 Thread 0x000001f49e3e19c0 nmethod 12734 0x000001f489633490 code [0x000001f4896336c0, 0x000001f489633c18]
Event: 13.652 Thread 0x000001f49e3e19c0 12735       2       org.eclipse.jdt.internal.compiler.util.Util::scanTypeArgumentSignatures (73 bytes)
Event: 13.653 Thread 0x000001f49e3e19c0 nmethod 12735 0x000001f489633e90 code [0x000001f4896340c0, 0x000001f4896346b8]
Event: 13.654 Thread 0x000001f49e3e19c0 12737       3       org.eclipse.jdt.internal.compiler.classfmt.ClassFileReader::getModifiers (55 bytes)
Event: 13.654 Thread 0x000001f49e3e19c0 nmethod 12737 0x000001f489634a90 code [0x000001f489634c40, 0x000001f489634f68]
Event: 13.654 Thread 0x000001f49e3e19c0 12738       2       org.eclipse.jdt.internal.compiler.util.Util::scanTypeVariableSignature (60 bytes)
Event: 13.654 Thread 0x000001f49e3e19c0 nmethod 12738 0x000001f489635090 code [0x000001f4896352c0, 0x000001f489635858]
Event: 13.654 Thread 0x000001f49e3e19c0 12739       2       org.eclipse.jdt.internal.compiler.util.Util::scanArrayTypeSignature (74 bytes)
Event: 13.655 Thread 0x000001f49e3e19c0 nmethod 12739 0x000001f489635b90 code [0x000001f489635dc0, 0x000001f4896363b8]
Event: 13.655 Thread 0x000001f49e3e19c0 12740       2       org.eclipse.jdt.core.compiler.CharOperation::replaceOnCopy (78 bytes)
Event: 13.656 Thread 0x000001f49e3e19c0 nmethod 12740 0x000001f489636710 code [0x000001f4896368c0, 0x000001f489636c68]
Event: 13.657 Thread 0x000001f49e3e19c0 12741       2       org.eclipse.jdt.internal.core.AnnotationInfo::<init> (15 bytes)
Event: 13.657 Thread 0x000001f49e3e19c0 nmethod 12741 0x000001f489636e90 code [0x000001f489637020, 0x000001f489637138]
Event: 13.658 Thread 0x000001f49e3e19c0 12743       2       org.eclipse.jdt.core.Signature::appendTypeSignature (9 bytes)
Event: 13.658 Thread 0x000001f49e3e19c0 nmethod 12743 0x000001f489637210 code [0x000001f4896373a0, 0x000001f4896374a8]
Event: 13.658 Thread 0x000001f49e3e19c0 12744       2       org.eclipse.jdt.core.Signature::appendTypeSignature (513 bytes)
Event: 13.659 Thread 0x000001f49e3e19c0 nmethod 12744 0x000001f489637590 code [0x000001f489637920, 0x000001f489638518]
Event: 13.710 Thread 0x000001f49e3e19c0 12745       3       java.lang.StringCoding::implEncodeAsciiArray (47 bytes)
Event: 13.711 Thread 0x000001f49e3e19c0 nmethod 12745 0x000001f489638c10 code [0x000001f489638dc0, 0x000001f489639018]
Event: 13.711 Thread 0x000001f49e3e19c0 12746       2       sun.util.locale.provider.LocaleProviderAdapter::getAdapter (177 bytes)

GC Heap History (20 events):
Event: 11.591 GC heap before
{Heap before GC invocations=108 (full 6):
 PSYoungGen      total 26112K, used 26105K [0x00000000eab00000, 0x00000000eda80000, 0x0000000100000000)
  eden space 19456K, 99% used [0x00000000eab00000,0x00000000ebdffff0,0x00000000ebe00000)
  from space 6656K, 99% used [0x00000000ec980000,0x00000000ecffe7c8,0x00000000ed000000)
  to   space 11776K, 0% used [0x00000000ebe00000,0x00000000ebe00000,0x00000000ec980000)
 ParOldGen       total 158720K, used 106978K [0x00000000c0000000, 0x00000000c9b00000, 0x00000000eab00000)
  object space 158720K, 67% used [0x00000000c0000000,0x00000000c68788f0,0x00000000c9b00000)
 Metaspace       used 71377K, committed 72640K, reserved 1114112K
  class space    used 7456K, committed 8064K, reserved 1048576K
}
Event: 11.602 GC heap after
{Heap after GC invocations=108 (full 6):
 PSYoungGen      total 28160K, used 8557K [0x00000000eab00000, 0x00000000ed180000, 0x0000000100000000)
  eden space 19456K, 0% used [0x00000000eab00000,0x00000000eab00000,0x00000000ebe00000)
  from space 8704K, 98% used [0x00000000ebe00000,0x00000000ec65b728,0x00000000ec680000)
  to   space 9728K, 0% used [0x00000000ec800000,0x00000000ec800000,0x00000000ed180000)
 ParOldGen       total 158720K, used 107226K [0x00000000c0000000, 0x00000000c9b00000, 0x00000000eab00000)
  object space 158720K, 67% used [0x00000000c0000000,0x00000000c68b68f0,0x00000000c9b00000)
 Metaspace       used 71377K, committed 72640K, reserved 1114112K
  class space    used 7456K, committed 8064K, reserved 1048576K
}
Event: 11.783 GC heap before
{Heap before GC invocations=109 (full 6):
 PSYoungGen      total 28160K, used 28013K [0x00000000eab00000, 0x00000000ed180000, 0x0000000100000000)
  eden space 19456K, 99% used [0x00000000eab00000,0x00000000ebdfffe0,0x00000000ebe00000)
  from space 8704K, 98% used [0x00000000ebe00000,0x00000000ec65b728,0x00000000ec680000)
  to   space 9728K, 0% used [0x00000000ec800000,0x00000000ec800000,0x00000000ed180000)
 ParOldGen       total 158720K, used 107226K [0x00000000c0000000, 0x00000000c9b00000, 0x00000000eab00000)
  object space 158720K, 67% used [0x00000000c0000000,0x00000000c68b68f0,0x00000000c9b00000)
 Metaspace       used 72352K, committed 73728K, reserved 1179648K
  class space    used 7545K, committed 8192K, reserved 1048576K
}
Event: 11.789 GC heap after
{Heap after GC invocations=109 (full 6):
 PSYoungGen      total 27136K, used 9709K [0x00000000eab00000, 0x00000000ed680000, 0x0000000100000000)
  eden space 17408K, 0% used [0x00000000eab00000,0x00000000eab00000,0x00000000ebc00000)
  from space 9728K, 99% used [0x00000000ec800000,0x00000000ed17b690,0x00000000ed180000)
  to   space 12288K, 0% used [0x00000000ebc00000,0x00000000ebc00000,0x00000000ec800000)
 ParOldGen       total 158720K, used 108936K [0x00000000c0000000, 0x00000000c9b00000, 0x00000000eab00000)
  object space 158720K, 68% used [0x00000000c0000000,0x00000000c6a62158,0x00000000c9b00000)
 Metaspace       used 72352K, committed 73728K, reserved 1179648K
  class space    used 7545K, committed 8192K, reserved 1048576K
}
Event: 11.964 GC heap before
{Heap before GC invocations=110 (full 6):
 PSYoungGen      total 27136K, used 27117K [0x00000000eab00000, 0x00000000ed680000, 0x0000000100000000)
  eden space 17408K, 100% used [0x00000000eab00000,0x00000000ebc00000,0x00000000ebc00000)
  from space 9728K, 99% used [0x00000000ec800000,0x00000000ed17b690,0x00000000ed180000)
  to   space 12288K, 0% used [0x00000000ebc00000,0x00000000ebc00000,0x00000000ec800000)
 ParOldGen       total 158720K, used 108936K [0x00000000c0000000, 0x00000000c9b00000, 0x00000000eab00000)
  object space 158720K, 68% used [0x00000000c0000000,0x00000000c6a62158,0x00000000c9b00000)
 Metaspace       used 73678K, committed 75008K, reserved 1179648K
  class space    used 7669K, committed 8256K, reserved 1048576K
}
Event: 11.972 GC heap after
{Heap after GC invocations=110 (full 6):
 PSYoungGen      total 29696K, used 11557K [0x00000000eab00000, 0x00000000ed380000, 0x0000000100000000)
  eden space 17408K, 0% used [0x00000000eab00000,0x00000000eab00000,0x00000000ebc00000)
  from space 12288K, 94% used [0x00000000ebc00000,0x00000000ec7496e0,0x00000000ec800000)
  to   space 11776K, 0% used [0x00000000ec800000,0x00000000ec800000,0x00000000ed380000)
 ParOldGen       total 158720K, used 109072K [0x00000000c0000000, 0x00000000c9b00000, 0x00000000eab00000)
  object space 158720K, 68% used [0x00000000c0000000,0x00000000c6a84158,0x00000000c9b00000)
 Metaspace       used 73678K, committed 75008K, reserved 1179648K
  class space    used 7669K, committed 8256K, reserved 1048576K
}
Event: 12.158 GC heap before
{Heap before GC invocations=111 (full 6):
 PSYoungGen      total 29696K, used 28965K [0x00000000eab00000, 0x00000000ed380000, 0x0000000100000000)
  eden space 17408K, 99% used [0x00000000eab00000,0x00000000ebbffff0,0x00000000ebc00000)
  from space 12288K, 94% used [0x00000000ebc00000,0x00000000ec7496e0,0x00000000ec800000)
  to   space 11776K, 0% used [0x00000000ec800000,0x00000000ec800000,0x00000000ed380000)
 ParOldGen       total 158720K, used 109072K [0x00000000c0000000, 0x00000000c9b00000, 0x00000000eab00000)
  object space 158720K, 68% used [0x00000000c0000000,0x00000000c6a84158,0x00000000c9b00000)
 Metaspace       used 74740K, committed 76096K, reserved 1179648K
  class space    used 7770K, committed 8384K, reserved 1048576K
}
Event: 12.166 GC heap after
{Heap after GC invocations=111 (full 6):
 PSYoungGen      total 27136K, used 11773K [0x00000000eab00000, 0x00000000ed880000, 0x0000000100000000)
  eden space 15360K, 0% used [0x00000000eab00000,0x00000000eab00000,0x00000000eba00000)
  from space 11776K, 99% used [0x00000000ec800000,0x00000000ed37f788,0x00000000ed380000)
  to   space 14336K, 0% used [0x00000000eba00000,0x00000000eba00000,0x00000000ec800000)
 ParOldGen       total 158720K, used 110796K [0x00000000c0000000, 0x00000000c9b00000, 0x00000000eab00000)
  object space 158720K, 69% used [0x00000000c0000000,0x00000000c6c330c0,0x00000000c9b00000)
 Metaspace       used 74740K, committed 76096K, reserved 1179648K
  class space    used 7770K, committed 8384K, reserved 1048576K
}
Event: 12.391 GC heap before
{Heap before GC invocations=112 (full 6):
 PSYoungGen      total 27136K, used 27133K [0x00000000eab00000, 0x00000000ed880000, 0x0000000100000000)
  eden space 15360K, 99% used [0x00000000eab00000,0x00000000eb9ffff0,0x00000000eba00000)
  from space 11776K, 99% used [0x00000000ec800000,0x00000000ed37f788,0x00000000ed380000)
  to   space 14336K, 0% used [0x00000000eba00000,0x00000000eba00000,0x00000000ec800000)
 ParOldGen       total 158720K, used 110796K [0x00000000c0000000, 0x00000000c9b00000, 0x00000000eab00000)
  object space 158720K, 69% used [0x00000000c0000000,0x00000000c6c330c0,0x00000000c9b00000)
 Metaspace       used 75396K, committed 76736K, reserved 1179648K
  class space    used 7789K, committed 8384K, reserved 1048576K
}
Event: 12.400 GC heap after
{Heap after GC invocations=112 (full 6):
 PSYoungGen      total 29696K, used 13646K [0x00000000eab00000, 0x00000000ed580000, 0x0000000100000000)
  eden space 15360K, 0% used [0x00000000eab00000,0x00000000eab00000,0x00000000eba00000)
  from space 14336K, 95% used [0x00000000eba00000,0x00000000ec753968,0x00000000ec800000)
  to   space 13824K, 0% used [0x00000000ec800000,0x00000000ec800000,0x00000000ed580000)
 ParOldGen       total 158720K, used 110900K [0x00000000c0000000, 0x00000000c9b00000, 0x00000000eab00000)
  object space 158720K, 69% used [0x00000000c0000000,0x00000000c6c4d0c0,0x00000000c9b00000)
 Metaspace       used 75396K, committed 76736K, reserved 1179648K
  class space    used 7789K, committed 8384K, reserved 1048576K
}
Event: 12.569 GC heap before
{Heap before GC invocations=113 (full 6):
 PSYoungGen      total 29696K, used 29006K [0x00000000eab00000, 0x00000000ed580000, 0x0000000100000000)
  eden space 15360K, 100% used [0x00000000eab00000,0x00000000eba00000,0x00000000eba00000)
  from space 14336K, 95% used [0x00000000eba00000,0x00000000ec753968,0x00000000ec800000)
  to   space 13824K, 0% used [0x00000000ec800000,0x00000000ec800000,0x00000000ed580000)
 ParOldGen       total 158720K, used 110900K [0x00000000c0000000, 0x00000000c9b00000, 0x00000000eab00000)
  object space 158720K, 69% used [0x00000000c0000000,0x00000000c6c4d0c0,0x00000000c9b00000)
 Metaspace       used 75768K, committed 77120K, reserved 1179648K
  class space    used 7821K, committed 8384K, reserved 1048576K
}
Event: 12.583 GC heap after
{Heap after GC invocations=113 (full 6):
 PSYoungGen      total 28672K, used 13811K [0x00000000eab00000, 0x00000000ed780000, 0x0000000100000000)
  eden space 14848K, 0% used [0x00000000eab00000,0x00000000eab00000,0x00000000eb980000)
  from space 13824K, 99% used [0x00000000ec800000,0x00000000ed57cf80,0x00000000ed580000)
  to   space 14848K, 0% used [0x00000000eb980000,0x00000000eb980000,0x00000000ec800000)
 ParOldGen       total 158720K, used 111718K [0x00000000c0000000, 0x00000000c9b00000, 0x00000000eab00000)
  object space 158720K, 70% used [0x00000000c0000000,0x00000000c6d19b68,0x00000000c9b00000)
 Metaspace       used 75768K, committed 77120K, reserved 1179648K
  class space    used 7821K, committed 8384K, reserved 1048576K
}
Event: 12.660 GC heap before
{Heap before GC invocations=114 (full 6):
 PSYoungGen      total 28672K, used 28659K [0x00000000eab00000, 0x00000000ed780000, 0x0000000100000000)
  eden space 14848K, 100% used [0x00000000eab00000,0x00000000eb980000,0x00000000eb980000)
  from space 13824K, 99% used [0x00000000ec800000,0x00000000ed57cf80,0x00000000ed580000)
  to   space 14848K, 0% used [0x00000000eb980000,0x00000000eb980000,0x00000000ec800000)
 ParOldGen       total 158720K, used 111718K [0x00000000c0000000, 0x00000000c9b00000, 0x00000000eab00000)
  object space 158720K, 70% used [0x00000000c0000000,0x00000000c6d19b68,0x00000000c9b00000)
 Metaspace       used 75824K, committed 77184K, reserved 1179648K
  class space    used 7822K, committed 8384K, reserved 1048576K
}
Event: 12.670 GC heap after
{Heap after GC invocations=114 (full 6):
 PSYoungGen      total 29696K, used 14835K [0x00000000eab00000, 0x00000000ed980000, 0x0000000100000000)
  eden space 14848K, 0% used [0x00000000eab00000,0x00000000eab00000,0x00000000eb980000)
  from space 14848K, 99% used [0x00000000eb980000,0x00000000ec7fcd30,0x00000000ec800000)
  to   space 15872K, 0% used [0x00000000eca00000,0x00000000eca00000,0x00000000ed980000)
 ParOldGen       total 158720K, used 112318K [0x00000000c0000000, 0x00000000c9b00000, 0x00000000eab00000)
  object space 158720K, 70% used [0x00000000c0000000,0x00000000c6dafb88,0x00000000c9b00000)
 Metaspace       used 75824K, committed 77184K, reserved 1179648K
  class space    used 7822K, committed 8384K, reserved 1048576K
}
Event: 12.952 GC heap before
{Heap before GC invocations=115 (full 6):
 PSYoungGen      total 29696K, used 29683K [0x00000000eab00000, 0x00000000ed980000, 0x0000000100000000)
  eden space 14848K, 100% used [0x00000000eab00000,0x00000000eb980000,0x00000000eb980000)
  from space 14848K, 99% used [0x00000000eb980000,0x00000000ec7fcd30,0x00000000ec800000)
  to   space 15872K, 0% used [0x00000000eca00000,0x00000000eca00000,0x00000000ed980000)
 ParOldGen       total 158720K, used 112318K [0x00000000c0000000, 0x00000000c9b00000, 0x00000000eab00000)
  object space 158720K, 70% used [0x00000000c0000000,0x00000000c6dafb88,0x00000000c9b00000)
 Metaspace       used 76166K, committed 77504K, reserved 1179648K
  class space    used 7860K, committed 8448K, reserved 1048576K
}
Event: 12.965 GC heap after
{Heap after GC invocations=115 (full 6):
 PSYoungGen      total 31232K, used 15609K [0x00000000eab00000, 0x00000000ed980000, 0x0000000100000000)
  eden space 15360K, 0% used [0x00000000eab00000,0x00000000eab00000,0x00000000eba00000)
  from space 15872K, 98% used [0x00000000eca00000,0x00000000ed93e6f0,0x00000000ed980000)
  to   space 15872K, 0% used [0x00000000eba80000,0x00000000eba80000,0x00000000eca00000)
 ParOldGen       total 158720K, used 112860K [0x00000000c0000000, 0x00000000c9b00000, 0x00000000eab00000)
  object space 158720K, 71% used [0x00000000c0000000,0x00000000c6e37210,0x00000000c9b00000)
 Metaspace       used 76166K, committed 77504K, reserved 1179648K
  class space    used 7860K, committed 8448K, reserved 1048576K
}
Event: 13.156 GC heap before
{Heap before GC invocations=116 (full 6):
 PSYoungGen      total 31232K, used 30969K [0x00000000eab00000, 0x00000000ed980000, 0x0000000100000000)
  eden space 15360K, 100% used [0x00000000eab00000,0x00000000eba00000,0x00000000eba00000)
  from space 15872K, 98% used [0x00000000eca00000,0x00000000ed93e6f0,0x00000000ed980000)
  to   space 15872K, 0% used [0x00000000eba80000,0x00000000eba80000,0x00000000eca00000)
 ParOldGen       total 158720K, used 112860K [0x00000000c0000000, 0x00000000c9b00000, 0x00000000eab00000)
  object space 158720K, 71% used [0x00000000c0000000,0x00000000c6e37210,0x00000000c9b00000)
 Metaspace       used 76625K, committed 78016K, reserved 1179648K
  class space    used 7920K, committed 8512K, reserved 1048576K
}
Event: 13.167 GC heap after
{Heap after GC invocations=116 (full 6):
 PSYoungGen      total 31744K, used 15843K [0x00000000eab00000, 0x00000000edb80000, 0x0000000100000000)
  eden space 15872K, 0% used [0x00000000eab00000,0x00000000eab00000,0x00000000eba80000)
  from space 15872K, 99% used [0x00000000eba80000,0x00000000ec9f8df0,0x00000000eca00000)
  to   space 16896K, 0% used [0x00000000ecb00000,0x00000000ecb00000,0x00000000edb80000)
 ParOldGen       total 158720K, used 113276K [0x00000000c0000000, 0x00000000c9b00000, 0x00000000eab00000)
  object space 158720K, 71% used [0x00000000c0000000,0x00000000c6e9f210,0x00000000c9b00000)
 Metaspace       used 76625K, committed 78016K, reserved 1179648K
  class space    used 7920K, committed 8512K, reserved 1048576K
}
Event: 13.523 GC heap before
{Heap before GC invocations=117 (full 6):
 PSYoungGen      total 31744K, used 31715K [0x00000000eab00000, 0x00000000edb80000, 0x0000000100000000)
  eden space 15872K, 100% used [0x00000000eab00000,0x00000000eba80000,0x00000000eba80000)
  from space 15872K, 99% used [0x00000000eba80000,0x00000000ec9f8df0,0x00000000eca00000)
  to   space 16896K, 0% used [0x00000000ecb00000,0x00000000ecb00000,0x00000000edb80000)
 ParOldGen       total 158720K, used 113276K [0x00000000c0000000, 0x00000000c9b00000, 0x00000000eab00000)
  object space 158720K, 71% used [0x00000000c0000000,0x00000000c6e9f210,0x00000000c9b00000)
 Metaspace       used 77260K, committed 78656K, reserved 1179648K
  class space    used 7977K, committed 8576K, reserved 1048576K
}
Event: 13.534 GC heap after
{Heap after GC invocations=117 (full 6):
 PSYoungGen      total 30720K, used 13455K [0x00000000eab00000, 0x00000000ed880000, 0x0000000100000000)
  eden space 16896K, 0% used [0x00000000eab00000,0x00000000eab00000,0x00000000ebb80000)
  from space 13824K, 97% used [0x00000000ecb00000,0x00000000ed823fd8,0x00000000ed880000)
  to   space 14848K, 0% used [0x00000000ebb80000,0x00000000ebb80000,0x00000000eca00000)
 ParOldGen       total 158720K, used 116098K [0x00000000c0000000, 0x00000000c9b00000, 0x00000000eab00000)
  object space 158720K, 73% used [0x00000000c0000000,0x00000000c7160a90,0x00000000c9b00000)
 Metaspace       used 77260K, committed 78656K, reserved 1179648K
  class space    used 7977K, committed 8576K, reserved 1048576K
}

Dll operation events (11 events):
Event: 0.036 Loaded shared library c:\Users\Admin\.vscode\extensions\redhat.java-1.32.0-win32-x64\jre\17.0.11-win32-x86_64\bin\java.dll
Event: 0.397 Loaded shared library c:\Users\Admin\.vscode\extensions\redhat.java-1.32.0-win32-x64\jre\17.0.11-win32-x86_64\bin\zip.dll
Event: 0.404 Loaded shared library C:\Users\Admin\.vscode\extensions\redhat.java-1.32.0-win32-x64\jre\17.0.11-win32-x86_64\bin\instrument.dll
Event: 0.431 Loaded shared library C:\Users\Admin\.vscode\extensions\redhat.java-1.32.0-win32-x64\jre\17.0.11-win32-x86_64\bin\net.dll
Event: 0.433 Loaded shared library C:\Users\Admin\.vscode\extensions\redhat.java-1.32.0-win32-x64\jre\17.0.11-win32-x86_64\bin\nio.dll
Event: 0.460 Loaded shared library C:\Users\Admin\.vscode\extensions\redhat.java-1.32.0-win32-x64\jre\17.0.11-win32-x86_64\bin\zip.dll
Event: 0.477 Loaded shared library C:\Users\Admin\.vscode\extensions\redhat.java-1.32.0-win32-x64\jre\17.0.11-win32-x86_64\bin\jimage.dll
Event: 0.556 Loaded shared library c:\Users\Admin\.vscode\extensions\redhat.java-1.32.0-win32-x64\jre\17.0.11-win32-x86_64\bin\verify.dll
Event: 1.433 Loaded shared library C:\Users\Admin\AppData\Roaming\Code\User\globalStorage\redhat.java\1.32.0\config_win\org.eclipse.equinox.launcher\org.eclipse.equinox.launcher.win32.win32.x86_64_1.2.1100.v20240613-2013\eclipse_11903.dll
Event: 3.776 Loaded shared library C:\Users\Admin\AppData\Local\Temp\jna-63116079\jna16312359875947900288.dll
Event: 9.202 Loaded shared library C:\Users\Admin\.vscode\extensions\redhat.java-1.32.0-win32-x64\jre\17.0.11-win32-x86_64\bin\sunmscapi.dll

Deoptimization events (20 events):
Event: 13.423 Thread 0x000001f4a0234570 DEOPT PACKING pc=0x000001f48fee32ac sp=0x0000009d718ff2c0
Event: 13.423 Thread 0x000001f4a0234570 DEOPT UNPACKING pc=0x000001f48f3e66a3 sp=0x0000009d718ff260 mode 2
Event: 13.424 Thread 0x000001f4a02359b0 Uncommon trap: trap_request=0xffffffc6 fr.pc=0x000001f48fa8c18c relative=0x00000000000001ec
Event: 13.424 Thread 0x000001f4a02359b0 Uncommon trap: reason=bimorphic_or_optimized_type_check action=maybe_recompile pc=0x000001f48fa8c18c method=java.util.Collections.eq(Ljava/lang/Object;Ljava/lang/Object;)Z @ 18 c2
Event: 13.424 Thread 0x000001f4a02359b0 DEOPT PACKING pc=0x000001f48fa8c18c sp=0x0000009d717fe5d0
Event: 13.424 Thread 0x000001f4a02359b0 DEOPT UNPACKING pc=0x000001f48f3e66a3 sp=0x0000009d717fe500 mode 2
Event: 13.424 Thread 0x000001f4a02359b0 Uncommon trap: trap_request=0xffffffc6 fr.pc=0x000001f48fa8c18c relative=0x00000000000001ec
Event: 13.424 Thread 0x000001f4a02359b0 Uncommon trap: reason=bimorphic_or_optimized_type_check action=maybe_recompile pc=0x000001f48fa8c18c method=java.util.Collections.eq(Ljava/lang/Object;Ljava/lang/Object;)Z @ 18 c2
Event: 13.424 Thread 0x000001f4a02359b0 DEOPT PACKING pc=0x000001f48fa8c18c sp=0x0000009d717fe730
Event: 13.424 Thread 0x000001f4a02359b0 DEOPT UNPACKING pc=0x000001f48f3e66a3 sp=0x0000009d717fe660 mode 2
Event: 13.560 Thread 0x000001f4a0874e20 DEOPT PACKING pc=0x000001f488b75b27 sp=0x0000009d730fd8a0
Event: 13.560 Thread 0x000001f4a0874e20 DEOPT UNPACKING pc=0x000001f48f3e6e43 sp=0x0000009d730fcd58 mode 0
Event: 13.561 Thread 0x000001f4a0874e20 DEOPT PACKING pc=0x000001f4882a4064 sp=0x0000009d730fd670
Event: 13.561 Thread 0x000001f4a0874e20 DEOPT UNPACKING pc=0x000001f48f3e6e43 sp=0x0000009d730fcb68 mode 0
Event: 13.563 Thread 0x000001f4a0874e20 DEOPT PACKING pc=0x000001f48912cb85 sp=0x0000009d730fccf0
Event: 13.564 Thread 0x000001f4a0874e20 DEOPT UNPACKING pc=0x000001f48f3e6e43 sp=0x0000009d730fc200 mode 0
Event: 13.653 Thread 0x000001f4a0872090 DEOPT PACKING pc=0x000001f488d7fe15 sp=0x0000009d733fd570
Event: 13.653 Thread 0x000001f4a0872090 DEOPT UNPACKING pc=0x000001f48f3e6e43 sp=0x0000009d733fcb10 mode 0
Event: 13.710 Thread 0x000001f4a0872090 DEOPT PACKING pc=0x000001f489177e4c sp=0x0000009d733fe1f0
Event: 13.710 Thread 0x000001f4a0872090 DEOPT UNPACKING pc=0x000001f48f3e6e43 sp=0x0000009d733fd688 mode 0

Classes unloaded (17 events):
Event: 2.377 Thread 0x000001f49e350c20 Unloading class 0x000000010024a400 'java/lang/invoke/LambdaForm$MH+0x000000010024a400'
Event: 2.377 Thread 0x000001f49e350c20 Unloading class 0x000000010024a000 'java/lang/invoke/LambdaForm$MH+0x000000010024a000'
Event: 2.377 Thread 0x000001f49e350c20 Unloading class 0x0000000100249c00 'java/lang/invoke/LambdaForm$MH+0x0000000100249c00'
Event: 2.377 Thread 0x000001f49e350c20 Unloading class 0x0000000100249800 'java/lang/invoke/LambdaForm$MH+0x0000000100249800'
Event: 2.377 Thread 0x000001f49e350c20 Unloading class 0x0000000100249400 'java/lang/invoke/LambdaForm$BMH+0x0000000100249400'
Event: 2.377 Thread 0x000001f49e350c20 Unloading class 0x0000000100249000 'java/lang/invoke/LambdaForm$DMH+0x0000000100249000'
Event: 2.377 Thread 0x000001f49e350c20 Unloading class 0x0000000100244400 'java/lang/invoke/LambdaForm$DMH+0x0000000100244400'
Event: 3.633 Thread 0x000001f49e350c20 Unloading class 0x000000010024ac00 'java/lang/invoke/LambdaForm$MH+0x000000010024ac00'
Event: 3.633 Thread 0x000001f49e350c20 Unloading class 0x0000000100249c00 'java/lang/invoke/LambdaForm$MH+0x0000000100249c00'
Event: 3.633 Thread 0x000001f49e350c20 Unloading class 0x0000000100249800 'java/lang/invoke/LambdaForm$MH+0x0000000100249800'
Event: 3.633 Thread 0x000001f49e350c20 Unloading class 0x0000000100249400 'java/lang/invoke/LambdaForm$MH+0x0000000100249400'
Event: 3.633 Thread 0x000001f49e350c20 Unloading class 0x0000000100249000 'java/lang/invoke/LambdaForm$BMH+0x0000000100249000'
Event: 3.633 Thread 0x000001f49e350c20 Unloading class 0x000000010024a400 'java/lang/invoke/LambdaForm$DMH+0x000000010024a400'
Event: 3.633 Thread 0x000001f49e350c20 Unloading class 0x000000010024a000 'java/lang/invoke/LambdaForm$DMH+0x000000010024a000'
Event: 9.388 Thread 0x000001f49e350c20 Unloading class 0x0000000100731000 'java/lang/invoke/LambdaForm$MH+0x0000000100731000'
Event: 9.388 Thread 0x000001f49e350c20 Unloading class 0x0000000100731400 'java/lang/invoke/LambdaForm$DMH+0x0000000100731400'
Event: 9.388 Thread 0x000001f49e350c20 Unloading class 0x0000000100730800 'java/lang/invoke/LambdaForm$DMH+0x0000000100730800'

Classes redefined (0 events):
No events

Internal exceptions (20 events):
Event: 12.775 Thread 0x000001f4a02359b0 Exception <a 'sun/nio/fs/WindowsException'{0x00000000eb01c468}> (0x00000000eb01c468) 
thrown [s\src\hotspot\share\prims\jni.cpp, line 516]
Event: 12.803 Thread 0x000001f4a02359b0 Exception <a 'sun/nio/fs/WindowsException'{0x00000000eb1dd258}> (0x00000000eb1dd258) 
thrown [s\src\hotspot\share\prims\jni.cpp, line 516]
Event: 12.804 Thread 0x000001f4a02359b0 Exception <a 'sun/nio/fs/WindowsException'{0x00000000eb1ddb00}> (0x00000000eb1ddb00) 
thrown [s\src\hotspot\share\prims\jni.cpp, line 516]
Event: 12.804 Thread 0x000001f4a02359b0 Exception <a 'sun/nio/fs/WindowsException'{0x00000000eb1de3f8}> (0x00000000eb1de3f8) 
thrown [s\src\hotspot\share\prims\jni.cpp, line 516]
Event: 12.806 Thread 0x000001f4a02359b0 Exception <a 'sun/nio/fs/WindowsException'{0x00000000eb1e48f0}> (0x00000000eb1e48f0) 
thrown [s\src\hotspot\share\prims\jni.cpp, line 516]
Event: 12.807 Thread 0x000001f4a02359b0 Exception <a 'sun/nio/fs/WindowsException'{0x00000000eb1eab10}> (0x00000000eb1eab10) 
thrown [s\src\hotspot\share\prims\jni.cpp, line 516]
Event: 12.810 Thread 0x000001f4a02359b0 Exception <a 'sun/nio/fs/WindowsException'{0x00000000eb1f13f0}> (0x00000000eb1f13f0) 
thrown [s\src\hotspot\share\prims\jni.cpp, line 516]
Event: 12.858 Thread 0x000001f4a02359b0 Exception <a 'sun/nio/fs/WindowsException'{0x00000000eb4778b8}> (0x00000000eb4778b8) 
thrown [s\src\hotspot\share\prims\jni.cpp, line 516]
Event: 12.875 Thread 0x000001f4a02359b0 Exception <a 'sun/nio/fs/WindowsException'{0x00000000eb53ef00}> (0x00000000eb53ef00) 
thrown [s\src\hotspot\share\prims\jni.cpp, line 516]
Event: 12.876 Thread 0x000001f4a02359b0 Exception <a 'sun/nio/fs/WindowsException'{0x00000000eb53f538}> (0x00000000eb53f538) 
thrown [s\src\hotspot\share\prims\jni.cpp, line 516]
Event: 12.888 Thread 0x000001f4a02359b0 Exception <a 'java/lang/NoSuchMethodError'{0x00000000eb5a61a0}: 'java.lang.Object java.lang.invoke.DirectMethodHandle$Holder.newInvokeSpecial(java.lang.Object, java.lang.Object, int, java.lang.Object, java.lang.Object)'> (0x00000000eb5a61a0) 
thrown [s\src\hotspot\share\interpreter\linkResolver.cpp, line 759]
Event: 12.888 Thread 0x000001f4a02359b0 Exception <a 'java/lang/NoSuchMethodError'{0x00000000eb5a9e90}: 'java.lang.Object java.lang.invoke.Invokers$Holder.linkToTargetMethod(java.lang.Object, int, java.lang.Object, java.lang.Object, java.lang.Object)'> (0x00000000eb5a9e90) 
thrown [s\src\hotspot\share\interpreter\linkResolver.cpp, line 759]
Event: 12.890 Thread 0x000001f4a02359b0 Exception <a 'java/lang/NoSuchMethodError'{0x00000000eb5c21f8}: 'java.lang.Object java.lang.invoke.DirectMethodHandle$Holder.invokeSpecial(java.lang.Object, java.lang.Object, java.lang.Object, int, java.lang.Object, java.lang.Object, java.lang.Object)'> (0x00000000eb5c21f8) 
thrown [s\src\hotspot\share\interpreter\linkResolver.cpp, line 759]
Event: 12.893 Thread 0x000001f4a02359b0 Exception <a 'java/lang/NoSuchMethodError'{0x00000000eb5cb2c8}: 'java.lang.Object java.lang.invoke.DirectMethodHandle$Holder.invokeStatic(java.lang.Object, java.lang.Object, int, java.lang.Object, java.lang.Object)'> (0x00000000eb5cb2c8) 
thrown [s\src\hotspot\share\interpreter\linkResolver.cpp, line 759]
Event: 12.904 Thread 0x000001f4a02359b0 Exception <a 'java/lang/NoSuchMethodError'{0x00000000eb63f378}: 'void java.lang.invoke.DirectMethodHandle$Holder.invokeStatic(java.lang.Object, int)'> (0x00000000eb63f378) 
thrown [s\src\hotspot\share\interpreter\linkResolver.cpp, line 759]
Event: 13.009 Thread 0x000001f4a02359b0 Exception <a 'java/io/FileNotFoundException'{0x00000000eae03bc8}> (0x00000000eae03bc8) 
thrown [s\src\hotspot\share\prims\jni.cpp, line 516]
Event: 13.009 Thread 0x000001f4a02359b0 Exception <a 'java/io/FileNotFoundException'{0x00000000eae04e50}> (0x00000000eae04e50) 
thrown [s\src\hotspot\share\prims\jni.cpp, line 516]
Event: 13.009 Thread 0x000001f4a02359b0 Exception <a 'java/io/FileNotFoundException'{0x00000000eae05e30}> (0x00000000eae05e30) 
thrown [s\src\hotspot\share\prims\jni.cpp, line 516]
Event: 13.707 Thread 0x000001f4a0872090 StackOverflowError at 0x000001f48fc46bc0
Event: 13.707 Thread 0x000001f4a0872090 Exception <a 'java/lang/StackOverflowError'{0x00000000eb5ca7e8}> (0x00000000eb5ca7e8) 
thrown [s\src\hotspot\share\runtime\sharedRuntime.cpp, line 631]

VM Operations (20 events):
Event: 12.356 Executing VM operation: HandshakeAllThreads
Event: 12.356 Executing VM operation: HandshakeAllThreads done
Event: 12.370 Executing VM operation: ICBufferFull
Event: 12.370 Executing VM operation: ICBufferFull done
Event: 12.391 Executing VM operation: ParallelGCFailedAllocation
Event: 12.400 Executing VM operation: ParallelGCFailedAllocation done
Event: 12.472 Executing VM operation: HandshakeAllThreads
Event: 12.472 Executing VM operation: HandshakeAllThreads done
Event: 12.568 Executing VM operation: ParallelGCFailedAllocation
Event: 12.621 Executing VM operation: ParallelGCFailedAllocation done
Event: 12.660 Executing VM operation: ParallelGCFailedAllocation
Event: 12.679 Executing VM operation: ParallelGCFailedAllocation done
Event: 12.687 Executing VM operation: HandshakeAllThreads
Event: 12.687 Executing VM operation: HandshakeAllThreads done
Event: 12.952 Executing VM operation: ParallelGCFailedAllocation
Event: 12.965 Executing VM operation: ParallelGCFailedAllocation done
Event: 13.155 Executing VM operation: ParallelGCFailedAllocation
Event: 13.167 Executing VM operation: ParallelGCFailedAllocation done
Event: 13.523 Executing VM operation: ParallelGCFailedAllocation
Event: 13.535 Executing VM operation: ParallelGCFailedAllocation done

Events (20 events):
Event: 12.977 loading class java/util/LinkedList$LLSpliterator
Event: 12.977 loading class java/util/LinkedList$LLSpliterator done
Event: 13.055 Thread 0x000001f49f74ecc0 Thread added: 0x000001f49f74ecc0
Event: 13.055 Thread 0x000001f49f74d370 Thread added: 0x000001f49f74d370
Event: 13.056 Thread 0x000001f49f750610 Thread added: 0x000001f49f750610
Event: 13.056 Thread 0x000001f49f74d880 Thread added: 0x000001f49f74d880
Event: 13.056 Thread 0x000001f49f751540 Thread added: 0x000001f49f751540
Event: 13.089 Thread 0x000001f49f750610 Thread exited: 0x000001f49f750610
Event: 13.089 Thread 0x000001f49f74ecc0 Thread exited: 0x000001f49f74ecc0
Event: 13.089 Thread 0x000001f49f74d880 Thread exited: 0x000001f49f74d880
Event: 13.089 Thread 0x000001f49f74d370 Thread exited: 0x000001f49f74d370
Event: 13.089 Thread 0x000001f49f751540 Thread exited: 0x000001f49f751540
Event: 13.235 loading class java/io/CharArrayWriter
Event: 13.235 loading class java/io/CharArrayWriter done
Event: 13.248 loading class java/nio/file/attribute/PosixFileAttributes
Event: 13.248 loading class java/nio/file/attribute/PosixFileAttributes done
Event: 13.707 loading class java/lang/Throwable$WrappedPrintWriter
Event: 13.707 loading class java/lang/Throwable$PrintStreamOrWriter
Event: 13.707 loading class java/lang/Throwable$PrintStreamOrWriter done
Event: 13.707 loading class java/lang/Throwable$WrappedPrintWriter done


Dynamic libraries:
0x00007ff75fc70000 - 0x00007ff75fc7e000 	c:\Users\Admin\.vscode\extensions\redhat.java-1.32.0-win32-x64\jre\17.0.11-win32-x86_64\bin\java.exe
0x00007ff87a450000 - 0x00007ff87a645000 	C:\Windows\SYSTEM32\ntdll.dll
0x00007ff879eb0000 - 0x00007ff879f6e000 	C:\Windows\System32\KERNEL32.DLL
0x00007ff877de0000 - 0x00007ff8780a8000 	C:\Windows\System32\KERNELBASE.dll
0x00007ff878240000 - 0x00007ff878340000 	C:\Windows\System32\ucrtbase.dll
0x00007ff84ac60000 - 0x00007ff84ac77000 	c:\Users\Admin\.vscode\extensions\redhat.java-1.32.0-win32-x64\jre\17.0.11-win32-x86_64\bin\jli.dll
0x00007ff8791c0000 - 0x00007ff879360000 	C:\Windows\System32\USER32.dll
0x00007ff878180000 - 0x00007ff8781a2000 	C:\Windows\System32\win32u.dll
0x00007ff879360000 - 0x00007ff87938b000 	C:\Windows\System32\GDI32.dll
0x00007ff877bd0000 - 0x00007ff877cdd000 	C:\Windows\System32\gdi32full.dll
0x00007ff8780b0000 - 0x00007ff87814d000 	C:\Windows\System32\msvcp_win.dll
0x00007ff850410000 - 0x00007ff85042b000 	c:\Users\Admin\.vscode\extensions\redhat.java-1.32.0-win32-x64\jre\17.0.11-win32-x86_64\bin\VCRUNTIME140.dll
0x00007ff8611b0000 - 0x00007ff86144a000 	C:\Windows\WinSxS\amd64_microsoft.windows.common-controls_6595b64144ccf1df_6.0.19041.1110_none_60b5254171f9507e\COMCTL32.dll
0x00007ff879550000 - 0x00007ff8795ee000 	C:\Windows\System32\msvcrt.dll
0x00007ff879c00000 - 0x00007ff879c30000 	C:\Windows\System32\IMM32.DLL
0x00007ff861060000 - 0x00007ff86106c000 	c:\Users\Admin\.vscode\extensions\redhat.java-1.32.0-win32-x64\jre\17.0.11-win32-x86_64\bin\vcruntime140_1.dll
0x00007ff843920000 - 0x00007ff8439ad000 	c:\Users\Admin\.vscode\extensions\redhat.java-1.32.0-win32-x64\jre\17.0.11-win32-x86_64\bin\msvcp140.dll
0x00007ff80f2a0000 - 0x00007ff80ff02000 	c:\Users\Admin\.vscode\extensions\redhat.java-1.32.0-win32-x64\jre\17.0.11-win32-x86_64\bin\server\jvm.dll
0x00007ff879410000 - 0x00007ff8794be000 	C:\Windows\System32\ADVAPI32.dll
0x00007ff8799b0000 - 0x00007ff879a4c000 	C:\Windows\System32\sechost.dll
0x00007ff87a090000 - 0x00007ff87a1b5000 	C:\Windows\System32\RPCRT4.dll
0x00007ff8770d0000 - 0x00007ff87711b000 	C:\Windows\SYSTEM32\POWRPROF.dll
0x00007ff861600000 - 0x00007ff861627000 	C:\Windows\SYSTEM32\WINMM.dll
0x00007ff86b820000 - 0x00007ff86b82a000 	C:\Windows\SYSTEM32\VERSION.dll
0x00007ff8712e0000 - 0x00007ff8712e9000 	C:\Windows\SYSTEM32\WSOCK32.dll
0x00007ff8794d0000 - 0x00007ff87953b000 	C:\Windows\System32\WS2_32.dll
0x00007ff876f90000 - 0x00007ff876fa2000 	C:\Windows\SYSTEM32\UMPDC.dll
0x00007ff875a30000 - 0x00007ff875a42000 	C:\Windows\SYSTEM32\kernel.appcore.dll
0x00007ff857d20000 - 0x00007ff857d2a000 	c:\Users\Admin\.vscode\extensions\redhat.java-1.32.0-win32-x64\jre\17.0.11-win32-x86_64\bin\jimage.dll
0x00007ff875300000 - 0x00007ff8754e4000 	C:\Windows\SYSTEM32\DBGHELP.DLL
0x00007ff866260000 - 0x00007ff86628c000 	C:\Windows\SYSTEM32\dbgcore.DLL
0x00007ff8781b0000 - 0x00007ff878232000 	C:\Windows\System32\bcryptPrimitives.dll
0x00007ff8574a0000 - 0x00007ff8574ae000 	c:\Users\Admin\.vscode\extensions\redhat.java-1.32.0-win32-x64\jre\17.0.11-win32-x86_64\bin\instrument.dll
0x00007ff84abc0000 - 0x00007ff84abe5000 	c:\Users\Admin\.vscode\extensions\redhat.java-1.32.0-win32-x64\jre\17.0.11-win32-x86_64\bin\java.dll
0x00007ff84ac40000 - 0x00007ff84ac58000 	c:\Users\Admin\.vscode\extensions\redhat.java-1.32.0-win32-x64\jre\17.0.11-win32-x86_64\bin\zip.dll
0x00007ff878a70000 - 0x00007ff8791b4000 	C:\Windows\System32\SHELL32.dll
0x00007ff875c50000 - 0x00007ff8763e4000 	C:\Windows\SYSTEM32\windows.storage.dll
0x00007ff879650000 - 0x00007ff8799a5000 	C:\Windows\System32\combase.dll
0x00007ff8775b0000 - 0x00007ff8775de000 	C:\Windows\SYSTEM32\Wldp.dll
0x00007ff87a360000 - 0x00007ff87a40d000 	C:\Windows\System32\SHCORE.dll
0x00007ff8784a0000 - 0x00007ff8784f5000 	C:\Windows\System32\shlwapi.dll
0x00007ff877aa0000 - 0x00007ff877abf000 	C:\Windows\SYSTEM32\profapi.dll
0x00007ff84aba0000 - 0x00007ff84abb9000 	C:\Users\Admin\.vscode\extensions\redhat.java-1.32.0-win32-x64\jre\17.0.11-win32-x86_64\bin\net.dll
0x00007ff86f320000 - 0x00007ff86f42c000 	C:\Windows\SYSTEM32\WINHTTP.dll
0x00007ff877310000 - 0x00007ff87737a000 	C:\Windows\system32\mswsock.dll
0x00007ff84a2f0000 - 0x00007ff84a306000 	C:\Users\Admin\.vscode\extensions\redhat.java-1.32.0-win32-x64\jre\17.0.11-win32-x86_64\bin\nio.dll
0x00007ff856380000 - 0x00007ff856390000 	c:\Users\Admin\.vscode\extensions\redhat.java-1.32.0-win32-x64\jre\17.0.11-win32-x86_64\bin\verify.dll
0x00007ff843a10000 - 0x00007ff843a54000 	C:\Users\Admin\AppData\Roaming\Code\User\globalStorage\redhat.java\1.32.0\config_win\org.eclipse.equinox.launcher\org.eclipse.equinox.launcher.win32.win32.x86_64_1.2.1100.v20240613-2013\eclipse_11903.dll
0x00007ff879ce0000 - 0x00007ff879e0a000 	C:\Windows\System32\ole32.dll
0x00007ff877500000 - 0x00007ff877518000 	C:\Windows\SYSTEM32\CRYPTSP.dll
0x00007ff876c20000 - 0x00007ff876c54000 	C:\Windows\system32\rsaenh.dll
0x00007ff878150000 - 0x00007ff878177000 	C:\Windows\System32\bcrypt.dll
0x00007ff877a20000 - 0x00007ff877a4e000 	C:\Windows\SYSTEM32\USERENV.dll
0x00007ff877520000 - 0x00007ff87752c000 	C:\Windows\SYSTEM32\CRYPTBASE.dll
0x00007ff876fb0000 - 0x00007ff876feb000 	C:\Windows\SYSTEM32\IPHLPAPI.DLL
0x00007ff879540000 - 0x00007ff879548000 	C:\Windows\System32\NSI.dll
0x00007ff86b890000 - 0x00007ff86b8a7000 	C:\Windows\SYSTEM32\dhcpcsvc6.DLL
0x00007ff86d5e0000 - 0x00007ff86d5fd000 	C:\Windows\SYSTEM32\dhcpcsvc.DLL
0x00007ff877000000 - 0x00007ff8770cb000 	C:\Windows\SYSTEM32\DNSAPI.dll
0x00007ff841600000 - 0x00007ff841645000 	C:\Users\Admin\AppData\Local\Temp\jna-63116079\jna16312359875947900288.dll
0x00007ff8794c0000 - 0x00007ff8794c8000 	C:\Windows\System32\PSAPI.DLL
0x00007ff8562f0000 - 0x00007ff8562fe000 	C:\Users\Admin\.vscode\extensions\redhat.java-1.32.0-win32-x64\jre\17.0.11-win32-x86_64\bin\sunmscapi.dll
0x00007ff878340000 - 0x00007ff878496000 	C:\Windows\System32\CRYPT32.dll
0x00007ff877620000 - 0x00007ff877647000 	C:\Windows\SYSTEM32\ncrypt.dll
0x00007ff8775e0000 - 0x00007ff87761b000 	C:\Windows\SYSTEM32\NTASN1.dll

dbghelp: loaded successfully - version: 4.0.5 - missing functions: none
symbol engine: initialized successfully - sym options: 0x614 - pdb path: .;c:\Users\Admin\.vscode\extensions\redhat.java-1.32.0-win32-x64\jre\17.0.11-win32-x86_64\bin;C:\Windows\SYSTEM32;C:\Windows\WinSxS\amd64_microsoft.windows.common-controls_6595b64144ccf1df_6.0.19041.1110_none_60b5254171f9507e;c:\Users\Admin\.vscode\extensions\redhat.java-1.32.0-win32-x64\jre\17.0.11-win32-x86_64\bin\server;C:\Users\Admin\AppData\Roaming\Code\User\globalStorage\redhat.java\1.32.0\config_win\org.eclipse.equinox.launcher\org.eclipse.equinox.launcher.win32.win32.x86_64_1.2.1100.v20240613-2013;C:\Users\Admin\AppData\Local\Temp\jna-63116079

VM Arguments:
jvm_args: --add-modules=ALL-SYSTEM --add-opens=java.base/java.util=ALL-UNNAMED --add-opens=java.base/java.lang=ALL-UNNAMED --add-opens=java.base/sun.nio.fs=ALL-UNNAMED -Declipse.application=org.eclipse.jdt.ls.core.id1 -Dosgi.bundles.defaultStartLevel=4 -Declipse.product=org.eclipse.jdt.ls.core.product -Djava.import.generatesMetadataFilesAtProjectRoot=false -DDetectVMInstallationsJob.disabled=true -Dfile.encoding=utf8 -XX:+UseParallelGC -XX:GCTimeRatio=4 -XX:AdaptiveSizePolicyWeight=90 -Dsun.zip.disableMemoryMapping=true -Xmx1G -Xms100m -Xlog:disable -javaagent:c:\Users\Admin\.vscode\extensions\redhat.java-1.32.0-win32-x64\lombok\lombok-1.18.33.jar -XX:+HeapDumpOnOutOfMemoryError -XX:HeapDumpPath=c:\Users\Admin\AppData\Roaming\Code\User\workspaceStorage\faa07c1136f37295ddb157fce019f871\redhat.java -Daether.dependencyCollector.impl=bf 
java_command: c:\Users\Admin\.vscode\extensions\redhat.java-1.32.0-win32-x64\server\plugins\org.eclipse.equinox.launcher_1.6.900.v20240613-2009.jar -configuration c:\Users\Admin\AppData\Roaming\Code\User\globalStorage\redhat.java\1.32.0\config_win -data c:\Users\Admin\AppData\Roaming\Code\User\workspaceStorage\faa07c1136f37295ddb157fce019f871\redhat.java\jdt_ws --pipe=\\.\pipe\lsp-68e2799d296adbb310dd6eeaa453b8d7-sock
java_class_path (initial): c:\Users\Admin\.vscode\extensions\redhat.java-1.32.0-win32-x64\server\plugins\org.eclipse.equinox.launcher_1.6.900.v20240613-2009.jar
Launcher Type: SUN_STANDARD

[Global flags]
    uintx AdaptiveSizePolicyWeight                 = 90                                        {product} {command line}
     intx CICompilerCount                          = 4                                         {product} {ergonomic}
    uintx GCTimeRatio                              = 4                                         {product} {command line}
     bool HeapDumpOnOutOfMemoryError               = true                                   {manageable} {command line}
    ccstr HeapDumpPath                             = c:\Users\Admin\AppData\Roaming\Code\User\workspaceStorage\faa07c1136f37295ddb157fce019f871\redhat.java         {manageable} {command line}
   size_t InitialHeapSize                          = 104857600                                 {product} {command line}
   size_t MaxHeapSize                              = 1073741824                                {product} {command line}
   size_t MaxNewSize                               = 357564416                                 {product} {ergonomic}
   size_t MinHeapDeltaBytes                        = 524288                                    {product} {ergonomic}
   size_t MinHeapSize                              = 104857600                                 {product} {command line}
   size_t NewSize                                  = 34603008                                  {product} {ergonomic}
    uintx NonNMethodCodeHeapSize                   = 5839372                                {pd product} {ergonomic}
    uintx NonProfiledCodeHeapSize                  = 122909434                              {pd product} {ergonomic}
   size_t OldSize                                  = 70254592                                  {product} {ergonomic}
    uintx ProfiledCodeHeapSize                     = 122909434                              {pd product} {ergonomic}
    uintx ReservedCodeCacheSize                    = 251658240                              {pd product} {ergonomic}
     bool SegmentedCodeCache                       = true                                      {product} {ergonomic}
   size_t SoftMaxHeapSize                          = 1073741824                             {manageable} {ergonomic}
     bool UseCompressedClassPointers               = true                           {product lp64_product} {ergonomic}
     bool UseCompressedOops                        = true                           {product lp64_product} {ergonomic}
     bool UseLargePagesIndividualAllocation        = false                                  {pd product} {ergonomic}
     bool UseParallelGC                            = true                                      {product} {command line}

Logging:
Log output configuration:
 #0: stdout all=off uptime,level,tags
 #1: stderr all=off uptime,level,tags

Environment Variables:
JAVA_HOME=C:\Program Files\Java\jdk-17
PATH=C:\Program Files\Common Files\Oracle\Java\javapath;C:\Windows\system32;C:\Windows;C:\Windows\System32\Wbem;C:\Windows\System32\WindowsPowerShell\v1.0\;C:\Windows\System32\OpenSSH\;C:\Program Files\Git\cmd;C:\Program Files\MySQL\MySQL Server 8.0\bin;C:\Program Files\MySQL\MySQL Shell 8.0\bin\;C:\Users\Admin\AppData\Local\Microsoft\WindowsApps;C:\Users\Admin\AppData\Local\Programs\Microsoft VS Code\bin
USERNAME=Admin
OS=Windows_NT
PROCESSOR_IDENTIFIER=Intel64 Family 6 Model 165 Stepping 2, GenuineIntel
TMP=C:\Users\Admin\AppData\Local\Temp
TEMP=C:\Users\Admin\AppData\Local\Temp



Periodic native trim disabled


---------------  S Y S T E M  ---------------

OS:
 Windows 10 , 64 bit Build 19041 (10.0.19041.1503)
OS uptime: 0 days 10:46 hours

CPU: total 8 (initial active 8) (4 cores per cpu, 2 threads per core) family 6 model 165 stepping 2 microcode 0xc8, cx8, cmov, fxsr, ht, mmx, 3dnowpref, sse, sse2, sse3, ssse3, sse4.1, sse4.2, popcnt, lzcnt, tsc, tscinvbit, avx, avx2, aes, erms, clmul, bmi1, bmi2, adx, fma, vzeroupper, clflush, clflushopt
Processor Information for all 8 processors :
  Max Mhz: 2496, Current Mhz: 2496, Mhz Limit: 2496

Memory: 4k page, system-wide physical 7979M (427M free)
TotalPageFile size 13099M (AvailPageFile size 24M)
current process WorkingSet (physical memory assigned to process): 420M, peak: 430M
current process commit charge ("private bytes"): 498M, peak: 512M

vm_info: OpenJDK 64-Bit Server VM (17.0.11+9) for windows-amd64 JRE (17.0.11+9), built on Apr 17 2024 06:07:48 by "admin" with MS VC++ 16.10 / 16.11 (VS2019)

END.
