#
# There is insufficient memory for the Java Runtime Environment to continue.
# Native memory allocation (malloc) failed to allocate 32744 bytes. Error detail: ChunkPool::allocate
# Possible reasons:
#   The system is out of physical RAM or swap space
#   This process is running with CompressedOops enabled, and the Java Heap may be blocking the growth of the native heap
# Possible solutions:
#   Reduce memory load on the system
#   Increase physical memory or swap space
#   Check if swap backing store is full
#   Decrease Java heap size (-Xmx/-Xms)
#   Decrease number of Java threads
#   Decrease Java thread stack sizes (-Xss)
#   Set larger code cache with -XX:ReservedCodeCacheSize=
#   JVM is running with Unscaled Compressed Oops mode in which the Java heap is
#     placed in the first 4GB address space. The Java Heap base address is the
#     maximum limit for the native heap growth. Please use -XX:HeapBaseMinAddress
#     to set the Java Heap base and to place the Java Heap above 4GB virtual address.
# This output file may be truncated or incomplete.
#
#  Out of Memory Error (arena.cpp:79), pid=12612, tid=11784
#
# JRE version: OpenJDK Runtime Environment Temurin-17.0.11+9 (17.0.11+9) (build 17.0.11+9)
# Java VM: OpenJDK 64-Bit Server VM Temurin-17.0.11+9 (17.0.11+9, mixed mode, tiered, compressed oops, compressed class ptrs, parallel gc, windows-amd64)
# No core dump will be written. Minidumps are not enabled by default on client versions of Windows
#

---------------  S U M M A R Y ------------

Command Line: --add-modules=ALL-SYSTEM --add-opens=java.base/java.util=ALL-UNNAMED --add-opens=java.base/java.lang=ALL-UNNAMED --add-opens=java.base/sun.nio.fs=ALL-UNNAMED -Declipse.application=org.eclipse.jdt.ls.core.id1 -Dosgi.bundles.defaultStartLevel=4 -Declipse.product=org.eclipse.jdt.ls.core.product -Djava.import.generatesMetadataFilesAtProjectRoot=false -DDetectVMInstallationsJob.disabled=true -Dfile.encoding=utf8 -XX:+UseParallelGC -XX:GCTimeRatio=4 -XX:AdaptiveSizePolicyWeight=90 -Dsun.zip.disableMemoryMapping=true -Xmx1G -Xms100m -Xlog:disable -javaagent:c:\Users\Admin\.vscode\extensions\redhat.java-1.32.0-win32-x64\lombok\lombok-1.18.33.jar -XX:+HeapDumpOnOutOfMemoryError -XX:HeapDumpPath=c:\Users\Admin\AppData\Roaming\Code\User\workspaceStorage\faa07c1136f37295ddb157fce019f871\redhat.java -Daether.dependencyCollector.impl=bf c:\Users\Admin\.vscode\extensions\redhat.java-1.32.0-win32-x64\server\plugins\org.eclipse.equinox.launcher_1.6.900.v20240613-2009.jar -configuration c:\Users\Admin\AppData\Roaming\Code\User\globalStorage\redhat.java\1.32.0\config_win -data c:\Users\Admin\AppData\Roaming\Code\User\workspaceStorage\faa07c1136f37295ddb157fce019f871\redhat.java\jdt_ws --pipe=\\.\pipe\lsp-de153b4d3869b23a875aea77149d740a-sock

Host: Intel(R) Core(TM) i5-10300H CPU @ 2.50GHz, 8 cores, 7G,  Windows 10 , 64 bit Build 19041 (10.0.19041.1503)
Time: Fri Jul 19 23:59:50 2024 SE Asia Standard Time elapsed time: 10.958332 seconds (0d 0h 0m 10s)

---------------  T H R E A D  ---------------

Current thread (0x0000021f7f639420):  JavaThread "C2 CompilerThread0" daemon [_thread_in_native, id=11784, stack(0x0000006b76a00000,0x0000006b76b00000)]


Current CompileTask:
C2:  10958 10769       4       org.eclipse.jdt.internal.compiler.lookup.BinaryTypeBinding::createMethod (1724 bytes)

Stack: [0x0000006b76a00000,0x0000006b76b00000]
Native frames: (J=compiled Java code, j=interpreted, Vv=VM code, C=native code)
V  [jvm.dll+0x67d429]
V  [jvm.dll+0x834b7a]
V  [jvm.dll+0x83663e]
V  [jvm.dll+0x836ca3]
V  [jvm.dll+0x247dbf]
V  [jvm.dll+0xac731]
V  [jvm.dll+0xacb7c]
V  [jvm.dll+0x65bd6f]
V  [jvm.dll+0x7a8ac]
V  [jvm.dll+0x60f948]
V  [jvm.dll+0x60d9da]
V  [jvm.dll+0x21a2e8]
V  [jvm.dll+0x2198b1]
V  [jvm.dll+0x1a534d]
V  [jvm.dll+0x2295cd]
V  [jvm.dll+0x22779c]
V  [jvm.dll+0x7e9d07]
V  [jvm.dll+0x7e410a]
V  [jvm.dll+0x67c315]
C  [ucrtbase.dll+0x21bb2]
C  [KERNEL32.DLL+0x17034]
C  [ntdll.dll+0x52651]


---------------  P R O C E S S  ---------------

Threads class SMR info:
_java_thread_list=0x0000021f14523b30, length=48, elements={
0x0000021f7758c140, 0x0000021f7764d950, 0x0000021f7f6138a0, 0x0000021f7e39a710,
0x0000021f7f635570, 0x0000021f7f637f50, 0x0000021f7f638820, 0x0000021f7f639420,
0x0000021f7f63ad20, 0x0000021f7f63fb10, 0x0000021f7f74a950, 0x0000021f7f8054b0,
0x0000021f7f8da320, 0x0000021f1412be70, 0x0000021f143dd330, 0x0000021f13da8b60,
0x0000021f1405fa00, 0x0000021f14a1ea00, 0x0000021f149b8e70, 0x0000021f13cf6f20,
0x0000021f13cf6500, 0x0000021f13cf55d0, 0x0000021f13cf7940, 0x0000021f13cf5ae0,
0x0000021f13cf8870, 0x0000021f13cf6a10, 0x0000021f13cf5ff0, 0x0000021f13cf50c0,
0x0000021f14d2b2a0, 0x0000021f14d27af0, 0x0000021f14d266b0, 0x0000021f14d24850,
0x0000021f14d29e60, 0x0000021f14d25270, 0x0000021f14d270d0, 0x0000021f14d25c90,
0x0000021f14d275e0, 0x0000021f14d29950, 0x0000021f14d26bc0, 0x0000021f14d2a370,
0x0000021f14d2a880, 0x0000021f14d28000, 0x0000021f14d28a20, 0x0000021f14d29440,
0x0000021f14d2ad90, 0x0000021f14d2c1d0, 0x0000021f14d2b7b0, 0x0000021f15b4a7f0
}

Java Threads: ( => current thread )
  0x0000021f7758c140 JavaThread "main" [_thread_blocked, id=2728, stack(0x0000006b76100000,0x0000006b76200000)]
  0x0000021f7764d950 JavaThread "Reference Handler" daemon [_thread_blocked, id=9380, stack(0x0000006b76400000,0x0000006b76500000)]
  0x0000021f7f6138a0 JavaThread "Finalizer" daemon [_thread_blocked, id=13396, stack(0x0000006b76500000,0x0000006b76600000)]
  0x0000021f7e39a710 JavaThread "Signal Dispatcher" daemon [_thread_blocked, id=8136, stack(0x0000006b76600000,0x0000006b76700000)]
  0x0000021f7f635570 JavaThread "Attach Listener" daemon [_thread_blocked, id=8336, stack(0x0000006b76700000,0x0000006b76800000)]
  0x0000021f7f637f50 JavaThread "Service Thread" daemon [_thread_blocked, id=13664, stack(0x0000006b76800000,0x0000006b76900000)]
  0x0000021f7f638820 JavaThread "Monitor Deflation Thread" daemon [_thread_blocked, id=8872, stack(0x0000006b76900000,0x0000006b76a00000)]
=>0x0000021f7f639420 JavaThread "C2 CompilerThread0" daemon [_thread_in_native, id=11784, stack(0x0000006b76a00000,0x0000006b76b00000)]
  0x0000021f7f63ad20 JavaThread "C1 CompilerThread0" daemon [_thread_blocked, id=9052, stack(0x0000006b76b00000,0x0000006b76c00000)]
  0x0000021f7f63fb10 JavaThread "Sweeper thread" daemon [_thread_blocked, id=13252, stack(0x0000006b76c00000,0x0000006b76d00000)]
  0x0000021f7f74a950 JavaThread "Common-Cleaner" daemon [_thread_blocked, id=12396, stack(0x0000006b76d00000,0x0000006b76e00000)]
  0x0000021f7f8054b0 JavaThread "C2 CompilerThread1" daemon [_thread_in_native, id=9988, stack(0x0000006b76e00000,0x0000006b76f00000)]
  0x0000021f7f8da320 JavaThread "Notification Thread" daemon [_thread_blocked, id=12744, stack(0x0000006b76f00000,0x0000006b77000000)]
  0x0000021f1412be70 JavaThread "Active Thread: Equinox Container: fc411da1-6f8a-4791-bae3-641c4243814b" [_thread_blocked, id=11536, stack(0x0000006b77700000,0x0000006b77800000)]
  0x0000021f143dd330 JavaThread "Framework Event Dispatcher: Equinox Container: fc411da1-6f8a-4791-bae3-641c4243814b" daemon [_thread_blocked, id=4432, stack(0x0000006b77800000,0x0000006b77900000)]
  0x0000021f13da8b60 JavaThread "Start Level: Equinox Container: fc411da1-6f8a-4791-bae3-641c4243814b" daemon [_thread_blocked, id=12548, stack(0x0000006b77900000,0x0000006b77a00000)]
  0x0000021f1405fa00 JavaThread "Bundle File Closer" daemon [_thread_blocked, id=6388, stack(0x0000006b77b00000,0x0000006b77c00000)]
  0x0000021f14a1ea00 JavaThread "SCR Component Actor" daemon [_thread_blocked, id=13924, stack(0x0000006b77c00000,0x0000006b77d00000)]
  0x0000021f149b8e70 JavaThread "SCR Component Registry" daemon [_thread_blocked, id=7384, stack(0x0000006b77d00000,0x0000006b77e00000)]
  0x0000021f13cf6f20 JavaThread "Worker-JM" [_thread_blocked, id=9700, stack(0x0000006b77e00000,0x0000006b77f00000)]
  0x0000021f13cf6500 JavaThread "Worker-0" [_thread_blocked, id=13568, stack(0x0000006b77f00000,0x0000006b78000000)]
  0x0000021f13cf55d0 JavaThread "Worker-1" [_thread_blocked, id=1564, stack(0x0000006b78000000,0x0000006b78100000)]
  0x0000021f13cf7940 JavaThread "Worker-2" [_thread_blocked, id=10732, stack(0x0000006b78100000,0x0000006b78200000)]
  0x0000021f13cf5ae0 JavaThread "Java indexing" daemon [_thread_blocked, id=10596, stack(0x0000006b78200000,0x0000006b78300000)]
  0x0000021f13cf8870 JavaThread "JNA Cleaner" daemon [_thread_blocked, id=11980, stack(0x0000006b78300000,0x0000006b78400000)]
  0x0000021f13cf6a10 JavaThread "Thread-2" daemon [_thread_in_native, id=13392, stack(0x0000006b78600000,0x0000006b78700000)]
  0x0000021f13cf5ff0 JavaThread "Thread-3" daemon [_thread_in_native, id=2444, stack(0x0000006b78700000,0x0000006b78800000)]
  0x0000021f13cf50c0 JavaThread "Thread-4" daemon [_thread_in_native, id=9004, stack(0x0000006b78800000,0x0000006b78900000)]
  0x0000021f14d2b2a0 JavaThread "Thread-5" daemon [_thread_in_native, id=10968, stack(0x0000006b78900000,0x0000006b78a00000)]
  0x0000021f14d27af0 JavaThread "Thread-6" daemon [_thread_in_native, id=3020, stack(0x0000006b78a00000,0x0000006b78b00000)]
  0x0000021f14d266b0 JavaThread "Thread-7" daemon [_thread_in_native, id=13820, stack(0x0000006b78b00000,0x0000006b78c00000)]
  0x0000021f14d24850 JavaThread "Thread-8" daemon [_thread_in_native, id=13964, stack(0x0000006b78c00000,0x0000006b78d00000)]
  0x0000021f14d29e60 JavaThread "Thread-9" daemon [_thread_in_native, id=4812, stack(0x0000006b78d00000,0x0000006b78e00000)]
  0x0000021f14d25270 JavaThread "Thread-10" daemon [_thread_in_native, id=3368, stack(0x0000006b78e00000,0x0000006b78f00000)]
  0x0000021f14d270d0 JavaThread "pool-2-thread-1" [_thread_blocked, id=5344, stack(0x0000006b78f00000,0x0000006b79000000)]
  0x0000021f14d25c90 JavaThread "WorkspaceEventsHandler" [_thread_blocked, id=284, stack(0x0000006b79000000,0x0000006b79100000)]
  0x0000021f14d275e0 JavaThread "pool-1-thread-1" [_thread_blocked, id=12016, stack(0x0000006b79100000,0x0000006b79200000)]
  0x0000021f14d29950 JavaThread "Worker-3" [_thread_blocked, id=6476, stack(0x0000006b79200000,0x0000006b79300000)]
  0x0000021f14d26bc0 JavaThread "ForkJoinPool.commonPool-worker-1" daemon [_thread_blocked, id=7940, stack(0x0000006b79300000,0x0000006b79400000)]
  0x0000021f14d2a370 JavaThread "ForkJoinPool.commonPool-worker-2" daemon [_thread_blocked, id=13796, stack(0x0000006b79400000,0x0000006b79500000)]
  0x0000021f14d2a880 JavaThread "Worker-4" [_thread_blocked, id=9984, stack(0x0000006b79500000,0x0000006b79600000)]
  0x0000021f14d28000 JavaThread "ForkJoinPool.commonPool-worker-3" daemon [_thread_blocked, id=732, stack(0x0000006b79600000,0x0000006b79700000)]
  0x0000021f14d28a20 JavaThread "ForkJoinPool.commonPool-worker-4" daemon [_thread_blocked, id=6812, stack(0x0000006b79700000,0x0000006b79800000)]
  0x0000021f14d29440 JavaThread "ForkJoinPool.commonPool-worker-5" daemon [_thread_blocked, id=8608, stack(0x0000006b79800000,0x0000006b79900000)]
  0x0000021f14d2ad90 JavaThread "ForkJoinPool.commonPool-worker-6" daemon [_thread_blocked, id=8476, stack(0x0000006b79900000,0x0000006b79a00000)]
  0x0000021f14d2c1d0 JavaThread "ForkJoinPool.commonPool-worker-7" daemon [_thread_blocked, id=12060, stack(0x0000006b79b00000,0x0000006b79c00000)]
  0x0000021f14d2b7b0 JavaThread "Worker-5" [_thread_blocked, id=11396, stack(0x0000006b79a00000,0x0000006b79b00000)]
  0x0000021f15b4a7f0 JavaThread "Cleaner-0" daemon [_thread_blocked, id=13696, stack(0x0000006b79c00000,0x0000006b79d00000)]

Other Threads:
  0x0000021f7f600c20 VMThread "VM Thread" [stack: 0x0000006b76300000,0x0000006b76400000] [id=9740]
  0x0000021f7f9decd0 WatcherThread [stack: 0x0000006b77000000,0x0000006b77100000] [id=12568]
  0x0000021f775a2cf0 GCTaskThread "GC Thread#0" [stack: 0x0000006b76200000,0x0000006b76300000] [id=11492]
  0x0000021f13a38940 GCTaskThread "GC Thread#1" [stack: 0x0000006b77100000,0x0000006b77200000] [id=7248]
  0x0000021f13a38c00 GCTaskThread "GC Thread#2" [stack: 0x0000006b77200000,0x0000006b77300000] [id=8140]
  0x0000021f13e47c20 GCTaskThread "GC Thread#3" [stack: 0x0000006b77300000,0x0000006b77400000] [id=7436]
  0x0000021f13994580 GCTaskThread "GC Thread#4" [stack: 0x0000006b77400000,0x0000006b77500000] [id=1380]
  0x0000021f13994840 GCTaskThread "GC Thread#5" [stack: 0x0000006b77500000,0x0000006b77600000] [id=11840]
  0x0000021f13994b00 GCTaskThread "GC Thread#6" [stack: 0x0000006b77600000,0x0000006b77700000] [id=6376]
  0x0000021f13996770 GCTaskThread "GC Thread#7" [stack: 0x0000006b77a00000,0x0000006b77b00000] [id=1916]

Threads with active compile tasks:
C2 CompilerThread0    10973 10769       4       org.eclipse.jdt.internal.compiler.lookup.BinaryTypeBinding::createMethod (1724 bytes)
C2 CompilerThread1    10973 11124       4       org.lombokweb.asm.ClassReader::readCode (5117 bytes)

VM state: not at safepoint (normal execution)

VM Mutex/Monitor currently owned by a thread: None

Heap address: 0x00000000c0000000, size: 1024 MB, Compressed Oops mode: 32-bit

CDS archive(s) not mapped
Compressed class space mapped at: 0x0000000100000000-0x0000000140000000, reserved size: 1073741824
Narrow klass base: 0x0000000000000000, Narrow klass shift: 3, Narrow klass range: 0x140000000

GC Precious Log:
 CPUs: 8 total, 8 available
 Memory: 7979M
 Large Page Support: Disabled
 NUMA Support: Disabled
 Compressed Oops: Enabled (32-bit)
 Alignments: Space 512K, Generation 512K, Heap 2M
 Heap Min Capacity: 100M
 Heap Initial Capacity: 100M
 Heap Max Capacity: 1G
 Pre-touch: Disabled
 Parallel Workers: 8

Heap:
 PSYoungGen      total 40960K, used 20070K [0x00000000eab00000, 0x00000000ede00000, 0x0000000100000000)
  eden space 32768K, 37% used [0x00000000eab00000,0x00000000eb7006d8,0x00000000ecb00000)
  from space 8192K, 94% used [0x00000000ed600000,0x00000000edd99200,0x00000000ede00000)
  to   space 8704K, 0% used [0x00000000ecd00000,0x00000000ecd00000,0x00000000ed580000)
 ParOldGen       total 172032K, used 108711K [0x00000000c0000000, 0x00000000ca800000, 0x00000000eab00000)
  object space 172032K, 63% used [0x00000000c0000000,0x00000000c6a29c18,0x00000000ca800000)
 Metaspace       used 73559K, committed 74816K, reserved 1179648K
  class space    used 7676K, committed 8256K, reserved 1048576K

Card table byte_map: [0x0000021f7bc30000,0x0000021f7be40000] _byte_map_base: 0x0000021f7b630000

Marking Bits: (ParMarkBitMap*) 0x00007ffca429d820
 Begin Bits: [0x0000021f7bfa0000, 0x0000021f7cfa0000)
 End Bits:   [0x0000021f7cfa0000, 0x0000021f7dfa0000)

Polling page: 0x0000021f77650000

Metaspace:

Usage:
  Non-class:     64.34 MB used.
      Class:      7.50 MB used.
       Both:     71.83 MB used.

Virtual space:
  Non-class space:      128.00 MB reserved,      65.00 MB ( 51%) committed,  2 nodes.
      Class space:        1.00 GB reserved,       8.06 MB ( <1%) committed,  1 nodes.
             Both:        1.12 GB reserved,      73.06 MB (  6%) committed. 

Chunk freelists:
   Non-Class:  14.45 MB
       Class:  7.97 MB
        Both:  22.42 MB

MaxMetaspaceSize: unlimited
CompressedClassSpaceSize: 1.00 GB
Initial GC threshold: 21.00 MB
Current GC threshold: 106.69 MB
CDS: off
MetaspaceReclaimPolicy: balanced
 - commit_granule_bytes: 65536.
 - commit_granule_words: 8192.
 - virtual_space_node_default_size: 8388608.
 - enlarge_chunks_in_place: 1.
 - new_chunks_are_fully_committed: 0.
 - uncommit_free_chunks: 1.
 - use_allocation_guard: 0.
 - handle_deallocations: 1.


Internal statistics:

num_allocs_failed_limit: 9.
num_arena_births: 994.
num_arena_deaths: 16.
num_vsnodes_births: 3.
num_vsnodes_deaths: 0.
num_space_committed: 1169.
num_space_uncommitted: 0.
num_chunks_returned_to_freelist: 26.
num_chunks_taken_from_freelist: 3998.
num_chunk_merges: 11.
num_chunk_splits: 2509.
num_chunks_enlarged: 1523.
num_inconsistent_stats: 0.

CodeHeap 'non-profiled nmethods': size=120000Kb used=4926Kb max_used=4926Kb free=115073Kb
 bounds [0x0000021f07ad0000, 0x0000021f07fa0000, 0x0000021f0f000000]
CodeHeap 'profiled nmethods': size=120000Kb used=19909Kb max_used=19909Kb free=100090Kb
 bounds [0x0000021f00000000, 0x0000021f01380000, 0x0000021f07530000]
CodeHeap 'non-nmethods': size=5760Kb used=1383Kb max_used=1428Kb free=4376Kb
 bounds [0x0000021f07530000, 0x0000021f077a0000, 0x0000021f07ad0000]
 total_blobs=10266 nmethods=9529 adapters=650
 compilation: enabled
              stopped_count=0, restarted_count=0
 full_count=0

Compilation events (20 events):
Event: 10.913 Thread 0x0000021f7f63ad20 11249       2       org.eclipse.jdt.core.dom.SimpleName::propertyDescriptors (14 bytes)
Event: 10.913 Thread 0x0000021f7f63ad20 nmethod 11249 0x0000021f0136f390 code [0x0000021f0136f520, 0x0000021f0136f658]
Event: 10.913 Thread 0x0000021f7f63ad20 11242       2       org.eclipse.jdt.core.dom.BodyDeclaration::modifiers (16 bytes)
Event: 10.913 Thread 0x0000021f7f63ad20 nmethod 11242 0x0000021f0136f710 code [0x0000021f0136f8c0, 0x0000021f0136faa8]
Event: 10.913 Thread 0x0000021f7f63ad20 11246       1       org.eclipse.jdt.core.dom.SimpleName::getIdentifier (5 bytes)
Event: 10.913 Thread 0x0000021f7f63ad20 nmethod 11246 0x0000021f07f9ed90 code [0x0000021f07f9ef20, 0x0000021f07f9eff8]
Event: 10.913 Thread 0x0000021f7f63ad20 11250       1       org.eclipse.jdt.core.dom.rewrite.TargetSourceRangeComputer$SourceRange::getStartPosition (5 bytes)
Event: 10.913 Thread 0x0000021f7f63ad20 nmethod 11250 0x0000021f07f9f090 code [0x0000021f07f9f220, 0x0000021f07f9f2f8]
Event: 10.913 Thread 0x0000021f7f63ad20 11247       1       org.eclipse.jdt.internal.core.dom.rewrite.NodeRewriteEvent::getOriginalValue (5 bytes)
Event: 10.914 Thread 0x0000021f7f63ad20 nmethod 11247 0x0000021f07f9f390 code [0x0000021f07f9f520, 0x0000021f07f9f5f8]
Event: 10.914 Thread 0x0000021f7f63ad20 11251       1       org.eclipse.lsp4j.jsonrpc.messages.Either::getRight (5 bytes)
Event: 10.914 Thread 0x0000021f7f63ad20 nmethod 11251 0x0000021f07f9f690 code [0x0000021f07f9f820, 0x0000021f07f9f8f8]
Event: 10.916 Thread 0x0000021f7f63ad20 11252       2       org.eclipse.lsp4j.jsonrpc.json.adapters.MessageTypeAdapter$Factory::create (27 bytes)
Event: 10.917 Thread 0x0000021f7f63ad20 nmethod 11252 0x0000021f0136fb90 code [0x0000021f0136fd40, 0x0000021f0136ff48]
Event: 10.917 Thread 0x0000021f7f63ad20 11253   !   2       org.eclipse.lsp4j.jsonrpc.json.adapters.EnumTypeAdapter$Factory::create (55 bytes)
Event: 10.917 Thread 0x0000021f7f63ad20 nmethod 11253 0x0000021f01370090 code [0x0000021f01370280, 0x0000021f01370608]
Event: 10.920 Thread 0x0000021f7f63ad20 11254   !   2       com.google.gson.Gson::toJson (148 bytes)
Event: 10.921 Thread 0x0000021f7f63ad20 nmethod 11254 0x0000021f01370810 code [0x0000021f01370a60, 0x0000021f013711e8]
Event: 10.921 Thread 0x0000021f7f63ad20 11255       2       org.eclipse.lsp4j.jsonrpc.json.adapters.CollectionTypeAdapter::write (10 bytes)
Event: 10.921 Thread 0x0000021f7f63ad20 nmethod 11255 0x0000021f01371810 code [0x0000021f013719c0, 0x0000021f01371b28]

GC Heap History (20 events):
Event: 9.458 GC heap before
{Heap before GC invocations=79 (full 7):
 PSYoungGen      total 32256K, used 32250K [0x00000000eab00000, 0x00000000ed100000, 0x0000000100000000)
  eden space 27136K, 100% used [0x00000000eab00000,0x00000000ec580000,0x00000000ec580000)
  from space 5120K, 99% used [0x00000000ecb00000,0x00000000ecffe908,0x00000000ed000000)
  to   space 5632K, 0% used [0x00000000ec580000,0x00000000ec580000,0x00000000ecb00000)
 ParOldGen       total 172032K, used 100707K [0x00000000c0000000, 0x00000000ca800000, 0x00000000eab00000)
  object space 172032K, 58% used [0x00000000c0000000,0x00000000c6258d68,0x00000000ca800000)
 Metaspace       used 66261K, committed 67456K, reserved 1114112K
  class space    used 6986K, committed 7552K, reserved 1048576K
}
Event: 9.461 GC heap after
{Heap after GC invocations=79 (full 7):
 PSYoungGen      total 32768K, used 5079K [0x00000000eab00000, 0x00000000ed200000, 0x0000000100000000)
  eden space 27136K, 0% used [0x00000000eab00000,0x00000000eab00000,0x00000000ec580000)
  from space 5632K, 90% used [0x00000000ec580000,0x00000000eca75db0,0x00000000ecb00000)
  to   space 5632K, 0% used [0x00000000ecc80000,0x00000000ecc80000,0x00000000ed200000)
 ParOldGen       total 172032K, used 101290K [0x00000000c0000000, 0x00000000ca800000, 0x00000000eab00000)
  object space 172032K, 58% used [0x00000000c0000000,0x00000000c62ea898,0x00000000ca800000)
 Metaspace       used 66261K, committed 67456K, reserved 1114112K
  class space    used 6986K, committed 7552K, reserved 1048576K
}
Event: 9.491 GC heap before
{Heap before GC invocations=80 (full 7):
 PSYoungGen      total 32768K, used 32215K [0x00000000eab00000, 0x00000000ed200000, 0x0000000100000000)
  eden space 27136K, 100% used [0x00000000eab00000,0x00000000ec580000,0x00000000ec580000)
  from space 5632K, 90% used [0x00000000ec580000,0x00000000eca75db0,0x00000000ecb00000)
  to   space 5632K, 0% used [0x00000000ecc80000,0x00000000ecc80000,0x00000000ed200000)
 ParOldGen       total 172032K, used 101290K [0x00000000c0000000, 0x00000000ca800000, 0x00000000eab00000)
  object space 172032K, 58% used [0x00000000c0000000,0x00000000c62ea898,0x00000000ca800000)
 Metaspace       used 66285K, committed 67520K, reserved 1114112K
  class space    used 6986K, committed 7552K, reserved 1048576K
}
Event: 9.494 GC heap after
{Heap after GC invocations=80 (full 7):
 PSYoungGen      total 33792K, used 4943K [0x00000000eab00000, 0x00000000ed180000, 0x0000000100000000)
  eden space 28672K, 0% used [0x00000000eab00000,0x00000000eab00000,0x00000000ec700000)
  from space 5120K, 96% used [0x00000000ecc80000,0x00000000ed153fe8,0x00000000ed180000)
  to   space 5120K, 0% used [0x00000000ec780000,0x00000000ec780000,0x00000000ecc80000)
 ParOldGen       total 172032K, used 101298K [0x00000000c0000000, 0x00000000ca800000, 0x00000000eab00000)
  object space 172032K, 58% used [0x00000000c0000000,0x00000000c62ec898,0x00000000ca800000)
 Metaspace       used 66285K, committed 67520K, reserved 1114112K
  class space    used 6986K, committed 7552K, reserved 1048576K
}
Event: 9.519 GC heap before
{Heap before GC invocations=81 (full 7):
 PSYoungGen      total 33792K, used 33615K [0x00000000eab00000, 0x00000000ed180000, 0x0000000100000000)
  eden space 28672K, 100% used [0x00000000eab00000,0x00000000ec700000,0x00000000ec700000)
  from space 5120K, 96% used [0x00000000ecc80000,0x00000000ed153fe8,0x00000000ed180000)
  to   space 5120K, 0% used [0x00000000ec780000,0x00000000ec780000,0x00000000ecc80000)
 ParOldGen       total 172032K, used 101298K [0x00000000c0000000, 0x00000000ca800000, 0x00000000eab00000)
  object space 172032K, 58% used [0x00000000c0000000,0x00000000c62ec898,0x00000000ca800000)
 Metaspace       used 66296K, committed 67520K, reserved 1114112K
  class space    used 6986K, committed 7552K, reserved 1048576K
}
Event: 9.522 GC heap after
{Heap after GC invocations=81 (full 7):
 PSYoungGen      total 34304K, used 5082K [0x00000000eab00000, 0x00000000ed280000, 0x0000000100000000)
  eden space 29184K, 0% used [0x00000000eab00000,0x00000000eab00000,0x00000000ec780000)
  from space 5120K, 99% used [0x00000000ec780000,0x00000000ecc76be0,0x00000000ecc80000)
  to   space 5120K, 0% used [0x00000000ecd80000,0x00000000ecd80000,0x00000000ed280000)
 ParOldGen       total 172032K, used 101298K [0x00000000c0000000, 0x00000000ca800000, 0x00000000eab00000)
  object space 172032K, 58% used [0x00000000c0000000,0x00000000c62ec898,0x00000000ca800000)
 Metaspace       used 66296K, committed 67520K, reserved 1114112K
  class space    used 6986K, committed 7552K, reserved 1048576K
}
Event: 9.550 GC heap before
{Heap before GC invocations=82 (full 7):
 PSYoungGen      total 34304K, used 34266K [0x00000000eab00000, 0x00000000ed280000, 0x0000000100000000)
  eden space 29184K, 100% used [0x00000000eab00000,0x00000000ec780000,0x00000000ec780000)
  from space 5120K, 99% used [0x00000000ec780000,0x00000000ecc76be0,0x00000000ecc80000)
  to   space 5120K, 0% used [0x00000000ecd80000,0x00000000ecd80000,0x00000000ed280000)
 ParOldGen       total 172032K, used 101298K [0x00000000c0000000, 0x00000000ca800000, 0x00000000eab00000)
  object space 172032K, 58% used [0x00000000c0000000,0x00000000c62ec898,0x00000000ca800000)
 Metaspace       used 66296K, committed 67520K, reserved 1114112K
  class space    used 6986K, committed 7552K, reserved 1048576K
}
Event: 9.554 GC heap after
{Heap after GC invocations=82 (full 7):
 PSYoungGen      total 34304K, used 5089K [0x00000000eab00000, 0x00000000ed280000, 0x0000000100000000)
  eden space 29184K, 0% used [0x00000000eab00000,0x00000000eab00000,0x00000000ec780000)
  from space 5120K, 99% used [0x00000000ecd80000,0x00000000ed2785f0,0x00000000ed280000)
  to   space 5120K, 0% used [0x00000000ec780000,0x00000000ec780000,0x00000000ecc80000)
 ParOldGen       total 172032K, used 101515K [0x00000000c0000000, 0x00000000ca800000, 0x00000000eab00000)
  object space 172032K, 59% used [0x00000000c0000000,0x00000000c6322d60,0x00000000ca800000)
 Metaspace       used 66296K, committed 67520K, reserved 1114112K
  class space    used 6986K, committed 7552K, reserved 1048576K
}
Event: 9.597 GC heap before
{Heap before GC invocations=83 (full 7):
 PSYoungGen      total 34304K, used 34273K [0x00000000eab00000, 0x00000000ed280000, 0x0000000100000000)
  eden space 29184K, 100% used [0x00000000eab00000,0x00000000ec780000,0x00000000ec780000)
  from space 5120K, 99% used [0x00000000ecd80000,0x00000000ed2785f0,0x00000000ed280000)
  to   space 5120K, 0% used [0x00000000ec780000,0x00000000ec780000,0x00000000ecc80000)
 ParOldGen       total 172032K, used 101515K [0x00000000c0000000, 0x00000000ca800000, 0x00000000eab00000)
  object space 172032K, 59% used [0x00000000c0000000,0x00000000c6322d60,0x00000000ca800000)
 Metaspace       used 66315K, committed 67520K, reserved 1114112K
  class space    used 6986K, committed 7552K, reserved 1048576K
}
Event: 9.600 GC heap after
{Heap after GC invocations=83 (full 7):
 PSYoungGen      total 34304K, used 4384K [0x00000000eab00000, 0x00000000ed300000, 0x0000000100000000)
  eden space 29184K, 0% used [0x00000000eab00000,0x00000000eab00000,0x00000000ec780000)
  from space 5120K, 85% used [0x00000000ec780000,0x00000000ecbc8020,0x00000000ecc80000)
  to   space 5120K, 0% used [0x00000000ece00000,0x00000000ece00000,0x00000000ed300000)
 ParOldGen       total 172032K, used 102536K [0x00000000c0000000, 0x00000000ca800000, 0x00000000eab00000)
  object space 172032K, 59% used [0x00000000c0000000,0x00000000c64222c0,0x00000000ca800000)
 Metaspace       used 66315K, committed 67520K, reserved 1114112K
  class space    used 6986K, committed 7552K, reserved 1048576K
}
Event: 9.635 GC heap before
{Heap before GC invocations=84 (full 7):
 PSYoungGen      total 34304K, used 33568K [0x00000000eab00000, 0x00000000ed300000, 0x0000000100000000)
  eden space 29184K, 100% used [0x00000000eab00000,0x00000000ec780000,0x00000000ec780000)
  from space 5120K, 85% used [0x00000000ec780000,0x00000000ecbc8020,0x00000000ecc80000)
  to   space 5120K, 0% used [0x00000000ece00000,0x00000000ece00000,0x00000000ed300000)
 ParOldGen       total 172032K, used 102536K [0x00000000c0000000, 0x00000000ca800000, 0x00000000eab00000)
  object space 172032K, 59% used [0x00000000c0000000,0x00000000c64222c0,0x00000000ca800000)
 Metaspace       used 66356K, committed 67584K, reserved 1114112K
  class space    used 6986K, committed 7552K, reserved 1048576K
}
Event: 9.638 GC heap after
{Heap after GC invocations=84 (full 7):
 PSYoungGen      total 35328K, used 4544K [0x00000000eab00000, 0x00000000ed280000, 0x0000000100000000)
  eden space 30720K, 0% used [0x00000000eab00000,0x00000000eab00000,0x00000000ec900000)
  from space 4608K, 98% used [0x00000000ece00000,0x00000000ed270020,0x00000000ed280000)
  to   space 4608K, 0% used [0x00000000ec980000,0x00000000ec980000,0x00000000ece00000)
 ParOldGen       total 172032K, used 102544K [0x00000000c0000000, 0x00000000ca800000, 0x00000000eab00000)
  object space 172032K, 59% used [0x00000000c0000000,0x00000000c64242c0,0x00000000ca800000)
 Metaspace       used 66356K, committed 67584K, reserved 1114112K
  class space    used 6986K, committed 7552K, reserved 1048576K
}
Event: 9.812 GC heap before
{Heap before GC invocations=85 (full 7):
 PSYoungGen      total 35328K, used 35264K [0x00000000eab00000, 0x00000000ed280000, 0x0000000100000000)
  eden space 30720K, 100% used [0x00000000eab00000,0x00000000ec900000,0x00000000ec900000)
  from space 4608K, 98% used [0x00000000ece00000,0x00000000ed270020,0x00000000ed280000)
  to   space 4608K, 0% used [0x00000000ec980000,0x00000000ec980000,0x00000000ece00000)
 ParOldGen       total 172032K, used 102544K [0x00000000c0000000, 0x00000000ca800000, 0x00000000eab00000)
  object space 172032K, 59% used [0x00000000c0000000,0x00000000c64242c0,0x00000000ca800000)
 Metaspace       used 67623K, committed 68864K, reserved 1114112K
  class space    used 7138K, committed 7680K, reserved 1048576K
}
Event: 9.816 GC heap after
{Heap after GC invocations=85 (full 7):
 PSYoungGen      total 35840K, used 4600K [0x00000000eab00000, 0x00000000ed600000, 0x0000000100000000)
  eden space 31232K, 0% used [0x00000000eab00000,0x00000000eab00000,0x00000000ec980000)
  from space 4608K, 99% used [0x00000000ec980000,0x00000000ecdfe220,0x00000000ece00000)
  to   space 6144K, 0% used [0x00000000ed000000,0x00000000ed000000,0x00000000ed600000)
 ParOldGen       total 172032K, used 103528K [0x00000000c0000000, 0x00000000ca800000, 0x00000000eab00000)
  object space 172032K, 60% used [0x00000000c0000000,0x00000000c651a2c0,0x00000000ca800000)
 Metaspace       used 67623K, committed 68864K, reserved 1114112K
  class space    used 7138K, committed 7680K, reserved 1048576K
}
Event: 10.232 GC heap before
{Heap before GC invocations=86 (full 7):
 PSYoungGen      total 35840K, used 35832K [0x00000000eab00000, 0x00000000ed600000, 0x0000000100000000)
  eden space 31232K, 100% used [0x00000000eab00000,0x00000000ec980000,0x00000000ec980000)
  from space 4608K, 99% used [0x00000000ec980000,0x00000000ecdfe220,0x00000000ece00000)
  to   space 6144K, 0% used [0x00000000ed000000,0x00000000ed000000,0x00000000ed600000)
 ParOldGen       total 172032K, used 103528K [0x00000000c0000000, 0x00000000ca800000, 0x00000000eab00000)
  object space 172032K, 60% used [0x00000000c0000000,0x00000000c651a2c0,0x00000000ca800000)
 Metaspace       used 68675K, committed 69888K, reserved 1114112K
  class space    used 7197K, committed 7744K, reserved 1048576K
}
Event: 10.238 GC heap after
{Heap after GC invocations=86 (full 7):
 PSYoungGen      total 37888K, used 5896K [0x00000000eab00000, 0x00000000ed680000, 0x0000000100000000)
  eden space 31744K, 0% used [0x00000000eab00000,0x00000000eab00000,0x00000000eca00000)
  from space 6144K, 95% used [0x00000000ed000000,0x00000000ed5c23b8,0x00000000ed600000)
  to   space 6144K, 0% used [0x00000000eca00000,0x00000000eca00000,0x00000000ed000000)
 ParOldGen       total 172032K, used 104144K [0x00000000c0000000, 0x00000000ca800000, 0x00000000eab00000)
  object space 172032K, 60% used [0x00000000c0000000,0x00000000c65b42e0,0x00000000ca800000)
 Metaspace       used 68675K, committed 69888K, reserved 1114112K
  class space    used 7197K, committed 7744K, reserved 1048576K
}
Event: 10.575 GC heap before
{Heap before GC invocations=87 (full 7):
 PSYoungGen      total 37888K, used 37640K [0x00000000eab00000, 0x00000000ed680000, 0x0000000100000000)
  eden space 31744K, 100% used [0x00000000eab00000,0x00000000eca00000,0x00000000eca00000)
  from space 6144K, 95% used [0x00000000ed000000,0x00000000ed5c23b8,0x00000000ed600000)
  to   space 6144K, 0% used [0x00000000eca00000,0x00000000eca00000,0x00000000ed000000)
 ParOldGen       total 172032K, used 104144K [0x00000000c0000000, 0x00000000ca800000, 0x00000000eab00000)
  object space 172032K, 60% used [0x00000000c0000000,0x00000000c65b42e0,0x00000000ca800000)
 Metaspace       used 69750K, committed 71040K, reserved 1114112K
  class space    used 7283K, committed 7872K, reserved 1048576K
}
Event: 10.580 GC heap after
{Heap after GC invocations=87 (full 7):
 PSYoungGen      total 37888K, used 6127K [0x00000000eab00000, 0x00000000ee100000, 0x0000000100000000)
  eden space 31744K, 0% used [0x00000000eab00000,0x00000000eab00000,0x00000000eca00000)
  from space 6144K, 99% used [0x00000000eca00000,0x00000000ecffbd80,0x00000000ed000000)
  to   space 11264K, 0% used [0x00000000ed600000,0x00000000ed600000,0x00000000ee100000)
 ParOldGen       total 172032K, used 108271K [0x00000000c0000000, 0x00000000ca800000, 0x00000000eab00000)
  object space 172032K, 62% used [0x00000000c0000000,0x00000000c69bbc18,0x00000000ca800000)
 Metaspace       used 69750K, committed 71040K, reserved 1114112K
  class space    used 7283K, committed 7872K, reserved 1048576K
}
Event: 10.803 GC heap before
{Heap before GC invocations=88 (full 7):
 PSYoungGen      total 37888K, used 37871K [0x00000000eab00000, 0x00000000ee100000, 0x0000000100000000)
  eden space 31744K, 99% used [0x00000000eab00000,0x00000000ec9fffa8,0x00000000eca00000)
  from space 6144K, 99% used [0x00000000eca00000,0x00000000ecffbd80,0x00000000ed000000)
  to   space 11264K, 0% used [0x00000000ed600000,0x00000000ed600000,0x00000000ee100000)
 ParOldGen       total 172032K, used 108271K [0x00000000c0000000, 0x00000000ca800000, 0x00000000eab00000)
  object space 172032K, 62% used [0x00000000c0000000,0x00000000c69bbc18,0x00000000ca800000)
 Metaspace       used 72296K, committed 73536K, reserved 1179648K
  class space    used 7488K, committed 8000K, reserved 1048576K
}
Event: 10.807 GC heap after
{Heap after GC invocations=88 (full 7):
 PSYoungGen      total 40960K, used 7780K [0x00000000eab00000, 0x00000000ede00000, 0x0000000100000000)
  eden space 32768K, 0% used [0x00000000eab00000,0x00000000eab00000,0x00000000ecb00000)
  from space 8192K, 94% used [0x00000000ed600000,0x00000000edd99200,0x00000000ede00000)
  to   space 8704K, 0% used [0x00000000ecd00000,0x00000000ecd00000,0x00000000ed580000)
 ParOldGen       total 172032K, used 108711K [0x00000000c0000000, 0x00000000ca800000, 0x00000000eab00000)
  object space 172032K, 63% used [0x00000000c0000000,0x00000000c6a29c18,0x00000000ca800000)
 Metaspace       used 72296K, committed 73536K, reserved 1179648K
  class space    used 7488K, committed 8000K, reserved 1048576K
}

Dll operation events (10 events):
Event: 0.007 Loaded shared library c:\Users\Admin\.vscode\extensions\redhat.java-1.32.0-win32-x64\jre\17.0.11-win32-x86_64\bin\java.dll
Event: 0.191 Loaded shared library c:\Users\Admin\.vscode\extensions\redhat.java-1.32.0-win32-x64\jre\17.0.11-win32-x86_64\bin\zip.dll
Event: 0.192 Loaded shared library C:\Users\Admin\.vscode\extensions\redhat.java-1.32.0-win32-x64\jre\17.0.11-win32-x86_64\bin\instrument.dll
Event: 0.202 Loaded shared library C:\Users\Admin\.vscode\extensions\redhat.java-1.32.0-win32-x64\jre\17.0.11-win32-x86_64\bin\net.dll
Event: 0.203 Loaded shared library C:\Users\Admin\.vscode\extensions\redhat.java-1.32.0-win32-x64\jre\17.0.11-win32-x86_64\bin\nio.dll
Event: 0.209 Loaded shared library C:\Users\Admin\.vscode\extensions\redhat.java-1.32.0-win32-x64\jre\17.0.11-win32-x86_64\bin\zip.dll
Event: 0.221 Loaded shared library C:\Users\Admin\.vscode\extensions\redhat.java-1.32.0-win32-x64\jre\17.0.11-win32-x86_64\bin\jimage.dll
Event: 0.264 Loaded shared library c:\Users\Admin\.vscode\extensions\redhat.java-1.32.0-win32-x64\jre\17.0.11-win32-x86_64\bin\verify.dll
Event: 1.614 Loaded shared library C:\Users\Admin\AppData\Roaming\Code\User\globalStorage\redhat.java\1.32.0\config_win\org.eclipse.equinox.launcher\org.eclipse.equinox.launcher.win32.win32.x86_64_1.2.1100.v20240613-2013\eclipse_11903.dll
Event: 3.998 Loaded shared library C:\Users\Admin\AppData\Local\Temp\jna-63116079\jna8122842473523732004.dll

Deoptimization events (20 events):
Event: 10.735 Thread 0x0000021f14d2c1d0 DEOPT PACKING pc=0x0000021f00cb9258 sp=0x0000006b79bfbae0
Event: 10.735 Thread 0x0000021f14d2c1d0 DEOPT UNPACKING pc=0x0000021f07586e43 sp=0x0000006b79bfb1f0 mode 0
Event: 10.735 Thread 0x0000021f14d2c1d0 DEOPT PACKING pc=0x0000021f00bb7ff0 sp=0x0000006b79bfc230
Event: 10.736 Thread 0x0000021f14d2c1d0 DEOPT UNPACKING pc=0x0000021f07586e43 sp=0x0000006b79bfb6f8 mode 0
Event: 10.737 Thread 0x0000021f14d2c1d0 Uncommon trap: trap_request=0xffffff45 fr.pc=0x0000021f07dec638 relative=0x0000000000000e98
Event: 10.737 Thread 0x0000021f14d2c1d0 Uncommon trap: reason=unstable_if action=reinterpret pc=0x0000021f07dec638 method=org.lombokweb.asm.MethodWriter.putMethodInfo(Lorg/lombokweb/asm/ByteVector;)V @ 136 c2
Event: 10.737 Thread 0x0000021f14d2c1d0 DEOPT PACKING pc=0x0000021f07dec638 sp=0x0000006b79bfc380
Event: 10.737 Thread 0x0000021f14d2c1d0 DEOPT UNPACKING pc=0x0000021f075866a3 sp=0x0000006b79bfc338 mode 2
Event: 10.764 Thread 0x0000021f14d2c1d0 DEOPT PACKING pc=0x0000021f01225829 sp=0x0000006b79bfc120
Event: 10.764 Thread 0x0000021f14d2c1d0 DEOPT UNPACKING pc=0x0000021f07586e43 sp=0x0000006b79bfb5e8 mode 0
Event: 10.767 Thread 0x0000021f14d2c1d0 DEOPT PACKING pc=0x0000021f00858ac3 sp=0x0000006b79bfe190
Event: 10.767 Thread 0x0000021f14d2c1d0 DEOPT UNPACKING pc=0x0000021f07586e43 sp=0x0000006b79bfd618 mode 0
Event: 10.822 Thread 0x0000021f14d2c1d0 DEOPT PACKING pc=0x0000021f007e3ca0 sp=0x0000006b79bf85a0
Event: 10.822 Thread 0x0000021f14d2c1d0 DEOPT UNPACKING pc=0x0000021f07586e43 sp=0x0000006b79bf7b48 mode 0
Event: 10.838 Thread 0x0000021f14d2c1d0 DEOPT PACKING pc=0x0000021f01225829 sp=0x0000006b79bf8bf0
Event: 10.838 Thread 0x0000021f14d2c1d0 DEOPT UNPACKING pc=0x0000021f07586e43 sp=0x0000006b79bf80b8 mode 0
Event: 10.914 Thread 0x0000021f14d2c1d0 Uncommon trap: trap_request=0xffffffde fr.pc=0x0000021f07e4b5ec relative=0x000000000000006c
Event: 10.914 Thread 0x0000021f14d2c1d0 Uncommon trap: reason=class_check action=maybe_recompile pc=0x0000021f07e4b5ec method=java.util.LinkedHashMap.afterNodeInsertion(Z)V @ 15 c2
Event: 10.914 Thread 0x0000021f14d2c1d0 DEOPT PACKING pc=0x0000021f07e4b5ec sp=0x0000006b79bfe9e0
Event: 10.914 Thread 0x0000021f14d2c1d0 DEOPT UNPACKING pc=0x0000021f075866a3 sp=0x0000006b79bfe958 mode 2

Classes unloaded (8 events):
Event: 3.871 Thread 0x0000021f7f600c20 Unloading class 0x0000000100252400 'java/lang/invoke/LambdaForm$MH+0x0000000100252400'
Event: 3.871 Thread 0x0000021f7f600c20 Unloading class 0x0000000100252000 'java/lang/invoke/LambdaForm$MH+0x0000000100252000'
Event: 3.871 Thread 0x0000021f7f600c20 Unloading class 0x0000000100251c00 'java/lang/invoke/LambdaForm$MH+0x0000000100251c00'
Event: 3.871 Thread 0x0000021f7f600c20 Unloading class 0x0000000100251800 'java/lang/invoke/LambdaForm$MH+0x0000000100251800'
Event: 3.871 Thread 0x0000021f7f600c20 Unloading class 0x0000000100251400 'java/lang/invoke/LambdaForm$BMH+0x0000000100251400'
Event: 3.871 Thread 0x0000021f7f600c20 Unloading class 0x0000000100251000 'java/lang/invoke/LambdaForm$DMH+0x0000000100251000'
Event: 3.871 Thread 0x0000021f7f600c20 Unloading class 0x000000010024c400 'java/lang/invoke/LambdaForm$DMH+0x000000010024c400'
Event: 6.993 Thread 0x0000021f7f600c20 Unloading class 0x0000000100638000 'jdk/internal/reflect/GeneratedSerializationConstructorAccessor26'

Classes redefined (0 events):
No events

Internal exceptions (20 events):
Event: 9.713 Thread 0x0000021f14d28000 Exception <a 'java/lang/NoSuchMethodError'{0x00000000ebf13ab8}: 'int java.lang.invoke.DirectMethodHandle$Holder.invokeSpecialIFC(java.lang.Object, java.lang.Object, java.lang.Object)'> (0x00000000ebf13ab8) 
thrown [s\src\hotspot\share\interpreter\linkResolver.cpp, line 759]
Event: 9.784 Thread 0x0000021f14d28000 Exception <a 'java/io/FileNotFoundException'{0x00000000ec5c61a8}> (0x00000000ec5c61a8) 
thrown [s\src\hotspot\share\prims\jni.cpp, line 516]
Event: 9.792 Thread 0x0000021f13cf6500 Exception <a 'java/io/FileNotFoundException'{0x00000000ec29f008}> (0x00000000ec29f008) 
thrown [s\src\hotspot\share\prims\jni.cpp, line 516]
Event: 9.792 Thread 0x0000021f14d28000 Exception <a 'java/io/FileNotFoundException'{0x00000000ec685548}> (0x00000000ec685548) 
thrown [s\src\hotspot\share\prims\jni.cpp, line 516]
Event: 9.792 Thread 0x0000021f13cf6500 Exception <a 'java/io/FileNotFoundException'{0x00000000ec2a0298}> (0x00000000ec2a0298) 
thrown [s\src\hotspot\share\prims\jni.cpp, line 516]
Event: 9.792 Thread 0x0000021f14d28000 Exception <a 'java/io/FileNotFoundException'{0x00000000ec686798}> (0x00000000ec686798) 
thrown [s\src\hotspot\share\prims\jni.cpp, line 516]
Event: 9.795 Thread 0x0000021f13cf55d0 Exception <a 'java/lang/NoSuchMethodError'{0x00000000ec6f5350}: 'java.lang.Object java.lang.invoke.DirectMethodHandle$Holder.invokeStatic(java.lang.Object, java.lang.Object, int, java.lang.Object)'> (0x00000000ec6f5350) 
thrown [s\src\hotspot\share\interpreter\linkResolver.cpp, line 759]
Event: 9.796 Thread 0x0000021f13cf55d0 Exception <a 'java/lang/NoSuchMethodError'{0x00000000ec6fc7c8}: 'java.lang.Object java.lang.invoke.DirectMethodHandle$Holder.newInvokeSpecial(java.lang.Object, java.lang.Object, int)'> (0x00000000ec6fc7c8) 
thrown [s\src\hotspot\share\interpreter\linkResolver.cpp, line 759]
Event: 9.797 Thread 0x0000021f14d28000 Implicit null exception at 0x0000021f07d7a9a6 to 0x0000021f07d7aba8
Event: 9.805 Thread 0x0000021f13cf6500 Exception <a 'java/lang/LinkageError'{0x00000000ec7be518}: loader lombok.launch.ShadowClassLoader @3e9abebf attempted duplicate class definition for lombok.launch.PatchFixesHider$Delegate. (lombok.launch.PatchFixesHider$Delegate is in unnamed module of loader lombok.launch.ShadowClassLoader @3e9abebf, parent loader org.eclipse.osgi.internal.loader.EquinoxClassLoader @44faf2e8)> (0x00000000ec7be518) 
thrown [s\src\hotspot\share\classfile\systemDictionary.cpp, line 1723]
Event: 10.016 Thread 0x0000021f14d28000 Implicit null exception at 0x0000021f07d6ad2c to 0x0000021f07d6ad8c
Event: 10.311 Thread 0x0000021f14d2a880 Exception <a 'java/lang/NoSuchMethodError'{0x00000000eacfbc00}: 'int java.lang.invoke.DirectMethodHandle$Holder.invokeStatic(java.lang.Object, int, java.lang.Object)'> (0x00000000eacfbc00) 
thrown [s\src\hotspot\share\interpreter\linkResolver.cpp, line 759]
Event: 10.359 Thread 0x0000021f14d2a880 Exception <a 'java/io/FileNotFoundException'{0x00000000eafa4a50}> (0x00000000eafa4a50) 
thrown [s\src\hotspot\share\prims\jni.cpp, line 516]
Event: 10.359 Thread 0x0000021f14d2a880 Exception <a 'java/io/FileNotFoundException'{0x00000000eafa5b30}> (0x00000000eafa5b30) 
thrown [s\src\hotspot\share\prims\jni.cpp, line 516]
Event: 10.359 Thread 0x0000021f14d2a880 Exception <a 'java/io/FileNotFoundException'{0x00000000eafa6890}> (0x00000000eafa6890) 
thrown [s\src\hotspot\share\prims\jni.cpp, line 516]
Event: 10.632 Thread 0x0000021f14d2c1d0 Exception <a 'java/lang/ArrayIndexOutOfBoundsException'{0x00000000eb60b288}> (0x00000000eb60b288) 
thrown [s\src\hotspot\share\runtime\sharedRuntime.cpp, line 631]
Event: 10.859 Thread 0x0000021f14d2c1d0 Exception <a 'java/lang/NoSuchMethodError'{0x00000000eb1e7d88}: 'void java.lang.invoke.DirectMethodHandle$Holder.invokeSpecial(java.lang.Object, java.lang.Object, int)'> (0x00000000eb1e7d88) 
thrown [s\src\hotspot\share\interpreter\linkResolver.cpp, line 759]
Event: 10.890 Thread 0x0000021f14d2c1d0 Exception <a 'java/lang/NoSuchMethodError'{0x00000000eb43d960}: 'java.lang.Object java.lang.invoke.DirectMethodHandle$Holder.invokeSpecial(java.lang.Object, java.lang.Object, long, java.lang.Object, java.lang.Object, java.lang.Object, java.lang.Object, java.lang.Object, java.lang.Object, java.lang.Object, java.lang.Object, java.lang.Object)'> (0x00000000eb43d960) 
thrown [s\src\hotspot\share\interpreter\linkResolver.cpp, line 759]
Event: 10.890 Thread 0x0000021f14d2c1d0 Exception <a 'java/lang/NoSuchMethodError'{0x00000000eb441ea8}: 'java.lang.Object java.lang.invoke.DelegatingMethodHandle$Holder.reinvoke_L(java.lang.Object, long, java.lang.Object, java.lang.Object, java.lang.Object, java.lang.Object, java.lang.Object, java.lang.Object, java.lang.Object, java.lang.Object, java.lang.Object)'> (0x00000000eb441ea8) 
thrown [s\src\hotspot\share\interpreter\linkResolver.cpp, line 759]
Event: 10.892 Thread 0x0000021f14d2c1d0 Exception <a 'java/lang/NoSuchMethodError'{0x00000000eb46faf8}: 'java.lang.Object java.lang.invoke.Invokers$Holder.linkToTargetMethod(java.lang.Object, java.lang.Object, java.lang.Object, java.lang.Object, java.lang.Object, java.lang.Object, java.lang.Object, java.lang.Object, java.lang.Object, java.lang.Object)'> (0x00000000eb46faf8) 
thrown [s\src\hotspot\share\interpreter\linkResolver.cpp, line 759]

VM Operations (20 events):
Event: 9.987 Executing VM operation: ICBufferFull
Event: 9.987 Executing VM operation: ICBufferFull done
Event: 10.026 Executing VM operation: HandshakeAllThreads
Event: 10.026 Executing VM operation: HandshakeAllThreads done
Event: 10.224 Executing VM operation: ICBufferFull
Event: 10.224 Executing VM operation: ICBufferFull done
Event: 10.232 Executing VM operation: ParallelGCFailedAllocation
Event: 10.239 Executing VM operation: ParallelGCFailedAllocation done
Event: 10.526 Executing VM operation: ICBufferFull
Event: 10.526 Executing VM operation: ICBufferFull done
Event: 10.542 Executing VM operation: HandshakeAllThreads
Event: 10.542 Executing VM operation: HandshakeAllThreads done
Event: 10.564 Executing VM operation: HandshakeAllThreads
Event: 10.564 Executing VM operation: HandshakeAllThreads done
Event: 10.575 Executing VM operation: ParallelGCFailedAllocation
Event: 10.580 Executing VM operation: ParallelGCFailedAllocation done
Event: 10.803 Executing VM operation: ParallelGCFailedAllocation
Event: 10.807 Executing VM operation: ParallelGCFailedAllocation done
Event: 10.844 Executing VM operation: HandshakeAllThreads
Event: 10.844 Executing VM operation: HandshakeAllThreads done

Events (20 events):
Event: 9.709 loading class java/util/stream/ReduceOps$4ReducingSink
Event: 9.710 loading class java/util/stream/ReduceOps$4ReducingSink done
Event: 9.793 loading class java/util/concurrent/ForkJoinTask$AdaptedCallable
Event: 9.793 loading class java/util/concurrent/ForkJoinTask$AdaptedCallable done
Event: 9.793 loading class java/util/concurrent/CountedCompleter
Event: 9.794 loading class java/util/concurrent/CountedCompleter done
Event: 10.546 Thread 0x0000021f7f63fb10 flushing nmethod 0x0000021f0037be10
Event: 10.550 Thread 0x0000021f7f63fb10 flushing nmethod 0x0000021f00bd1790
Event: 10.550 Thread 0x0000021f7f63fb10 flushing nmethod 0x0000021f00bdf710
Event: 10.745 loading class jdk/internal/ref/CleanerImpl$InnocuousThreadFactory
Event: 10.745 loading class jdk/internal/ref/CleanerImpl$InnocuousThreadFactory done
Event: 10.745 Thread 0x0000021f15b4a7f0 Thread added: 0x0000021f15b4a7f0
Event: 10.885 loading class java/lang/invoke/BoundMethodHandle$Species_LLLLLLLLLL
Event: 10.885 loading class java/lang/invoke/BoundMethodHandle$Species_LLLLLLLLLL done
Event: 10.886 loading class java/lang/invoke/BoundMethodHandle$Species_LLLLLLLLLLL
Event: 10.886 loading class java/lang/invoke/BoundMethodHandle$Species_LLLLLLLLLLL done
Event: 10.889 loading class java/lang/invoke/BoundMethodHandle$Species_LLLLLLLLLLLL
Event: 10.889 loading class java/lang/invoke/BoundMethodHandle$Species_LLLLLLLLLLLL done
Event: 10.890 loading class java/lang/invoke/BoundMethodHandle$Species_LLLLLLLLLLLLL
Event: 10.890 loading class java/lang/invoke/BoundMethodHandle$Species_LLLLLLLLLLLLL done


Dynamic libraries:
0x00007ff7d2f90000 - 0x00007ff7d2f9e000 	c:\Users\Admin\.vscode\extensions\redhat.java-1.32.0-win32-x64\jre\17.0.11-win32-x86_64\bin\java.exe
0x00007ffd11930000 - 0x00007ffd11b25000 	C:\Windows\SYSTEM32\ntdll.dll
0x00007ffd0fa00000 - 0x00007ffd0fabe000 	C:\Windows\System32\KERNEL32.DLL
0x00007ffd0f370000 - 0x00007ffd0f638000 	C:\Windows\System32\KERNELBASE.dll
0x00007ffd0f640000 - 0x00007ffd0f740000 	C:\Windows\System32\ucrtbase.dll
0x00007ffcfc540000 - 0x00007ffcfc557000 	c:\Users\Admin\.vscode\extensions\redhat.java-1.32.0-win32-x64\jre\17.0.11-win32-x86_64\bin\jli.dll
0x00007ffd03e90000 - 0x00007ffd03eab000 	c:\Users\Admin\.vscode\extensions\redhat.java-1.32.0-win32-x64\jre\17.0.11-win32-x86_64\bin\VCRUNTIME140.dll
0x00007ffd0fbf0000 - 0x00007ffd0fd90000 	C:\Windows\System32\USER32.dll
0x00007ffcf76c0000 - 0x00007ffcf795a000 	C:\Windows\WinSxS\amd64_microsoft.windows.common-controls_6595b64144ccf1df_6.0.19041.1110_none_60b5254171f9507e\COMCTL32.dll
0x00007ffd0f040000 - 0x00007ffd0f062000 	C:\Windows\System32\win32u.dll
0x00007ffd0fad0000 - 0x00007ffd0fb6e000 	C:\Windows\System32\msvcrt.dll
0x00007ffd101b0000 - 0x00007ffd101db000 	C:\Windows\System32\GDI32.dll
0x00007ffd0f7e0000 - 0x00007ffd0f8ed000 	C:\Windows\System32\gdi32full.dll
0x00007ffd0f170000 - 0x00007ffd0f20d000 	C:\Windows\System32\msvcp_win.dll
0x00007ffd10620000 - 0x00007ffd10650000 	C:\Windows\System32\IMM32.DLL
0x00007ffd04ba0000 - 0x00007ffd04bac000 	c:\Users\Admin\.vscode\extensions\redhat.java-1.32.0-win32-x64\jre\17.0.11-win32-x86_64\bin\vcruntime140_1.dll
0x00007ffcc0550000 - 0x00007ffcc05dd000 	c:\Users\Admin\.vscode\extensions\redhat.java-1.32.0-win32-x64\jre\17.0.11-win32-x86_64\bin\msvcp140.dll
0x00007ffca3700000 - 0x00007ffca4362000 	c:\Users\Admin\.vscode\extensions\redhat.java-1.32.0-win32-x64\jre\17.0.11-win32-x86_64\bin\server\jvm.dll
0x00007ffd11220000 - 0x00007ffd112ce000 	C:\Windows\System32\ADVAPI32.dll
0x00007ffd117a0000 - 0x00007ffd1183c000 	C:\Windows\System32\sechost.dll
0x00007ffd10330000 - 0x00007ffd10455000 	C:\Windows\System32\RPCRT4.dll
0x00007ffcf7b20000 - 0x00007ffcf7b47000 	C:\Windows\SYSTEM32\WINMM.dll
0x00007ffd05210000 - 0x00007ffd0521a000 	C:\Windows\SYSTEM32\VERSION.dll
0x00007ffd0e600000 - 0x00007ffd0e64b000 	C:\Windows\SYSTEM32\POWRPROF.dll
0x00007ffd08810000 - 0x00007ffd08819000 	C:\Windows\SYSTEM32\WSOCK32.dll
0x00007ffd102c0000 - 0x00007ffd1032b000 	C:\Windows\System32\WS2_32.dll
0x00007ffd0e470000 - 0x00007ffd0e482000 	C:\Windows\SYSTEM32\UMPDC.dll
0x00007ffd0d8c0000 - 0x00007ffd0d8d2000 	C:\Windows\SYSTEM32\kernel.appcore.dll
0x00007ffcf8630000 - 0x00007ffcf863a000 	c:\Users\Admin\.vscode\extensions\redhat.java-1.32.0-win32-x64\jre\17.0.11-win32-x86_64\bin\jimage.dll
0x00007ffd0c820000 - 0x00007ffd0ca04000 	C:\Windows\SYSTEM32\DBGHELP.DLL
0x00007ffcfd4c0000 - 0x00007ffcfd4ec000 	C:\Windows\SYSTEM32\dbgcore.DLL
0x00007ffd0f8f0000 - 0x00007ffd0f972000 	C:\Windows\System32\bcryptPrimitives.dll
0x00007ffcf5ed0000 - 0x00007ffcf5ede000 	c:\Users\Admin\.vscode\extensions\redhat.java-1.32.0-win32-x64\jre\17.0.11-win32-x86_64\bin\instrument.dll
0x00007ffceba80000 - 0x00007ffcebaa5000 	c:\Users\Admin\.vscode\extensions\redhat.java-1.32.0-win32-x64\jre\17.0.11-win32-x86_64\bin\java.dll
0x00007ffcef8d0000 - 0x00007ffcef8e8000 	c:\Users\Admin\.vscode\extensions\redhat.java-1.32.0-win32-x64\jre\17.0.11-win32-x86_64\bin\zip.dll
0x00007ffd10ad0000 - 0x00007ffd11214000 	C:\Windows\System32\SHELL32.dll
0x00007ffd0d110000 - 0x00007ffd0d8a4000 	C:\Windows\SYSTEM32\windows.storage.dll
0x00007ffd0fd90000 - 0x00007ffd100e5000 	C:\Windows\System32\combase.dll
0x00007ffd0ea90000 - 0x00007ffd0eabe000 	C:\Windows\SYSTEM32\Wldp.dll
0x00007ffd116f0000 - 0x00007ffd1179d000 	C:\Windows\System32\SHCORE.dll
0x00007ffd100f0000 - 0x00007ffd10145000 	C:\Windows\System32\shlwapi.dll
0x00007ffd0ef80000 - 0x00007ffd0ef9f000 	C:\Windows\SYSTEM32\profapi.dll
0x00007ffceef80000 - 0x00007ffceef99000 	C:\Users\Admin\.vscode\extensions\redhat.java-1.32.0-win32-x64\jre\17.0.11-win32-x86_64\bin\net.dll
0x00007ffd06da0000 - 0x00007ffd06eac000 	C:\Windows\SYSTEM32\WINHTTP.dll
0x00007ffd0e7f0000 - 0x00007ffd0e85a000 	C:\Windows\system32\mswsock.dll
0x00007ffcebf50000 - 0x00007ffcebf66000 	C:\Users\Admin\.vscode\extensions\redhat.java-1.32.0-win32-x64\jre\17.0.11-win32-x86_64\bin\nio.dll
0x00007ffcefcf0000 - 0x00007ffcefd00000 	c:\Users\Admin\.vscode\extensions\redhat.java-1.32.0-win32-x64\jre\17.0.11-win32-x86_64\bin\verify.dll
0x00007ffce3150000 - 0x00007ffce3194000 	C:\Users\Admin\AppData\Roaming\Code\User\globalStorage\redhat.java\1.32.0\config_win\org.eclipse.equinox.launcher\org.eclipse.equinox.launcher.win32.win32.x86_64_1.2.1100.v20240613-2013\eclipse_11903.dll
0x00007ffd113f0000 - 0x00007ffd1151a000 	C:\Windows\System32\ole32.dll
0x00007ffd0e9e0000 - 0x00007ffd0e9f8000 	C:\Windows\SYSTEM32\CRYPTSP.dll
0x00007ffd0e100000 - 0x00007ffd0e134000 	C:\Windows\system32\rsaenh.dll
0x00007ffd0f7b0000 - 0x00007ffd0f7d7000 	C:\Windows\System32\bcrypt.dll
0x00007ffd0ef00000 - 0x00007ffd0ef2e000 	C:\Windows\SYSTEM32\USERENV.dll
0x00007ffd0ea00000 - 0x00007ffd0ea0c000 	C:\Windows\SYSTEM32\CRYPTBASE.dll
0x00007ffd0e490000 - 0x00007ffd0e4cb000 	C:\Windows\SYSTEM32\IPHLPAPI.DLL
0x00007ffd0fac0000 - 0x00007ffd0fac8000 	C:\Windows\System32\NSI.dll
0x00007ffd04ad0000 - 0x00007ffd04ae7000 	C:\Windows\SYSTEM32\dhcpcsvc6.DLL
0x00007ffd05220000 - 0x00007ffd0523d000 	C:\Windows\SYSTEM32\dhcpcsvc.DLL
0x00007ffd0e4e0000 - 0x00007ffd0e5ab000 	C:\Windows\SYSTEM32\DNSAPI.dll
0x00007ffce2180000 - 0x00007ffce21c5000 	C:\Users\Admin\AppData\Local\Temp\jna-63116079\jna8122842473523732004.dll
0x00007ffd11520000 - 0x00007ffd11528000 	C:\Windows\System32\PSAPI.DLL

dbghelp: loaded successfully - version: 4.0.5 - missing functions: none
symbol engine: initialized successfully - sym options: 0x614 - pdb path: .;c:\Users\Admin\.vscode\extensions\redhat.java-1.32.0-win32-x64\jre\17.0.11-win32-x86_64\bin;C:\Windows\SYSTEM32;C:\Windows\WinSxS\amd64_microsoft.windows.common-controls_6595b64144ccf1df_6.0.19041.1110_none_60b5254171f9507e;c:\Users\Admin\.vscode\extensions\redhat.java-1.32.0-win32-x64\jre\17.0.11-win32-x86_64\bin\server;C:\Users\Admin\AppData\Roaming\Code\User\globalStorage\redhat.java\1.32.0\config_win\org.eclipse.equinox.launcher\org.eclipse.equinox.launcher.win32.win32.x86_64_1.2.1100.v20240613-2013;C:\Users\Admin\AppData\Local\Temp\jna-63116079

VM Arguments:
jvm_args: --add-modules=ALL-SYSTEM --add-opens=java.base/java.util=ALL-UNNAMED --add-opens=java.base/java.lang=ALL-UNNAMED --add-opens=java.base/sun.nio.fs=ALL-UNNAMED -Declipse.application=org.eclipse.jdt.ls.core.id1 -Dosgi.bundles.defaultStartLevel=4 -Declipse.product=org.eclipse.jdt.ls.core.product -Djava.import.generatesMetadataFilesAtProjectRoot=false -DDetectVMInstallationsJob.disabled=true -Dfile.encoding=utf8 -XX:+UseParallelGC -XX:GCTimeRatio=4 -XX:AdaptiveSizePolicyWeight=90 -Dsun.zip.disableMemoryMapping=true -Xmx1G -Xms100m -Xlog:disable -javaagent:c:\Users\Admin\.vscode\extensions\redhat.java-1.32.0-win32-x64\lombok\lombok-1.18.33.jar -XX:+HeapDumpOnOutOfMemoryError -XX:HeapDumpPath=c:\Users\Admin\AppData\Roaming\Code\User\workspaceStorage\faa07c1136f37295ddb157fce019f871\redhat.java -Daether.dependencyCollector.impl=bf 
java_command: c:\Users\Admin\.vscode\extensions\redhat.java-1.32.0-win32-x64\server\plugins\org.eclipse.equinox.launcher_1.6.900.v20240613-2009.jar -configuration c:\Users\Admin\AppData\Roaming\Code\User\globalStorage\redhat.java\1.32.0\config_win -data c:\Users\Admin\AppData\Roaming\Code\User\workspaceStorage\faa07c1136f37295ddb157fce019f871\redhat.java\jdt_ws --pipe=\\.\pipe\lsp-de153b4d3869b23a875aea77149d740a-sock
java_class_path (initial): c:\Users\Admin\.vscode\extensions\redhat.java-1.32.0-win32-x64\server\plugins\org.eclipse.equinox.launcher_1.6.900.v20240613-2009.jar
Launcher Type: SUN_STANDARD

[Global flags]
    uintx AdaptiveSizePolicyWeight                 = 90                                        {product} {command line}
     intx CICompilerCount                          = 4                                         {product} {ergonomic}
    uintx GCTimeRatio                              = 4                                         {product} {command line}
     bool HeapDumpOnOutOfMemoryError               = true                                   {manageable} {command line}
    ccstr HeapDumpPath                             = c:\Users\Admin\AppData\Roaming\Code\User\workspaceStorage\faa07c1136f37295ddb157fce019f871\redhat.java         {manageable} {command line}
   size_t InitialHeapSize                          = 104857600                                 {product} {command line}
   size_t MaxHeapSize                              = 1073741824                                {product} {command line}
   size_t MaxNewSize                               = 357564416                                 {product} {ergonomic}
   size_t MinHeapDeltaBytes                        = 524288                                    {product} {ergonomic}
   size_t MinHeapSize                              = 104857600                                 {product} {command line}
   size_t NewSize                                  = 34603008                                  {product} {ergonomic}
    uintx NonNMethodCodeHeapSize                   = 5839372                                {pd product} {ergonomic}
    uintx NonProfiledCodeHeapSize                  = 122909434                              {pd product} {ergonomic}
   size_t OldSize                                  = 70254592                                  {product} {ergonomic}
    uintx ProfiledCodeHeapSize                     = 122909434                              {pd product} {ergonomic}
    uintx ReservedCodeCacheSize                    = 251658240                              {pd product} {ergonomic}
     bool SegmentedCodeCache                       = true                                      {product} {ergonomic}
   size_t SoftMaxHeapSize                          = 1073741824                             {manageable} {ergonomic}
     bool UseCompressedClassPointers               = true                           {product lp64_product} {ergonomic}
     bool UseCompressedOops                        = true                           {product lp64_product} {ergonomic}
     bool UseLargePagesIndividualAllocation        = false                                  {pd product} {ergonomic}
     bool UseParallelGC                            = true                                      {product} {command line}

Logging:
Log output configuration:
 #0: stdout all=off uptime,level,tags
 #1: stderr all=off uptime,level,tags

Environment Variables:
JAVA_HOME=C:\Program Files\Java\jdk-17
PATH=C:\Program Files\Common Files\Oracle\Java\javapath;C:\Windows\system32;C:\Windows;C:\Windows\System32\Wbem;C:\Windows\System32\WindowsPowerShell\v1.0\;C:\Windows\System32\OpenSSH\;C:\Program Files\Git\cmd;C:\Program Files\MySQL\MySQL Server 8.0\bin;C:\Program Files\MySQL\MySQL Shell 8.0\bin\;C:\Users\Admin\AppData\Local\Microsoft\WindowsApps;C:\Users\Admin\AppData\Local\Programs\Microsoft VS Code\bin
USERNAME=Admin
OS=Windows_NT
PROCESSOR_IDENTIFIER=Intel64 Family 6 Model 165 Stepping 2, GenuineIntel
TMP=C:\Users\Admin\AppData\Local\Temp
TEMP=C:\Users\Admin\AppData\Local\Temp



Periodic native trim disabled


---------------  S Y S T E M  ---------------

OS:
 Windows 10 , 64 bit Build 19041 (10.0.19041.1503)
OS uptime: 0 days 23:58 hours

CPU: total 8 (initial active 8) (4 cores per cpu, 2 threads per core) family 6 model 165 stepping 2 microcode 0xc8, cx8, cmov, fxsr, ht, mmx, 3dnowpref, sse, sse2, sse3, ssse3, sse4.1, sse4.2, popcnt, lzcnt, tsc, tscinvbit, avx, avx2, aes, erms, clmul, bmi1, bmi2, adx, fma, vzeroupper, clflush, clflushopt
Processor Information for all 8 processors :
  Max Mhz: 2496, Current Mhz: 2496, Mhz Limit: 2496

Memory: 4k page, system-wide physical 7979M (346M free)
TotalPageFile size 13099M (AvailPageFile size 1M)
current process WorkingSet (physical memory assigned to process): 369M, peak: 369M
current process commit charge ("private bytes"): 473M, peak: 951M

vm_info: OpenJDK 64-Bit Server VM (17.0.11+9) for windows-amd64 JRE (17.0.11+9), built on Apr 17 2024 06:07:48 by "admin" with MS VC++ 16.10 / 16.11 (VS2019)

END.
