#
# There is insufficient memory for the Java Runtime Environment to continue.
# Native memory allocation (malloc) failed to allocate 2097152 bytes. Error detail: AllocateHeap
# Possible reasons:
#   The system is out of physical RAM or swap space
#   This process is running with CompressedOops enabled, and the Java Heap may be blocking the growth of the native heap
# Possible solutions:
#   Reduce memory load on the system
#   Increase physical memory or swap space
#   Check if swap backing store is full
#   Decrease Java heap size (-Xmx/-Xms)
#   Decrease number of Java threads
#   Decrease Java thread stack sizes (-Xss)
#   Set larger code cache with -XX:ReservedCodeCacheSize=
#   JVM is running with Unscaled Compressed Oops mode in which the Java heap is
#     placed in the first 4GB address space. The Java Heap base address is the
#     maximum limit for the native heap growth. Please use -XX:HeapBaseMinAddress
#     to set the Java Heap base and to place the Java Heap above 4GB virtual address.
# This output file may be truncated or incomplete.
#
#  Out of Memory Error (allocation.cpp:44), pid=9200, tid=7184
#
# JRE version: OpenJDK Runtime Environment Temurin-17.0.11+9 (17.0.11+9) (build 17.0.11+9)
# Java VM: OpenJDK 64-Bit Server VM Temurin-17.0.11+9 (17.0.11+9, mixed mode, emulated-client, tiered, compressed oops, compressed class ptrs, g1 gc, windows-amd64)
# No core dump will be written. Minidumps are not enabled by default on client versions of Windows
#

---------------  S U M M A R Y ------------

Command Line: -Xmx1024m -Dsts.lsp.client=vscode -Dsts.log.file=/dev/null -XX:TieredStopAtLevel=1 -Xlog:jni+resolve=off -Dspring.config.location=file:c:\Users\Admin\.vscode\extensions\vmware.vscode-spring-boot-1.55.1\language-server\BOOT-INF\classes\application.properties org.springframework.ide.vscode.boot.app.BootLanguageServerBootApp

Host: Intel(R) Core(TM) i5-10300H CPU @ 2.50GHz, 8 cores, 7G,  Windows 10 , 64 bit Build 19041 (10.0.19041.1503)
Time: Fri Jul 19 19:16:33 2024 SE Asia Standard Time elapsed time: 1077.415311 seconds (0d 0h 17m 57s)

---------------  T H R E A D  ---------------

Current thread (0x000001f810b29520):  VMThread "VM Thread" [stack: 0x000000084ec00000,0x000000084ed00000] [id=7184]

Stack: [0x000000084ec00000,0x000000084ed00000]
Native frames: (J=compiled Java code, j=interpreted, Vv=VM code, C=native code)
V  [jvm.dll+0x67d429]
V  [jvm.dll+0x834b7a]
V  [jvm.dll+0x83663e]
V  [jvm.dll+0x836ca3]
V  [jvm.dll+0x247dbf]
V  [jvm.dll+0xa6cb3]
V  [jvm.dll+0x2f8b61]
V  [jvm.dll+0x2f4750]
V  [jvm.dll+0x2dcf67]
V  [jvm.dll+0x31fb67]
V  [jvm.dll+0x83b19b]
V  [jvm.dll+0x83bed2]
V  [jvm.dll+0x83c3ed]
V  [jvm.dll+0x83c7c4]
V  [jvm.dll+0x83c890]
V  [jvm.dll+0x7e410a]
V  [jvm.dll+0x67c315]
C  [ucrtbase.dll+0x21bb2]
C  [KERNEL32.DLL+0x17034]
C  [ntdll.dll+0x52651]

VM_Operation (0x00000008504ff1d0): G1CollectFull, mode: safepoint, requested by thread 0x000001f81679bcd0


---------------  P R O C E S S  ---------------

Threads class SMR info:
_java_thread_list=0x000001f81739f160, length=27, elements={
0x000001f810b3f390, 0x000001f810b41f60, 0x000001f81500a0c0, 0x000001f81500caa0,
0x000001f81500d460, 0x000001f81500de20, 0x000001f81500f7b0, 0x000001f810b653f0,
0x000001f815206c40, 0x000001f815215f10, 0x000001f8166fbb60, 0x000001f81679bcd0,
0x000001f8166af6b0, 0x000001f805d07bf0, 0x000001f816756840, 0x000001f8168533d0,
0x000001f8168824e0, 0x000001f816881ac0, 0x000001f8168829f0, 0x000001f816883920,
0x000001f816883410, 0x000001f816883e30, 0x000001f816882f00, 0x000001f816896770,
0x000001f816895330, 0x000001f816892fc0, 0x000001f816896260
}

Java Threads: ( => current thread )
  0x000001f810b3f390 JavaThread "Reference Handler" daemon [_thread_blocked, id=7720, stack(0x000000084ed00000,0x000000084ee00000)]
  0x000001f810b41f60 JavaThread "Finalizer" daemon [_thread_blocked, id=3368, stack(0x000000084ee00000,0x000000084ef00000)]
  0x000001f81500a0c0 JavaThread "Signal Dispatcher" daemon [_thread_blocked, id=4356, stack(0x000000084ef00000,0x000000084f000000)]
  0x000001f81500caa0 JavaThread "Attach Listener" daemon [_thread_blocked, id=2904, stack(0x000000084f000000,0x000000084f100000)]
  0x000001f81500d460 JavaThread "Service Thread" daemon [_thread_blocked, id=8840, stack(0x000000084f100000,0x000000084f200000)]
  0x000001f81500de20 JavaThread "Monitor Deflation Thread" daemon [_thread_blocked, id=3508, stack(0x000000084f200000,0x000000084f300000)]
  0x000001f81500f7b0 JavaThread "C1 CompilerThread0" daemon [_thread_blocked, id=7064, stack(0x000000084f300000,0x000000084f400000)]
  0x000001f810b653f0 JavaThread "Sweeper thread" daemon [_thread_blocked, id=12832, stack(0x000000084f400000,0x000000084f500000)]
  0x000001f815206c40 JavaThread "Notification Thread" daemon [_thread_blocked, id=9448, stack(0x000000084f600000,0x000000084f700000)]
  0x000001f815215f10 JavaThread "Common-Cleaner" daemon [_thread_blocked, id=2028, stack(0x000000084f800000,0x000000084f900000)]
  0x000001f8166fbb60 JavaThread "boundedElastic-evictor-1" daemon [_thread_blocked, id=7428, stack(0x0000000850000000,0x0000000850100000)]
  0x000001f81679bcd0 JavaThread "pool-13-thread-1" [_thread_blocked, id=13832, stack(0x0000000850400000,0x0000000850500000)]
  0x000001f8166af6b0 JavaThread "LanguageServerApp-lifecycle" [_thread_blocked, id=1656, stack(0x0000000850500000,0x0000000850600000)]
  0x000001f805d07bf0 JavaThread "DestroyJavaVM" [_thread_blocked, id=13432, stack(0x000000084e600000,0x000000084e700000)]
  0x000001f816756840 JavaThread "pool-14-thread-1" [_thread_in_native, id=11520, stack(0x0000000850600000,0x0000000850700000)]
  0x000001f8168533d0 JavaThread "Simple-Language-Server main thread" daemon [_thread_blocked, id=6888, stack(0x0000000850700000,0x0000000850800000)]
  0x000001f8168824e0 JavaThread "parallel-1" daemon [_thread_blocked, id=12140, stack(0x0000000850a00000,0x0000000850b00000)]
  0x000001f816881ac0 JavaThread "pool-8-thread-1" [_thread_blocked, id=11688, stack(0x0000000850b00000,0x0000000850c00000)]
  0x000001f8168829f0 JavaThread "parallel-2" daemon [_thread_blocked, id=7680, stack(0x0000000850c00000,0x0000000850d00000)]
  0x000001f816883920 JavaThread "pool-6-thread-1" [_thread_blocked, id=3032, stack(0x0000000850d00000,0x0000000850e00000)]
  0x000001f816883410 JavaThread "parallel-3" daemon [_thread_blocked, id=8208, stack(0x0000000850e00000,0x0000000850f00000)]
  0x000001f816883e30 JavaThread "parallel-4" daemon [_thread_blocked, id=11696, stack(0x0000000850f00000,0x0000000851000000)]
  0x000001f816882f00 JavaThread "parallel-5" daemon [_thread_blocked, id=10888, stack(0x0000000851000000,0x0000000851100000)]
  0x000001f816896770 JavaThread "parallel-6" daemon [_thread_blocked, id=3904, stack(0x0000000851500000,0x0000000851600000)]
  0x000001f816895330 JavaThread "parallel-7" daemon [_thread_blocked, id=2040, stack(0x0000000851600000,0x0000000851700000)]
  0x000001f816892fc0 JavaThread "parallel-8" daemon [_thread_blocked, id=13404, stack(0x0000000851700000,0x0000000851800000)]
  0x000001f816896260 JavaThread "Reconciler-1" daemon [_thread_blocked, id=7596, stack(0x0000000851800000,0x0000000851900000)]

Other Threads:
=>0x000001f810b29520 VMThread "VM Thread" [stack: 0x000000084ec00000,0x000000084ed00000] [id=7184]
  0x000001f815207120 WatcherThread [stack: 0x000000084f700000,0x000000084f800000] [id=5528]
  0x000001f805d43fa0 GCTaskThread "GC Thread#0" [stack: 0x000000084e700000,0x000000084e800000] [id=12440]
  0x000001f815af7120 GCTaskThread "GC Thread#1" [stack: 0x000000084f900000,0x000000084fa00000] [id=9708]
  0x000001f815c9e050 GCTaskThread "GC Thread#2" [stack: 0x000000084fa00000,0x000000084fb00000] [id=3016]
  0x000001f815ca7700 GCTaskThread "GC Thread#3" [stack: 0x000000084fb00000,0x000000084fc00000] [id=9100]
  0x000001f815e17370 GCTaskThread "GC Thread#4" [stack: 0x000000084fc00000,0x000000084fd00000] [id=1464]
  0x000001f815ebc8e0 GCTaskThread "GC Thread#5" [stack: 0x000000084fd00000,0x000000084fe00000] [id=7576]
  0x000001f816281cb0 GCTaskThread "GC Thread#6" [stack: 0x0000000850100000,0x0000000850200000] [id=12620]
  0x000001f816282b90 GCTaskThread "GC Thread#7" [stack: 0x0000000850200000,0x0000000850300000] [id=280]
  0x000001f805d4cd90 ConcurrentGCThread "G1 Main Marker" [stack: 0x000000084e800000,0x000000084e900000] [id=12268]
  0x000001f805d4ddf0 ConcurrentGCThread "G1 Conc#0" [stack: 0x000000084e900000,0x000000084ea00000] [id=7736]
  0x000001f8161bcfc0 ConcurrentGCThread "G1 Conc#1" [stack: 0x0000000850300000,0x0000000850400000] [id=2224]
  0x000001f805db5c00 ConcurrentGCThread "G1 Refine#0" [stack: 0x000000084ea00000,0x000000084eb00000] [id=3560]
  0x000001f805db64d0 ConcurrentGCThread "G1 Service" [stack: 0x000000084eb00000,0x000000084ec00000] [id=6360]

Threads with active compile tasks:

VM state: at safepoint (normal execution)

VM Mutex/Monitor currently owned by a thread:  ([mutex/lock_event])
[0x000001f803ac4ea0] Threads_lock - owner thread: 0x000001f810b29520
[0x000001f805d07160] Heap_lock - owner thread: 0x000001f81679bcd0

Heap address: 0x00000000c0000000, size: 1024 MB, Compressed Oops mode: 32-bit

CDS archive(s) not mapped
Compressed class space mapped at: 0x0000000100000000-0x0000000140000000, reserved size: 1073741824
Narrow klass base: 0x0000000000000000, Narrow klass shift: 3, Narrow klass range: 0x140000000

GC Precious Log:
 CPUs: 8 total, 8 available
 Memory: 7979M
 Large Page Support: Disabled
 NUMA Support: Disabled
 Compressed Oops: Enabled (32-bit)
 Heap Region Size: 1M
 Heap Min Capacity: 8M
 Heap Initial Capacity: 126M
 Heap Max Capacity: 1G
 Pre-touch: Disabled
 Parallel Workers: 8
 Concurrent Workers: 2
 Concurrent Refinement Workers: 8
 Periodic GC: Disabled

Heap:
 garbage-first heap   total 91136K, used 39956K [0x00000000c0000000, 0x0000000100000000)
  region size 1024K, 1 young (1024K), 0 survivors (0K)
 Metaspace       used 60794K, committed 61184K, reserved 1114112K
  class space    used 7592K, committed 7744K, reserved 1048576K

Heap Regions: E=young(eden), S=young(survivor), O=old, HS=humongous(starts), HC=humongous(continues), CS=collection set, F=free, OA=open archive, CA=closed archive, TAMS=top-at-mark-start (previous, next)
|   0|0x00000000c0000000, 0x00000000c0100000, 0x00000000c0100000|100%|HS|  |TAMS 0x00000000c0100000, 0x00000000c0000000| Untracked 
|   1|0x00000000c0100000, 0x00000000c0200000, 0x00000000c0200000|100%|HC|  |TAMS 0x00000000c0200000, 0x00000000c0100000| Untracked 
|   2|0x00000000c0200000, 0x00000000c0300000, 0x00000000c0300000|100%|HC|  |TAMS 0x00000000c0300000, 0x00000000c0200000| Untracked 
|   3|0x00000000c0300000, 0x00000000c0400000, 0x00000000c0400000|100%|HC|  |TAMS 0x00000000c0400000, 0x00000000c0300000| Untracked 
|   4|0x00000000c0400000, 0x00000000c0500000, 0x00000000c0500000|100%|HS|  |TAMS 0x00000000c0500000, 0x00000000c0400000| Untracked 
|   5|0x00000000c0500000, 0x00000000c0600000, 0x00000000c0600000|100%|HC|  |TAMS 0x00000000c0600000, 0x00000000c0500000| Untracked 
|   6|0x00000000c0600000, 0x00000000c0700000, 0x00000000c0700000|100%| O|  |TAMS 0x00000000c0700000, 0x00000000c0600000| Untracked 
|   7|0x00000000c0700000, 0x00000000c0800000, 0x00000000c0800000|100%| O|  |TAMS 0x00000000c0800000, 0x00000000c0700000| Untracked 
|   8|0x00000000c0800000, 0x00000000c08fffe8, 0x00000000c0900000| 99%| O|  |TAMS 0x00000000c08fffe8, 0x00000000c0800000| Untracked 
|   9|0x00000000c0900000, 0x00000000c0a00000, 0x00000000c0a00000|100%| O|  |TAMS 0x00000000c0a00000, 0x00000000c0900000| Untracked 
|  10|0x00000000c0a00000, 0x00000000c0b00000, 0x00000000c0b00000|100%| O|  |TAMS 0x00000000c0b00000, 0x00000000c0a00000| Untracked 
|  11|0x00000000c0b00000, 0x00000000c0bffff8, 0x00000000c0c00000| 99%| O|  |TAMS 0x00000000c0bffff8, 0x00000000c0b00000| Untracked 
|  12|0x00000000c0c00000, 0x00000000c0cffff8, 0x00000000c0d00000| 99%| O|  |TAMS 0x00000000c0cffff8, 0x00000000c0c00000| Untracked 
|  13|0x00000000c0d00000, 0x00000000c0e00000, 0x00000000c0e00000|100%| O|  |TAMS 0x00000000c0e00000, 0x00000000c0d00000| Untracked 
|  14|0x00000000c0e00000, 0x00000000c0f00000, 0x00000000c0f00000|100%| O|  |TAMS 0x00000000c0f00000, 0x00000000c0e00000| Untracked 
|  15|0x00000000c0f00000, 0x00000000c0fffff8, 0x00000000c1000000| 99%| O|  |TAMS 0x00000000c0fffff8, 0x00000000c0f00000| Untracked 
|  16|0x00000000c1000000, 0x00000000c10fffe0, 0x00000000c1100000| 99%| O|  |TAMS 0x00000000c10fffe0, 0x00000000c1000000| Untracked 
|  17|0x00000000c1100000, 0x00000000c11fff08, 0x00000000c1200000| 99%| O|  |TAMS 0x00000000c11fff08, 0x00000000c1100000| Untracked 
|  18|0x00000000c1200000, 0x00000000c12ffff8, 0x00000000c1300000| 99%| O|  |TAMS 0x00000000c12ffff8, 0x00000000c1200000| Untracked 
|  19|0x00000000c1300000, 0x00000000c13ffcf0, 0x00000000c1400000| 99%| O|  |TAMS 0x00000000c13ffcf0, 0x00000000c1300000| Untracked 
|  20|0x00000000c1400000, 0x00000000c14ffff0, 0x00000000c1500000| 99%| O|  |TAMS 0x00000000c14ffff0, 0x00000000c1400000| Untracked 
|  21|0x00000000c1500000, 0x00000000c15ffff0, 0x00000000c1600000| 99%| O|  |TAMS 0x00000000c15ffff0, 0x00000000c1500000| Untracked 
|  22|0x00000000c1600000, 0x00000000c16fffe8, 0x00000000c1700000| 99%| O|  |TAMS 0x00000000c16fffe8, 0x00000000c1600000| Untracked 
|  23|0x00000000c1700000, 0x00000000c17fffe0, 0x00000000c1800000| 99%| O|  |TAMS 0x00000000c17fffe0, 0x00000000c1700000| Untracked 
|  24|0x00000000c1800000, 0x00000000c1900000, 0x00000000c1900000|100%| O|  |TAMS 0x00000000c1900000, 0x00000000c1800000| Untracked 
|  25|0x00000000c1900000, 0x00000000c19fffb0, 0x00000000c1a00000| 99%| O|  |TAMS 0x00000000c19fffb0, 0x00000000c1900000| Untracked 
|  26|0x00000000c1a00000, 0x00000000c1afe298, 0x00000000c1b00000| 99%| O|  |TAMS 0x00000000c1afe298, 0x00000000c1a00000| Untracked 
|  27|0x00000000c1b00000, 0x00000000c1c00000, 0x00000000c1c00000|100%| O|  |TAMS 0x00000000c1c00000, 0x00000000c1b00000| Untracked 
|  28|0x00000000c1c00000, 0x00000000c1d00000, 0x00000000c1d00000|100%| O|  |TAMS 0x00000000c1d00000, 0x00000000c1c00000| Untracked 
|  29|0x00000000c1d00000, 0x00000000c1e00000, 0x00000000c1e00000|100%| O|  |TAMS 0x00000000c1e00000, 0x00000000c1d00000| Untracked 
|  30|0x00000000c1e00000, 0x00000000c1f00000, 0x00000000c1f00000|100%| O|  |TAMS 0x00000000c1f00000, 0x00000000c1e00000| Untracked 
|  31|0x00000000c1f00000, 0x00000000c1ffd7f8, 0x00000000c2000000| 99%| O|  |TAMS 0x00000000c1ffd7f8, 0x00000000c1f00000| Untracked 
|  32|0x00000000c2000000, 0x00000000c20ffff8, 0x00000000c2100000| 99%| O|  |TAMS 0x00000000c20ffff8, 0x00000000c2000000| Untracked 
|  33|0x00000000c2100000, 0x00000000c21fffe8, 0x00000000c2200000| 99%| O|  |TAMS 0x00000000c21fffe8, 0x00000000c2100000| Untracked 
|  34|0x00000000c2200000, 0x00000000c22c0890, 0x00000000c2300000| 75%| O|  |TAMS 0x00000000c2200000, 0x00000000c2200000| Untracked 
|  35|0x00000000c2300000, 0x00000000c23494a0, 0x00000000c2400000| 28%| O|  |TAMS 0x00000000c2300000, 0x00000000c2300000| Untracked 
|  36|0x00000000c2400000, 0x00000000c2500000, 0x00000000c2500000|100%|HS|  |TAMS 0x00000000c2500000, 0x00000000c2400000| Untracked 
|  37|0x00000000c2500000, 0x00000000c2600000, 0x00000000c2600000|100%| O|  |TAMS 0x00000000c2600000, 0x00000000c2500000| Untracked 
|  38|0x00000000c2600000, 0x00000000c2600000, 0x00000000c2700000|  0%| F|  |TAMS 0x00000000c2600000, 0x00000000c2600000| Untracked 
|  39|0x00000000c2700000, 0x00000000c2800000, 0x00000000c2800000|100%| O|  |TAMS 0x00000000c2800000, 0x00000000c2700000| Untracked 
|  40|0x00000000c2800000, 0x00000000c2900000, 0x00000000c2900000|100%| O|  |TAMS 0x00000000c2900000, 0x00000000c2800000| Untracked 
|  41|0x00000000c2900000, 0x00000000c2900000, 0x00000000c2a00000|  0%| F|  |TAMS 0x00000000c2900000, 0x00000000c2900000| Untracked 
|  42|0x00000000c2a00000, 0x00000000c2a00000, 0x00000000c2b00000|  0%| F|  |TAMS 0x00000000c2a00000, 0x00000000c2a00000| Untracked 
|  43|0x00000000c2b00000, 0x00000000c2b00000, 0x00000000c2c00000|  0%| F|  |TAMS 0x00000000c2b00000, 0x00000000c2b00000| Untracked 
|  44|0x00000000c2c00000, 0x00000000c2c00000, 0x00000000c2d00000|  0%| F|  |TAMS 0x00000000c2c00000, 0x00000000c2c00000| Untracked 
|  45|0x00000000c2d00000, 0x00000000c2d00000, 0x00000000c2e00000|  0%| F|  |TAMS 0x00000000c2d00000, 0x00000000c2d00000| Untracked 
|  46|0x00000000c2e00000, 0x00000000c2e00000, 0x00000000c2f00000|  0%| F|  |TAMS 0x00000000c2e00000, 0x00000000c2e00000| Untracked 
|  47|0x00000000c2f00000, 0x00000000c2f00000, 0x00000000c3000000|  0%| F|  |TAMS 0x00000000c2f00000, 0x00000000c2f00000| Untracked 
|  48|0x00000000c3000000, 0x00000000c3000000, 0x00000000c3100000|  0%| F|  |TAMS 0x00000000c3000000, 0x00000000c3000000| Untracked 
|  49|0x00000000c3100000, 0x00000000c3100000, 0x00000000c3200000|  0%| F|  |TAMS 0x00000000c3100000, 0x00000000c3100000| Untracked 
|  50|0x00000000c3200000, 0x00000000c3200000, 0x00000000c3300000|  0%| F|  |TAMS 0x00000000c3200000, 0x00000000c3200000| Untracked 
|  51|0x00000000c3300000, 0x00000000c3300000, 0x00000000c3400000|  0%| F|  |TAMS 0x00000000c3300000, 0x00000000c3300000| Untracked 
|  52|0x00000000c3400000, 0x00000000c3400000, 0x00000000c3500000|  0%| F|  |TAMS 0x00000000c3400000, 0x00000000c3400000| Untracked 
|  53|0x00000000c3500000, 0x00000000c3500000, 0x00000000c3600000|  0%| F|  |TAMS 0x00000000c3500000, 0x00000000c3500000| Untracked 
|  54|0x00000000c3600000, 0x00000000c3600000, 0x00000000c3700000|  0%| F|  |TAMS 0x00000000c3600000, 0x00000000c3600000| Untracked 
|  55|0x00000000c3700000, 0x00000000c3700000, 0x00000000c3800000|  0%| F|  |TAMS 0x00000000c3700000, 0x00000000c3700000| Untracked 
|  56|0x00000000c3800000, 0x00000000c3800000, 0x00000000c3900000|  0%| F|  |TAMS 0x00000000c3800000, 0x00000000c3800000| Untracked 
|  57|0x00000000c3900000, 0x00000000c3900000, 0x00000000c3a00000|  0%| F|  |TAMS 0x00000000c3900000, 0x00000000c3900000| Untracked 
|  58|0x00000000c3a00000, 0x00000000c3a00000, 0x00000000c3b00000|  0%| F|  |TAMS 0x00000000c3a00000, 0x00000000c3a00000| Untracked 
|  59|0x00000000c3b00000, 0x00000000c3b00000, 0x00000000c3c00000|  0%| F|  |TAMS 0x00000000c3b00000, 0x00000000c3b00000| Untracked 
|  60|0x00000000c3c00000, 0x00000000c3c00000, 0x00000000c3d00000|  0%| F|  |TAMS 0x00000000c3c00000, 0x00000000c3c00000| Untracked 
|  61|0x00000000c3d00000, 0x00000000c3d00000, 0x00000000c3e00000|  0%| F|  |TAMS 0x00000000c3d00000, 0x00000000c3d00000| Untracked 
|  62|0x00000000c3e00000, 0x00000000c3e00000, 0x00000000c3f00000|  0%| F|  |TAMS 0x00000000c3e00000, 0x00000000c3e00000| Untracked 
|  63|0x00000000c3f00000, 0x00000000c3f00000, 0x00000000c4000000|  0%| F|  |TAMS 0x00000000c3f00000, 0x00000000c3f00000| Untracked 
|  64|0x00000000c4000000, 0x00000000c4000000, 0x00000000c4100000|  0%| F|  |TAMS 0x00000000c4000000, 0x00000000c4000000| Untracked 
|  65|0x00000000c4100000, 0x00000000c4100000, 0x00000000c4200000|  0%| F|  |TAMS 0x00000000c4100000, 0x00000000c4100000| Untracked 
|  66|0x00000000c4200000, 0x00000000c4200000, 0x00000000c4300000|  0%| F|  |TAMS 0x00000000c4200000, 0x00000000c4200000| Untracked 
|  67|0x00000000c4300000, 0x00000000c4300000, 0x00000000c4400000|  0%| F|  |TAMS 0x00000000c4300000, 0x00000000c4300000| Untracked 
|  68|0x00000000c4400000, 0x00000000c4400000, 0x00000000c4500000|  0%| F|  |TAMS 0x00000000c4400000, 0x00000000c4400000| Untracked 
|  69|0x00000000c4500000, 0x00000000c4500000, 0x00000000c4600000|  0%| F|  |TAMS 0x00000000c4500000, 0x00000000c4500000| Untracked 
|  70|0x00000000c4600000, 0x00000000c4600000, 0x00000000c4700000|  0%| F|  |TAMS 0x00000000c4600000, 0x00000000c4600000| Untracked 
|  71|0x00000000c4700000, 0x00000000c4700000, 0x00000000c4800000|  0%| F|  |TAMS 0x00000000c4700000, 0x00000000c4700000| Untracked 
|  72|0x00000000c4800000, 0x00000000c4800000, 0x00000000c4900000|  0%| F|  |TAMS 0x00000000c4800000, 0x00000000c4800000| Untracked 
|  73|0x00000000c4900000, 0x00000000c4900000, 0x00000000c4a00000|  0%| F|  |TAMS 0x00000000c4900000, 0x00000000c4900000| Untracked 
|  74|0x00000000c4a00000, 0x00000000c4a00000, 0x00000000c4b00000|  0%| F|  |TAMS 0x00000000c4a00000, 0x00000000c4a00000| Untracked 
|  75|0x00000000c4b00000, 0x00000000c4b00000, 0x00000000c4c00000|  0%| F|  |TAMS 0x00000000c4b00000, 0x00000000c4b00000| Untracked 
|  76|0x00000000c4c00000, 0x00000000c4c00000, 0x00000000c4d00000|  0%| F|  |TAMS 0x00000000c4c00000, 0x00000000c4c00000| Untracked 
|  77|0x00000000c4d00000, 0x00000000c4d00000, 0x00000000c4e00000|  0%| F|  |TAMS 0x00000000c4d00000, 0x00000000c4d00000| Untracked 
|  78|0x00000000c4e00000, 0x00000000c4e00000, 0x00000000c4f00000|  0%| F|  |TAMS 0x00000000c4e00000, 0x00000000c4e00000| Untracked 
|  79|0x00000000c4f00000, 0x00000000c4f00000, 0x00000000c5000000|  0%| F|  |TAMS 0x00000000c4f00000, 0x00000000c4f00000| Untracked 
|  80|0x00000000c5000000, 0x00000000c5000000, 0x00000000c5100000|  0%| F|  |TAMS 0x00000000c5000000, 0x00000000c5000000| Untracked 
|  81|0x00000000c5100000, 0x00000000c5100000, 0x00000000c5200000|  0%| F|  |TAMS 0x00000000c5100000, 0x00000000c5100000| Untracked 
|  82|0x00000000c5200000, 0x00000000c5200000, 0x00000000c5300000|  0%| F|  |TAMS 0x00000000c5200000, 0x00000000c5200000| Untracked 
|  83|0x00000000c5300000, 0x00000000c5300000, 0x00000000c5400000|  0%| F|  |TAMS 0x00000000c5300000, 0x00000000c5300000| Untracked 
|  84|0x00000000c5400000, 0x00000000c5400000, 0x00000000c5500000|  0%| F|  |TAMS 0x00000000c5400000, 0x00000000c5400000| Untracked 
|  85|0x00000000c5500000, 0x00000000c5500000, 0x00000000c5600000|  0%| F|  |TAMS 0x00000000c5500000, 0x00000000c5500000| Untracked 
|  86|0x00000000c5600000, 0x00000000c5600000, 0x00000000c5700000|  0%| F|  |TAMS 0x00000000c5600000, 0x00000000c5600000| Untracked 
|  87|0x00000000c5700000, 0x00000000c5700000, 0x00000000c5800000|  0%| F|  |TAMS 0x00000000c5700000, 0x00000000c5700000| Untracked 
| 125|0x00000000c7d00000, 0x00000000c7d11670, 0x00000000c7e00000|  6%| E|  |TAMS 0x00000000c7d00000, 0x00000000c7d00000| Complete 

Card table byte_map: [0x000001f80bcb0000,0x000001f80beb0000] _byte_map_base: 0x000001f80b6b0000

Marking Bits (Prev, Next): (CMBitMap*) 0x000001f805d44460, (CMBitMap*) 0x000001f805d444a0
 Prev Bits: [0x000001f80c0b0000, 0x000001f80d0b0000)
 Next Bits: [0x000001f80d0b0000, 0x000001f80e0b0000)

Polling page: 0x000001f8054c0000

Metaspace:

Usage:
  Non-class:     51.95 MB used.
      Class:      7.42 MB used.
       Both:     59.37 MB used.

Virtual space:
  Non-class space:       64.00 MB reserved,      52.19 MB ( 82%) committed,  1 nodes.
      Class space:        1.00 GB reserved,       7.56 MB ( <1%) committed,  1 nodes.
             Both:        1.06 GB reserved,      59.75 MB (  5%) committed. 

Chunk freelists:
   Non-Class:  11.25 MB
       Class:  8.39 MB
        Both:  19.64 MB

MaxMetaspaceSize: unlimited
CompressedClassSpaceSize: 1.00 GB
Initial GC threshold: 21.00 MB
Current GC threshold: 99.50 MB
CDS: off
MetaspaceReclaimPolicy: balanced
 - commit_granule_bytes: 65536.
 - commit_granule_words: 8192.
 - virtual_space_node_default_size: 8388608.
 - enlarge_chunks_in_place: 1.
 - new_chunks_are_fully_committed: 0.
 - uncommit_free_chunks: 1.
 - use_allocation_guard: 0.
 - handle_deallocations: 1.


Internal statistics:

num_allocs_failed_limit: 6.
num_arena_births: 756.
num_arena_deaths: 302.
num_vsnodes_births: 2.
num_vsnodes_deaths: 0.
num_space_committed: 956.
num_space_uncommitted: 0.
num_chunks_returned_to_freelist: 379.
num_chunks_taken_from_freelist: 2796.
num_chunk_merges: 109.
num_chunk_splits: 1827.
num_chunks_enlarged: 1405.
num_inconsistent_stats: 0.

CodeCache: size=49152Kb used=12088Kb max_used=13033Kb free=37063Kb
 bounds [0x000001f8089a0000, 0x000001f809660000, 0x000001f80b9a0000]
 total_blobs=7315 nmethods=6639 adapters=603
 compilation: enabled
              stopped_count=0, restarted_count=0
 full_count=0

Compilation events (20 events):
Event: 926.961 Thread 0x000001f81500f7b0 6630       1       java.io.File::getCanonicalPath (31 bytes)
Event: 926.961 Thread 0x000001f81500f7b0 nmethod 6630 0x000001f80955b890 code [0x000001f80955ba60, 0x000001f80955bc38]
Event: 926.961 Thread 0x000001f81500f7b0 6631       1       java.io.WinNTFileSystem::canonicalize (372 bytes)
Event: 926.962 Thread 0x000001f81500f7b0 nmethod 6631 0x000001f809559b90 code [0x000001f809559f00, 0x000001f80955aeb8]
Event: 930.053 Thread 0x000001f81500f7b0 6633       1       org.eclipse.jdt.core.dom.ASTVisitor::endVisit (1 bytes)
Event: 930.053 Thread 0x000001f81500f7b0 nmethod 6633 0x000001f809559890 code [0x000001f809559a20, 0x000001f809559ad8]
Event: 930.053 Thread 0x000001f81500f7b0 6634       1       java.util.ArrayList$ArrayListSpliterator::forEachRemaining (127 bytes)
Event: 930.054 Thread 0x000001f81500f7b0 nmethod 6634 0x000001f809559210 code [0x000001f8095593e0, 0x000001f8095596c8]
Event: 930.054 Thread 0x000001f81500f7b0 6635       1       org.eclipse.jdt.core.dom.ClassInstanceCreation::getExpression (5 bytes)
Event: 930.054 Thread 0x000001f81500f7b0 nmethod 6635 0x000001f809558f10 code [0x000001f8095590a0, 0x000001f809559178]
Event: 930.054 Thread 0x000001f81500f7b0 6636       1       org.eclipse.jdt.core.dom.ClassInstanceCreation::getAnonymousClassDeclaration (5 bytes)
Event: 930.054 Thread 0x000001f81500f7b0 nmethod 6636 0x000001f809558c10 code [0x000001f809558da0, 0x000001f809558e78]
Event: 930.055 Thread 0x000001f81500f7b0 6637       1       org.eclipse.jdt.core.dom.Modifier::accept0 (12 bytes)
Event: 930.055 Thread 0x000001f81500f7b0 nmethod 6637 0x000001f809558890 code [0x000001f809558a40, 0x000001f809558b78]
Event: 946.842 Thread 0x000001f81500f7b0 6638       1       java.util.concurrent.locks.AbstractQueuedSynchronizer$Node::getAndUnsetStatus (14 bytes)
Event: 946.842 Thread 0x000001f81500f7b0 nmethod 6638 0x000001f809558510 code [0x000001f8095586a0, 0x000001f8095587b8]
Event: 956.063 Thread 0x000001f81500f7b0 6639       1       java.util.concurrent.locks.AbstractQueuedSynchronizer$Node::clearStatus (12 bytes)
Event: 956.063 Thread 0x000001f81500f7b0 nmethod 6639 0x000001f809558210 code [0x000001f8095583a0, 0x000001f809558478]
Event: 990.058 Thread 0x000001f81500f7b0 6640       1       java.util.concurrent.SynchronousQueue$TransferStack::casHead (26 bytes)
Event: 990.060 Thread 0x000001f81500f7b0 nmethod 6640 0x000001f809557990 code [0x000001f809557b80, 0x000001f809558018]

GC Heap History (20 events):
Event: 976.300 GC heap before
{Heap before GC invocations=93 (full 74):
 garbage-first heap   total 91136K, used 41044K [0x00000000c0000000, 0x0000000100000000)
  region size 1024K, 1 young (1024K), 0 survivors (0K)
 Metaspace       used 60810K, committed 61184K, reserved 1114112K
  class space    used 7596K, committed 7744K, reserved 1048576K
}
Event: 976.347 GC heap after
{Heap after GC invocations=94 (full 75):
 garbage-first heap   total 91136K, used 39962K [0x00000000c0000000, 0x0000000100000000)
  region size 1024K, 0 young (0K), 0 survivors (0K)
 Metaspace       used 60794K, committed 61184K, reserved 1114112K
  class space    used 7592K, committed 7744K, reserved 1048576K
}
Event: 986.417 GC heap before
{Heap before GC invocations=94 (full 75):
 garbage-first heap   total 91136K, used 39962K [0x00000000c0000000, 0x0000000100000000)
  region size 1024K, 1 young (1024K), 0 survivors (0K)
 Metaspace       used 60794K, committed 61184K, reserved 1114112K
  class space    used 7592K, committed 7744K, reserved 1048576K
}
Event: 986.444 GC heap after
{Heap after GC invocations=95 (full 76):
 garbage-first heap   total 91136K, used 39957K [0x00000000c0000000, 0x0000000100000000)
  region size 1024K, 0 young (0K), 0 survivors (0K)
 Metaspace       used 60794K, committed 61184K, reserved 1114112K
  class space    used 7592K, committed 7744K, reserved 1048576K
}
Event: 996.513 GC heap before
{Heap before GC invocations=95 (full 76):
 garbage-first heap   total 91136K, used 39957K [0x00000000c0000000, 0x0000000100000000)
  region size 1024K, 1 young (1024K), 0 survivors (0K)
 Metaspace       used 60794K, committed 61184K, reserved 1114112K
  class space    used 7592K, committed 7744K, reserved 1048576K
}
Event: 996.536 GC heap after
{Heap after GC invocations=96 (full 77):
 garbage-first heap   total 91136K, used 39956K [0x00000000c0000000, 0x0000000100000000)
  region size 1024K, 0 young (0K), 0 survivors (0K)
 Metaspace       used 60794K, committed 61184K, reserved 1114112K
  class space    used 7592K, committed 7744K, reserved 1048576K
}
Event: 1006.602 GC heap before
{Heap before GC invocations=96 (full 77):
 garbage-first heap   total 91136K, used 39956K [0x00000000c0000000, 0x0000000100000000)
  region size 1024K, 1 young (1024K), 0 survivors (0K)
 Metaspace       used 60794K, committed 61184K, reserved 1114112K
  class space    used 7592K, committed 7744K, reserved 1048576K
}
Event: 1006.625 GC heap after
{Heap after GC invocations=97 (full 78):
 garbage-first heap   total 91136K, used 39956K [0x00000000c0000000, 0x0000000100000000)
  region size 1024K, 0 young (0K), 0 survivors (0K)
 Metaspace       used 60794K, committed 61184K, reserved 1114112K
  class space    used 7592K, committed 7744K, reserved 1048576K
}
Event: 1016.734 GC heap before
{Heap before GC invocations=97 (full 78):
 garbage-first heap   total 91136K, used 39956K [0x00000000c0000000, 0x0000000100000000)
  region size 1024K, 1 young (1024K), 0 survivors (0K)
 Metaspace       used 60794K, committed 61184K, reserved 1114112K
  class space    used 7592K, committed 7744K, reserved 1048576K
}
Event: 1016.759 GC heap after
{Heap after GC invocations=98 (full 79):
 garbage-first heap   total 91136K, used 39956K [0x00000000c0000000, 0x0000000100000000)
  region size 1024K, 0 young (0K), 0 survivors (0K)
 Metaspace       used 60794K, committed 61184K, reserved 1114112K
  class space    used 7592K, committed 7744K, reserved 1048576K
}
Event: 1026.844 GC heap before
{Heap before GC invocations=98 (full 79):
 garbage-first heap   total 91136K, used 39956K [0x00000000c0000000, 0x0000000100000000)
  region size 1024K, 1 young (1024K), 0 survivors (0K)
 Metaspace       used 60794K, committed 61184K, reserved 1114112K
  class space    used 7592K, committed 7744K, reserved 1048576K
}
Event: 1026.873 GC heap after
{Heap after GC invocations=99 (full 80):
 garbage-first heap   total 91136K, used 39956K [0x00000000c0000000, 0x0000000100000000)
  region size 1024K, 0 young (0K), 0 survivors (0K)
 Metaspace       used 60794K, committed 61184K, reserved 1114112K
  class space    used 7592K, committed 7744K, reserved 1048576K
}
Event: 1036.952 GC heap before
{Heap before GC invocations=99 (full 80):
 garbage-first heap   total 91136K, used 39956K [0x00000000c0000000, 0x0000000100000000)
  region size 1024K, 1 young (1024K), 0 survivors (0K)
 Metaspace       used 60794K, committed 61184K, reserved 1114112K
  class space    used 7592K, committed 7744K, reserved 1048576K
}
Event: 1036.976 GC heap after
{Heap after GC invocations=100 (full 81):
 garbage-first heap   total 91136K, used 39956K [0x00000000c0000000, 0x0000000100000000)
  region size 1024K, 0 young (0K), 0 survivors (0K)
 Metaspace       used 60794K, committed 61184K, reserved 1114112K
  class space    used 7592K, committed 7744K, reserved 1048576K
}
Event: 1047.080 GC heap before
{Heap before GC invocations=100 (full 81):
 garbage-first heap   total 91136K, used 39956K [0x00000000c0000000, 0x0000000100000000)
  region size 1024K, 1 young (1024K), 0 survivors (0K)
 Metaspace       used 60794K, committed 61184K, reserved 1114112K
  class space    used 7592K, committed 7744K, reserved 1048576K
}
Event: 1047.104 GC heap after
{Heap after GC invocations=101 (full 82):
 garbage-first heap   total 91136K, used 39956K [0x00000000c0000000, 0x0000000100000000)
  region size 1024K, 0 young (0K), 0 survivors (0K)
 Metaspace       used 60794K, committed 61184K, reserved 1114112K
  class space    used 7592K, committed 7744K, reserved 1048576K
}
Event: 1057.190 GC heap before
{Heap before GC invocations=101 (full 82):
 garbage-first heap   total 91136K, used 39956K [0x00000000c0000000, 0x0000000100000000)
  region size 1024K, 1 young (1024K), 0 survivors (0K)
 Metaspace       used 60794K, committed 61184K, reserved 1114112K
  class space    used 7592K, committed 7744K, reserved 1048576K
}
Event: 1057.214 GC heap after
{Heap after GC invocations=102 (full 83):
 garbage-first heap   total 91136K, used 39956K [0x00000000c0000000, 0x0000000100000000)
  region size 1024K, 0 young (0K), 0 survivors (0K)
 Metaspace       used 60794K, committed 61184K, reserved 1114112K
  class space    used 7592K, committed 7744K, reserved 1048576K
}
Event: 1067.321 GC heap before
{Heap before GC invocations=102 (full 83):
 garbage-first heap   total 91136K, used 39956K [0x00000000c0000000, 0x0000000100000000)
  region size 1024K, 1 young (1024K), 0 survivors (0K)
 Metaspace       used 60794K, committed 61184K, reserved 1114112K
  class space    used 7592K, committed 7744K, reserved 1048576K
}
Event: 1067.355 GC heap after
{Heap after GC invocations=103 (full 84):
 garbage-first heap   total 91136K, used 39956K [0x00000000c0000000, 0x0000000100000000)
  region size 1024K, 0 young (0K), 0 survivors (0K)
 Metaspace       used 60794K, committed 61184K, reserved 1114112K
  class space    used 7592K, committed 7744K, reserved 1048576K
}

Dll operation events (10 events):
Event: 0.009 Loaded shared library c:\Users\Admin\.vscode\extensions\redhat.java-1.32.0-win32-x64\jre\17.0.11-win32-x86_64\bin\java.dll
Event: 0.336 Loaded shared library C:\Users\Admin\.vscode\extensions\redhat.java-1.32.0-win32-x64\jre\17.0.11-win32-x86_64\bin\net.dll
Event: 0.338 Loaded shared library C:\Users\Admin\.vscode\extensions\redhat.java-1.32.0-win32-x64\jre\17.0.11-win32-x86_64\bin\nio.dll
Event: 0.355 Loaded shared library C:\Users\Admin\.vscode\extensions\redhat.java-1.32.0-win32-x64\jre\17.0.11-win32-x86_64\bin\zip.dll
Event: 0.781 Loaded shared library C:\Users\Admin\.vscode\extensions\redhat.java-1.32.0-win32-x64\jre\17.0.11-win32-x86_64\bin\jimage.dll
Event: 3.350 Loaded shared library c:\Users\Admin\.vscode\extensions\redhat.java-1.32.0-win32-x64\jre\17.0.11-win32-x86_64\bin\verify.dll
Event: 6.911 Loaded shared library C:\Users\Admin\.vscode\extensions\redhat.java-1.32.0-win32-x64\jre\17.0.11-win32-x86_64\bin\management.dll
Event: 6.913 Loaded shared library C:\Users\Admin\.vscode\extensions\redhat.java-1.32.0-win32-x64\jre\17.0.11-win32-x86_64\bin\management_ext.dll
Event: 7.589 Loaded shared library C:\Users\Admin\.vscode\extensions\redhat.java-1.32.0-win32-x64\jre\17.0.11-win32-x86_64\bin\sunmscapi.dll
Event: 8.487 Loaded shared library C:\Users\Admin\.vscode\extensions\redhat.java-1.32.0-win32-x64\jre\17.0.11-win32-x86_64\bin\extnet.dll

Deoptimization events (16 events):
Event: 7.146 Thread 0x000001f816756840 DEOPT PACKING pc=0x000001f808f76381 sp=0x00000008506fde10
Event: 7.146 Thread 0x000001f816756840 DEOPT UNPACKING pc=0x000001f8089f7143 sp=0x00000008506fd2a0 mode 3
Event: 7.156 Thread 0x000001f8168533d0 DEOPT PACKING pc=0x000001f808f57e17 sp=0x00000008507ff170
Event: 7.156 Thread 0x000001f8168533d0 DEOPT UNPACKING pc=0x000001f8089f7143 sp=0x00000008507fe5c8 mode 3
Event: 7.652 Thread 0x000001f816884340 DEOPT PACKING pc=0x000001f808b8b10c sp=0x00000008511fa850
Event: 7.652 Thread 0x000001f816884340 DEOPT UNPACKING pc=0x000001f8089f7143 sp=0x00000008511f9d18 mode 0
Event: 444.402 Thread 0x000001f816756840 DEOPT PACKING pc=0x000001f80904a154 sp=0x00000008506ff110
Event: 444.402 Thread 0x000001f816756840 DEOPT UNPACKING pc=0x000001f8089f7143 sp=0x00000008506fe5b8 mode 0
Event: 571.370 Thread 0x000001f8168934d0 DEOPT PACKING pc=0x000001f80911e124 sp=0x000000084e3fec30
Event: 571.370 Thread 0x000001f8168934d0 DEOPT UNPACKING pc=0x000001f8089f7143 sp=0x000000084e3fe118 mode 0
Event: 571.370 Thread 0x000001f8168934d0 DEOPT PACKING pc=0x000001f80911e124 sp=0x000000084e3ff1c0
Event: 571.370 Thread 0x000001f8168934d0 DEOPT UNPACKING pc=0x000001f8089f7143 sp=0x000000084e3fe6a8 mode 0
Event: 571.383 Thread 0x000001f816894400 DEOPT PACKING pc=0x000001f80911e124 sp=0x000000084ffff090
Event: 571.383 Thread 0x000001f816894400 DEOPT UNPACKING pc=0x000001f8089f7143 sp=0x000000084fffe578 mode 0
Event: 571.384 Thread 0x000001f816893ef0 DEOPT PACKING pc=0x000001f80911e124 sp=0x000000084e5ff040
Event: 571.384 Thread 0x000001f816893ef0 DEOPT UNPACKING pc=0x000001f8089f7143 sp=0x000000084e5fe528 mode 0

Classes unloaded (20 events):
Event: 632.891 Thread 0x000001f810b29520 Unloading class 0x0000000100788800 'java/lang/invoke/LambdaForm$MH+0x0000000100788800'
Event: 632.891 Thread 0x000001f810b29520 Unloading class 0x0000000100788400 'java/lang/invoke/LambdaForm$MH+0x0000000100788400'
Event: 632.891 Thread 0x000001f810b29520 Unloading class 0x00000001003b1c00 'java/lang/invoke/LambdaForm$MH+0x00000001003b1c00'
Event: 632.891 Thread 0x000001f810b29520 Unloading class 0x00000001003b2c00 'java/lang/invoke/LambdaForm$MH+0x00000001003b2c00'
Event: 632.891 Thread 0x000001f810b29520 Unloading class 0x00000001003b8400 'java/lang/invoke/LambdaForm$MH+0x00000001003b8400'
Event: 632.891 Thread 0x000001f810b29520 Unloading class 0x00000001003b8800 'java/lang/invoke/LambdaForm$MH+0x00000001003b8800'
Event: 632.891 Thread 0x000001f810b29520 Unloading class 0x00000001003bc800 'java/lang/invoke/LambdaForm$MH+0x00000001003bc800'
Event: 632.891 Thread 0x000001f810b29520 Unloading class 0x0000000100410000 'java/lang/invoke/LambdaForm$MH+0x0000000100410000'
Event: 632.891 Thread 0x000001f810b29520 Unloading class 0x0000000100410800 'java/lang/invoke/LambdaForm$MH+0x0000000100410800'
Event: 632.891 Thread 0x000001f810b29520 Unloading class 0x0000000100434400 'java/lang/invoke/LambdaForm$MH+0x0000000100434400'
Event: 632.891 Thread 0x000001f810b29520 Unloading class 0x0000000100436000 'java/lang/invoke/LambdaForm$MH+0x0000000100436000'
Event: 632.891 Thread 0x000001f810b29520 Unloading class 0x000000010048c400 'java/lang/invoke/LambdaForm$MH+0x000000010048c400'
Event: 976.312 Thread 0x000001f810b29520 Unloading class 0x0000000100410800 'java/lang/invoke/LambdaForm$MH+0x0000000100410800'
Event: 976.312 Thread 0x000001f810b29520 Unloading class 0x0000000100410000 'java/lang/invoke/LambdaForm$MH+0x0000000100410000'
Event: 976.312 Thread 0x000001f810b29520 Unloading class 0x00000001003bc800 'java/lang/invoke/LambdaForm$MH+0x00000001003bc800'
Event: 976.312 Thread 0x000001f810b29520 Unloading class 0x00000001003b8800 'java/lang/invoke/LambdaForm$MH+0x00000001003b8800'
Event: 976.312 Thread 0x000001f810b29520 Unloading class 0x00000001003b8400 'java/lang/invoke/LambdaForm$MH+0x00000001003b8400'
Event: 976.312 Thread 0x000001f810b29520 Unloading class 0x00000001003b2c00 'java/lang/invoke/LambdaForm$MH+0x00000001003b2c00'
Event: 976.312 Thread 0x000001f810b29520 Unloading class 0x00000001003b1c00 'java/lang/invoke/LambdaForm$MH+0x00000001003b1c00'
Event: 976.312 Thread 0x000001f810b29520 Unloading class 0x0000000100788400 'java/lang/invoke/LambdaForm$MH+0x0000000100788400'

Classes redefined (0 events):
No events

Internal exceptions (20 events):
Event: 570.873 Thread 0x000001f816896260 Exception <a 'sun/nio/fs/WindowsException'{0x00000000c5767db8}> (0x00000000c5767db8) 
thrown [s\src\hotspot\share\prims\jni.cpp, line 516]
Event: 570.873 Thread 0x000001f816896260 Exception <a 'sun/nio/fs/WindowsException'{0x00000000c57681a8}> (0x00000000c57681a8) 
thrown [s\src\hotspot\share\prims\jni.cpp, line 516]
Event: 570.873 Thread 0x000001f816896260 Exception <a 'sun/nio/fs/WindowsException'{0x00000000c5769170}> (0x00000000c5769170) 
thrown [s\src\hotspot\share\prims\jni.cpp, line 516]
Event: 570.873 Thread 0x000001f816896260 Exception <a 'sun/nio/fs/WindowsException'{0x00000000c57695a0}> (0x00000000c57695a0) 
thrown [s\src\hotspot\share\prims\jni.cpp, line 516]
Event: 570.873 Thread 0x000001f816896260 Exception <a 'sun/nio/fs/WindowsException'{0x00000000c576a310}> (0x00000000c576a310) 
thrown [s\src\hotspot\share\prims\jni.cpp, line 516]
Event: 570.873 Thread 0x000001f816896260 Exception <a 'sun/nio/fs/WindowsException'{0x00000000c576aad0}> (0x00000000c576aad0) 
thrown [s\src\hotspot\share\prims\jni.cpp, line 516]
Event: 570.873 Thread 0x000001f816896260 Exception <a 'sun/nio/fs/WindowsException'{0x00000000c576aec0}> (0x00000000c576aec0) 
thrown [s\src\hotspot\share\prims\jni.cpp, line 516]
Event: 570.873 Thread 0x000001f816896260 Exception <a 'sun/nio/fs/WindowsException'{0x00000000c576be58}> (0x00000000c576be58) 
thrown [s\src\hotspot\share\prims\jni.cpp, line 516]
Event: 570.873 Thread 0x000001f816896260 Exception <a 'sun/nio/fs/WindowsException'{0x00000000c576c288}> (0x00000000c576c288) 
thrown [s\src\hotspot\share\prims\jni.cpp, line 516]
Event: 570.954 Thread 0x000001f816896260 Exception <a 'sun/nio/fs/WindowsException'{0x00000000c4ef1aa8}> (0x00000000c4ef1aa8) 
thrown [s\src\hotspot\share\prims\jni.cpp, line 516]
Event: 570.954 Thread 0x000001f816896260 Exception <a 'sun/nio/fs/WindowsException'{0x00000000c4ef2228}> (0x00000000c4ef2228) 
thrown [s\src\hotspot\share\prims\jni.cpp, line 516]
Event: 570.954 Thread 0x000001f816896260 Exception <a 'sun/nio/fs/WindowsException'{0x00000000c4ef25f8}> (0x00000000c4ef25f8) 
thrown [s\src\hotspot\share\prims\jni.cpp, line 516]
Event: 570.954 Thread 0x000001f816896260 Exception <a 'sun/nio/fs/WindowsException'{0x00000000c4ef3588}> (0x00000000c4ef3588) 
thrown [s\src\hotspot\share\prims\jni.cpp, line 516]
Event: 570.954 Thread 0x000001f816896260 Exception <a 'sun/nio/fs/WindowsException'{0x00000000c4ef3998}> (0x00000000c4ef3998) 
thrown [s\src\hotspot\share\prims\jni.cpp, line 516]
Event: 570.954 Thread 0x000001f816896260 Exception <a 'sun/nio/fs/WindowsException'{0x00000000c4ef4708}> (0x00000000c4ef4708) 
thrown [s\src\hotspot\share\prims\jni.cpp, line 516]
Event: 570.954 Thread 0x000001f816896260 Exception <a 'sun/nio/fs/WindowsException'{0x00000000c4ef4ec8}> (0x00000000c4ef4ec8) 
thrown [s\src\hotspot\share\prims\jni.cpp, line 516]
Event: 570.954 Thread 0x000001f816896260 Exception <a 'sun/nio/fs/WindowsException'{0x00000000c4ef52b8}> (0x00000000c4ef52b8) 
thrown [s\src\hotspot\share\prims\jni.cpp, line 516]
Event: 570.954 Thread 0x000001f816896260 Exception <a 'sun/nio/fs/WindowsException'{0x00000000c4ef6250}> (0x00000000c4ef6250) 
thrown [s\src\hotspot\share\prims\jni.cpp, line 516]
Event: 570.954 Thread 0x000001f816896260 Exception <a 'sun/nio/fs/WindowsException'{0x00000000c4ef6680}> (0x00000000c4ef6680) 
thrown [s\src\hotspot\share\prims\jni.cpp, line 516]
Event: 571.347 Thread 0x000001f8168939e0 Exception <a 'java/lang/NoSuchMethodError'{0x00000000c4cec880}: 'void java.lang.invoke.DirectMethodHandle$Holder.invokeStatic(java.lang.Object, java.lang.Object, java.lang.Object, java.lang.Object, java.lang.Object, java.lang.Object, java.lang.Object)'> (0x00000000c4cec880) 
thrown [s\src\hotspot\share\interpreter\linkResolver.cpp, line 759]

VM Operations (20 events):
Event: 983.414 Executing VM operation: Cleanup done
Event: 986.417 Executing VM operation: G1CollectFull
Event: 986.444 Executing VM operation: G1CollectFull done
Event: 996.513 Executing VM operation: G1CollectFull
Event: 996.536 Executing VM operation: G1CollectFull done
Event: 1006.602 Executing VM operation: G1CollectFull
Event: 1006.625 Executing VM operation: G1CollectFull done
Event: 1016.734 Executing VM operation: G1CollectFull
Event: 1016.759 Executing VM operation: G1CollectFull done
Event: 1026.844 Executing VM operation: G1CollectFull
Event: 1026.873 Executing VM operation: G1CollectFull done
Event: 1036.952 Executing VM operation: G1CollectFull
Event: 1036.976 Executing VM operation: G1CollectFull done
Event: 1047.080 Executing VM operation: G1CollectFull
Event: 1047.104 Executing VM operation: G1CollectFull done
Event: 1057.190 Executing VM operation: G1CollectFull
Event: 1057.214 Executing VM operation: G1CollectFull done
Event: 1067.321 Executing VM operation: G1CollectFull
Event: 1067.355 Executing VM operation: G1CollectFull done
Event: 1077.411 Executing VM operation: G1CollectFull

Events (20 events):
Event: 631.352 Thread 0x000001f816895840 Thread exited: 0x000001f816895840
Event: 631.383 Thread 0x000001f8168934d0 Thread exited: 0x000001f8168934d0
Event: 631.399 Thread 0x000001f816894400 Thread exited: 0x000001f816894400
Event: 634.373 Thread 0x000001f8168939e0 Thread exited: 0x000001f8168939e0
Event: 634.373 Thread 0x000001f816893ef0 Thread exited: 0x000001f816893ef0
Event: 694.383 Thread 0x000001f816894910 Thread exited: 0x000001f816894910
Event: 709.665 Thread 0x000001f816895840 Thread added: 0x000001f816895840
Event: 769.672 Thread 0x000001f816895840 Thread exited: 0x000001f816895840
Event: 922.452 Thread 0x000001f8168934d0 Thread added: 0x000001f8168934d0
Event: 922.464 Thread 0x000001f816894400 Thread added: 0x000001f816894400
Event: 922.464 Thread 0x000001f816894910 Thread added: 0x000001f816894910
Event: 922.466 Thread 0x000001f8168939e0 Thread added: 0x000001f8168939e0
Event: 922.512 Thread 0x000001f8179865c0 Thread added: 0x000001f8179865c0
Event: 922.626 Thread 0x000001f816894e20 Thread added: 0x000001f816894e20
Event: 924.036 Thread 0x000001f8179865c0 Thread exited: 0x000001f8179865c0
Event: 982.633 Thread 0x000001f8168939e0 Thread exited: 0x000001f8168939e0
Event: 982.649 Thread 0x000001f816894e20 Thread exited: 0x000001f816894e20
Event: 982.961 Thread 0x000001f816894910 Thread exited: 0x000001f816894910
Event: 985.962 Thread 0x000001f816894400 Thread exited: 0x000001f816894400
Event: 990.058 Thread 0x000001f8168934d0 Thread exited: 0x000001f8168934d0


Dynamic libraries:
0x00007ff63c460000 - 0x00007ff63c46e000 	c:\Users\Admin\.vscode\extensions\redhat.java-1.32.0-win32-x64\jre\17.0.11-win32-x86_64\bin\java.exe
0x00007ffd11930000 - 0x00007ffd11b25000 	C:\Windows\SYSTEM32\ntdll.dll
0x00007ffd0fa00000 - 0x00007ffd0fabe000 	C:\Windows\System32\KERNEL32.DLL
0x00007ffd0f370000 - 0x00007ffd0f638000 	C:\Windows\System32\KERNELBASE.dll
0x00007ffd0f640000 - 0x00007ffd0f740000 	C:\Windows\System32\ucrtbase.dll
0x00007ffd03780000 - 0x00007ffd03797000 	c:\Users\Admin\.vscode\extensions\redhat.java-1.32.0-win32-x64\jre\17.0.11-win32-x86_64\bin\jli.dll
0x00007ffd038a0000 - 0x00007ffd038bb000 	c:\Users\Admin\.vscode\extensions\redhat.java-1.32.0-win32-x64\jre\17.0.11-win32-x86_64\bin\VCRUNTIME140.dll
0x00007ffd0fbf0000 - 0x00007ffd0fd90000 	C:\Windows\System32\USER32.dll
0x00007ffd0f040000 - 0x00007ffd0f062000 	C:\Windows\System32\win32u.dll
0x00007ffcf76c0000 - 0x00007ffcf795a000 	C:\Windows\WinSxS\amd64_microsoft.windows.common-controls_6595b64144ccf1df_6.0.19041.1110_none_60b5254171f9507e\COMCTL32.dll
0x00007ffd101b0000 - 0x00007ffd101db000 	C:\Windows\System32\GDI32.dll
0x00007ffd0fad0000 - 0x00007ffd0fb6e000 	C:\Windows\System32\msvcrt.dll
0x00007ffd0f7e0000 - 0x00007ffd0f8ed000 	C:\Windows\System32\gdi32full.dll
0x00007ffd0f170000 - 0x00007ffd0f20d000 	C:\Windows\System32\msvcp_win.dll
0x00007ffd10620000 - 0x00007ffd10650000 	C:\Windows\System32\IMM32.DLL
0x00007ffd069f0000 - 0x00007ffd069fc000 	c:\Users\Admin\.vscode\extensions\redhat.java-1.32.0-win32-x64\jre\17.0.11-win32-x86_64\bin\vcruntime140_1.dll
0x00007ffce2410000 - 0x00007ffce249d000 	c:\Users\Admin\.vscode\extensions\redhat.java-1.32.0-win32-x64\jre\17.0.11-win32-x86_64\bin\msvcp140.dll
0x00007ffcab570000 - 0x00007ffcac1d2000 	c:\Users\Admin\.vscode\extensions\redhat.java-1.32.0-win32-x64\jre\17.0.11-win32-x86_64\bin\server\jvm.dll
0x00007ffd11220000 - 0x00007ffd112ce000 	C:\Windows\System32\ADVAPI32.dll
0x00007ffd117a0000 - 0x00007ffd1183c000 	C:\Windows\System32\sechost.dll
0x00007ffd10330000 - 0x00007ffd10455000 	C:\Windows\System32\RPCRT4.dll
0x00007ffd0e600000 - 0x00007ffd0e64b000 	C:\Windows\SYSTEM32\POWRPROF.dll
0x00007ffcf7b20000 - 0x00007ffcf7b47000 	C:\Windows\SYSTEM32\WINMM.dll
0x00007ffd04f80000 - 0x00007ffd04f89000 	C:\Windows\SYSTEM32\WSOCK32.dll
0x00007ffd102c0000 - 0x00007ffd1032b000 	C:\Windows\System32\WS2_32.dll
0x00007ffd05210000 - 0x00007ffd0521a000 	C:\Windows\SYSTEM32\VERSION.dll
0x00007ffd0e470000 - 0x00007ffd0e482000 	C:\Windows\SYSTEM32\UMPDC.dll
0x00007ffd0d8c0000 - 0x00007ffd0d8d2000 	C:\Windows\SYSTEM32\kernel.appcore.dll
0x00007ffd04f50000 - 0x00007ffd04f5a000 	c:\Users\Admin\.vscode\extensions\redhat.java-1.32.0-win32-x64\jre\17.0.11-win32-x86_64\bin\jimage.dll
0x00007ffd0c820000 - 0x00007ffd0ca04000 	C:\Windows\SYSTEM32\DBGHELP.DLL
0x00007ffcfd4c0000 - 0x00007ffcfd4ec000 	C:\Windows\SYSTEM32\dbgcore.DLL
0x00007ffd0f8f0000 - 0x00007ffd0f972000 	C:\Windows\System32\bcryptPrimitives.dll
0x00007ffcfc530000 - 0x00007ffcfc555000 	c:\Users\Admin\.vscode\extensions\redhat.java-1.32.0-win32-x64\jre\17.0.11-win32-x86_64\bin\java.dll
0x00007ffd02680000 - 0x00007ffd02698000 	c:\Users\Admin\.vscode\extensions\redhat.java-1.32.0-win32-x64\jre\17.0.11-win32-x86_64\bin\zip.dll
0x00007ffd10ad0000 - 0x00007ffd11214000 	C:\Windows\System32\SHELL32.dll
0x00007ffd0d110000 - 0x00007ffd0d8a4000 	C:\Windows\SYSTEM32\windows.storage.dll
0x00007ffd0fd90000 - 0x00007ffd100e5000 	C:\Windows\System32\combase.dll
0x00007ffd0ea90000 - 0x00007ffd0eabe000 	C:\Windows\SYSTEM32\Wldp.dll
0x00007ffd116f0000 - 0x00007ffd1179d000 	C:\Windows\System32\SHCORE.dll
0x00007ffd100f0000 - 0x00007ffd10145000 	C:\Windows\System32\shlwapi.dll
0x00007ffd0ef80000 - 0x00007ffd0ef9f000 	C:\Windows\SYSTEM32\profapi.dll
0x00007ffd01960000 - 0x00007ffd01979000 	C:\Users\Admin\.vscode\extensions\redhat.java-1.32.0-win32-x64\jre\17.0.11-win32-x86_64\bin\net.dll
0x00007ffd06da0000 - 0x00007ffd06eac000 	C:\Windows\SYSTEM32\WINHTTP.dll
0x00007ffd0e7f0000 - 0x00007ffd0e85a000 	C:\Windows\system32\mswsock.dll
0x00007ffcfc6f0000 - 0x00007ffcfc706000 	C:\Users\Admin\.vscode\extensions\redhat.java-1.32.0-win32-x64\jre\17.0.11-win32-x86_64\bin\nio.dll
0x00007ffd02850000 - 0x00007ffd02860000 	c:\Users\Admin\.vscode\extensions\redhat.java-1.32.0-win32-x64\jre\17.0.11-win32-x86_64\bin\verify.dll
0x00007ffd0e9e0000 - 0x00007ffd0e9f8000 	C:\Windows\SYSTEM32\CRYPTSP.dll
0x00007ffd0e100000 - 0x00007ffd0e134000 	C:\Windows\system32\rsaenh.dll
0x00007ffd0f7b0000 - 0x00007ffd0f7d7000 	C:\Windows\System32\bcrypt.dll
0x00007ffd0ef00000 - 0x00007ffd0ef2e000 	C:\Windows\SYSTEM32\USERENV.dll
0x00007ffd0ea00000 - 0x00007ffd0ea0c000 	C:\Windows\SYSTEM32\CRYPTBASE.dll
0x00007ffd0e490000 - 0x00007ffd0e4cb000 	C:\Windows\SYSTEM32\IPHLPAPI.DLL
0x00007ffd0fac0000 - 0x00007ffd0fac8000 	C:\Windows\System32\NSI.dll
0x00007ffd04ad0000 - 0x00007ffd04ae7000 	C:\Windows\SYSTEM32\dhcpcsvc6.DLL
0x00007ffd05220000 - 0x00007ffd0523d000 	C:\Windows\SYSTEM32\dhcpcsvc.DLL
0x00007ffd0e4e0000 - 0x00007ffd0e5ab000 	C:\Windows\SYSTEM32\DNSAPI.dll
0x00007ffd024e0000 - 0x00007ffd024e9000 	C:\Users\Admin\.vscode\extensions\redhat.java-1.32.0-win32-x64\jre\17.0.11-win32-x86_64\bin\management.dll
0x00007ffd00510000 - 0x00007ffd0051b000 	C:\Users\Admin\.vscode\extensions\redhat.java-1.32.0-win32-x64\jre\17.0.11-win32-x86_64\bin\management_ext.dll
0x00007ffd11520000 - 0x00007ffd11528000 	C:\Windows\System32\PSAPI.DLL
0x00007ffcfc520000 - 0x00007ffcfc52e000 	C:\Users\Admin\.vscode\extensions\redhat.java-1.32.0-win32-x64\jre\17.0.11-win32-x86_64\bin\sunmscapi.dll
0x00007ffd0f210000 - 0x00007ffd0f366000 	C:\Windows\System32\CRYPT32.dll
0x00007ffd0eb00000 - 0x00007ffd0eb27000 	C:\Windows\SYSTEM32\ncrypt.dll
0x00007ffd0eac0000 - 0x00007ffd0eafb000 	C:\Windows\SYSTEM32\NTASN1.dll
0x00007ffd05260000 - 0x00007ffd0526a000 	C:\Windows\System32\rasadhlp.dll
0x00007ffd02570000 - 0x00007ffd025ef000 	C:\Windows\System32\fwpuclnt.dll
0x00007ffcfc510000 - 0x00007ffcfc519000 	C:\Users\Admin\.vscode\extensions\redhat.java-1.32.0-win32-x64\jre\17.0.11-win32-x86_64\bin\extnet.dll

dbghelp: loaded successfully - version: 4.0.5 - missing functions: none
symbol engine: initialized successfully - sym options: 0x614 - pdb path: .;c:\Users\Admin\.vscode\extensions\redhat.java-1.32.0-win32-x64\jre\17.0.11-win32-x86_64\bin;C:\Windows\SYSTEM32;C:\Windows\WinSxS\amd64_microsoft.windows.common-controls_6595b64144ccf1df_6.0.19041.1110_none_60b5254171f9507e;c:\Users\Admin\.vscode\extensions\redhat.java-1.32.0-win32-x64\jre\17.0.11-win32-x86_64\bin\server

VM Arguments:
jvm_args: -Xmx1024m -Dsts.lsp.client=vscode -Dsts.log.file=/dev/null -XX:TieredStopAtLevel=1 -Xlog:jni+resolve=off -Dspring.config.location=file:c:\Users\Admin\.vscode\extensions\vmware.vscode-spring-boot-1.55.1\language-server\BOOT-INF\classes\application.properties 
java_command: org.springframework.ide.vscode.boot.app.BootLanguageServerBootApp
java_class_path (initial): c:\Users\Admin\.vscode\extensions\vmware.vscode-spring-boot-1.55.1\language-server\BOOT-INF\classes;c:\Users\Admin\.vscode\extensions\vmware.vscode-spring-boot-1.55.1\language-server\BOOT-INF\lib\annotations-24.1.0.jar;c:\Users\Admin\.vscode\extensions\vmware.vscode-spring-boot-1.55.1\language-server\BOOT-INF\lib\antlr4-runtime-4.13.1.jar;c:\Users\Admin\.vscode\extensions\vmware.vscode-spring-boot-1.55.1\language-server\BOOT-INF\lib\asm-9.7.jar;c:\Users\Admin\.vscode\extensions\vmware.vscode-spring-boot-1.55.1\language-server\BOOT-INF\lib\asm-analysis-9.7.jar;c:\Users\Admin\.vscode\extensions\vmware.vscode-spring-boot-1.55.1\language-server\BOOT-INF\lib\asm-tree-9.7.jar;c:\Users\Admin\.vscode\extensions\vmware.vscode-spring-boot-1.55.1\language-server\BOOT-INF\lib\asm-util-9.7.jar;c:\Users\Admin\.vscode\extensions\vmware.vscode-spring-boot-1.55.1\language-server\BOOT-INF\lib\caffeine-3.1.8.jar;c:\Users\Admin\.vscode\extensions\vmware.vscode-spring-boot-1.55.1\language-server\BOOT-INF\lib\checker-qual-3.12.0.jar;c:\Users\Admin\.vscode\extensions\vmware.vscode-spring-boot-1.55.1\language-server\BOOT-INF\lib\classgraph-4.8.149.jar;c:\Users\Admin\.vscode\extensions\vmware.vscode-spring-boot-1.55.1\language-server\BOOT-INF\lib\commons-codec-1.16.1.jar;c:\Users\Admin\.vscode\extensions\vmware.vscode-spring-boot-1.55.1\language-server\BOOT-INF\lib\commons-compress-1.26.1.jar;c:\Users\Admin\.vscode\extensions\vmware.vscode-spring-boot-1.55.1\language-server\BOOT-INF\lib\commons-io-2.16.1.jar;c:\Users\Admin\.vscode\extensions\vmware.vscode-spring-boot-1.55.1\language-server\BOOT-INF\lib\commons-java-1.55.1-SNAPSHOT.jar;c:\Users\Admin\.vscode\extensions\vmware.vscode-spring-boot-1.55.1\language-server\BOOT-INF\lib\commons-lang3-3.14.0.jar;c:\Users\Admin\.vscode\extensions\vmware.vscode-spring-boot-1.55.1\language-server\BOOT-INF\lib\commons-language-server-1.55.1-SNAPSHOT.jar;c:\Users\Admin\.vscode\extensions\vmware.vscode-spring-boot-1.55.1\langu
Launcher Type: SUN_STANDARD

[Global flags]
     intx CICompilerCount                          = 4                                         {product} {ergonomic}
     uint ConcGCThreads                            = 2                                         {product} {ergonomic}
     uint G1ConcRefinementThreads                  = 8                                         {product} {ergonomic}
   size_t G1HeapRegionSize                         = 1048576                                   {product} {ergonomic}
    uintx GCDrainStackTargetSize                   = 64                                        {product} {ergonomic}
   size_t InitialHeapSize                          = 132120576                                 {product} {ergonomic}
   size_t MarkStackSize                            = 4194304                                   {product} {ergonomic}
   size_t MaxHeapSize                              = 1073741824                                {product} {command line}
   size_t MaxNewSize                               = 643825664                                 {product} {ergonomic}
   size_t MinHeapDeltaBytes                        = 1048576                                   {product} {ergonomic}
   size_t MinHeapSize                              = 8388608                                   {product} {ergonomic}
    uintx NonProfiledCodeHeapSize                  = 0                                      {pd product} {ergonomic}
     bool ProfileInterpreter                       = false                                  {pd product} {command line}
    uintx ProfiledCodeHeapSize                     = 0                                      {pd product} {ergonomic}
   size_t SoftMaxHeapSize                          = 1073741824                             {manageable} {ergonomic}
     intx TieredStopAtLevel                        = 1                                         {product} {command line}
     bool UseCompressedClassPointers               = true                           {product lp64_product} {ergonomic}
     bool UseCompressedOops                        = true                           {product lp64_product} {ergonomic}
     bool UseG1GC                                  = true                                      {product} {ergonomic}
     bool UseLargePagesIndividualAllocation        = false                                  {pd product} {ergonomic}

Logging:
Log output configuration:
 #0: stdout all=warning,jni+resolve=off uptime,level,tags
 #1: stderr all=off uptime,level,tags

Environment Variables:
JAVA_HOME=C:\Program Files\Java\jdk-17
PATH=C:\Program Files\Common Files\Oracle\Java\javapath;C:\Windows\system32;C:\Windows;C:\Windows\System32\Wbem;C:\Windows\System32\WindowsPowerShell\v1.0\;C:\Windows\System32\OpenSSH\;C:\Program Files\Git\cmd;C:\Program Files\MySQL\MySQL Server 8.0\bin;C:\Program Files\MySQL\MySQL Shell 8.0\bin\;C:\Users\Admin\AppData\Local\Microsoft\WindowsApps;C:\Users\Admin\AppData\Local\Programs\Microsoft VS Code\bin
USERNAME=Admin
OS=Windows_NT
PROCESSOR_IDENTIFIER=Intel64 Family 6 Model 165 Stepping 2, GenuineIntel
TMP=C:\Users\Admin\AppData\Local\Temp
TEMP=C:\Users\Admin\AppData\Local\Temp



Periodic native trim disabled


---------------  S Y S T E M  ---------------

OS:
 Windows 10 , 64 bit Build 19041 (10.0.19041.1503)
OS uptime: 0 days 19:15 hours

CPU: total 8 (initial active 8) (4 cores per cpu, 2 threads per core) family 6 model 165 stepping 2 microcode 0xc8, cx8, cmov, fxsr, ht, mmx, 3dnowpref, sse, sse2, sse3, ssse3, sse4.1, sse4.2, popcnt, lzcnt, tsc, tscinvbit, avx, avx2, aes, erms, clmul, bmi1, bmi2, adx, fma, vzeroupper, clflush, clflushopt
Processor Information for all 8 processors :
  Max Mhz: 2496, Current Mhz: 2496, Mhz Limit: 2496

Memory: 4k page, system-wide physical 7979M (546M free)
TotalPageFile size 13099M (AvailPageFile size 3M)
current process WorkingSet (physical memory assigned to process): 142M, peak: 224M
current process commit charge ("private bytes"): 260M, peak: 275M

vm_info: OpenJDK 64-Bit Server VM (17.0.11+9) for windows-amd64 JRE (17.0.11+9), built on Apr 17 2024 06:07:48 by "admin" with MS VC++ 16.10 / 16.11 (VS2019)

END.
